[0.182s] DEBUG:colcon:Command line arguments: ['/usr/bin/colcon', 'build', '--packages-select', 'cluster_node']
[0.182s] DEBUG:colcon:Parsed command line arguments: Namespace(log_base=None, log_level=None, verb_name='build', build_base='build', install_base='install', merge_install=False, symlink_install=False, test_result_base=None, continue_on_error=False, executor='parallel', parallel_workers=22, event_handlers=None, ignore_user_meta=False, metas=['./colcon.meta'], base_paths=['.'], packages_ignore=None, packages_ignore_regex=None, paths=None, packages_up_to=None, packages_up_to_regex=None, packages_above=None, packages_above_and_dependencies=None, packages_above_depth=None, packages_select_by_dep=None, packages_skip_by_dep=None, packages_skip_up_to=None, packages_select_build_failed=False, packages_skip_build_finished=False, packages_select_test_failures=False, packages_skip_test_passed=False, packages_select=['cluster_node'], packages_skip=None, packages_select_regex=None, packages_skip_regex=None, packages_start=None, packages_end=None, cmake_args=None, cmake_target=None, cmake_target_skip_unavailable=False, cmake_clean_cache=False, cmake_clean_first=False, cmake_force_configure=False, ament_cmake_args=None, catkin_cmake_args=None, catkin_skip_building_tests=False, mixin_files=None, mixin=None, verb_parser=<colcon_mixin.mixin.mixin_argument.MixinArgumentDecorator object at 0x7fae32afbc70>, verb_extension=<colcon_core.verb.build.BuildVerb object at 0x7fae32afb760>, main=<bound method BuildVerb.main of <colcon_core.verb.build.BuildVerb object at 0x7fae32afb760>>, mixin_verb=('build',))
[0.242s] Level 1:colcon.colcon_core.package_discovery:discover_packages(colcon_meta) check parameters
[0.243s] INFO:colcon.colcon_metadata.package_discovery.colcon_meta:Using configuration from '/root/.colcon/metadata/default/Gazebo.meta'
[0.244s] INFO:colcon.colcon_metadata.package_discovery.colcon_meta:Using configuration from '/root/.colcon/metadata/default/fastdds.meta'
[0.244s] INFO:colcon.colcon_metadata.package_discovery.colcon_meta:Using configuration from '/root/.colcon/metadata/default/fastrtps.meta'
[0.244s] Level 1:colcon.colcon_core.package_discovery:discover_packages(recursive) check parameters
[0.244s] Level 1:colcon.colcon_core.package_discovery:discover_packages(ignore) check parameters
[0.244s] Level 1:colcon.colcon_core.package_discovery:discover_packages(path) check parameters
[0.244s] Level 1:colcon.colcon_core.package_discovery:discover_packages(colcon_meta) discover
[0.244s] Level 1:colcon.colcon_core.package_discovery:discover_packages(recursive) discover
[0.244s] INFO:colcon.colcon_core.package_discovery:Crawling recursively for packages in '/home/dev/ws/src/dynamic-box/my_rosbag_reader/cluster_node'
[0.245s] Level 1:colcon.colcon_core.package_identification:_identify(.) by extensions ['ignore', 'ignore_ament_install']
[0.245s] Level 1:colcon.colcon_core.package_identification:_identify(.) by extension 'ignore'
[0.245s] Level 1:colcon.colcon_core.package_identification:_identify(.) by extension 'ignore_ament_install'
[0.245s] Level 1:colcon.colcon_core.package_identification:_identify(.) by extensions ['colcon_pkg']
[0.245s] Level 1:colcon.colcon_core.package_identification:_identify(.) by extension 'colcon_pkg'
[0.245s] Level 1:colcon.colcon_core.package_identification:_identify(.) by extensions ['colcon_meta']
[0.245s] Level 1:colcon.colcon_core.package_identification:_identify(.) by extension 'colcon_meta'
[0.245s] Level 1:colcon.colcon_core.package_identification:_identify(.) by extensions ['ros']
[0.245s] Level 1:colcon.colcon_core.package_identification:_identify(.) by extension 'ros'
[0.274s] DEBUG:colcon.colcon_core.package_identification:Package '.' with type 'ros.ament_cmake' and name 'cluster_node'
[0.274s] Level 1:colcon.colcon_core.package_discovery:discover_packages(recursive) using defaults
[0.274s] Level 1:colcon.colcon_core.package_discovery:discover_packages(ignore) discover
[0.274s] Level 1:colcon.colcon_core.package_discovery:discover_packages(ignore) using defaults
[0.275s] Level 1:colcon.colcon_core.package_discovery:discover_packages(path) discover
[0.275s] Level 1:colcon.colcon_core.package_discovery:discover_packages(path) using defaults
[0.297s] Level 5:colcon.colcon_core.verb:set package 'cluster_node' build argument 'cmake_args' from command line to 'None'
[0.297s] Level 5:colcon.colcon_core.verb:set package 'cluster_node' build argument 'cmake_target' from command line to 'None'
[0.297s] Level 5:colcon.colcon_core.verb:set package 'cluster_node' build argument 'cmake_target_skip_unavailable' from command line to 'False'
[0.297s] Level 5:colcon.colcon_core.verb:set package 'cluster_node' build argument 'cmake_clean_cache' from command line to 'False'
[0.297s] Level 5:colcon.colcon_core.verb:set package 'cluster_node' build argument 'cmake_clean_first' from command line to 'False'
[0.297s] Level 5:colcon.colcon_core.verb:set package 'cluster_node' build argument 'cmake_force_configure' from command line to 'False'
[0.297s] Level 5:colcon.colcon_core.verb:set package 'cluster_node' build argument 'ament_cmake_args' from command line to 'None'
[0.297s] Level 5:colcon.colcon_core.verb:set package 'cluster_node' build argument 'catkin_cmake_args' from command line to 'None'
[0.297s] Level 5:colcon.colcon_core.verb:set package 'cluster_node' build argument 'catkin_skip_building_tests' from command line to 'False'
[0.297s] DEBUG:colcon.colcon_core.verb:Building package 'cluster_node' with the following arguments: {'ament_cmake_args': None, 'build_base': '/home/dev/ws/src/dynamic-box/my_rosbag_reader/cluster_node/build/cluster_node', 'catkin_cmake_args': None, 'catkin_skip_building_tests': False, 'cmake_args': None, 'cmake_clean_cache': False, 'cmake_clean_first': False, 'cmake_force_configure': False, 'cmake_target': None, 'cmake_target_skip_unavailable': False, 'install_base': '/home/dev/ws/src/dynamic-box/my_rosbag_reader/cluster_node/install/cluster_node', 'merge_install': False, 'path': '/home/dev/ws/src/dynamic-box/my_rosbag_reader/cluster_node', 'symlink_install': False, 'test_result_base': None}
[0.298s] INFO:colcon.colcon_core.executor:Executing jobs using 'parallel' executor
[0.298s] DEBUG:colcon.colcon_parallel_executor.executor.parallel:run_until_complete
[0.299s] INFO:colcon.colcon_ros.task.ament_cmake.build:Building ROS package in '/home/dev/ws/src/dynamic-box/my_rosbag_reader/cluster_node' with build type 'ament_cmake'
[0.299s] INFO:colcon.colcon_cmake.task.cmake.build:Building CMake package in '/home/dev/ws/src/dynamic-box/my_rosbag_reader/cluster_node'
[0.304s] INFO:colcon.colcon_core.plugin_system:Skipping extension 'colcon_core.shell.bat': Not used on non-Windows systems
[0.304s] INFO:colcon.colcon_core.shell:Skip shell extension 'powershell' for command environment: Not usable outside of PowerShell
[0.304s] DEBUG:colcon.colcon_core.shell:Skip shell extension 'dsv' for command environment
[0.321s] DEBUG:colcon.colcon_core.event_handler.log_command:Invoking command in '/home/dev/ws/src/dynamic-box/my_rosbag_reader/cluster_node/build/cluster_node': CMAKE_PREFIX_PATH=${CMAKE_PREFIX_PATH}:/home/dev/ws/src/dynamic-box/my_rosbag_reader/install/my_rosbag_reader:/opt/ros/humble /usr/bin/cmake --build /home/dev/ws/src/dynamic-box/my_rosbag_reader/cluster_node/build/cluster_node -- -j22 -l22
[13.400s] DEBUG:colcon.colcon_core.event_handler.log_command:Invoked command in '/home/dev/ws/src/dynamic-box/my_rosbag_reader/cluster_node/build/cluster_node' returned '0': CMAKE_PREFIX_PATH=${CMAKE_PREFIX_PATH}:/home/dev/ws/src/dynamic-box/my_rosbag_reader/install/my_rosbag_reader:/opt/ros/humble /usr/bin/cmake --build /home/dev/ws/src/dynamic-box/my_rosbag_reader/cluster_node/build/cluster_node -- -j22 -l22
[13.408s] DEBUG:colcon.colcon_core.event_handler.log_command:Invoking command in '/home/dev/ws/src/dynamic-box/my_rosbag_reader/cluster_node/build/cluster_node': CMAKE_PREFIX_PATH=${CMAKE_PREFIX_PATH}:/home/dev/ws/src/dynamic-box/my_rosbag_reader/install/my_rosbag_reader:/opt/ros/humble /usr/bin/cmake --install /home/dev/ws/src/dynamic-box/my_rosbag_reader/cluster_node/build/cluster_node
[13.470s] Level 1:colcon.colcon_core.environment:create_environment_scripts_only(cluster_node)
[13.471s] DEBUG:colcon.colcon_core.event_handler.log_command:Invoked command in '/home/dev/ws/src/dynamic-box/my_rosbag_reader/cluster_node/build/cluster_node' returned '0': CMAKE_PREFIX_PATH=${CMAKE_PREFIX_PATH}:/home/dev/ws/src/dynamic-box/my_rosbag_reader/install/my_rosbag_reader:/opt/ros/humble /usr/bin/cmake --install /home/dev/ws/src/dynamic-box/my_rosbag_reader/cluster_node/build/cluster_node
[13.477s] Level 1:colcon.colcon_core.environment:checking '/home/dev/ws/src/dynamic-box/my_rosbag_reader/cluster_node/install/cluster_node' for CMake module files
[13.478s] Level 1:colcon.colcon_core.environment:checking '/home/dev/ws/src/dynamic-box/my_rosbag_reader/cluster_node/install/cluster_node' for CMake config files
[13.478s] Level 1:colcon.colcon_core.shell:create_environment_hook('cluster_node', 'cmake_prefix_path')
[13.478s] INFO:colcon.colcon_core.shell:Creating environment hook '/home/dev/ws/src/dynamic-box/my_rosbag_reader/cluster_node/install/cluster_node/share/cluster_node/hook/cmake_prefix_path.ps1'
[13.479s] INFO:colcon.colcon_core.shell:Creating environment descriptor '/home/dev/ws/src/dynamic-box/my_rosbag_reader/cluster_node/install/cluster_node/share/cluster_node/hook/cmake_prefix_path.dsv'
[13.480s] INFO:colcon.colcon_core.shell:Creating environment hook '/home/dev/ws/src/dynamic-box/my_rosbag_reader/cluster_node/install/cluster_node/share/cluster_node/hook/cmake_prefix_path.sh'
[13.481s] Level 1:colcon.colcon_core.environment:checking '/home/dev/ws/src/dynamic-box/my_rosbag_reader/cluster_node/install/cluster_node/lib'
[13.481s] Level 1:colcon.colcon_core.shell:create_environment_hook('cluster_node', 'ld_library_path_lib')
[13.481s] INFO:colcon.colcon_core.shell:Creating environment hook '/home/dev/ws/src/dynamic-box/my_rosbag_reader/cluster_node/install/cluster_node/share/cluster_node/hook/ld_library_path_lib.ps1'
[13.481s] INFO:colcon.colcon_core.shell:Creating environment descriptor '/home/dev/ws/src/dynamic-box/my_rosbag_reader/cluster_node/install/cluster_node/share/cluster_node/hook/ld_library_path_lib.dsv'
[13.482s] INFO:colcon.colcon_core.shell:Creating environment hook '/home/dev/ws/src/dynamic-box/my_rosbag_reader/cluster_node/install/cluster_node/share/cluster_node/hook/ld_library_path_lib.sh'
[13.482s] Level 1:colcon.colcon_core.environment:checking '/home/dev/ws/src/dynamic-box/my_rosbag_reader/cluster_node/install/cluster_node/bin'
[13.482s] Level 1:colcon.colcon_core.environment:checking '/home/dev/ws/src/dynamic-box/my_rosbag_reader/cluster_node/install/cluster_node/lib/pkgconfig/cluster_node.pc'
[13.483s] Level 1:colcon.colcon_core.environment:checking '/home/dev/ws/src/dynamic-box/my_rosbag_reader/cluster_node/install/cluster_node/lib/python3.10/site-packages'
[13.483s] Level 1:colcon.colcon_core.environment:checking '/home/dev/ws/src/dynamic-box/my_rosbag_reader/cluster_node/install/cluster_node/bin'
[13.483s] INFO:colcon.colcon_core.shell:Creating package script '/home/dev/ws/src/dynamic-box/my_rosbag_reader/cluster_node/install/cluster_node/share/cluster_node/package.ps1'
[13.484s] INFO:colcon.colcon_core.shell:Creating package descriptor '/home/dev/ws/src/dynamic-box/my_rosbag_reader/cluster_node/install/cluster_node/share/cluster_node/package.dsv'
[13.485s] INFO:colcon.colcon_core.shell:Creating package script '/home/dev/ws/src/dynamic-box/my_rosbag_reader/cluster_node/install/cluster_node/share/cluster_node/package.sh'
[13.486s] INFO:colcon.colcon_core.shell:Creating package script '/home/dev/ws/src/dynamic-box/my_rosbag_reader/cluster_node/install/cluster_node/share/cluster_node/package.bash'
[13.486s] INFO:colcon.colcon_core.shell:Creating package script '/home/dev/ws/src/dynamic-box/my_rosbag_reader/cluster_node/install/cluster_node/share/cluster_node/package.zsh'
[13.487s] Level 1:colcon.colcon_core.environment:create_file_with_runtime_dependencies(/home/dev/ws/src/dynamic-box/my_rosbag_reader/cluster_node/install/cluster_node/share/colcon-core/packages/cluster_node)
[13.488s] Level 1:colcon.colcon_core.environment:create_environment_scripts_only(cluster_node)
[13.488s] Level 1:colcon.colcon_core.environment:checking '/home/dev/ws/src/dynamic-box/my_rosbag_reader/cluster_node/install/cluster_node' for CMake module files
[13.489s] Level 1:colcon.colcon_core.environment:checking '/home/dev/ws/src/dynamic-box/my_rosbag_reader/cluster_node/install/cluster_node' for CMake config files
[13.489s] Level 1:colcon.colcon_core.shell:create_environment_hook('cluster_node', 'cmake_prefix_path')
[13.489s] INFO:colcon.colcon_core.shell:Creating environment hook '/home/dev/ws/src/dynamic-box/my_rosbag_reader/cluster_node/install/cluster_node/share/cluster_node/hook/cmake_prefix_path.ps1'
[13.489s] INFO:colcon.colcon_core.shell:Creating environment descriptor '/home/dev/ws/src/dynamic-box/my_rosbag_reader/cluster_node/install/cluster_node/share/cluster_node/hook/cmake_prefix_path.dsv'
[13.489s] INFO:colcon.colcon_core.shell:Creating environment hook '/home/dev/ws/src/dynamic-box/my_rosbag_reader/cluster_node/install/cluster_node/share/cluster_node/hook/cmake_prefix_path.sh'
[13.490s] Level 1:colcon.colcon_core.environment:checking '/home/dev/ws/src/dynamic-box/my_rosbag_reader/cluster_node/install/cluster_node/lib'
[13.490s] Level 1:colcon.colcon_core.shell:create_environment_hook('cluster_node', 'ld_library_path_lib')
[13.490s] INFO:colcon.colcon_core.shell:Creating environment hook '/home/dev/ws/src/dynamic-box/my_rosbag_reader/cluster_node/install/cluster_node/share/cluster_node/hook/ld_library_path_lib.ps1'
[13.490s] INFO:colcon.colcon_core.shell:Creating environment descriptor '/home/dev/ws/src/dynamic-box/my_rosbag_reader/cluster_node/install/cluster_node/share/cluster_node/hook/ld_library_path_lib.dsv'
[13.491s] INFO:colcon.colcon_core.shell:Creating environment hook '/home/dev/ws/src/dynamic-box/my_rosbag_reader/cluster_node/install/cluster_node/share/cluster_node/hook/ld_library_path_lib.sh'
[13.491s] Level 1:colcon.colcon_core.environment:checking '/home/dev/ws/src/dynamic-box/my_rosbag_reader/cluster_node/install/cluster_node/bin'
[13.491s] Level 1:colcon.colcon_core.environment:checking '/home/dev/ws/src/dynamic-box/my_rosbag_reader/cluster_node/install/cluster_node/lib/pkgconfig/cluster_node.pc'
[13.491s] Level 1:colcon.colcon_core.environment:checking '/home/dev/ws/src/dynamic-box/my_rosbag_reader/cluster_node/install/cluster_node/lib/python3.10/site-packages'
[13.491s] Level 1:colcon.colcon_core.environment:checking '/home/dev/ws/src/dynamic-box/my_rosbag_reader/cluster_node/install/cluster_node/bin'
[13.491s] INFO:colcon.colcon_core.shell:Creating package script '/home/dev/ws/src/dynamic-box/my_rosbag_reader/cluster_node/install/cluster_node/share/cluster_node/package.ps1'
[13.492s] INFO:colcon.colcon_core.shell:Creating package descriptor '/home/dev/ws/src/dynamic-box/my_rosbag_reader/cluster_node/install/cluster_node/share/cluster_node/package.dsv'
[13.492s] INFO:colcon.colcon_core.shell:Creating package script '/home/dev/ws/src/dynamic-box/my_rosbag_reader/cluster_node/install/cluster_node/share/cluster_node/package.sh'
[13.493s] INFO:colcon.colcon_core.shell:Creating package script '/home/dev/ws/src/dynamic-box/my_rosbag_reader/cluster_node/install/cluster_node/share/cluster_node/package.bash'
[13.493s] INFO:colcon.colcon_core.shell:Creating package script '/home/dev/ws/src/dynamic-box/my_rosbag_reader/cluster_node/install/cluster_node/share/cluster_node/package.zsh'
[13.493s] Level 1:colcon.colcon_core.environment:create_file_with_runtime_dependencies(/home/dev/ws/src/dynamic-box/my_rosbag_reader/cluster_node/install/cluster_node/share/colcon-core/packages/cluster_node)
[13.494s] DEBUG:colcon.colcon_parallel_executor.executor.parallel:closing loop
[13.494s] DEBUG:colcon.colcon_parallel_executor.executor.parallel:loop closed
[13.494s] DEBUG:colcon.colcon_parallel_executor.executor.parallel:run_until_complete finished with '0'
[13.495s] DEBUG:colcon.colcon_core.event_reactor:joining thread
[13.505s] INFO:colcon.colcon_core.plugin_system:Skipping extension 'colcon_notification.desktop_notification.notify_send': Could not find 'notify-send'
[13.506s] INFO:colcon.colcon_core.plugin_system:Skipping extension 'colcon_notification.desktop_notification.terminal_notifier': Not used on non-Darwin systems
[13.506s] INFO:colcon.colcon_core.plugin_system:Skipping extension 'colcon_notification.desktop_notification.win32': Not used on non-Windows systems
[13.506s] INFO:colcon.colcon_notification.desktop_notification:Sending desktop notification using 'notify2'
[13.507s] DEBUG:colcon.colcon_notification.desktop_notification.notify2:Failed to initialize notify2: org.freedesktop.DBus.Error.Spawn.ExecFailed: /usr/bin/dbus-launch terminated abnormally without any error message
[13.508s] DEBUG:colcon.colcon_core.event_reactor:joined thread
[13.508s] INFO:colcon.colcon_core.shell:Creating prefix script '/home/dev/ws/src/dynamic-box/my_rosbag_reader/cluster_node/install/local_setup.ps1'
[13.509s] INFO:colcon.colcon_core.shell:Creating prefix util module '/home/dev/ws/src/dynamic-box/my_rosbag_reader/cluster_node/install/_local_setup_util_ps1.py'
[13.511s] INFO:colcon.colcon_core.shell:Creating prefix chain script '/home/dev/ws/src/dynamic-box/my_rosbag_reader/cluster_node/install/setup.ps1'
[13.512s] INFO:colcon.colcon_core.shell:Creating prefix script '/home/dev/ws/src/dynamic-box/my_rosbag_reader/cluster_node/install/local_setup.sh'
[13.513s] INFO:colcon.colcon_core.shell:Creating prefix util module '/home/dev/ws/src/dynamic-box/my_rosbag_reader/cluster_node/install/_local_setup_util_sh.py'
[13.513s] INFO:colcon.colcon_core.shell:Creating prefix chain script '/home/dev/ws/src/dynamic-box/my_rosbag_reader/cluster_node/install/setup.sh'
[13.515s] INFO:colcon.colcon_core.shell:Creating prefix script '/home/dev/ws/src/dynamic-box/my_rosbag_reader/cluster_node/install/local_setup.bash'
[13.515s] INFO:colcon.colcon_core.shell:Creating prefix chain script '/home/dev/ws/src/dynamic-box/my_rosbag_reader/cluster_node/install/setup.bash'
[13.517s] INFO:colcon.colcon_core.shell:Creating prefix script '/home/dev/ws/src/dynamic-box/my_rosbag_reader/cluster_node/install/local_setup.zsh'
[13.517s] INFO:colcon.colcon_core.shell:Creating prefix chain script '/home/dev/ws/src/dynamic-box/my_rosbag_reader/cluster_node/install/setup.zsh'
