[0.005s] Invoking command in '/home/dev/ws/src/dynamic-box/build/cev_msgs': CMAKE_PREFIX_PATH=/opt/ros/humble /usr/bin/cmake --build /home/dev/ws/src/dynamic-box/build/cev_msgs -- -j10 -l10
[0.033s] [35m[1mConsolidate compiler generated dependencies of target cev_msgs__rosidl_generator_c[0m
[0.037s] [  1%] Built target cev_msgs__cpp
[0.041s] [  1%] Built target ament_cmake_python_copy_cev_msgs
[0.044s] [  3%] [34m[1mGenerating C++ type support for eProsima Fast-RTPS[0m
[0.051s] [  6%] [32mBuilding CXX object CMakeFiles/cev_msgs__rosidl_typesupport_cpp.dir/rosidl_typesupport_cpp/cev_msgs/msg/waypoint__type_support.cpp.o[0m
[0.053s] [ 11%] [32mBuilding CXX object CMakeFiles/cev_msgs__rosidl_typesupport_cpp.dir/rosidl_typesupport_cpp/cev_msgs/msg/obstacles__type_support.cpp.o[0m
[0.054s] [ 11%] [32mBuilding CXX object CMakeFiles/cev_msgs__rosidl_typesupport_cpp.dir/rosidl_typesupport_cpp/cev_msgs/msg/sensor_collect__type_support.cpp.o[0m
[0.054s] [ 11%] [32mBuilding CXX object CMakeFiles/cev_msgs__rosidl_typesupport_cpp.dir/rosidl_typesupport_cpp/cev_msgs/msg/trajectory__type_support.cpp.o[0m
[0.055s] [ 11%] [32mBuilding CXX object CMakeFiles/cev_msgs__rosidl_typesupport_cpp.dir/rosidl_typesupport_cpp/cev_msgs/msg/obstacle__type_support.cpp.o[0m
[0.063s] [ 12%] [34m[1mGenerating C++ introspection for ROS interfaces[0m
[0.085s] [ 23%] Built target cev_msgs__rosidl_generator_c
[0.096s] [ 25%] [34m[1mGenerating C type support for eProsima Fast-RTPS[0m
[0.097s] [ 26%] [34m[1mGenerating C introspection for ROS interfaces[0m
[0.161s] running egg_info
[0.162s] writing cev_msgs.egg-info/PKG-INFO
[0.162s] writing dependency_links to cev_msgs.egg-info/dependency_links.txt
[0.165s] writing top-level names to cev_msgs.egg-info/top_level.txt
[0.169s] reading manifest file 'cev_msgs.egg-info/SOURCES.txt'
[0.171s] writing manifest file 'cev_msgs.egg-info/SOURCES.txt'
[0.188s] [ 26%] Built target ament_cmake_python_build_cev_msgs_egg
[0.206s] [ 28%] [34m[1mGenerating C type support dispatch for ROS interfaces[0m
[0.323s] [ 30%] [32m[1mLinking CXX shared library libcev_msgs__rosidl_typesupport_cpp.so[0m
[0.359s] [ 38%] [32mBuilding CXX object CMakeFiles/cev_msgs__rosidl_typesupport_introspection_cpp.dir/rosidl_typesupport_introspection_cpp/cev_msgs/msg/detail/trajectory__type_support.cpp.o[0m
[0.360s] [ 38%] [32mBuilding CXX object CMakeFiles/cev_msgs__rosidl_typesupport_introspection_cpp.dir/rosidl_typesupport_introspection_cpp/cev_msgs/msg/detail/obstacle__type_support.cpp.o[0m
[0.362s] [ 38%] [32mBuilding CXX object CMakeFiles/cev_msgs__rosidl_typesupport_introspection_cpp.dir/rosidl_typesupport_introspection_cpp/cev_msgs/msg/detail/sensor_collect__type_support.cpp.o[0m
[0.363s] [ 38%] [32mBuilding CXX object CMakeFiles/cev_msgs__rosidl_typesupport_introspection_cpp.dir/rosidl_typesupport_introspection_cpp/cev_msgs/msg/detail/obstacles__type_support.cpp.o[0m
[0.366s] [ 38%] [32mBuilding CXX object CMakeFiles/cev_msgs__rosidl_typesupport_introspection_cpp.dir/rosidl_typesupport_introspection_cpp/cev_msgs/msg/detail/waypoint__type_support.cpp.o[0m
[0.368s] [ 39%] [32mBuilding CXX object CMakeFiles/cev_msgs__rosidl_typesupport_fastrtps_cpp.dir/rosidl_typesupport_fastrtps_cpp/cev_msgs/msg/detail/dds_fastrtps/waypoint__type_support.cpp.o[0m
[0.383s] [ 41%] Built target cev_msgs__rosidl_typesupport_cpp
[0.391s] [ 42%] [32mBuilding CXX object CMakeFiles/cev_msgs__rosidl_typesupport_fastrtps_cpp.dir/rosidl_typesupport_fastrtps_cpp/cev_msgs/msg/detail/dds_fastrtps/sensor_collect__type_support.cpp.o[0m
[0.432s] [ 44%] [32mBuilding C object CMakeFiles/cev_msgs__rosidl_typesupport_introspection_c.dir/rosidl_typesupport_introspection_c/cev_msgs/msg/detail/waypoint__type_support.c.o[0m
[0.462s] [ 46%] [32mBuilding CXX object CMakeFiles/cev_msgs__rosidl_typesupport_fastrtps_c.dir/rosidl_typesupport_fastrtps_c/cev_msgs/msg/detail/waypoint__type_support_c.cpp.o[0m
[0.479s] [ 47%] [32mBuilding C object CMakeFiles/cev_msgs__rosidl_typesupport_introspection_c.dir/rosidl_typesupport_introspection_c/cev_msgs/msg/detail/sensor_collect__type_support.c.o[0m
[0.494s] [ 49%] [32mBuilding CXX object CMakeFiles/cev_msgs__rosidl_typesupport_c.dir/rosidl_typesupport_c/cev_msgs/msg/waypoint__type_support.cpp.o[0m
[0.523s] [ 50%] [32mBuilding CXX object CMakeFiles/cev_msgs__rosidl_typesupport_c.dir/rosidl_typesupport_c/cev_msgs/msg/sensor_collect__type_support.cpp.o[0m
[0.527s] [ 52%] [32mBuilding C object CMakeFiles/cev_msgs__rosidl_typesupport_introspection_c.dir/rosidl_typesupport_introspection_c/cev_msgs/msg/detail/trajectory__type_support.c.o[0m
[0.611s] [ 53%] [32mBuilding CXX object CMakeFiles/cev_msgs__rosidl_typesupport_c.dir/rosidl_typesupport_c/cev_msgs/msg/trajectory__type_support.cpp.o[0m
[0.786s] [ 55%] [32mBuilding CXX object CMakeFiles/cev_msgs__rosidl_typesupport_c.dir/rosidl_typesupport_c/cev_msgs/msg/obstacle__type_support.cpp.o[0m
[0.802s] [ 57%] [32mBuilding C object CMakeFiles/cev_msgs__rosidl_typesupport_introspection_c.dir/rosidl_typesupport_introspection_c/cev_msgs/msg/detail/obstacle__type_support.c.o[0m
[0.829s] [ 58%] [32mBuilding C object CMakeFiles/cev_msgs__rosidl_typesupport_introspection_c.dir/rosidl_typesupport_introspection_c/cev_msgs/msg/detail/obstacles__type_support.c.o[0m
[0.834s] [ 60%] [32mBuilding CXX object CMakeFiles/cev_msgs__rosidl_typesupport_fastrtps_cpp.dir/rosidl_typesupport_fastrtps_cpp/cev_msgs/msg/detail/dds_fastrtps/trajectory__type_support.cpp.o[0m
[0.839s] [ 61%] [32mBuilding CXX object CMakeFiles/cev_msgs__rosidl_typesupport_fastrtps_cpp.dir/rosidl_typesupport_fastrtps_cpp/cev_msgs/msg/detail/dds_fastrtps/obstacle__type_support.cpp.o[0m
[0.846s] [ 63%] [32mBuilding CXX object CMakeFiles/cev_msgs__rosidl_typesupport_c.dir/rosidl_typesupport_c/cev_msgs/msg/obstacles__type_support.cpp.o[0m
[0.862s] [ 65%] [32mBuilding CXX object CMakeFiles/cev_msgs__rosidl_typesupport_fastrtps_cpp.dir/rosidl_typesupport_fastrtps_cpp/cev_msgs/msg/detail/dds_fastrtps/obstacles__type_support.cpp.o[0m
[0.874s] [ 68%] [32mBuilding CXX object CMakeFiles/cev_msgs__rosidl_typesupport_fastrtps_c.dir/rosidl_typesupport_fastrtps_c/cev_msgs/msg/detail/sensor_collect__type_support_c.cpp.o[0m
[0.875s] [ 68%] [32m[1mLinking CXX shared library libcev_msgs__rosidl_typesupport_introspection_cpp.so[0m
[0.889s] [ 69%] [32mBuilding CXX object CMakeFiles/cev_msgs__rosidl_typesupport_fastrtps_c.dir/rosidl_typesupport_fastrtps_c/cev_msgs/msg/detail/trajectory__type_support_c.cpp.o[0m
[0.902s] [ 71%] [32m[1mLinking CXX shared library libcev_msgs__rosidl_typesupport_c.so[0m
[0.905s] [ 73%] [32mBuilding CXX object CMakeFiles/cev_msgs__rosidl_typesupport_fastrtps_c.dir/rosidl_typesupport_fastrtps_c/cev_msgs/msg/detail/obstacle__type_support_c.cpp.o[0m
[0.914s] [ 74%] [32m[1mLinking C shared library libcev_msgs__rosidl_typesupport_introspection_c.so[0m
[0.915s] [ 76%] [32mBuilding CXX object CMakeFiles/cev_msgs__rosidl_typesupport_fastrtps_c.dir/rosidl_typesupport_fastrtps_c/cev_msgs/msg/detail/obstacles__type_support_c.cpp.o[0m
[0.950s] [ 76%] Built target cev_msgs__rosidl_typesupport_introspection_cpp
[0.952s] [ 76%] Built target cev_msgs__rosidl_typesupport_c
[0.955s] [ 76%] Built target cev_msgs__rosidl_typesupport_introspection_c
[1.149s] [ 77%] [32m[1mLinking CXX shared library libcev_msgs__rosidl_typesupport_fastrtps_cpp.so[0m
[1.174s] [ 79%] [32m[1mLinking CXX shared library libcev_msgs__rosidl_typesupport_fastrtps_c.so[0m
[1.192s] [ 79%] Built target cev_msgs__rosidl_typesupport_fastrtps_cpp
[1.209s] [ 79%] Built target cev_msgs__rosidl_typesupport_fastrtps_c
[1.219s] [ 79%] Built target cev_msgs
[1.229s] [ 80%] [34m[1mGenerating Python code for ROS interfaces[0m
[1.582s] [ 80%] Built target cev_msgs__py
[1.594s] [ 82%] [32mBuilding C object CMakeFiles/cev_msgs__rosidl_generator_py.dir/rosidl_generator_py/cev_msgs/msg/_waypoint_s.c.o[0m
[1.596s] [ 88%] [32mBuilding C object CMakeFiles/cev_msgs__rosidl_generator_py.dir/rosidl_generator_py/cev_msgs/msg/_trajectory_s.c.o[0m
[1.597s] [ 88%] [32mBuilding C object CMakeFiles/cev_msgs__rosidl_generator_py.dir/rosidl_generator_py/cev_msgs/msg/_obstacles_s.c.o[0m
[1.597s] [ 88%] [32mBuilding C object CMakeFiles/cev_msgs__rosidl_generator_py.dir/rosidl_generator_py/cev_msgs/msg/_obstacle_s.c.o[0m
[1.597s] [ 88%] [32mBuilding C object CMakeFiles/cev_msgs__rosidl_generator_py.dir/rosidl_generator_py/cev_msgs/msg/_sensor_collect_s.c.o[0m
[1.701s] [ 90%] [32m[1mLinking C shared library rosidl_generator_py/cev_msgs/libcev_msgs__rosidl_generator_py.so[0m
[1.726s] [ 90%] Built target cev_msgs__rosidl_generator_py
[1.740s] [ 92%] [32mBuilding C object CMakeFiles/cev_msgs__rosidl_typesupport_fastrtps_c__pyext.dir/rosidl_generator_py/cev_msgs/_cev_msgs_s.ep.rosidl_typesupport_fastrtps_c.c.o[0m
[1.741s] [ 95%] [32mBuilding C object CMakeFiles/cev_msgs__rosidl_typesupport_c__pyext.dir/rosidl_generator_py/cev_msgs/_cev_msgs_s.ep.rosidl_typesupport_c.c.o[0m
[1.743s] [ 95%] [32mBuilding C object CMakeFiles/cev_msgs__rosidl_typesupport_introspection_c__pyext.dir/rosidl_generator_py/cev_msgs/_cev_msgs_s.ep.rosidl_typesupport_introspection_c.c.o[0m
[1.818s] [ 96%] [32m[1mLinking C shared library rosidl_generator_py/cev_msgs/cev_msgs_s__rosidl_typesupport_c.cpython-310-aarch64-linux-gnu.so[0m
[1.844s] [ 98%] [32m[1mLinking C shared library rosidl_generator_py/cev_msgs/cev_msgs_s__rosidl_typesupport_fastrtps_c.cpython-310-aarch64-linux-gnu.so[0m
[1.847s] [100%] [32m[1mLinking C shared library rosidl_generator_py/cev_msgs/cev_msgs_s__rosidl_typesupport_introspection_c.cpython-310-aarch64-linux-gnu.so[0m
[1.847s] [100%] Built target cev_msgs__rosidl_typesupport_c__pyext
[1.870s] [100%] Built target cev_msgs__rosidl_typesupport_fastrtps_c__pyext
[1.875s] [100%] Built target cev_msgs__rosidl_typesupport_introspection_c__pyext
[1.890s] Invoked command in '/home/dev/ws/src/dynamic-box/build/cev_msgs' returned '0': CMAKE_PREFIX_PATH=/opt/ros/humble /usr/bin/cmake --build /home/dev/ws/src/dynamic-box/build/cev_msgs -- -j10 -l10
[1.896s] Invoking command in '/home/dev/ws/src/dynamic-box/build/cev_msgs': CMAKE_PREFIX_PATH=/opt/ros/humble /usr/bin/cmake --install /home/dev/ws/src/dynamic-box/build/cev_msgs
[1.899s] -- Install configuration: ""
[1.900s] -- Installing: /home/dev/ws/src/dynamic-box/install/cev_msgs/share/ament_index/resource_index/rosidl_interfaces/cev_msgs
[1.901s] -- Installing: /home/dev/ws/src/dynamic-box/install/cev_msgs/include/cev_msgs/cev_msgs
[1.902s] -- Installing: /home/dev/ws/src/dynamic-box/install/cev_msgs/include/cev_msgs/cev_msgs/msg
[1.903s] -- Installing: /home/dev/ws/src/dynamic-box/install/cev_msgs/include/cev_msgs/cev_msgs/msg/waypoint.h
[1.905s] -- Installing: /home/dev/ws/src/dynamic-box/install/cev_msgs/include/cev_msgs/cev_msgs/msg/rosidl_generator_c__visibility_control.h
[1.906s] -- Installing: /home/dev/ws/src/dynamic-box/install/cev_msgs/include/cev_msgs/cev_msgs/msg/sensor_collect.h
[1.907s] -- Installing: /home/dev/ws/src/dynamic-box/install/cev_msgs/include/cev_msgs/cev_msgs/msg/trajectory.h
[1.909s] -- Installing: /home/dev/ws/src/dynamic-box/install/cev_msgs/include/cev_msgs/cev_msgs/msg/detail
[1.910s] -- Installing: /home/dev/ws/src/dynamic-box/install/cev_msgs/include/cev_msgs/cev_msgs/msg/detail/waypoint__struct.h
[1.911s] -- Installing: /home/dev/ws/src/dynamic-box/install/cev_msgs/include/cev_msgs/cev_msgs/msg/detail/obstacle__struct.h
[1.912s] -- Installing: /home/dev/ws/src/dynamic-box/install/cev_msgs/include/cev_msgs/cev_msgs/msg/detail/obstacles__type_support.h
[1.913s] -- Installing: /home/dev/ws/src/dynamic-box/install/cev_msgs/include/cev_msgs/cev_msgs/msg/detail/obstacle__type_support.h
[1.914s] -- Installing: /home/dev/ws/src/dynamic-box/install/cev_msgs/include/cev_msgs/cev_msgs/msg/detail/obstacles__functions.c
[1.916s] -- Installing: /home/dev/ws/src/dynamic-box/install/cev_msgs/include/cev_msgs/cev_msgs/msg/detail/sensor_collect__functions.c
[1.917s] -- Installing: /home/dev/ws/src/dynamic-box/install/cev_msgs/include/cev_msgs/cev_msgs/msg/detail/waypoint__functions.h
[1.918s] -- Installing: /home/dev/ws/src/dynamic-box/install/cev_msgs/include/cev_msgs/cev_msgs/msg/detail/obstacle__functions.c
[1.919s] -- Installing: /home/dev/ws/src/dynamic-box/install/cev_msgs/include/cev_msgs/cev_msgs/msg/detail/trajectory__functions.c
[1.920s] -- Installing: /home/dev/ws/src/dynamic-box/install/cev_msgs/include/cev_msgs/cev_msgs/msg/detail/trajectory__struct.h
[1.922s] -- Installing: /home/dev/ws/src/dynamic-box/install/cev_msgs/include/cev_msgs/cev_msgs/msg/detail/sensor_collect__type_support.h
[1.923s] -- Installing: /home/dev/ws/src/dynamic-box/install/cev_msgs/include/cev_msgs/cev_msgs/msg/detail/obstacles__struct.h
[1.924s] -- Installing: /home/dev/ws/src/dynamic-box/install/cev_msgs/include/cev_msgs/cev_msgs/msg/detail/obstacles__functions.h
[1.926s] -- Installing: /home/dev/ws/src/dynamic-box/install/cev_msgs/include/cev_msgs/cev_msgs/msg/detail/waypoint__functions.c
[1.927s] -- Installing: /home/dev/ws/src/dynamic-box/install/cev_msgs/include/cev_msgs/cev_msgs/msg/detail/waypoint__type_support.h
[1.928s] -- Installing: /home/dev/ws/src/dynamic-box/install/cev_msgs/include/cev_msgs/cev_msgs/msg/detail/sensor_collect__functions.h
[1.930s] -- Installing: /home/dev/ws/src/dynamic-box/install/cev_msgs/include/cev_msgs/cev_msgs/msg/detail/trajectory__type_support.h
[1.931s] -- Installing: /home/dev/ws/src/dynamic-box/install/cev_msgs/include/cev_msgs/cev_msgs/msg/detail/trajectory__functions.h
[1.933s] -- Installing: /home/dev/ws/src/dynamic-box/install/cev_msgs/include/cev_msgs/cev_msgs/msg/detail/obstacle__functions.h
[1.934s] -- Installing: /home/dev/ws/src/dynamic-box/install/cev_msgs/include/cev_msgs/cev_msgs/msg/detail/sensor_collect__struct.h
[1.935s] -- Installing: /home/dev/ws/src/dynamic-box/install/cev_msgs/include/cev_msgs/cev_msgs/msg/obstacles.h
[1.936s] -- Installing: /home/dev/ws/src/dynamic-box/install/cev_msgs/include/cev_msgs/cev_msgs/msg/obstacle.h
[1.938s] -- Installing: /home/dev/ws/src/dynamic-box/install/cev_msgs/share/cev_msgs/environment/library_path.sh
[1.939s] -- Installing: /home/dev/ws/src/dynamic-box/install/cev_msgs/share/cev_msgs/environment/library_path.dsv
[1.940s] -- Installing: /home/dev/ws/src/dynamic-box/install/cev_msgs/lib/libcev_msgs__rosidl_generator_c.so
[1.942s] -- Set runtime path of "/home/dev/ws/src/dynamic-box/install/cev_msgs/lib/libcev_msgs__rosidl_generator_c.so" to ""
[1.943s] -- Up-to-date: /home/dev/ws/src/dynamic-box/install/cev_msgs/include/cev_msgs/cev_msgs
[1.943s] -- Up-to-date: /home/dev/ws/src/dynamic-box/install/cev_msgs/include/cev_msgs/cev_msgs/msg
[1.943s] -- Up-to-date: /home/dev/ws/src/dynamic-box/install/cev_msgs/include/cev_msgs/cev_msgs/msg/detail
[1.943s] -- Installing: /home/dev/ws/src/dynamic-box/install/cev_msgs/include/cev_msgs/cev_msgs/msg/detail/sensor_collect__rosidl_typesupport_fastrtps_c.h
[1.944s] -- Installing: /home/dev/ws/src/dynamic-box/install/cev_msgs/include/cev_msgs/cev_msgs/msg/detail/obstacle__rosidl_typesupport_fastrtps_c.h
[1.946s] -- Installing: /home/dev/ws/src/dynamic-box/install/cev_msgs/include/cev_msgs/cev_msgs/msg/detail/waypoint__rosidl_typesupport_fastrtps_c.h
[1.947s] -- Installing: /home/dev/ws/src/dynamic-box/install/cev_msgs/include/cev_msgs/cev_msgs/msg/detail/trajectory__rosidl_typesupport_fastrtps_c.h
[1.948s] -- Installing: /home/dev/ws/src/dynamic-box/install/cev_msgs/include/cev_msgs/cev_msgs/msg/detail/obstacles__rosidl_typesupport_fastrtps_c.h
[1.950s] -- Installing: /home/dev/ws/src/dynamic-box/install/cev_msgs/include/cev_msgs/cev_msgs/msg/rosidl_typesupport_fastrtps_c__visibility_control.h
[1.951s] -- Installing: /home/dev/ws/src/dynamic-box/install/cev_msgs/lib/libcev_msgs__rosidl_typesupport_fastrtps_c.so
[1.953s] -- Set runtime path of "/home/dev/ws/src/dynamic-box/install/cev_msgs/lib/libcev_msgs__rosidl_typesupport_fastrtps_c.so" to ""
[1.953s] -- Up-to-date: /home/dev/ws/src/dynamic-box/install/cev_msgs/include/cev_msgs/cev_msgs
[1.953s] -- Up-to-date: /home/dev/ws/src/dynamic-box/install/cev_msgs/include/cev_msgs/cev_msgs/msg
[1.954s] -- Up-to-date: /home/dev/ws/src/dynamic-box/install/cev_msgs/include/cev_msgs/cev_msgs/msg/detail
[1.954s] -- Installing: /home/dev/ws/src/dynamic-box/install/cev_msgs/include/cev_msgs/cev_msgs/msg/detail/sensor_collect__type_support.c
[1.955s] -- Installing: /home/dev/ws/src/dynamic-box/install/cev_msgs/include/cev_msgs/cev_msgs/msg/detail/obstacle__rosidl_typesupport_introspection_c.h
[1.957s] -- Installing: /home/dev/ws/src/dynamic-box/install/cev_msgs/include/cev_msgs/cev_msgs/msg/detail/waypoint__type_support.c
[1.958s] -- Installing: /home/dev/ws/src/dynamic-box/install/cev_msgs/include/cev_msgs/cev_msgs/msg/detail/waypoint__rosidl_typesupport_introspection_c.h
[1.959s] -- Installing: /home/dev/ws/src/dynamic-box/install/cev_msgs/include/cev_msgs/cev_msgs/msg/detail/trajectory__type_support.c
[1.961s] -- Installing: /home/dev/ws/src/dynamic-box/install/cev_msgs/include/cev_msgs/cev_msgs/msg/detail/obstacles__type_support.c
[1.962s] -- Installing: /home/dev/ws/src/dynamic-box/install/cev_msgs/include/cev_msgs/cev_msgs/msg/detail/sensor_collect__rosidl_typesupport_introspection_c.h
[1.963s] -- Installing: /home/dev/ws/src/dynamic-box/install/cev_msgs/include/cev_msgs/cev_msgs/msg/detail/obstacle__type_support.c
[1.965s] -- Installing: /home/dev/ws/src/dynamic-box/install/cev_msgs/include/cev_msgs/cev_msgs/msg/detail/trajectory__rosidl_typesupport_introspection_c.h
[1.966s] -- Installing: /home/dev/ws/src/dynamic-box/install/cev_msgs/include/cev_msgs/cev_msgs/msg/detail/obstacles__rosidl_typesupport_introspection_c.h
[1.967s] -- Installing: /home/dev/ws/src/dynamic-box/install/cev_msgs/include/cev_msgs/cev_msgs/msg/rosidl_typesupport_introspection_c__visibility_control.h
[1.968s] -- Installing: /home/dev/ws/src/dynamic-box/install/cev_msgs/lib/libcev_msgs__rosidl_typesupport_introspection_c.so
[1.970s] -- Set runtime path of "/home/dev/ws/src/dynamic-box/install/cev_msgs/lib/libcev_msgs__rosidl_typesupport_introspection_c.so" to ""
[1.970s] -- Installing: /home/dev/ws/src/dynamic-box/install/cev_msgs/lib/libcev_msgs__rosidl_typesupport_c.so
[1.972s] -- Set runtime path of "/home/dev/ws/src/dynamic-box/install/cev_msgs/lib/libcev_msgs__rosidl_typesupport_c.so" to ""
[1.972s] -- Up-to-date: /home/dev/ws/src/dynamic-box/install/cev_msgs/include/cev_msgs/cev_msgs
[1.972s] -- Up-to-date: /home/dev/ws/src/dynamic-box/install/cev_msgs/include/cev_msgs/cev_msgs/msg
[1.973s] -- Installing: /home/dev/ws/src/dynamic-box/install/cev_msgs/include/cev_msgs/cev_msgs/msg/trajectory.hpp
[1.974s] -- Installing: /home/dev/ws/src/dynamic-box/install/cev_msgs/include/cev_msgs/cev_msgs/msg/waypoint.hpp
[1.976s] -- Installing: /home/dev/ws/src/dynamic-box/install/cev_msgs/include/cev_msgs/cev_msgs/msg/sensor_collect.hpp
[1.977s] -- Installing: /home/dev/ws/src/dynamic-box/install/cev_msgs/include/cev_msgs/cev_msgs/msg/obstacles.hpp
[1.978s] -- Up-to-date: /home/dev/ws/src/dynamic-box/install/cev_msgs/include/cev_msgs/cev_msgs/msg/detail
[1.978s] -- Installing: /home/dev/ws/src/dynamic-box/install/cev_msgs/include/cev_msgs/cev_msgs/msg/detail/trajectory__traits.hpp
[1.980s] -- Installing: /home/dev/ws/src/dynamic-box/install/cev_msgs/include/cev_msgs/cev_msgs/msg/detail/waypoint__type_support.hpp
[1.981s] -- Installing: /home/dev/ws/src/dynamic-box/install/cev_msgs/include/cev_msgs/cev_msgs/msg/detail/trajectory__builder.hpp
[1.982s] -- Installing: /home/dev/ws/src/dynamic-box/install/cev_msgs/include/cev_msgs/cev_msgs/msg/detail/obstacle__builder.hpp
[1.983s] -- Installing: /home/dev/ws/src/dynamic-box/install/cev_msgs/include/cev_msgs/cev_msgs/msg/detail/waypoint__traits.hpp
[1.985s] -- Installing: /home/dev/ws/src/dynamic-box/install/cev_msgs/include/cev_msgs/cev_msgs/msg/detail/obstacles__struct.hpp
[1.986s] -- Installing: /home/dev/ws/src/dynamic-box/install/cev_msgs/include/cev_msgs/cev_msgs/msg/detail/obstacles__type_support.hpp
[1.987s] -- Installing: /home/dev/ws/src/dynamic-box/install/cev_msgs/include/cev_msgs/cev_msgs/msg/detail/sensor_collect__builder.hpp
[1.989s] -- Installing: /home/dev/ws/src/dynamic-box/install/cev_msgs/include/cev_msgs/cev_msgs/msg/detail/sensor_collect__type_support.hpp
[1.990s] -- Installing: /home/dev/ws/src/dynamic-box/install/cev_msgs/include/cev_msgs/cev_msgs/msg/detail/sensor_collect__struct.hpp
[1.991s] -- Installing: /home/dev/ws/src/dynamic-box/install/cev_msgs/include/cev_msgs/cev_msgs/msg/detail/obstacle__traits.hpp
[1.992s] -- Installing: /home/dev/ws/src/dynamic-box/install/cev_msgs/include/cev_msgs/cev_msgs/msg/detail/obstacle__type_support.hpp
[1.993s] -- Installing: /home/dev/ws/src/dynamic-box/install/cev_msgs/include/cev_msgs/cev_msgs/msg/detail/obstacles__builder.hpp
[1.995s] -- Installing: /home/dev/ws/src/dynamic-box/install/cev_msgs/include/cev_msgs/cev_msgs/msg/detail/obstacles__traits.hpp
[1.996s] -- Installing: /home/dev/ws/src/dynamic-box/install/cev_msgs/include/cev_msgs/cev_msgs/msg/detail/waypoint__struct.hpp
[1.997s] -- Installing: /home/dev/ws/src/dynamic-box/install/cev_msgs/include/cev_msgs/cev_msgs/msg/detail/trajectory__struct.hpp
[1.998s] -- Installing: /home/dev/ws/src/dynamic-box/install/cev_msgs/include/cev_msgs/cev_msgs/msg/detail/obstacle__struct.hpp
[2.000s] -- Installing: /home/dev/ws/src/dynamic-box/install/cev_msgs/include/cev_msgs/cev_msgs/msg/detail/sensor_collect__traits.hpp
[2.001s] -- Installing: /home/dev/ws/src/dynamic-box/install/cev_msgs/include/cev_msgs/cev_msgs/msg/detail/waypoint__builder.hpp
[2.002s] -- Installing: /home/dev/ws/src/dynamic-box/install/cev_msgs/include/cev_msgs/cev_msgs/msg/detail/trajectory__type_support.hpp
[2.004s] -- Installing: /home/dev/ws/src/dynamic-box/install/cev_msgs/include/cev_msgs/cev_msgs/msg/rosidl_generator_cpp__visibility_control.hpp
[2.005s] -- Installing: /home/dev/ws/src/dynamic-box/install/cev_msgs/include/cev_msgs/cev_msgs/msg/obstacle.hpp
[2.006s] -- Up-to-date: /home/dev/ws/src/dynamic-box/install/cev_msgs/include/cev_msgs/cev_msgs
[2.006s] -- Up-to-date: /home/dev/ws/src/dynamic-box/install/cev_msgs/include/cev_msgs/cev_msgs/msg
[2.007s] -- Installing: /home/dev/ws/src/dynamic-box/install/cev_msgs/include/cev_msgs/cev_msgs/msg/rosidl_typesupport_fastrtps_cpp__visibility_control.h
[2.008s] -- Up-to-date: /home/dev/ws/src/dynamic-box/install/cev_msgs/include/cev_msgs/cev_msgs/msg/detail
[2.008s] -- Installing: /home/dev/ws/src/dynamic-box/install/cev_msgs/include/cev_msgs/cev_msgs/msg/detail/obstacle__rosidl_typesupport_fastrtps_cpp.hpp
[2.010s] -- Installing: /home/dev/ws/src/dynamic-box/install/cev_msgs/include/cev_msgs/cev_msgs/msg/detail/trajectory__rosidl_typesupport_fastrtps_cpp.hpp
[2.011s] -- Installing: /home/dev/ws/src/dynamic-box/install/cev_msgs/include/cev_msgs/cev_msgs/msg/detail/waypoint__rosidl_typesupport_fastrtps_cpp.hpp
[2.012s] -- Installing: /home/dev/ws/src/dynamic-box/install/cev_msgs/include/cev_msgs/cev_msgs/msg/detail/dds_fastrtps
[2.013s] -- Installing: /home/dev/ws/src/dynamic-box/install/cev_msgs/include/cev_msgs/cev_msgs/msg/detail/sensor_collect__rosidl_typesupport_fastrtps_cpp.hpp
[2.014s] -- Installing: /home/dev/ws/src/dynamic-box/install/cev_msgs/include/cev_msgs/cev_msgs/msg/detail/obstacles__rosidl_typesupport_fastrtps_cpp.hpp
[2.015s] -- Installing: /home/dev/ws/src/dynamic-box/install/cev_msgs/lib/libcev_msgs__rosidl_typesupport_fastrtps_cpp.so
[2.018s] -- Set runtime path of "/home/dev/ws/src/dynamic-box/install/cev_msgs/lib/libcev_msgs__rosidl_typesupport_fastrtps_cpp.so" to ""
[2.018s] -- Up-to-date: /home/dev/ws/src/dynamic-box/install/cev_msgs/include/cev_msgs/cev_msgs
[2.018s] -- Up-to-date: /home/dev/ws/src/dynamic-box/install/cev_msgs/include/cev_msgs/cev_msgs/msg
[2.019s] -- Up-to-date: /home/dev/ws/src/dynamic-box/install/cev_msgs/include/cev_msgs/cev_msgs/msg/detail
[2.019s] -- Installing: /home/dev/ws/src/dynamic-box/install/cev_msgs/include/cev_msgs/cev_msgs/msg/detail/trajectory__type_support.cpp
[2.020s] -- Installing: /home/dev/ws/src/dynamic-box/install/cev_msgs/include/cev_msgs/cev_msgs/msg/detail/obstacles__rosidl_typesupport_introspection_cpp.hpp
[2.021s] -- Installing: /home/dev/ws/src/dynamic-box/install/cev_msgs/include/cev_msgs/cev_msgs/msg/detail/sensor_collect__rosidl_typesupport_introspection_cpp.hpp
[2.022s] -- Installing: /home/dev/ws/src/dynamic-box/install/cev_msgs/include/cev_msgs/cev_msgs/msg/detail/waypoint__rosidl_typesupport_introspection_cpp.hpp
[2.024s] -- Installing: /home/dev/ws/src/dynamic-box/install/cev_msgs/include/cev_msgs/cev_msgs/msg/detail/obstacle__type_support.cpp
[2.025s] -- Installing: /home/dev/ws/src/dynamic-box/install/cev_msgs/include/cev_msgs/cev_msgs/msg/detail/waypoint__type_support.cpp
[2.026s] -- Installing: /home/dev/ws/src/dynamic-box/install/cev_msgs/include/cev_msgs/cev_msgs/msg/detail/obstacles__type_support.cpp
[2.027s] -- Installing: /home/dev/ws/src/dynamic-box/install/cev_msgs/include/cev_msgs/cev_msgs/msg/detail/sensor_collect__type_support.cpp
[2.029s] -- Installing: /home/dev/ws/src/dynamic-box/install/cev_msgs/include/cev_msgs/cev_msgs/msg/detail/trajectory__rosidl_typesupport_introspection_cpp.hpp
[2.030s] -- Installing: /home/dev/ws/src/dynamic-box/install/cev_msgs/include/cev_msgs/cev_msgs/msg/detail/obstacle__rosidl_typesupport_introspection_cpp.hpp
[2.032s] -- Installing: /home/dev/ws/src/dynamic-box/install/cev_msgs/lib/libcev_msgs__rosidl_typesupport_introspection_cpp.so
[2.034s] -- Set runtime path of "/home/dev/ws/src/dynamic-box/install/cev_msgs/lib/libcev_msgs__rosidl_typesupport_introspection_cpp.so" to ""
[2.034s] -- Installing: /home/dev/ws/src/dynamic-box/install/cev_msgs/lib/libcev_msgs__rosidl_typesupport_cpp.so
[2.036s] -- Set runtime path of "/home/dev/ws/src/dynamic-box/install/cev_msgs/lib/libcev_msgs__rosidl_typesupport_cpp.so" to ""
[2.036s] -- Installing: /home/dev/ws/src/dynamic-box/install/cev_msgs/share/cev_msgs/environment/pythonpath.sh
[2.037s] -- Installing: /home/dev/ws/src/dynamic-box/install/cev_msgs/share/cev_msgs/environment/pythonpath.dsv
[2.038s] -- Installing: /home/dev/ws/src/dynamic-box/install/cev_msgs/local/lib/python3.10/dist-packages/cev_msgs-0.0.0-py3.10.egg-info
[2.039s] -- Installing: /home/dev/ws/src/dynamic-box/install/cev_msgs/local/lib/python3.10/dist-packages/cev_msgs-0.0.0-py3.10.egg-info/PKG-INFO
[2.041s] -- Installing: /home/dev/ws/src/dynamic-box/install/cev_msgs/local/lib/python3.10/dist-packages/cev_msgs-0.0.0-py3.10.egg-info/SOURCES.txt
[2.042s] -- Installing: /home/dev/ws/src/dynamic-box/install/cev_msgs/local/lib/python3.10/dist-packages/cev_msgs-0.0.0-py3.10.egg-info/top_level.txt
[2.044s] -- Installing: /home/dev/ws/src/dynamic-box/install/cev_msgs/local/lib/python3.10/dist-packages/cev_msgs-0.0.0-py3.10.egg-info/dependency_links.txt
[2.045s] -- Installing: /home/dev/ws/src/dynamic-box/install/cev_msgs/local/lib/python3.10/dist-packages/cev_msgs
[2.046s] -- Installing: /home/dev/ws/src/dynamic-box/install/cev_msgs/local/lib/python3.10/dist-packages/cev_msgs/cev_msgs_s__rosidl_typesupport_c.cpython-310-aarch64-linux-gnu.so
[2.047s] -- Installing: /home/dev/ws/src/dynamic-box/install/cev_msgs/local/lib/python3.10/dist-packages/cev_msgs/_cev_msgs_s.ep.rosidl_typesupport_fastrtps_c.c
[2.048s] -- Installing: /home/dev/ws/src/dynamic-box/install/cev_msgs/local/lib/python3.10/dist-packages/cev_msgs/cev_msgs_s__rosidl_typesupport_introspection_c.cpython-310-aarch64-linux-gnu.so
[2.049s] -- Installing: /home/dev/ws/src/dynamic-box/install/cev_msgs/local/lib/python3.10/dist-packages/cev_msgs/msg
[2.051s] -- Installing: /home/dev/ws/src/dynamic-box/install/cev_msgs/local/lib/python3.10/dist-packages/cev_msgs/msg/_trajectory.py
[2.052s] -- Installing: /home/dev/ws/src/dynamic-box/install/cev_msgs/local/lib/python3.10/dist-packages/cev_msgs/msg/_trajectory_s.c
[2.053s] -- Installing: /home/dev/ws/src/dynamic-box/install/cev_msgs/local/lib/python3.10/dist-packages/cev_msgs/msg/_waypoint.py
[2.054s] -- Installing: /home/dev/ws/src/dynamic-box/install/cev_msgs/local/lib/python3.10/dist-packages/cev_msgs/msg/__init__.py
[2.055s] -- Installing: /home/dev/ws/src/dynamic-box/install/cev_msgs/local/lib/python3.10/dist-packages/cev_msgs/msg/_waypoint_s.c
[2.057s] -- Installing: /home/dev/ws/src/dynamic-box/install/cev_msgs/local/lib/python3.10/dist-packages/cev_msgs/msg/_sensor_collect.py
[2.058s] -- Installing: /home/dev/ws/src/dynamic-box/install/cev_msgs/local/lib/python3.10/dist-packages/cev_msgs/msg/_obstacle.py
[2.059s] -- Installing: /home/dev/ws/src/dynamic-box/install/cev_msgs/local/lib/python3.10/dist-packages/cev_msgs/msg/_sensor_collect_s.c
[2.061s] -- Installing: /home/dev/ws/src/dynamic-box/install/cev_msgs/local/lib/python3.10/dist-packages/cev_msgs/msg/_obstacle_s.c
[2.062s] -- Installing: /home/dev/ws/src/dynamic-box/install/cev_msgs/local/lib/python3.10/dist-packages/cev_msgs/msg/_obstacles_s.c
[2.063s] -- Installing: /home/dev/ws/src/dynamic-box/install/cev_msgs/local/lib/python3.10/dist-packages/cev_msgs/msg/_obstacles.py
[2.064s] -- Installing: /home/dev/ws/src/dynamic-box/install/cev_msgs/local/lib/python3.10/dist-packages/cev_msgs/libcev_msgs__rosidl_generator_py.so
[2.066s] -- Installing: /home/dev/ws/src/dynamic-box/install/cev_msgs/local/lib/python3.10/dist-packages/cev_msgs/cev_msgs_s__rosidl_typesupport_fastrtps_c.cpython-310-aarch64-linux-gnu.so
[2.067s] -- Installing: /home/dev/ws/src/dynamic-box/install/cev_msgs/local/lib/python3.10/dist-packages/cev_msgs/__init__.py
[2.068s] -- Installing: /home/dev/ws/src/dynamic-box/install/cev_msgs/local/lib/python3.10/dist-packages/cev_msgs/_cev_msgs_s.ep.rosidl_typesupport_introspection_c.c
[2.070s] -- Installing: /home/dev/ws/src/dynamic-box/install/cev_msgs/local/lib/python3.10/dist-packages/cev_msgs/_cev_msgs_s.ep.rosidl_typesupport_c.c
[2.096s] Listing '/home/dev/ws/src/dynamic-box/install/cev_msgs/local/lib/python3.10/dist-packages/cev_msgs'...
[2.096s] Compiling '/home/dev/ws/src/dynamic-box/install/cev_msgs/local/lib/python3.10/dist-packages/cev_msgs/__init__.py'...
[2.096s] Listing '/home/dev/ws/src/dynamic-box/install/cev_msgs/local/lib/python3.10/dist-packages/cev_msgs/msg'...
[2.097s] Compiling '/home/dev/ws/src/dynamic-box/install/cev_msgs/local/lib/python3.10/dist-packages/cev_msgs/msg/__init__.py'...
[2.097s] Compiling '/home/dev/ws/src/dynamic-box/install/cev_msgs/local/lib/python3.10/dist-packages/cev_msgs/msg/_obstacle.py'...
[2.097s] Compiling '/home/dev/ws/src/dynamic-box/install/cev_msgs/local/lib/python3.10/dist-packages/cev_msgs/msg/_obstacles.py'...
[2.097s] Compiling '/home/dev/ws/src/dynamic-box/install/cev_msgs/local/lib/python3.10/dist-packages/cev_msgs/msg/_sensor_collect.py'...
[2.098s] Compiling '/home/dev/ws/src/dynamic-box/install/cev_msgs/local/lib/python3.10/dist-packages/cev_msgs/msg/_trajectory.py'...
[2.098s] Compiling '/home/dev/ws/src/dynamic-box/install/cev_msgs/local/lib/python3.10/dist-packages/cev_msgs/msg/_waypoint.py'...
[2.098s] -- Installing: /home/dev/ws/src/dynamic-box/install/cev_msgs/local/lib/python3.10/dist-packages/cev_msgs/cev_msgs_s__rosidl_typesupport_fastrtps_c.cpython-310-aarch64-linux-gnu.so
[2.099s] -- Set runtime path of "/home/dev/ws/src/dynamic-box/install/cev_msgs/local/lib/python3.10/dist-packages/cev_msgs/cev_msgs_s__rosidl_typesupport_fastrtps_c.cpython-310-aarch64-linux-gnu.so" to ""
[2.100s] -- Installing: /home/dev/ws/src/dynamic-box/install/cev_msgs/local/lib/python3.10/dist-packages/cev_msgs/cev_msgs_s__rosidl_typesupport_introspection_c.cpython-310-aarch64-linux-gnu.so
[2.101s] -- Set runtime path of "/home/dev/ws/src/dynamic-box/install/cev_msgs/local/lib/python3.10/dist-packages/cev_msgs/cev_msgs_s__rosidl_typesupport_introspection_c.cpython-310-aarch64-linux-gnu.so" to ""
[2.102s] -- Installing: /home/dev/ws/src/dynamic-box/install/cev_msgs/local/lib/python3.10/dist-packages/cev_msgs/cev_msgs_s__rosidl_typesupport_c.cpython-310-aarch64-linux-gnu.so
[2.103s] -- Set runtime path of "/home/dev/ws/src/dynamic-box/install/cev_msgs/local/lib/python3.10/dist-packages/cev_msgs/cev_msgs_s__rosidl_typesupport_c.cpython-310-aarch64-linux-gnu.so" to ""
[2.104s] -- Installing: /home/dev/ws/src/dynamic-box/install/cev_msgs/lib/libcev_msgs__rosidl_generator_py.so
[2.106s] -- Set runtime path of "/home/dev/ws/src/dynamic-box/install/cev_msgs/lib/libcev_msgs__rosidl_generator_py.so" to ""
[2.106s] -- Installing: /home/dev/ws/src/dynamic-box/install/cev_msgs/share/cev_msgs/msg/Waypoint.idl
[2.107s] -- Installing: /home/dev/ws/src/dynamic-box/install/cev_msgs/share/cev_msgs/msg/SensorCollect.idl
[2.108s] -- Installing: /home/dev/ws/src/dynamic-box/install/cev_msgs/share/cev_msgs/msg/Trajectory.idl
[2.110s] -- Installing: /home/dev/ws/src/dynamic-box/install/cev_msgs/share/cev_msgs/msg/Obstacle.idl
[2.111s] -- Installing: /home/dev/ws/src/dynamic-box/install/cev_msgs/share/cev_msgs/msg/Obstacles.idl
[2.112s] -- Installing: /home/dev/ws/src/dynamic-box/install/cev_msgs/share/cev_msgs/msg/Waypoint.msg
[2.114s] -- Installing: /home/dev/ws/src/dynamic-box/install/cev_msgs/share/cev_msgs/msg/SensorCollect.msg
[2.115s] -- Installing: /home/dev/ws/src/dynamic-box/install/cev_msgs/share/cev_msgs/msg/Trajectory.msg
[2.116s] -- Installing: /home/dev/ws/src/dynamic-box/install/cev_msgs/share/cev_msgs/msg/Obstacle.msg
[2.117s] -- Installing: /home/dev/ws/src/dynamic-box/install/cev_msgs/share/cev_msgs/msg/Obstacles.msg
[2.119s] -- Installing: /home/dev/ws/src/dynamic-box/install/cev_msgs/share/ament_index/resource_index/package_run_dependencies/cev_msgs
[2.121s] -- Installing: /home/dev/ws/src/dynamic-box/install/cev_msgs/share/ament_index/resource_index/parent_prefix_path/cev_msgs
[2.122s] -- Installing: /home/dev/ws/src/dynamic-box/install/cev_msgs/share/cev_msgs/environment/ament_prefix_path.sh
[2.123s] -- Installing: /home/dev/ws/src/dynamic-box/install/cev_msgs/share/cev_msgs/environment/ament_prefix_path.dsv
[2.124s] -- Installing: /home/dev/ws/src/dynamic-box/install/cev_msgs/share/cev_msgs/environment/path.sh
[2.125s] -- Installing: /home/dev/ws/src/dynamic-box/install/cev_msgs/share/cev_msgs/environment/path.dsv
[2.126s] -- Installing: /home/dev/ws/src/dynamic-box/install/cev_msgs/share/cev_msgs/local_setup.bash
[2.128s] -- Installing: /home/dev/ws/src/dynamic-box/install/cev_msgs/share/cev_msgs/local_setup.sh
[2.129s] -- Installing: /home/dev/ws/src/dynamic-box/install/cev_msgs/share/cev_msgs/local_setup.zsh
[2.130s] -- Installing: /home/dev/ws/src/dynamic-box/install/cev_msgs/share/cev_msgs/local_setup.dsv
[2.132s] -- Up-to-date: /home/dev/ws/src/dynamic-box/install/cev_msgs/share/cev_msgs/package.dsv
[2.133s] -- Installing: /home/dev/ws/src/dynamic-box/install/cev_msgs/share/ament_index/resource_index/packages/cev_msgs
[2.134s] -- Installing: /home/dev/ws/src/dynamic-box/install/cev_msgs/share/cev_msgs/cmake/export_cev_msgs__rosidl_generator_cExport.cmake
[2.135s] -- Installing: /home/dev/ws/src/dynamic-box/install/cev_msgs/share/cev_msgs/cmake/export_cev_msgs__rosidl_generator_cExport-noconfig.cmake
[2.136s] -- Installing: /home/dev/ws/src/dynamic-box/install/cev_msgs/share/cev_msgs/cmake/export_cev_msgs__rosidl_typesupport_fastrtps_cExport.cmake
[2.138s] -- Installing: /home/dev/ws/src/dynamic-box/install/cev_msgs/share/cev_msgs/cmake/export_cev_msgs__rosidl_typesupport_fastrtps_cExport-noconfig.cmake
[2.139s] -- Installing: /home/dev/ws/src/dynamic-box/install/cev_msgs/share/cev_msgs/cmake/cev_msgs__rosidl_typesupport_introspection_cExport.cmake
[2.140s] -- Installing: /home/dev/ws/src/dynamic-box/install/cev_msgs/share/cev_msgs/cmake/cev_msgs__rosidl_typesupport_introspection_cExport-noconfig.cmake
[2.142s] -- Installing: /home/dev/ws/src/dynamic-box/install/cev_msgs/share/cev_msgs/cmake/cev_msgs__rosidl_typesupport_cExport.cmake
[2.143s] -- Installing: /home/dev/ws/src/dynamic-box/install/cev_msgs/share/cev_msgs/cmake/cev_msgs__rosidl_typesupport_cExport-noconfig.cmake
[2.144s] -- Installing: /home/dev/ws/src/dynamic-box/install/cev_msgs/share/cev_msgs/cmake/export_cev_msgs__rosidl_generator_cppExport.cmake
[2.146s] -- Installing: /home/dev/ws/src/dynamic-box/install/cev_msgs/share/cev_msgs/cmake/export_cev_msgs__rosidl_typesupport_fastrtps_cppExport.cmake
[2.147s] -- Installing: /home/dev/ws/src/dynamic-box/install/cev_msgs/share/cev_msgs/cmake/export_cev_msgs__rosidl_typesupport_fastrtps_cppExport-noconfig.cmake
[2.149s] -- Installing: /home/dev/ws/src/dynamic-box/install/cev_msgs/share/cev_msgs/cmake/cev_msgs__rosidl_typesupport_introspection_cppExport.cmake
[2.150s] -- Installing: /home/dev/ws/src/dynamic-box/install/cev_msgs/share/cev_msgs/cmake/cev_msgs__rosidl_typesupport_introspection_cppExport-noconfig.cmake
[2.152s] -- Installing: /home/dev/ws/src/dynamic-box/install/cev_msgs/share/cev_msgs/cmake/cev_msgs__rosidl_typesupport_cppExport.cmake
[2.153s] -- Installing: /home/dev/ws/src/dynamic-box/install/cev_msgs/share/cev_msgs/cmake/cev_msgs__rosidl_typesupport_cppExport-noconfig.cmake
[2.154s] -- Installing: /home/dev/ws/src/dynamic-box/install/cev_msgs/share/cev_msgs/cmake/export_cev_msgs__rosidl_generator_pyExport.cmake
[2.156s] -- Installing: /home/dev/ws/src/dynamic-box/install/cev_msgs/share/cev_msgs/cmake/export_cev_msgs__rosidl_generator_pyExport-noconfig.cmake
[2.157s] -- Installing: /home/dev/ws/src/dynamic-box/install/cev_msgs/share/cev_msgs/cmake/rosidl_cmake-extras.cmake
[2.158s] -- Installing: /home/dev/ws/src/dynamic-box/install/cev_msgs/share/cev_msgs/cmake/ament_cmake_export_dependencies-extras.cmake
[2.160s] -- Installing: /home/dev/ws/src/dynamic-box/install/cev_msgs/share/cev_msgs/cmake/ament_cmake_export_include_directories-extras.cmake
[2.161s] -- Installing: /home/dev/ws/src/dynamic-box/install/cev_msgs/share/cev_msgs/cmake/ament_cmake_export_libraries-extras.cmake
[2.162s] -- Installing: /home/dev/ws/src/dynamic-box/install/cev_msgs/share/cev_msgs/cmake/ament_cmake_export_targets-extras.cmake
[2.163s] -- Installing: /home/dev/ws/src/dynamic-box/install/cev_msgs/share/cev_msgs/cmake/rosidl_cmake_export_typesupport_targets-extras.cmake
[2.164s] -- Installing: /home/dev/ws/src/dynamic-box/install/cev_msgs/share/cev_msgs/cmake/rosidl_cmake_export_typesupport_libraries-extras.cmake
[2.166s] -- Installing: /home/dev/ws/src/dynamic-box/install/cev_msgs/share/cev_msgs/cmake/cev_msgsConfig.cmake
[2.167s] -- Installing: /home/dev/ws/src/dynamic-box/install/cev_msgs/share/cev_msgs/cmake/cev_msgsConfig-version.cmake
[2.168s] -- Installing: /home/dev/ws/src/dynamic-box/install/cev_msgs/share/cev_msgs/package.xml
[2.173s] Invoked command in '/home/dev/ws/src/dynamic-box/build/cev_msgs' returned '0': CMAKE_PREFIX_PATH=/opt/ros/humble /usr/bin/cmake --install /home/dev/ws/src/dynamic-box/build/cev_msgs
