[  1%] Built target cev_msgs__cpp
[ 12%] Built target cev_msgs__rosidl_generator_c
[35m[1mConsolidate compiler generated dependencies of target cev_msgs__rosidl_typesupport_cpp[0m
[35m[1mConsolidate compiler generated dependencies of target cev_msgs__rosidl_typesupport_fastrtps_cpp[0m
[35m[1mConsolidate compiler generated dependencies of target cev_msgs__rosidl_typesupport_introspection_cpp[0m
[35m[1mConsolidate compiler generated dependencies of target cev_msgs__rosidl_typesupport_c[0m
[35m[1mConsolidate compiler generated dependencies of target cev_msgs__rosidl_typesupport_introspection_c[0m
[35m[1mConsolidate compiler generated dependencies of target cev_msgs__rosidl_typesupport_fastrtps_c[0m
[ 12%] Built target ament_cmake_python_copy_cev_msgs
[ 23%] Built target cev_msgs__rosidl_typesupport_c
[ 34%] Built target cev_msgs__rosidl_typesupport_introspection_c
[ 50%] Built target cev_msgs__rosidl_typesupport_cpp
[ 57%] Built target cev_msgs__rosidl_typesupport_introspection_cpp
[ 73%] Built target cev_msgs__rosidl_typesupport_fastrtps_c
running egg_info
writing cev_msgs.egg-info/PKG-INFO
writing dependency_links to cev_msgs.egg-info/dependency_links.txt
[ 79%] Built target cev_msgs__rosidl_typesupport_fastrtps_cpp
writing top-level names to cev_msgs.egg-info/top_level.txt
reading manifest file 'cev_msgs.egg-info/SOURCES.txt'
writing manifest file 'cev_msgs.egg-info/SOURCES.txt'
[ 79%] Built target cev_msgs
[ 79%] Built target ament_cmake_python_build_cev_msgs_egg
[ 80%] Built target cev_msgs__py
[35m[1mConsolidate compiler generated dependencies of target cev_msgs__rosidl_generator_py[0m
[ 90%] Built target cev_msgs__rosidl_generator_py
[35m[1mConsolidate compiler generated dependencies of target cev_msgs__rosidl_typesupport_fastrtps_c__pyext[0m
[35m[1mConsolidate compiler generated dependencies of target cev_msgs__rosidl_typesupport_introspection_c__pyext[0m
[35m[1mConsolidate compiler generated dependencies of target cev_msgs__rosidl_typesupport_c__pyext[0m
[ 93%] Built target cev_msgs__rosidl_typesupport_fastrtps_c__pyext
[100%] Built target cev_msgs__rosidl_typesupport_c__pyext
[100%] Built target cev_msgs__rosidl_typesupport_introspection_c__pyext
-- Install configuration: ""
-- Up-to-date: /home/dev/ws/src/dynamic-box/install/cev_msgs/share/ament_index/resource_index/rosidl_interfaces/cev_msgs
-- Up-to-date: /home/dev/ws/src/dynamic-box/install/cev_msgs/include/cev_msgs/cev_msgs
-- Up-to-date: /home/dev/ws/src/dynamic-box/install/cev_msgs/include/cev_msgs/cev_msgs/msg
-- Up-to-date: /home/dev/ws/src/dynamic-box/install/cev_msgs/include/cev_msgs/cev_msgs/msg/waypoint.h
-- Up-to-date: /home/dev/ws/src/dynamic-box/install/cev_msgs/include/cev_msgs/cev_msgs/msg/rosidl_generator_c__visibility_control.h
-- Up-to-date: /home/dev/ws/src/dynamic-box/install/cev_msgs/include/cev_msgs/cev_msgs/msg/sensor_collect.h
-- Up-to-date: /home/dev/ws/src/dynamic-box/install/cev_msgs/include/cev_msgs/cev_msgs/msg/trajectory.h
-- Up-to-date: /home/dev/ws/src/dynamic-box/install/cev_msgs/include/cev_msgs/cev_msgs/msg/detail
-- Up-to-date: /home/dev/ws/src/dynamic-box/install/cev_msgs/include/cev_msgs/cev_msgs/msg/detail/waypoint__struct.h
-- Up-to-date: /home/dev/ws/src/dynamic-box/install/cev_msgs/include/cev_msgs/cev_msgs/msg/detail/obstacle__struct.h
-- Up-to-date: /home/dev/ws/src/dynamic-box/install/cev_msgs/include/cev_msgs/cev_msgs/msg/detail/obstacles__type_support.h
-- Up-to-date: /home/dev/ws/src/dynamic-box/install/cev_msgs/include/cev_msgs/cev_msgs/msg/detail/obstacle__type_support.h
-- Up-to-date: /home/dev/ws/src/dynamic-box/install/cev_msgs/include/cev_msgs/cev_msgs/msg/detail/obstacles__functions.c
-- Up-to-date: /home/dev/ws/src/dynamic-box/install/cev_msgs/include/cev_msgs/cev_msgs/msg/detail/sensor_collect__functions.c
-- Up-to-date: /home/dev/ws/src/dynamic-box/install/cev_msgs/include/cev_msgs/cev_msgs/msg/detail/waypoint__functions.h
-- Up-to-date: /home/dev/ws/src/dynamic-box/install/cev_msgs/include/cev_msgs/cev_msgs/msg/detail/obstacle__functions.c
-- Up-to-date: /home/dev/ws/src/dynamic-box/install/cev_msgs/include/cev_msgs/cev_msgs/msg/detail/trajectory__functions.c
-- Up-to-date: /home/dev/ws/src/dynamic-box/install/cev_msgs/include/cev_msgs/cev_msgs/msg/detail/trajectory__struct.h
-- Up-to-date: /home/dev/ws/src/dynamic-box/install/cev_msgs/include/cev_msgs/cev_msgs/msg/detail/sensor_collect__type_support.h
-- Up-to-date: /home/dev/ws/src/dynamic-box/install/cev_msgs/include/cev_msgs/cev_msgs/msg/detail/obstacles__struct.h
-- Up-to-date: /home/dev/ws/src/dynamic-box/install/cev_msgs/include/cev_msgs/cev_msgs/msg/detail/obstacles__functions.h
-- Up-to-date: /home/dev/ws/src/dynamic-box/install/cev_msgs/include/cev_msgs/cev_msgs/msg/detail/waypoint__functions.c
-- Up-to-date: /home/dev/ws/src/dynamic-box/install/cev_msgs/include/cev_msgs/cev_msgs/msg/detail/waypoint__type_support.h
-- Up-to-date: /home/dev/ws/src/dynamic-box/install/cev_msgs/include/cev_msgs/cev_msgs/msg/detail/sensor_collect__functions.h
-- Up-to-date: /home/dev/ws/src/dynamic-box/install/cev_msgs/include/cev_msgs/cev_msgs/msg/detail/trajectory__type_support.h
-- Up-to-date: /home/dev/ws/src/dynamic-box/install/cev_msgs/include/cev_msgs/cev_msgs/msg/detail/trajectory__functions.h
-- Up-to-date: /home/dev/ws/src/dynamic-box/install/cev_msgs/include/cev_msgs/cev_msgs/msg/detail/obstacle__functions.h
-- Up-to-date: /home/dev/ws/src/dynamic-box/install/cev_msgs/include/cev_msgs/cev_msgs/msg/detail/sensor_collect__struct.h
-- Up-to-date: /home/dev/ws/src/dynamic-box/install/cev_msgs/include/cev_msgs/cev_msgs/msg/obstacles.h
-- Up-to-date: /home/dev/ws/src/dynamic-box/install/cev_msgs/include/cev_msgs/cev_msgs/msg/obstacle.h
-- Up-to-date: /home/dev/ws/src/dynamic-box/install/cev_msgs/share/cev_msgs/environment/library_path.sh
-- Up-to-date: /home/dev/ws/src/dynamic-box/install/cev_msgs/share/cev_msgs/environment/library_path.dsv
-- Up-to-date: /home/dev/ws/src/dynamic-box/install/cev_msgs/lib/libcev_msgs__rosidl_generator_c.so
-- Up-to-date: /home/dev/ws/src/dynamic-box/install/cev_msgs/include/cev_msgs/cev_msgs
-- Up-to-date: /home/dev/ws/src/dynamic-box/install/cev_msgs/include/cev_msgs/cev_msgs/msg
-- Up-to-date: /home/dev/ws/src/dynamic-box/install/cev_msgs/include/cev_msgs/cev_msgs/msg/detail
-- Up-to-date: /home/dev/ws/src/dynamic-box/install/cev_msgs/include/cev_msgs/cev_msgs/msg/detail/sensor_collect__rosidl_typesupport_fastrtps_c.h
-- Up-to-date: /home/dev/ws/src/dynamic-box/install/cev_msgs/include/cev_msgs/cev_msgs/msg/detail/obstacle__rosidl_typesupport_fastrtps_c.h
-- Up-to-date: /home/dev/ws/src/dynamic-box/install/cev_msgs/include/cev_msgs/cev_msgs/msg/detail/waypoint__rosidl_typesupport_fastrtps_c.h
-- Up-to-date: /home/dev/ws/src/dynamic-box/install/cev_msgs/include/cev_msgs/cev_msgs/msg/detail/trajectory__rosidl_typesupport_fastrtps_c.h
-- Up-to-date: /home/dev/ws/src/dynamic-box/install/cev_msgs/include/cev_msgs/cev_msgs/msg/detail/obstacles__rosidl_typesupport_fastrtps_c.h
-- Up-to-date: /home/dev/ws/src/dynamic-box/install/cev_msgs/include/cev_msgs/cev_msgs/msg/rosidl_typesupport_fastrtps_c__visibility_control.h
-- Up-to-date: /home/dev/ws/src/dynamic-box/install/cev_msgs/lib/libcev_msgs__rosidl_typesupport_fastrtps_c.so
-- Up-to-date: /home/dev/ws/src/dynamic-box/install/cev_msgs/include/cev_msgs/cev_msgs
-- Up-to-date: /home/dev/ws/src/dynamic-box/install/cev_msgs/include/cev_msgs/cev_msgs/msg
-- Up-to-date: /home/dev/ws/src/dynamic-box/install/cev_msgs/include/cev_msgs/cev_msgs/msg/detail
-- Up-to-date: /home/dev/ws/src/dynamic-box/install/cev_msgs/include/cev_msgs/cev_msgs/msg/detail/sensor_collect__type_support.c
-- Up-to-date: /home/dev/ws/src/dynamic-box/install/cev_msgs/include/cev_msgs/cev_msgs/msg/detail/obstacle__rosidl_typesupport_introspection_c.h
-- Up-to-date: /home/dev/ws/src/dynamic-box/install/cev_msgs/include/cev_msgs/cev_msgs/msg/detail/waypoint__type_support.c
-- Up-to-date: /home/dev/ws/src/dynamic-box/install/cev_msgs/include/cev_msgs/cev_msgs/msg/detail/waypoint__rosidl_typesupport_introspection_c.h
-- Up-to-date: /home/dev/ws/src/dynamic-box/install/cev_msgs/include/cev_msgs/cev_msgs/msg/detail/trajectory__type_support.c
-- Up-to-date: /home/dev/ws/src/dynamic-box/install/cev_msgs/include/cev_msgs/cev_msgs/msg/detail/obstacles__type_support.c
-- Up-to-date: /home/dev/ws/src/dynamic-box/install/cev_msgs/include/cev_msgs/cev_msgs/msg/detail/sensor_collect__rosidl_typesupport_introspection_c.h
-- Up-to-date: /home/dev/ws/src/dynamic-box/install/cev_msgs/include/cev_msgs/cev_msgs/msg/detail/obstacle__type_support.c
-- Up-to-date: /home/dev/ws/src/dynamic-box/install/cev_msgs/include/cev_msgs/cev_msgs/msg/detail/trajectory__rosidl_typesupport_introspection_c.h
-- Up-to-date: /home/dev/ws/src/dynamic-box/install/cev_msgs/include/cev_msgs/cev_msgs/msg/detail/obstacles__rosidl_typesupport_introspection_c.h
-- Up-to-date: /home/dev/ws/src/dynamic-box/install/cev_msgs/include/cev_msgs/cev_msgs/msg/rosidl_typesupport_introspection_c__visibility_control.h
-- Up-to-date: /home/dev/ws/src/dynamic-box/install/cev_msgs/lib/libcev_msgs__rosidl_typesupport_introspection_c.so
-- Up-to-date: /home/dev/ws/src/dynamic-box/install/cev_msgs/lib/libcev_msgs__rosidl_typesupport_c.so
-- Up-to-date: /home/dev/ws/src/dynamic-box/install/cev_msgs/include/cev_msgs/cev_msgs
-- Up-to-date: /home/dev/ws/src/dynamic-box/install/cev_msgs/include/cev_msgs/cev_msgs/msg
-- Up-to-date: /home/dev/ws/src/dynamic-box/install/cev_msgs/include/cev_msgs/cev_msgs/msg/trajectory.hpp
-- Up-to-date: /home/dev/ws/src/dynamic-box/install/cev_msgs/include/cev_msgs/cev_msgs/msg/waypoint.hpp
-- Up-to-date: /home/dev/ws/src/dynamic-box/install/cev_msgs/include/cev_msgs/cev_msgs/msg/sensor_collect.hpp
-- Up-to-date: /home/dev/ws/src/dynamic-box/install/cev_msgs/include/cev_msgs/cev_msgs/msg/obstacles.hpp
-- Up-to-date: /home/dev/ws/src/dynamic-box/install/cev_msgs/include/cev_msgs/cev_msgs/msg/detail
-- Up-to-date: /home/dev/ws/src/dynamic-box/install/cev_msgs/include/cev_msgs/cev_msgs/msg/detail/trajectory__traits.hpp
-- Up-to-date: /home/dev/ws/src/dynamic-box/install/cev_msgs/include/cev_msgs/cev_msgs/msg/detail/waypoint__type_support.hpp
-- Up-to-date: /home/dev/ws/src/dynamic-box/install/cev_msgs/include/cev_msgs/cev_msgs/msg/detail/trajectory__builder.hpp
-- Up-to-date: /home/dev/ws/src/dynamic-box/install/cev_msgs/include/cev_msgs/cev_msgs/msg/detail/obstacle__builder.hpp
-- Up-to-date: /home/dev/ws/src/dynamic-box/install/cev_msgs/include/cev_msgs/cev_msgs/msg/detail/waypoint__traits.hpp
-- Up-to-date: /home/dev/ws/src/dynamic-box/install/cev_msgs/include/cev_msgs/cev_msgs/msg/detail/obstacles__struct.hpp
-- Up-to-date: /home/dev/ws/src/dynamic-box/install/cev_msgs/include/cev_msgs/cev_msgs/msg/detail/obstacles__type_support.hpp
-- Up-to-date: /home/dev/ws/src/dynamic-box/install/cev_msgs/include/cev_msgs/cev_msgs/msg/detail/sensor_collect__builder.hpp
-- Up-to-date: /home/dev/ws/src/dynamic-box/install/cev_msgs/include/cev_msgs/cev_msgs/msg/detail/sensor_collect__type_support.hpp
-- Up-to-date: /home/dev/ws/src/dynamic-box/install/cev_msgs/include/cev_msgs/cev_msgs/msg/detail/sensor_collect__struct.hpp
-- Up-to-date: /home/dev/ws/src/dynamic-box/install/cev_msgs/include/cev_msgs/cev_msgs/msg/detail/obstacle__traits.hpp
-- Up-to-date: /home/dev/ws/src/dynamic-box/install/cev_msgs/include/cev_msgs/cev_msgs/msg/detail/obstacle__type_support.hpp
-- Up-to-date: /home/dev/ws/src/dynamic-box/install/cev_msgs/include/cev_msgs/cev_msgs/msg/detail/obstacles__builder.hpp
-- Up-to-date: /home/dev/ws/src/dynamic-box/install/cev_msgs/include/cev_msgs/cev_msgs/msg/detail/obstacles__traits.hpp
-- Up-to-date: /home/dev/ws/src/dynamic-box/install/cev_msgs/include/cev_msgs/cev_msgs/msg/detail/waypoint__struct.hpp
-- Up-to-date: /home/dev/ws/src/dynamic-box/install/cev_msgs/include/cev_msgs/cev_msgs/msg/detail/trajectory__struct.hpp
-- Up-to-date: /home/dev/ws/src/dynamic-box/install/cev_msgs/include/cev_msgs/cev_msgs/msg/detail/obstacle__struct.hpp
-- Up-to-date: /home/dev/ws/src/dynamic-box/install/cev_msgs/include/cev_msgs/cev_msgs/msg/detail/sensor_collect__traits.hpp
-- Up-to-date: /home/dev/ws/src/dynamic-box/install/cev_msgs/include/cev_msgs/cev_msgs/msg/detail/waypoint__builder.hpp
-- Up-to-date: /home/dev/ws/src/dynamic-box/install/cev_msgs/include/cev_msgs/cev_msgs/msg/detail/trajectory__type_support.hpp
-- Up-to-date: /home/dev/ws/src/dynamic-box/install/cev_msgs/include/cev_msgs/cev_msgs/msg/rosidl_generator_cpp__visibility_control.hpp
-- Up-to-date: /home/dev/ws/src/dynamic-box/install/cev_msgs/include/cev_msgs/cev_msgs/msg/obstacle.hpp
-- Up-to-date: /home/dev/ws/src/dynamic-box/install/cev_msgs/include/cev_msgs/cev_msgs
-- Up-to-date: /home/dev/ws/src/dynamic-box/install/cev_msgs/include/cev_msgs/cev_msgs/msg
-- Up-to-date: /home/dev/ws/src/dynamic-box/install/cev_msgs/include/cev_msgs/cev_msgs/msg/rosidl_typesupport_fastrtps_cpp__visibility_control.h
-- Up-to-date: /home/dev/ws/src/dynamic-box/install/cev_msgs/include/cev_msgs/cev_msgs/msg/detail
-- Up-to-date: /home/dev/ws/src/dynamic-box/install/cev_msgs/include/cev_msgs/cev_msgs/msg/detail/obstacle__rosidl_typesupport_fastrtps_cpp.hpp
-- Up-to-date: /home/dev/ws/src/dynamic-box/install/cev_msgs/include/cev_msgs/cev_msgs/msg/detail/trajectory__rosidl_typesupport_fastrtps_cpp.hpp
-- Up-to-date: /home/dev/ws/src/dynamic-box/install/cev_msgs/include/cev_msgs/cev_msgs/msg/detail/waypoint__rosidl_typesupport_fastrtps_cpp.hpp
-- Up-to-date: /home/dev/ws/src/dynamic-box/install/cev_msgs/include/cev_msgs/cev_msgs/msg/detail/dds_fastrtps
-- Up-to-date: /home/dev/ws/src/dynamic-box/install/cev_msgs/include/cev_msgs/cev_msgs/msg/detail/sensor_collect__rosidl_typesupport_fastrtps_cpp.hpp
-- Up-to-date: /home/dev/ws/src/dynamic-box/install/cev_msgs/include/cev_msgs/cev_msgs/msg/detail/obstacles__rosidl_typesupport_fastrtps_cpp.hpp
-- Up-to-date: /home/dev/ws/src/dynamic-box/install/cev_msgs/lib/libcev_msgs__rosidl_typesupport_fastrtps_cpp.so
-- Up-to-date: /home/dev/ws/src/dynamic-box/install/cev_msgs/include/cev_msgs/cev_msgs
-- Up-to-date: /home/dev/ws/src/dynamic-box/install/cev_msgs/include/cev_msgs/cev_msgs/msg
-- Up-to-date: /home/dev/ws/src/dynamic-box/install/cev_msgs/include/cev_msgs/cev_msgs/msg/detail
-- Up-to-date: /home/dev/ws/src/dynamic-box/install/cev_msgs/include/cev_msgs/cev_msgs/msg/detail/trajectory__type_support.cpp
-- Installing: /home/dev/ws/src/dynamic-box/install/cev_msgs/include/cev_msgs/cev_msgs/msg/detail/obstacles__rosidl_typesupport_introspection_cpp.hpp
-- Installing: /home/dev/ws/src/dynamic-box/install/cev_msgs/include/cev_msgs/cev_msgs/msg/detail/sensor_collect__rosidl_typesupport_introspection_cpp.hpp
-- Up-to-date: /home/dev/ws/src/dynamic-box/install/cev_msgs/include/cev_msgs/cev_msgs/msg/detail/waypoint__rosidl_typesupport_introspection_cpp.hpp
-- Up-to-date: /home/dev/ws/src/dynamic-box/install/cev_msgs/include/cev_msgs/cev_msgs/msg/detail/obstacle__type_support.cpp
-- Up-to-date: /home/dev/ws/src/dynamic-box/install/cev_msgs/include/cev_msgs/cev_msgs/msg/detail/waypoint__type_support.cpp
-- Up-to-date: /home/dev/ws/src/dynamic-box/install/cev_msgs/include/cev_msgs/cev_msgs/msg/detail/obstacles__type_support.cpp
-- Up-to-date: /home/dev/ws/src/dynamic-box/install/cev_msgs/include/cev_msgs/cev_msgs/msg/detail/sensor_collect__type_support.cpp
-- Installing: /home/dev/ws/src/dynamic-box/install/cev_msgs/include/cev_msgs/cev_msgs/msg/detail/trajectory__rosidl_typesupport_introspection_cpp.hpp
-- Installing: /home/dev/ws/src/dynamic-box/install/cev_msgs/include/cev_msgs/cev_msgs/msg/detail/obstacle__rosidl_typesupport_introspection_cpp.hpp
-- Up-to-date: /home/dev/ws/src/dynamic-box/install/cev_msgs/lib/libcev_msgs__rosidl_typesupport_introspection_cpp.so
-- Up-to-date: /home/dev/ws/src/dynamic-box/install/cev_msgs/lib/libcev_msgs__rosidl_typesupport_cpp.so
-- Up-to-date: /home/dev/ws/src/dynamic-box/install/cev_msgs/share/cev_msgs/environment/pythonpath.sh
-- Up-to-date: /home/dev/ws/src/dynamic-box/install/cev_msgs/share/cev_msgs/environment/pythonpath.dsv
-- Up-to-date: /home/dev/ws/src/dynamic-box/install/cev_msgs/local/lib/python3.10/dist-packages/cev_msgs-0.0.0-py3.10.egg-info
-- Installing: /home/dev/ws/src/dynamic-box/install/cev_msgs/local/lib/python3.10/dist-packages/cev_msgs-0.0.0-py3.10.egg-info/PKG-INFO
-- Installing: /home/dev/ws/src/dynamic-box/install/cev_msgs/local/lib/python3.10/dist-packages/cev_msgs-0.0.0-py3.10.egg-info/SOURCES.txt
-- Installing: /home/dev/ws/src/dynamic-box/install/cev_msgs/local/lib/python3.10/dist-packages/cev_msgs-0.0.0-py3.10.egg-info/top_level.txt
-- Installing: /home/dev/ws/src/dynamic-box/install/cev_msgs/local/lib/python3.10/dist-packages/cev_msgs-0.0.0-py3.10.egg-info/dependency_links.txt
-- Up-to-date: /home/dev/ws/src/dynamic-box/install/cev_msgs/local/lib/python3.10/dist-packages/cev_msgs
-- Up-to-date: /home/dev/ws/src/dynamic-box/install/cev_msgs/local/lib/python3.10/dist-packages/cev_msgs/cev_msgs_s__rosidl_typesupport_c.cpython-310-aarch64-linux-gnu.so
-- Up-to-date: /home/dev/ws/src/dynamic-box/install/cev_msgs/local/lib/python3.10/dist-packages/cev_msgs/_cev_msgs_s.ep.rosidl_typesupport_fastrtps_c.c
-- Up-to-date: /home/dev/ws/src/dynamic-box/install/cev_msgs/local/lib/python3.10/dist-packages/cev_msgs/cev_msgs_s__rosidl_typesupport_introspection_c.cpython-310-aarch64-linux-gnu.so
-- Up-to-date: /home/dev/ws/src/dynamic-box/install/cev_msgs/local/lib/python3.10/dist-packages/cev_msgs/msg
-- Up-to-date: /home/dev/ws/src/dynamic-box/install/cev_msgs/local/lib/python3.10/dist-packages/cev_msgs/msg/_trajectory.py
-- Up-to-date: /home/dev/ws/src/dynamic-box/install/cev_msgs/local/lib/python3.10/dist-packages/cev_msgs/msg/_trajectory_s.c
-- Up-to-date: /home/dev/ws/src/dynamic-box/install/cev_msgs/local/lib/python3.10/dist-packages/cev_msgs/msg/_waypoint.py
-- Up-to-date: /home/dev/ws/src/dynamic-box/install/cev_msgs/local/lib/python3.10/dist-packages/cev_msgs/msg/__init__.py
-- Up-to-date: /home/dev/ws/src/dynamic-box/install/cev_msgs/local/lib/python3.10/dist-packages/cev_msgs/msg/_waypoint_s.c
-- Up-to-date: /home/dev/ws/src/dynamic-box/install/cev_msgs/local/lib/python3.10/dist-packages/cev_msgs/msg/_sensor_collect.py
-- Up-to-date: /home/dev/ws/src/dynamic-box/install/cev_msgs/local/lib/python3.10/dist-packages/cev_msgs/msg/_obstacle.py
-- Up-to-date: /home/dev/ws/src/dynamic-box/install/cev_msgs/local/lib/python3.10/dist-packages/cev_msgs/msg/_sensor_collect_s.c
-- Up-to-date: /home/dev/ws/src/dynamic-box/install/cev_msgs/local/lib/python3.10/dist-packages/cev_msgs/msg/_obstacle_s.c
-- Up-to-date: /home/dev/ws/src/dynamic-box/install/cev_msgs/local/lib/python3.10/dist-packages/cev_msgs/msg/_obstacles_s.c
-- Up-to-date: /home/dev/ws/src/dynamic-box/install/cev_msgs/local/lib/python3.10/dist-packages/cev_msgs/msg/_obstacles.py
-- Up-to-date: /home/dev/ws/src/dynamic-box/install/cev_msgs/local/lib/python3.10/dist-packages/cev_msgs/libcev_msgs__rosidl_generator_py.so
-- Up-to-date: /home/dev/ws/src/dynamic-box/install/cev_msgs/local/lib/python3.10/dist-packages/cev_msgs/cev_msgs_s__rosidl_typesupport_fastrtps_c.cpython-310-aarch64-linux-gnu.so
-- Up-to-date: /home/dev/ws/src/dynamic-box/install/cev_msgs/local/lib/python3.10/dist-packages/cev_msgs/__init__.py
-- Up-to-date: /home/dev/ws/src/dynamic-box/install/cev_msgs/local/lib/python3.10/dist-packages/cev_msgs/_cev_msgs_s.ep.rosidl_typesupport_introspection_c.c
-- Up-to-date: /home/dev/ws/src/dynamic-box/install/cev_msgs/local/lib/python3.10/dist-packages/cev_msgs/_cev_msgs_s.ep.rosidl_typesupport_c.c
Listing '/home/dev/ws/src/dynamic-box/install/cev_msgs/local/lib/python3.10/dist-packages/cev_msgs'...
Listing '/home/dev/ws/src/dynamic-box/install/cev_msgs/local/lib/python3.10/dist-packages/cev_msgs/msg'...
-- Up-to-date: /home/dev/ws/src/dynamic-box/install/cev_msgs/local/lib/python3.10/dist-packages/cev_msgs/cev_msgs_s__rosidl_typesupport_fastrtps_c.cpython-310-aarch64-linux-gnu.so
-- Up-to-date: /home/dev/ws/src/dynamic-box/install/cev_msgs/local/lib/python3.10/dist-packages/cev_msgs/cev_msgs_s__rosidl_typesupport_introspection_c.cpython-310-aarch64-linux-gnu.so
-- Up-to-date: /home/dev/ws/src/dynamic-box/install/cev_msgs/local/lib/python3.10/dist-packages/cev_msgs/cev_msgs_s__rosidl_typesupport_c.cpython-310-aarch64-linux-gnu.so
-- Up-to-date: /home/dev/ws/src/dynamic-box/install/cev_msgs/lib/libcev_msgs__rosidl_generator_py.so
-- Up-to-date: /home/dev/ws/src/dynamic-box/install/cev_msgs/share/cev_msgs/msg/Waypoint.idl
-- Up-to-date: /home/dev/ws/src/dynamic-box/install/cev_msgs/share/cev_msgs/msg/SensorCollect.idl
-- Up-to-date: /home/dev/ws/src/dynamic-box/install/cev_msgs/share/cev_msgs/msg/Trajectory.idl
-- Up-to-date: /home/dev/ws/src/dynamic-box/install/cev_msgs/share/cev_msgs/msg/Obstacle.idl
-- Up-to-date: /home/dev/ws/src/dynamic-box/install/cev_msgs/share/cev_msgs/msg/Obstacles.idl
-- Up-to-date: /home/dev/ws/src/dynamic-box/install/cev_msgs/share/cev_msgs/msg/Waypoint.msg
-- Up-to-date: /home/dev/ws/src/dynamic-box/install/cev_msgs/share/cev_msgs/msg/SensorCollect.msg
-- Up-to-date: /home/dev/ws/src/dynamic-box/install/cev_msgs/share/cev_msgs/msg/Trajectory.msg
-- Up-to-date: /home/dev/ws/src/dynamic-box/install/cev_msgs/share/cev_msgs/msg/Obstacle.msg
-- Up-to-date: /home/dev/ws/src/dynamic-box/install/cev_msgs/share/cev_msgs/msg/Obstacles.msg
-- Up-to-date: /home/dev/ws/src/dynamic-box/install/cev_msgs/share/ament_index/resource_index/package_run_dependencies/cev_msgs
-- Up-to-date: /home/dev/ws/src/dynamic-box/install/cev_msgs/share/ament_index/resource_index/parent_prefix_path/cev_msgs
-- Up-to-date: /home/dev/ws/src/dynamic-box/install/cev_msgs/share/cev_msgs/environment/ament_prefix_path.sh
-- Up-to-date: /home/dev/ws/src/dynamic-box/install/cev_msgs/share/cev_msgs/environment/ament_prefix_path.dsv
-- Up-to-date: /home/dev/ws/src/dynamic-box/install/cev_msgs/share/cev_msgs/environment/path.sh
-- Up-to-date: /home/dev/ws/src/dynamic-box/install/cev_msgs/share/cev_msgs/environment/path.dsv
-- Up-to-date: /home/dev/ws/src/dynamic-box/install/cev_msgs/share/cev_msgs/local_setup.bash
-- Up-to-date: /home/dev/ws/src/dynamic-box/install/cev_msgs/share/cev_msgs/local_setup.sh
-- Up-to-date: /home/dev/ws/src/dynamic-box/install/cev_msgs/share/cev_msgs/local_setup.zsh
-- Up-to-date: /home/dev/ws/src/dynamic-box/install/cev_msgs/share/cev_msgs/local_setup.dsv
-- Installing: /home/dev/ws/src/dynamic-box/install/cev_msgs/share/cev_msgs/package.dsv
-- Up-to-date: /home/dev/ws/src/dynamic-box/install/cev_msgs/share/ament_index/resource_index/packages/cev_msgs
-- Up-to-date: /home/dev/ws/src/dynamic-box/install/cev_msgs/share/cev_msgs/cmake/export_cev_msgs__rosidl_generator_cExport.cmake
-- Up-to-date: /home/dev/ws/src/dynamic-box/install/cev_msgs/share/cev_msgs/cmake/export_cev_msgs__rosidl_generator_cExport-noconfig.cmake
-- Up-to-date: /home/dev/ws/src/dynamic-box/install/cev_msgs/share/cev_msgs/cmake/export_cev_msgs__rosidl_typesupport_fastrtps_cExport.cmake
-- Up-to-date: /home/dev/ws/src/dynamic-box/install/cev_msgs/share/cev_msgs/cmake/export_cev_msgs__rosidl_typesupport_fastrtps_cExport-noconfig.cmake
-- Up-to-date: /home/dev/ws/src/dynamic-box/install/cev_msgs/share/cev_msgs/cmake/cev_msgs__rosidl_typesupport_introspection_cExport.cmake
-- Up-to-date: /home/dev/ws/src/dynamic-box/install/cev_msgs/share/cev_msgs/cmake/cev_msgs__rosidl_typesupport_introspection_cExport-noconfig.cmake
-- Up-to-date: /home/dev/ws/src/dynamic-box/install/cev_msgs/share/cev_msgs/cmake/cev_msgs__rosidl_typesupport_cExport.cmake
-- Up-to-date: /home/dev/ws/src/dynamic-box/install/cev_msgs/share/cev_msgs/cmake/cev_msgs__rosidl_typesupport_cExport-noconfig.cmake
-- Up-to-date: /home/dev/ws/src/dynamic-box/install/cev_msgs/share/cev_msgs/cmake/export_cev_msgs__rosidl_generator_cppExport.cmake
-- Up-to-date: /home/dev/ws/src/dynamic-box/install/cev_msgs/share/cev_msgs/cmake/export_cev_msgs__rosidl_typesupport_fastrtps_cppExport.cmake
-- Up-to-date: /home/dev/ws/src/dynamic-box/install/cev_msgs/share/cev_msgs/cmake/export_cev_msgs__rosidl_typesupport_fastrtps_cppExport-noconfig.cmake
-- Up-to-date: /home/dev/ws/src/dynamic-box/install/cev_msgs/share/cev_msgs/cmake/cev_msgs__rosidl_typesupport_introspection_cppExport.cmake
-- Up-to-date: /home/dev/ws/src/dynamic-box/install/cev_msgs/share/cev_msgs/cmake/cev_msgs__rosidl_typesupport_introspection_cppExport-noconfig.cmake
-- Up-to-date: /home/dev/ws/src/dynamic-box/install/cev_msgs/share/cev_msgs/cmake/cev_msgs__rosidl_typesupport_cppExport.cmake
-- Up-to-date: /home/dev/ws/src/dynamic-box/install/cev_msgs/share/cev_msgs/cmake/cev_msgs__rosidl_typesupport_cppExport-noconfig.cmake
-- Up-to-date: /home/dev/ws/src/dynamic-box/install/cev_msgs/share/cev_msgs/cmake/export_cev_msgs__rosidl_generator_pyExport.cmake
-- Up-to-date: /home/dev/ws/src/dynamic-box/install/cev_msgs/share/cev_msgs/cmake/export_cev_msgs__rosidl_generator_pyExport-noconfig.cmake
-- Up-to-date: /home/dev/ws/src/dynamic-box/install/cev_msgs/share/cev_msgs/cmake/rosidl_cmake-extras.cmake
-- Up-to-date: /home/dev/ws/src/dynamic-box/install/cev_msgs/share/cev_msgs/cmake/ament_cmake_export_dependencies-extras.cmake
-- Up-to-date: /home/dev/ws/src/dynamic-box/install/cev_msgs/share/cev_msgs/cmake/ament_cmake_export_include_directories-extras.cmake
-- Up-to-date: /home/dev/ws/src/dynamic-box/install/cev_msgs/share/cev_msgs/cmake/ament_cmake_export_libraries-extras.cmake
-- Up-to-date: /home/dev/ws/src/dynamic-box/install/cev_msgs/share/cev_msgs/cmake/ament_cmake_export_targets-extras.cmake
-- Up-to-date: /home/dev/ws/src/dynamic-box/install/cev_msgs/share/cev_msgs/cmake/rosidl_cmake_export_typesupport_targets-extras.cmake
-- Up-to-date: /home/dev/ws/src/dynamic-box/install/cev_msgs/share/cev_msgs/cmake/rosidl_cmake_export_typesupport_libraries-extras.cmake
-- Up-to-date: /home/dev/ws/src/dynamic-box/install/cev_msgs/share/cev_msgs/cmake/cev_msgsConfig.cmake
-- Up-to-date: /home/dev/ws/src/dynamic-box/install/cev_msgs/share/cev_msgs/cmake/cev_msgsConfig-version.cmake
-- Up-to-date: /home/dev/ws/src/dynamic-box/install/cev_msgs/share/cev_msgs/package.xml
