[0.008s] Invoking command in '/home/dev/ws/src/dynamic-box/my_rosbag_reader/cluster_node/build/cluster_node': CMAKE_PREFIX_PATH=${CMAKE_PREFIX_PATH}:/home/dev/ws/src/dynamic-box/my_rosbag_reader/install/my_rosbag_reader:/opt/ros/humble /usr/bin/cmake --build /home/dev/ws/src/dynamic-box/my_rosbag_reader/cluster_node/build/cluster_node -- -j22 -l22
[0.029s] -- Found ament_cmake: 1.3.12 (/opt/ros/humble/share/ament_cmake/cmake)
[0.103s] -- Found rclcpp: 16.0.15 (/opt/ros/humble/share/rclcpp/cmake)
[0.120s] -- Found rosidl_generator_c: 3.1.7 (/opt/ros/humble/share/rosidl_generator_c/cmake)
[0.121s] -- Found rosidl_adapter: 3.1.7 (/opt/ros/humble/share/rosidl_adapter/cmake)
[0.125s] -- Found rosidl_generator_cpp: 3.1.7 (/opt/ros/humble/share/rosidl_generator_cpp/cmake)
[0.130s] -- Using all available rosidl_typesupport_c: rosidl_typesupport_fastrtps_c;rosidl_typesupport_introspection_c
[0.137s] -- Using all available rosidl_typesupport_cpp: rosidl_typesupport_fastrtps_cpp;rosidl_typesupport_introspection_cpp
[0.155s] -- Found rmw_implementation_cmake: 6.1.2 (/opt/ros/humble/share/rmw_implementation_cmake/cmake)
[0.156s] -- Found rmw_fastrtps_cpp: 6.2.8 (/opt/ros/humble/share/rmw_fastrtps_cpp/cmake)
[0.219s] -- Using RMW implementation 'rmw_fastrtps_cpp' as default
[0.247s] -- Found sensor_msgs: 4.9.0 (/opt/ros/humble/share/sensor_msgs/cmake)
[0.270s] -- Eigen found (include: /usr/include/eigen3, version: 3.4.0)
[0.288s] -- FLANN found (include: /usr/include, lib: /usr/lib/x86_64-linux-gnu/libflann_cpp.so)
[0.392s] -- Found Eigen3: /usr/include/eigen3 (found version "3.4.0") 
[0.462s] -- OpenNI found (version: 1.5.4.0, include: /usr/include/ni, lib: /usr/lib/libOpenNI.so;libusb::libusb)
[0.465s] -- OpenNI2 found (version: 2.2.0.33, include: /usr/include/openni2, lib: /usr/lib/x86_64-linux-gnu/libOpenNI2.so;libusb::libusb)
[0.465s] [0m** WARNING ** io features related to pcap will be disabled[0m
[0.559s] -- Eigen found (include: /usr/include/eigen3, version: 3.4.0)
[0.563s] -- OpenNI found (version: 1.5.4.0, include: /usr/include/ni, lib: /usr/lib/libOpenNI.so;libusb::libusb)
[0.567s] -- OpenNI2 found (version: 2.2.0.33, include: /usr/include/openni2, lib: /usr/lib/x86_64-linux-gnu/libOpenNI2.so;libusb::libusb)
[0.653s] -- Found Qhull version 8.0.2
[0.741s] -- OpenNI found (version: 1.5.4.0, include: /usr/include/ni, lib: /usr/lib/libOpenNI.so;libusb::libusb)
[0.829s] -- looking for PCL_COMMON
[0.829s] -- looking for PCL_KDTREE
[0.829s] -- looking for PCL_OCTREE
[0.829s] -- looking for PCL_SEARCH
[0.829s] -- looking for PCL_SAMPLE_CONSENSUS
[0.830s] -- looking for PCL_FILTERS
[0.830s] -- looking for PCL_2D
[0.830s] -- looking for PCL_GEOMETRY
[0.830s] -- looking for PCL_IO
[0.830s] -- looking for PCL_FEATURES
[0.831s] -- looking for PCL_ML
[0.831s] -- looking for PCL_SEGMENTATION
[0.831s] -- looking for PCL_VISUALIZATION
[0.831s] -- looking for PCL_SURFACE
[0.832s] -- looking for PCL_REGISTRATION
[0.832s] -- looking for PCL_KEYPOINTS
[0.832s] -- looking for PCL_TRACKING
[0.832s] -- looking for PCL_RECOGNITION
[0.833s] -- looking for PCL_STEREO
[0.833s] -- looking for PCL_APPS
[0.833s] -- looking for PCL_IN_HAND_SCANNER
[0.834s] -- looking for PCL_MODELER
[0.834s] -- looking for PCL_POINT_CLOUD_EDITOR
[0.834s] -- looking for PCL_OUTOFCORE
[0.834s] -- looking for PCL_PEOPLE
[0.835s] -- Found pcl_conversions: 2.4.5 (/opt/ros/humble/share/pcl_conversions/cmake)
[0.849s] -- Found pcl_ros: 2.4.5 (/opt/ros/humble/share/pcl_ros/cmake)
[0.858s] -- Found eigen3_cmake_module: 0.1.1 (/opt/ros/humble/share/eigen3_cmake_module/cmake)
[0.859s] -- Found Eigen3: TRUE (found version "3.4.0") 
[0.859s] -- Ensuring Eigen3 include directory is part of orocos-kdl CMake target
[0.907s] -- Found cev_msgs: 0.0.0 (/home/dev/ws/src/install/cev_msgs/share/cev_msgs/cmake)
[0.916s] -- Found rosidl_default_generators: 1.2.0 (/opt/ros/humble/share/rosidl_default_generators/cmake)
[0.924s] -- Found visualization_msgs: 4.9.0 (/opt/ros/humble/share/visualization_msgs/cmake)
[1.120s] -- Found ament_cmake_ros: 0.10.0 (/opt/ros/humble/share/ament_cmake_ros/cmake)
[1.390s] -- Using all available rosidl_typesupport_c: rosidl_typesupport_fastrtps_c;rosidl_typesupport_introspection_c
[1.495s] -- Using all available rosidl_typesupport_cpp: rosidl_typesupport_fastrtps_cpp;rosidl_typesupport_introspection_cpp
[1.505s] -- Found python_cmake_module: 0.10.0 (/opt/ros/humble/share/python_cmake_module/cmake)
[1.517s] -- Using PYTHON_EXECUTABLE: /usr/bin/python3
[1.517s] -- Using PYTHON_INCLUDE_DIRS: /usr/include/python3.10
[1.517s] -- Using PYTHON_LIBRARIES: /usr/lib/x86_64-linux-gnu/libpython3.10.so
[1.559s] [0mCMake Deprecation Warning at /opt/ros/humble/share/rosidl_cmake/cmake/rosidl_target_interfaces.cmake:32 (message):
[1.559s]   Use rosidl_get_typesupport_target() and target_link_libraries() instead of
[1.560s]   rosidl_target_interfaces()
[1.560s] Call Stack (most recent call first):
[1.560s]   CMakeLists.txt:46 (rosidl_target_interfaces)
[1.560s] 
[1.560s] [0m
[1.560s] [31mCMake Error at /opt/ros/humble/share/rosidl_cmake/cmake/rosidl_target_interfaces.cmake:58 (target_link_libraries):
[1.560s]   Utility target "cluster_node" must not be used as the target of a
[1.560s]   target_link_libraries call.
[1.560s] Call Stack (most recent call first):
[1.560s]   CMakeLists.txt:46 (rosidl_target_interfaces)
[1.560s] 
[1.560s] [0m
[1.560s] [31mCMake Error at CMakeLists.txt:48 (install):
[1.560s]   install TARGETS given target "cluster_node" which is not an executable,
[1.560s]   library, or module.
[1.560s] 
[1.560s] [0m
[1.560s] -- Found ament_lint_auto: 0.12.14 (/opt/ros/humble/share/ament_lint_auto/cmake)
[1.600s] -- Added test 'cppcheck' to perform static code analysis on C / C++ code
[1.600s] -- Configured cppcheck include dirs: $<BUILD_INTERFACE:/home/dev/ws/src/dynamic-box/my_rosbag_reader/cluster_node/build/cluster_node/rosidl_generator_c>;$<BUILD_INTERFACE:/home/dev/ws/src/dynamic-box/my_rosbag_reader/cluster_node/build/cluster_node/rosidl_typesupport_fastrtps_c>;$<BUILD_INTERFACE:/home/dev/ws/src/dynamic-box/my_rosbag_reader/cluster_node/build/cluster_node/rosidl_generator_cpp>;$<BUILD_INTERFACE:/home/dev/ws/src/dynamic-box/my_rosbag_reader/cluster_node/build/cluster_node/rosidl_typesupport_fastrtps_cpp>;$<BUILD_INTERFACE:/home/dev/ws/src/dynamic-box/my_rosbag_reader/cluster_node/build/cluster_node/rosidl_typesupport_introspection_c>;$<BUILD_INTERFACE:/home/dev/ws/src/dynamic-box/my_rosbag_reader/cluster_node/build/cluster_node/rosidl_typesupport_introspection_cpp>;/home/dev/ws/src/dynamic-box/my_rosbag_reader/cluster_node/build/cluster_node/rosidl_generator_c;/home/dev/ws/src/dynamic-box/my_rosbag_reader/cluster_node/build/cluster_node/rosidl_generator_py
[1.600s] -- Configured cppcheck exclude dirs and/or files: 
[1.603s] -- Added test 'flake8' to check Python code syntax and style conventions
[1.608s] -- Added test 'lint_cmake' to check CMake code style
[1.610s] -- Added test 'pep257' to check Python code against some of the docstring style conventions in PEP 257
[1.639s] -- Added test 'uncrustify' to check C / C++ code style
[1.639s] -- Configured uncrustify additional arguments: 
[1.644s] -- Added test 'xmllint' to check XML markup files
[1.649s] -- Configuring incomplete, errors occurred!
[1.649s] See also "/home/dev/ws/src/dynamic-box/my_rosbag_reader/cluster_node/build/cluster_node/CMakeFiles/CMakeOutput.log".
[1.664s] gmake: *** [Makefile:1004: cmake_check_build_system] Error 1
[1.667s] Invoked command in '/home/dev/ws/src/dynamic-box/my_rosbag_reader/cluster_node/build/cluster_node' returned '2': CMAKE_PREFIX_PATH=${CMAKE_PREFIX_PATH}:/home/dev/ws/src/dynamic-box/my_rosbag_reader/install/my_rosbag_reader:/opt/ros/humble /usr/bin/cmake --build /home/dev/ws/src/dynamic-box/my_rosbag_reader/cluster_node/build/cluster_node -- -j22 -l22
