[0.022s] Invoking command in '/home/dev/ws/src/dynamic-box/my_rosbag_reader/cluster_node/build/cluster_node': CMAKE_PREFIX_PATH=${CMAKE_PREFIX_PATH}:/home/dev/ws/src/dynamic-box/my_rosbag_reader/install/my_rosbag_reader:/opt/ros/humble /usr/bin/cmake --build /home/dev/ws/src/dynamic-box/my_rosbag_reader/cluster_node/build/cluster_node -- -j22 -l22
[0.119s] [  2%] Built target cluster_node__cpp
[0.120s] [ 12%] Built target cluster_node__rosidl_generator_c
[0.132s] [ 12%] Built target ament_cmake_python_copy_cluster_node
[0.142s] [ 24%] Built target cluster_node__rosidl_typesupport_introspection_cpp
[0.142s] [ 31%] Built target cluster_node__rosidl_typesupport_c
[0.142s] [ 51%] Built target cluster_node__rosidl_typesupport_cpp
[0.142s] [ 51%] Built target cluster_node__rosidl_typesupport_introspection_c
[0.142s] [ 60%] Built target cluster_node__rosidl_typesupport_fastrtps_c
[0.143s] [ 70%] Built target cluster_node__rosidl_typesupport_fastrtps_cpp
[0.157s] [ 70%] Built target cluster_node
[0.171s] [35m[1mConsolidate compiler generated dependencies of target cluster_cpp[0m
[0.172s] [ 73%] Built target cluster_node__py
[0.188s] [ 80%] Built target cluster_node__rosidl_generator_py
[0.190s] [ 82%] [32mBuilding CXX object CMakeFiles/cluster_cpp.dir/src/cluster_node.cpp.o[0m
[0.204s] [ 87%] Built target cluster_node__rosidl_typesupport_fastrtps_c__pyext
[0.204s] [ 92%] Built target cluster_node__rosidl_typesupport_introspection_c__pyext
[0.204s] [ 97%] Built target cluster_node__rosidl_typesupport_c__pyext
[0.271s] running egg_info
[0.278s] writing cluster_node.egg-info/PKG-INFO
[0.278s] writing dependency_links to cluster_node.egg-info/dependency_links.txt
[0.279s] writing top-level names to cluster_node.egg-info/top_level.txt
[0.299s] reading manifest file 'cluster_node.egg-info/SOURCES.txt'
[0.300s] writing manifest file 'cluster_node.egg-info/SOURCES.txt'
[0.322s] [ 97%] Built target ament_cmake_python_build_cluster_node_egg
[6.052s] [01m[K/home/dev/ws/src/dynamic-box/my_rosbag_reader/cluster_node/src/cluster_node.cpp:[m[K In member function ‘[01m[Kstd::tuple<std::vector<std::vector<Eigen::Matrix<double, 4, 1, 0, 4, 1>, std::allocator<Eigen::Matrix<double, 4, 1, 0, 4, 1> > >, std::allocator<std::vector<Eigen::Matrix<double, 4, 1, 0, 4, 1>, std::allocator<Eigen::Matrix<double, 4, 1, 0, 4, 1> > > > >, std::vector<Eigen::Matrix<double, 4, 1, 0, 4, 1>, std::allocator<Eigen::Matrix<double, 4, 1, 0, 4, 1> > > > ClusterNode::euclidean_cluster(Eigen::Vector4d, const MatrixXd&, double, int, const string&, const std::vector<Eigen::Matrix<double, 4, 1> >&, bool, double)[m[K’:
[6.052s] [01m[K/home/dev/ws/src/dynamic-box/my_rosbag_reader/cluster_node/src/cluster_node.cpp:234:29:[m[K [01;35m[Kwarning: [m[Kunused parameter ‘[01m[KMIN_CLUSTER_SIZE[m[K’ [[01;35m[K]8;;https://gcc.gnu.org/onlinedocs/gcc/Warning-Options.html#index-Wunused-parameter-Wunused-parameter]8;;[m[K]
[6.052s]   234 |                         [01;35m[Kint MIN_CLUSTER_SIZE = 1[m[K,
[6.052s]       |                         [01;35m[K~~~~^~~~~~~~~~~~~~~~~~~~[m[K
[12.047s] [100%] [32m[1mLinking CXX executable cluster_cpp[0m
[13.399s] [100%] Built target cluster_cpp
[13.407s] Invoked command in '/home/dev/ws/src/dynamic-box/my_rosbag_reader/cluster_node/build/cluster_node' returned '0': CMAKE_PREFIX_PATH=${CMAKE_PREFIX_PATH}:/home/dev/ws/src/dynamic-box/my_rosbag_reader/install/my_rosbag_reader:/opt/ros/humble /usr/bin/cmake --build /home/dev/ws/src/dynamic-box/my_rosbag_reader/cluster_node/build/cluster_node -- -j22 -l22
[13.414s] Invoking command in '/home/dev/ws/src/dynamic-box/my_rosbag_reader/cluster_node/build/cluster_node': CMAKE_PREFIX_PATH=${CMAKE_PREFIX_PATH}:/home/dev/ws/src/dynamic-box/my_rosbag_reader/install/my_rosbag_reader:/opt/ros/humble /usr/bin/cmake --install /home/dev/ws/src/dynamic-box/my_rosbag_reader/cluster_node/build/cluster_node
[13.419s] -- Install configuration: ""
[13.420s] -- Up-to-date: /home/dev/ws/src/dynamic-box/my_rosbag_reader/cluster_node/install/cluster_node/share/ament_index/resource_index/rosidl_interfaces/cluster_node
[13.420s] -- Up-to-date: /home/dev/ws/src/dynamic-box/my_rosbag_reader/cluster_node/install/cluster_node/include/cluster_node/cluster_node
[13.420s] -- Up-to-date: /home/dev/ws/src/dynamic-box/my_rosbag_reader/cluster_node/install/cluster_node/include/cluster_node/cluster_node/msg
[13.420s] -- Up-to-date: /home/dev/ws/src/dynamic-box/my_rosbag_reader/cluster_node/install/cluster_node/include/cluster_node/cluster_node/msg/rosidl_generator_c__visibility_control.h
[13.421s] -- Up-to-date: /home/dev/ws/src/dynamic-box/my_rosbag_reader/cluster_node/install/cluster_node/include/cluster_node/cluster_node/msg/detail
[13.421s] -- Up-to-date: /home/dev/ws/src/dynamic-box/my_rosbag_reader/cluster_node/install/cluster_node/include/cluster_node/cluster_node/msg/detail/obstacle_array__struct.h
[13.421s] -- Up-to-date: /home/dev/ws/src/dynamic-box/my_rosbag_reader/cluster_node/install/cluster_node/include/cluster_node/cluster_node/msg/detail/obstacle_array__functions.c
[13.421s] -- Up-to-date: /home/dev/ws/src/dynamic-box/my_rosbag_reader/cluster_node/install/cluster_node/include/cluster_node/cluster_node/msg/detail/obstacle__type_support.h
[13.421s] -- Up-to-date: /home/dev/ws/src/dynamic-box/my_rosbag_reader/cluster_node/install/cluster_node/include/cluster_node/cluster_node/msg/detail/obstacle__functions.c
[13.421s] -- Up-to-date: /home/dev/ws/src/dynamic-box/my_rosbag_reader/cluster_node/install/cluster_node/include/cluster_node/cluster_node/msg/detail/obstacle__struct.h
[13.421s] -- Up-to-date: /home/dev/ws/src/dynamic-box/my_rosbag_reader/cluster_node/install/cluster_node/include/cluster_node/cluster_node/msg/detail/obstacle_array__functions.h
[13.421s] -- Up-to-date: /home/dev/ws/src/dynamic-box/my_rosbag_reader/cluster_node/install/cluster_node/include/cluster_node/cluster_node/msg/detail/obstacle_array__type_support.h
[13.421s] -- Up-to-date: /home/dev/ws/src/dynamic-box/my_rosbag_reader/cluster_node/install/cluster_node/include/cluster_node/cluster_node/msg/detail/obstacle__functions.h
[13.421s] -- Up-to-date: /home/dev/ws/src/dynamic-box/my_rosbag_reader/cluster_node/install/cluster_node/include/cluster_node/cluster_node/msg/obstacle_array.h
[13.421s] -- Up-to-date: /home/dev/ws/src/dynamic-box/my_rosbag_reader/cluster_node/install/cluster_node/include/cluster_node/cluster_node/msg/obstacle.h
[13.421s] -- Up-to-date: /home/dev/ws/src/dynamic-box/my_rosbag_reader/cluster_node/install/cluster_node/share/cluster_node/environment/library_path.sh
[13.421s] -- Up-to-date: /home/dev/ws/src/dynamic-box/my_rosbag_reader/cluster_node/install/cluster_node/share/cluster_node/environment/library_path.dsv
[13.422s] -- Up-to-date: /home/dev/ws/src/dynamic-box/my_rosbag_reader/cluster_node/install/cluster_node/lib/libcluster_node__rosidl_generator_c.so
[13.422s] -- Up-to-date: /home/dev/ws/src/dynamic-box/my_rosbag_reader/cluster_node/install/cluster_node/include/cluster_node/cluster_node
[13.422s] -- Up-to-date: /home/dev/ws/src/dynamic-box/my_rosbag_reader/cluster_node/install/cluster_node/include/cluster_node/cluster_node/msg
[13.422s] -- Up-to-date: /home/dev/ws/src/dynamic-box/my_rosbag_reader/cluster_node/install/cluster_node/include/cluster_node/cluster_node/msg/detail
[13.422s] -- Up-to-date: /home/dev/ws/src/dynamic-box/my_rosbag_reader/cluster_node/install/cluster_node/include/cluster_node/cluster_node/msg/detail/obstacle__rosidl_typesupport_fastrtps_c.h
[13.422s] -- Up-to-date: /home/dev/ws/src/dynamic-box/my_rosbag_reader/cluster_node/install/cluster_node/include/cluster_node/cluster_node/msg/detail/obstacle_array__rosidl_typesupport_fastrtps_c.h
[13.422s] -- Up-to-date: /home/dev/ws/src/dynamic-box/my_rosbag_reader/cluster_node/install/cluster_node/include/cluster_node/cluster_node/msg/rosidl_typesupport_fastrtps_c__visibility_control.h
[13.423s] -- Up-to-date: /home/dev/ws/src/dynamic-box/my_rosbag_reader/cluster_node/install/cluster_node/lib/libcluster_node__rosidl_typesupport_fastrtps_c.so
[13.423s] -- Up-to-date: /home/dev/ws/src/dynamic-box/my_rosbag_reader/cluster_node/install/cluster_node/include/cluster_node/cluster_node
[13.423s] -- Up-to-date: /home/dev/ws/src/dynamic-box/my_rosbag_reader/cluster_node/install/cluster_node/include/cluster_node/cluster_node/msg
[13.423s] -- Up-to-date: /home/dev/ws/src/dynamic-box/my_rosbag_reader/cluster_node/install/cluster_node/include/cluster_node/cluster_node/msg/rosidl_generator_cpp__visibility_control.hpp
[13.423s] -- Up-to-date: /home/dev/ws/src/dynamic-box/my_rosbag_reader/cluster_node/install/cluster_node/include/cluster_node/cluster_node/msg/detail
[13.423s] -- Up-to-date: /home/dev/ws/src/dynamic-box/my_rosbag_reader/cluster_node/install/cluster_node/include/cluster_node/cluster_node/msg/detail/obstacle_array__traits.hpp
[13.423s] -- Up-to-date: /home/dev/ws/src/dynamic-box/my_rosbag_reader/cluster_node/install/cluster_node/include/cluster_node/cluster_node/msg/detail/obstacle_array__struct.hpp
[13.423s] -- Up-to-date: /home/dev/ws/src/dynamic-box/my_rosbag_reader/cluster_node/install/cluster_node/include/cluster_node/cluster_node/msg/detail/obstacle_array__type_support.hpp
[13.423s] -- Up-to-date: /home/dev/ws/src/dynamic-box/my_rosbag_reader/cluster_node/install/cluster_node/include/cluster_node/cluster_node/msg/detail/obstacle__type_support.hpp
[13.423s] -- Up-to-date: /home/dev/ws/src/dynamic-box/my_rosbag_reader/cluster_node/install/cluster_node/include/cluster_node/cluster_node/msg/detail/obstacle__struct.hpp
[13.423s] -- Up-to-date: /home/dev/ws/src/dynamic-box/my_rosbag_reader/cluster_node/install/cluster_node/include/cluster_node/cluster_node/msg/detail/obstacle_array__builder.hpp
[13.423s] -- Up-to-date: /home/dev/ws/src/dynamic-box/my_rosbag_reader/cluster_node/install/cluster_node/include/cluster_node/cluster_node/msg/detail/obstacle__traits.hpp
[13.423s] -- Up-to-date: /home/dev/ws/src/dynamic-box/my_rosbag_reader/cluster_node/install/cluster_node/include/cluster_node/cluster_node/msg/detail/obstacle__builder.hpp
[13.423s] -- Up-to-date: /home/dev/ws/src/dynamic-box/my_rosbag_reader/cluster_node/install/cluster_node/include/cluster_node/cluster_node/msg/obstacle.hpp
[13.423s] -- Up-to-date: /home/dev/ws/src/dynamic-box/my_rosbag_reader/cluster_node/install/cluster_node/include/cluster_node/cluster_node/msg/obstacle_array.hpp
[13.424s] -- Up-to-date: /home/dev/ws/src/dynamic-box/my_rosbag_reader/cluster_node/install/cluster_node/include/cluster_node/cluster_node
[13.424s] -- Up-to-date: /home/dev/ws/src/dynamic-box/my_rosbag_reader/cluster_node/install/cluster_node/include/cluster_node/cluster_node/msg
[13.424s] -- Up-to-date: /home/dev/ws/src/dynamic-box/my_rosbag_reader/cluster_node/install/cluster_node/include/cluster_node/cluster_node/msg/detail
[13.424s] -- Up-to-date: /home/dev/ws/src/dynamic-box/my_rosbag_reader/cluster_node/install/cluster_node/include/cluster_node/cluster_node/msg/detail/obstacle_array__rosidl_typesupport_fastrtps_cpp.hpp
[13.424s] -- Up-to-date: /home/dev/ws/src/dynamic-box/my_rosbag_reader/cluster_node/install/cluster_node/include/cluster_node/cluster_node/msg/detail/obstacle__rosidl_typesupport_fastrtps_cpp.hpp
[13.424s] -- Up-to-date: /home/dev/ws/src/dynamic-box/my_rosbag_reader/cluster_node/install/cluster_node/include/cluster_node/cluster_node/msg/detail/dds_fastrtps
[13.424s] -- Up-to-date: /home/dev/ws/src/dynamic-box/my_rosbag_reader/cluster_node/install/cluster_node/include/cluster_node/cluster_node/msg/rosidl_typesupport_fastrtps_cpp__visibility_control.h
[13.424s] -- Up-to-date: /home/dev/ws/src/dynamic-box/my_rosbag_reader/cluster_node/install/cluster_node/lib/libcluster_node__rosidl_typesupport_fastrtps_cpp.so
[13.424s] -- Up-to-date: /home/dev/ws/src/dynamic-box/my_rosbag_reader/cluster_node/install/cluster_node/include/cluster_node/cluster_node
[13.424s] -- Up-to-date: /home/dev/ws/src/dynamic-box/my_rosbag_reader/cluster_node/install/cluster_node/include/cluster_node/cluster_node/msg
[13.424s] -- Up-to-date: /home/dev/ws/src/dynamic-box/my_rosbag_reader/cluster_node/install/cluster_node/include/cluster_node/cluster_node/msg/detail
[13.424s] -- Up-to-date: /home/dev/ws/src/dynamic-box/my_rosbag_reader/cluster_node/install/cluster_node/include/cluster_node/cluster_node/msg/detail/obstacle_array__rosidl_typesupport_introspection_c.h
[13.425s] -- Up-to-date: /home/dev/ws/src/dynamic-box/my_rosbag_reader/cluster_node/install/cluster_node/include/cluster_node/cluster_node/msg/detail/obstacle_array__type_support.c
[13.425s] -- Up-to-date: /home/dev/ws/src/dynamic-box/my_rosbag_reader/cluster_node/install/cluster_node/include/cluster_node/cluster_node/msg/detail/obstacle__type_support.c
[13.425s] -- Up-to-date: /home/dev/ws/src/dynamic-box/my_rosbag_reader/cluster_node/install/cluster_node/include/cluster_node/cluster_node/msg/detail/obstacle__rosidl_typesupport_introspection_c.h
[13.425s] -- Up-to-date: /home/dev/ws/src/dynamic-box/my_rosbag_reader/cluster_node/install/cluster_node/include/cluster_node/cluster_node/msg/rosidl_typesupport_introspection_c__visibility_control.h
[13.425s] -- Up-to-date: /home/dev/ws/src/dynamic-box/my_rosbag_reader/cluster_node/install/cluster_node/lib/libcluster_node__rosidl_typesupport_introspection_c.so
[13.426s] -- Up-to-date: /home/dev/ws/src/dynamic-box/my_rosbag_reader/cluster_node/install/cluster_node/lib/libcluster_node__rosidl_typesupport_c.so
[13.426s] -- Up-to-date: /home/dev/ws/src/dynamic-box/my_rosbag_reader/cluster_node/install/cluster_node/include/cluster_node/cluster_node
[13.426s] -- Up-to-date: /home/dev/ws/src/dynamic-box/my_rosbag_reader/cluster_node/install/cluster_node/include/cluster_node/cluster_node/msg
[13.426s] -- Up-to-date: /home/dev/ws/src/dynamic-box/my_rosbag_reader/cluster_node/install/cluster_node/include/cluster_node/cluster_node/msg/detail
[13.426s] -- Up-to-date: /home/dev/ws/src/dynamic-box/my_rosbag_reader/cluster_node/install/cluster_node/include/cluster_node/cluster_node/msg/detail/obstacle__type_support.cpp
[13.426s] -- Up-to-date: /home/dev/ws/src/dynamic-box/my_rosbag_reader/cluster_node/install/cluster_node/include/cluster_node/cluster_node/msg/detail/obstacle_array__type_support.cpp
[13.426s] -- Up-to-date: /home/dev/ws/src/dynamic-box/my_rosbag_reader/cluster_node/install/cluster_node/include/cluster_node/cluster_node/msg/detail/obstacle_array__rosidl_typesupport_introspection_cpp.hpp
[13.426s] -- Up-to-date: /home/dev/ws/src/dynamic-box/my_rosbag_reader/cluster_node/install/cluster_node/include/cluster_node/cluster_node/msg/detail/obstacle__rosidl_typesupport_introspection_cpp.hpp
[13.427s] -- Up-to-date: /home/dev/ws/src/dynamic-box/my_rosbag_reader/cluster_node/install/cluster_node/lib/libcluster_node__rosidl_typesupport_introspection_cpp.so
[13.428s] -- Up-to-date: /home/dev/ws/src/dynamic-box/my_rosbag_reader/cluster_node/install/cluster_node/lib/libcluster_node__rosidl_typesupport_cpp.so
[13.428s] -- Up-to-date: /home/dev/ws/src/dynamic-box/my_rosbag_reader/cluster_node/install/cluster_node/share/cluster_node/environment/pythonpath.sh
[13.428s] -- Up-to-date: /home/dev/ws/src/dynamic-box/my_rosbag_reader/cluster_node/install/cluster_node/share/cluster_node/environment/pythonpath.dsv
[13.428s] -- Up-to-date: /home/dev/ws/src/dynamic-box/my_rosbag_reader/cluster_node/install/cluster_node/local/lib/python3.10/dist-packages/cluster_node-0.0.0-py3.10.egg-info
[13.428s] -- Installing: /home/dev/ws/src/dynamic-box/my_rosbag_reader/cluster_node/install/cluster_node/local/lib/python3.10/dist-packages/cluster_node-0.0.0-py3.10.egg-info/SOURCES.txt
[13.428s] -- Installing: /home/dev/ws/src/dynamic-box/my_rosbag_reader/cluster_node/install/cluster_node/local/lib/python3.10/dist-packages/cluster_node-0.0.0-py3.10.egg-info/top_level.txt
[13.429s] -- Installing: /home/dev/ws/src/dynamic-box/my_rosbag_reader/cluster_node/install/cluster_node/local/lib/python3.10/dist-packages/cluster_node-0.0.0-py3.10.egg-info/PKG-INFO
[13.429s] -- Installing: /home/dev/ws/src/dynamic-box/my_rosbag_reader/cluster_node/install/cluster_node/local/lib/python3.10/dist-packages/cluster_node-0.0.0-py3.10.egg-info/dependency_links.txt
[13.429s] -- Up-to-date: /home/dev/ws/src/dynamic-box/my_rosbag_reader/cluster_node/install/cluster_node/local/lib/python3.10/dist-packages/cluster_node
[13.429s] -- Up-to-date: /home/dev/ws/src/dynamic-box/my_rosbag_reader/cluster_node/install/cluster_node/local/lib/python3.10/dist-packages/cluster_node/msg
[13.429s] -- Up-to-date: /home/dev/ws/src/dynamic-box/my_rosbag_reader/cluster_node/install/cluster_node/local/lib/python3.10/dist-packages/cluster_node/msg/_obstacle_array.py
[13.429s] -- Up-to-date: /home/dev/ws/src/dynamic-box/my_rosbag_reader/cluster_node/install/cluster_node/local/lib/python3.10/dist-packages/cluster_node/msg/_obstacle.py
[13.429s] -- Up-to-date: /home/dev/ws/src/dynamic-box/my_rosbag_reader/cluster_node/install/cluster_node/local/lib/python3.10/dist-packages/cluster_node/msg/_obstacle_s.c
[13.429s] -- Up-to-date: /home/dev/ws/src/dynamic-box/my_rosbag_reader/cluster_node/install/cluster_node/local/lib/python3.10/dist-packages/cluster_node/msg/_obstacle_array_s.c
[13.429s] -- Up-to-date: /home/dev/ws/src/dynamic-box/my_rosbag_reader/cluster_node/install/cluster_node/local/lib/python3.10/dist-packages/cluster_node/msg/__init__.py
[13.429s] -- Up-to-date: /home/dev/ws/src/dynamic-box/my_rosbag_reader/cluster_node/install/cluster_node/local/lib/python3.10/dist-packages/cluster_node/_cluster_node_s.ep.rosidl_typesupport_introspection_c.c
[13.429s] -- Up-to-date: /home/dev/ws/src/dynamic-box/my_rosbag_reader/cluster_node/install/cluster_node/local/lib/python3.10/dist-packages/cluster_node/cluster_node_s__rosidl_typesupport_c.cpython-310-x86_64-linux-gnu.so
[13.429s] -- Up-to-date: /home/dev/ws/src/dynamic-box/my_rosbag_reader/cluster_node/install/cluster_node/local/lib/python3.10/dist-packages/cluster_node/_cluster_node_s.ep.rosidl_typesupport_fastrtps_c.c
[13.430s] -- Up-to-date: /home/dev/ws/src/dynamic-box/my_rosbag_reader/cluster_node/install/cluster_node/local/lib/python3.10/dist-packages/cluster_node/cluster_node_s__rosidl_typesupport_fastrtps_c.cpython-310-x86_64-linux-gnu.so
[13.430s] -- Up-to-date: /home/dev/ws/src/dynamic-box/my_rosbag_reader/cluster_node/install/cluster_node/local/lib/python3.10/dist-packages/cluster_node/libcluster_node__rosidl_generator_py.so
[13.430s] -- Up-to-date: /home/dev/ws/src/dynamic-box/my_rosbag_reader/cluster_node/install/cluster_node/local/lib/python3.10/dist-packages/cluster_node/_cluster_node_s.ep.rosidl_typesupport_c.c
[13.430s] -- Up-to-date: /home/dev/ws/src/dynamic-box/my_rosbag_reader/cluster_node/install/cluster_node/local/lib/python3.10/dist-packages/cluster_node/cluster_node_s__rosidl_typesupport_introspection_c.cpython-310-x86_64-linux-gnu.so
[13.430s] -- Up-to-date: /home/dev/ws/src/dynamic-box/my_rosbag_reader/cluster_node/install/cluster_node/local/lib/python3.10/dist-packages/cluster_node/__init__.py
[13.450s] Listing '/home/dev/ws/src/dynamic-box/my_rosbag_reader/cluster_node/install/cluster_node/local/lib/python3.10/dist-packages/cluster_node'...
[13.450s] Listing '/home/dev/ws/src/dynamic-box/my_rosbag_reader/cluster_node/install/cluster_node/local/lib/python3.10/dist-packages/cluster_node/msg'...
[13.453s] -- Up-to-date: /home/dev/ws/src/dynamic-box/my_rosbag_reader/cluster_node/install/cluster_node/local/lib/python3.10/dist-packages/cluster_node/cluster_node_s__rosidl_typesupport_fastrtps_c.cpython-310-x86_64-linux-gnu.so
[13.454s] -- Up-to-date: /home/dev/ws/src/dynamic-box/my_rosbag_reader/cluster_node/install/cluster_node/local/lib/python3.10/dist-packages/cluster_node/cluster_node_s__rosidl_typesupport_introspection_c.cpython-310-x86_64-linux-gnu.so
[13.455s] -- Up-to-date: /home/dev/ws/src/dynamic-box/my_rosbag_reader/cluster_node/install/cluster_node/local/lib/python3.10/dist-packages/cluster_node/cluster_node_s__rosidl_typesupport_c.cpython-310-x86_64-linux-gnu.so
[13.455s] -- Up-to-date: /home/dev/ws/src/dynamic-box/my_rosbag_reader/cluster_node/install/cluster_node/lib/libcluster_node__rosidl_generator_py.so
[13.456s] -- Up-to-date: /home/dev/ws/src/dynamic-box/my_rosbag_reader/cluster_node/install/cluster_node/share/cluster_node/msg/Obstacle.idl
[13.456s] -- Up-to-date: /home/dev/ws/src/dynamic-box/my_rosbag_reader/cluster_node/install/cluster_node/share/cluster_node/msg/ObstacleArray.idl
[13.456s] -- Up-to-date: /home/dev/ws/src/dynamic-box/my_rosbag_reader/cluster_node/install/cluster_node/share/cluster_node/msg/Obstacle.msg
[13.456s] -- Up-to-date: /home/dev/ws/src/dynamic-box/my_rosbag_reader/cluster_node/install/cluster_node/share/cluster_node/msg/ObstacleArray.msg
[13.456s] -- Installing: /home/dev/ws/src/dynamic-box/my_rosbag_reader/cluster_node/install/cluster_node/lib/cluster_node/cluster_cpp
[13.460s] -- Set runtime path of "/home/dev/ws/src/dynamic-box/my_rosbag_reader/cluster_node/install/cluster_node/lib/cluster_node/cluster_cpp" to ""
[13.460s] -- Up-to-date: /home/dev/ws/src/dynamic-box/my_rosbag_reader/cluster_node/install/cluster_node/share/ament_index/resource_index/package_run_dependencies/cluster_node
[13.460s] -- Up-to-date: /home/dev/ws/src/dynamic-box/my_rosbag_reader/cluster_node/install/cluster_node/share/ament_index/resource_index/parent_prefix_path/cluster_node
[13.460s] -- Up-to-date: /home/dev/ws/src/dynamic-box/my_rosbag_reader/cluster_node/install/cluster_node/share/cluster_node/environment/ament_prefix_path.sh
[13.460s] -- Up-to-date: /home/dev/ws/src/dynamic-box/my_rosbag_reader/cluster_node/install/cluster_node/share/cluster_node/environment/ament_prefix_path.dsv
[13.460s] -- Up-to-date: /home/dev/ws/src/dynamic-box/my_rosbag_reader/cluster_node/install/cluster_node/share/cluster_node/environment/path.sh
[13.461s] -- Up-to-date: /home/dev/ws/src/dynamic-box/my_rosbag_reader/cluster_node/install/cluster_node/share/cluster_node/environment/path.dsv
[13.461s] -- Up-to-date: /home/dev/ws/src/dynamic-box/my_rosbag_reader/cluster_node/install/cluster_node/share/cluster_node/local_setup.bash
[13.461s] -- Up-to-date: /home/dev/ws/src/dynamic-box/my_rosbag_reader/cluster_node/install/cluster_node/share/cluster_node/local_setup.sh
[13.461s] -- Up-to-date: /home/dev/ws/src/dynamic-box/my_rosbag_reader/cluster_node/install/cluster_node/share/cluster_node/local_setup.zsh
[13.461s] -- Up-to-date: /home/dev/ws/src/dynamic-box/my_rosbag_reader/cluster_node/install/cluster_node/share/cluster_node/local_setup.dsv
[13.461s] -- Installing: /home/dev/ws/src/dynamic-box/my_rosbag_reader/cluster_node/install/cluster_node/share/cluster_node/package.dsv
[13.461s] -- Up-to-date: /home/dev/ws/src/dynamic-box/my_rosbag_reader/cluster_node/install/cluster_node/share/ament_index/resource_index/packages/cluster_node
[13.462s] -- Up-to-date: /home/dev/ws/src/dynamic-box/my_rosbag_reader/cluster_node/install/cluster_node/share/cluster_node/cmake/export_cluster_node__rosidl_generator_cExport.cmake
[13.462s] -- Up-to-date: /home/dev/ws/src/dynamic-box/my_rosbag_reader/cluster_node/install/cluster_node/share/cluster_node/cmake/export_cluster_node__rosidl_generator_cExport-noconfig.cmake
[13.462s] -- Up-to-date: /home/dev/ws/src/dynamic-box/my_rosbag_reader/cluster_node/install/cluster_node/share/cluster_node/cmake/export_cluster_node__rosidl_typesupport_fastrtps_cExport.cmake
[13.462s] -- Up-to-date: /home/dev/ws/src/dynamic-box/my_rosbag_reader/cluster_node/install/cluster_node/share/cluster_node/cmake/export_cluster_node__rosidl_typesupport_fastrtps_cExport-noconfig.cmake
[13.463s] -- Up-to-date: /home/dev/ws/src/dynamic-box/my_rosbag_reader/cluster_node/install/cluster_node/share/cluster_node/cmake/export_cluster_node__rosidl_generator_cppExport.cmake
[13.463s] -- Up-to-date: /home/dev/ws/src/dynamic-box/my_rosbag_reader/cluster_node/install/cluster_node/share/cluster_node/cmake/export_cluster_node__rosidl_typesupport_fastrtps_cppExport.cmake
[13.463s] -- Up-to-date: /home/dev/ws/src/dynamic-box/my_rosbag_reader/cluster_node/install/cluster_node/share/cluster_node/cmake/export_cluster_node__rosidl_typesupport_fastrtps_cppExport-noconfig.cmake
[13.464s] -- Up-to-date: /home/dev/ws/src/dynamic-box/my_rosbag_reader/cluster_node/install/cluster_node/share/cluster_node/cmake/cluster_node__rosidl_typesupport_introspection_cExport.cmake
[13.464s] -- Up-to-date: /home/dev/ws/src/dynamic-box/my_rosbag_reader/cluster_node/install/cluster_node/share/cluster_node/cmake/cluster_node__rosidl_typesupport_introspection_cExport-noconfig.cmake
[13.464s] -- Up-to-date: /home/dev/ws/src/dynamic-box/my_rosbag_reader/cluster_node/install/cluster_node/share/cluster_node/cmake/cluster_node__rosidl_typesupport_cExport.cmake
[13.464s] -- Up-to-date: /home/dev/ws/src/dynamic-box/my_rosbag_reader/cluster_node/install/cluster_node/share/cluster_node/cmake/cluster_node__rosidl_typesupport_cExport-noconfig.cmake
[13.464s] -- Up-to-date: /home/dev/ws/src/dynamic-box/my_rosbag_reader/cluster_node/install/cluster_node/share/cluster_node/cmake/cluster_node__rosidl_typesupport_introspection_cppExport.cmake
[13.465s] -- Up-to-date: /home/dev/ws/src/dynamic-box/my_rosbag_reader/cluster_node/install/cluster_node/share/cluster_node/cmake/cluster_node__rosidl_typesupport_introspection_cppExport-noconfig.cmake
[13.465s] -- Up-to-date: /home/dev/ws/src/dynamic-box/my_rosbag_reader/cluster_node/install/cluster_node/share/cluster_node/cmake/cluster_node__rosidl_typesupport_cppExport.cmake
[13.465s] -- Up-to-date: /home/dev/ws/src/dynamic-box/my_rosbag_reader/cluster_node/install/cluster_node/share/cluster_node/cmake/cluster_node__rosidl_typesupport_cppExport-noconfig.cmake
[13.466s] -- Up-to-date: /home/dev/ws/src/dynamic-box/my_rosbag_reader/cluster_node/install/cluster_node/share/cluster_node/cmake/export_cluster_node__rosidl_generator_pyExport.cmake
[13.466s] -- Up-to-date: /home/dev/ws/src/dynamic-box/my_rosbag_reader/cluster_node/install/cluster_node/share/cluster_node/cmake/export_cluster_node__rosidl_generator_pyExport-noconfig.cmake
[13.466s] -- Up-to-date: /home/dev/ws/src/dynamic-box/my_rosbag_reader/cluster_node/install/cluster_node/share/cluster_node/cmake/rosidl_cmake-extras.cmake
[13.466s] -- Up-to-date: /home/dev/ws/src/dynamic-box/my_rosbag_reader/cluster_node/install/cluster_node/share/cluster_node/cmake/ament_cmake_export_dependencies-extras.cmake
[13.466s] -- Up-to-date: /home/dev/ws/src/dynamic-box/my_rosbag_reader/cluster_node/install/cluster_node/share/cluster_node/cmake/ament_cmake_export_include_directories-extras.cmake
[13.466s] -- Up-to-date: /home/dev/ws/src/dynamic-box/my_rosbag_reader/cluster_node/install/cluster_node/share/cluster_node/cmake/ament_cmake_export_libraries-extras.cmake
[13.466s] -- Up-to-date: /home/dev/ws/src/dynamic-box/my_rosbag_reader/cluster_node/install/cluster_node/share/cluster_node/cmake/ament_cmake_export_targets-extras.cmake
[13.466s] -- Up-to-date: /home/dev/ws/src/dynamic-box/my_rosbag_reader/cluster_node/install/cluster_node/share/cluster_node/cmake/rosidl_cmake_export_typesupport_targets-extras.cmake
[13.466s] -- Up-to-date: /home/dev/ws/src/dynamic-box/my_rosbag_reader/cluster_node/install/cluster_node/share/cluster_node/cmake/rosidl_cmake_export_typesupport_libraries-extras.cmake
[13.466s] -- Up-to-date: /home/dev/ws/src/dynamic-box/my_rosbag_reader/cluster_node/install/cluster_node/share/cluster_node/cmake/cluster_nodeConfig.cmake
[13.466s] -- Up-to-date: /home/dev/ws/src/dynamic-box/my_rosbag_reader/cluster_node/install/cluster_node/share/cluster_node/cmake/cluster_nodeConfig-version.cmake
[13.466s] -- Up-to-date: /home/dev/ws/src/dynamic-box/my_rosbag_reader/cluster_node/install/cluster_node/share/cluster_node/package.xml
[13.468s] Invoked command in '/home/dev/ws/src/dynamic-box/my_rosbag_reader/cluster_node/build/cluster_node' returned '0': CMAKE_PREFIX_PATH=${CMAKE_PREFIX_PATH}:/home/dev/ws/src/dynamic-box/my_rosbag_reader/install/my_rosbag_reader:/opt/ros/humble /usr/bin/cmake --install /home/dev/ws/src/dynamic-box/my_rosbag_reader/cluster_node/build/cluster_node
