[0.011s] Invoking command in '/home/dev/ws/src/dynamic-box/my_rosbag_reader/cluster_node/build/cluster_node': CMAKE_PREFIX_PATH=${CMAKE_PREFIX_PATH}:/home/dev/ws/src/dynamic-box/my_rosbag_reader/install/my_rosbag_reader:/opt/ros/humble /usr/bin/cmake --build /home/dev/ws/src/dynamic-box/my_rosbag_reader/cluster_node/build/cluster_node -- -j22 -l22
[0.046s] [  2%] Built target cluster_node__cpp
[0.047s] [ 12%] Built target cluster_node__rosidl_generator_c
[0.054s] [ 12%] Built target ament_cmake_python_copy_cluster_node
[0.065s] [ 21%] Built target cluster_node__rosidl_typesupport_introspection_cpp
[0.066s] [ 41%] Built target cluster_node__rosidl_typesupport_introspection_c
[0.066s] [ 41%] Built target cluster_node__rosidl_typesupport_c
[0.066s] [ 51%] Built target cluster_node__rosidl_typesupport_cpp
[0.066s] [ 60%] Built target cluster_node__rosidl_typesupport_fastrtps_c
[0.067s] [ 70%] Built target cluster_node__rosidl_typesupport_fastrtps_cpp
[0.079s] [ 70%] Built target cluster_node
[0.089s] [35m[1mConsolidate compiler generated dependencies of target cluster_cpp[0m
[0.091s] [ 73%] Built target cluster_node__py
[0.105s] [ 80%] Built target cluster_node__rosidl_generator_py
[0.108s] [ 82%] [32mBuilding CXX object CMakeFiles/cluster_cpp.dir/src/cluster_node.cpp.o[0m
[0.120s] [ 97%] Built target cluster_node__rosidl_typesupport_introspection_c__pyext
[0.120s] [ 97%] Built target cluster_node__rosidl_typesupport_fastrtps_c__pyext
[0.120s] [ 97%] Built target cluster_node__rosidl_typesupport_c__pyext
[0.175s] running egg_info
[0.181s] writing cluster_node.egg-info/PKG-INFO
[0.181s] writing dependency_links to cluster_node.egg-info/dependency_links.txt
[0.182s] writing top-level names to cluster_node.egg-info/top_level.txt
[0.200s] reading manifest file 'cluster_node.egg-info/SOURCES.txt'
[0.201s] writing manifest file 'cluster_node.egg-info/SOURCES.txt'
[0.222s] [ 97%] Built target ament_cmake_python_build_cluster_node_egg
[6.338s] In file included from [01m[K/usr/include/eigen3/Eigen/Core:164[m[K,
[6.338s]                  from [01m[K/usr/include/eigen3/Eigen/Dense:1[m[K,
[6.338s]                  from [01m[K/home/dev/ws/src/dynamic-box/my_rosbag_reader/cluster_node/src/cluster_node.cpp:4[m[K:
[6.338s] /usr/include/eigen3/Eigen/src/Core/AssignEvaluator.h: In instantiation of ‘[01m[Kvoid Eigen::internal::call_assignment_no_alias(Dst&, const Src&, const Func&) [with Dst = Eigen::Matrix<double, 3, 1>; Src = Eigen::Matrix<double, 4, 1>; Func = Eigen::internal::assign_op<double, double>][m[K’:
[6.338s] [01m[K/usr/include/eigen3/Eigen/src/Core/PlainObjectBase.h:797:41:[m[K   required from ‘[01m[KDerived& Eigen::PlainObjectBase<Derived>::_set_noalias(const Eigen::DenseBase<OtherDerived>&) [with OtherDerived = Eigen::Matrix<double, 4, 1>; Derived = Eigen::Matrix<double, 3, 1>][m[K’
[6.338s] [01m[K/usr/include/eigen3/Eigen/src/Core/PlainObjectBase.h:883:25:[m[K   required from ‘[01m[Kvoid Eigen::PlainObjectBase<Derived>::_init1(const Eigen::DenseBase<ElseDerived>&) [with T = Eigen::Matrix<double, 4, 1>; OtherDerived = Eigen::Matrix<double, 4, 1>; Derived = Eigen::Matrix<double, 3, 1>][m[K’
[6.338s] [01m[K/usr/include/eigen3/Eigen/src/Core/Matrix.h:332:31:[m[K   required from ‘[01m[KEigen::Matrix<_Scalar, _Rows, _Cols, _Options, _MaxRows, _MaxCols>::Matrix(const T&) [with T = Eigen::Matrix<double, 4, 1>; _Scalar = double; int _Rows = 3; int _Cols = 1; int _Options = 0; int _MaxRows = 3; int _MaxCols = 1][m[K’
[6.338s] [01m[K/usr/include/c++/11/bits/stl_construct.h:119:7:[m[K   required from ‘[01m[Kvoid std::_Construct(_Tp*, _Args&& ...) [with _Tp = Eigen::Matrix<double, 3, 1>; _Args = {Eigen::Matrix<double, 4, 1, 0, 4, 1>&}][m[K’
[6.338s] [01m[K/usr/include/c++/11/bits/stl_uninitialized.h:92:18:[m[K   required from ‘[01m[Kstatic _ForwardIterator std::__uninitialized_copy<_TrivialValueTypes>::__uninit_copy(_InputIterator, _InputIterator, _ForwardIterator) [with _InputIterator = __gnu_cxx::__normal_iterator<Eigen::Matrix<double, 4, 1>*, std::vector<Eigen::Matrix<double, 4, 1> > >; _ForwardIterator = Eigen::Matrix<double, 3, 1>*; bool _TrivialValueTypes = false][m[K’
[6.338s] [01m[K/usr/include/c++/11/bits/stl_uninitialized.h:151:15:[m[K   required from ‘[01m[K_ForwardIterator std::uninitialized_copy(_InputIterator, _InputIterator, _ForwardIterator) [with _InputIterator = __gnu_cxx::__normal_iterator<Eigen::Matrix<double, 4, 1>*, std::vector<Eigen::Matrix<double, 4, 1> > >; _ForwardIterator = Eigen::Matrix<double, 3, 1>*][m[K’
[6.338s] [01m[K/usr/include/c++/11/bits/stl_uninitialized.h:333:37:[m[K   required from ‘[01m[K_ForwardIterator std::__uninitialized_copy_a(_InputIterator, _InputIterator, _ForwardIterator, std::allocator<_Tp>&) [with _InputIterator = __gnu_cxx::__normal_iterator<Eigen::Matrix<double, 4, 1>*, std::vector<Eigen::Matrix<double, 4, 1> > >; _ForwardIterator = Eigen::Matrix<double, 3, 1>*; _Tp = Eigen::Matrix<double, 3, 1>][m[K’
[6.338s] [01m[K/usr/include/c++/11/bits/vector.tcc:330:35:[m[K   required from ‘[01m[Kvoid std::vector<_Tp, _Alloc>::_M_assign_aux(_ForwardIterator, _ForwardIterator, std::forward_iterator_tag) [with _ForwardIterator = __gnu_cxx::__normal_iterator<Eigen::Matrix<double, 4, 1>*, std::vector<Eigen::Matrix<double, 4, 1> > >; _Tp = Eigen::Matrix<double, 3, 1>; _Alloc = std::allocator<Eigen::Matrix<double, 3, 1> >][m[K’
[6.338s] [01m[K/usr/include/c++/11/bits/stl_vector.h:1628:17:[m[K   required from ‘[01m[Kvoid std::vector<_Tp, _Alloc>::_M_assign_dispatch(_InputIterator, _InputIterator, std::__false_type) [with _InputIterator = __gnu_cxx::__normal_iterator<Eigen::Matrix<double, 4, 1>*, std::vector<Eigen::Matrix<double, 4, 1> > >; _Tp = Eigen::Matrix<double, 3, 1>; _Alloc = std::allocator<Eigen::Matrix<double, 3, 1> >][m[K’
[6.338s] [01m[K/usr/include/c++/11/bits/stl_vector.h:769:22:[m[K   required from ‘[01m[Kvoid std::vector<_Tp, _Alloc>::assign(_InputIterator, _InputIterator) [with _InputIterator = __gnu_cxx::__normal_iterator<Eigen::Matrix<double, 4, 1>*, std::vector<Eigen::Matrix<double, 4, 1> > >; <template-parameter-2-2> = void; _Tp = Eigen::Matrix<double, 3, 1>; _Alloc = std::allocator<Eigen::Matrix<double, 3, 1> >][m[K’
[6.339s] [01m[K/home/dev/ws/src/dynamic-box/my_rosbag_reader/cluster_node/src/cluster_node.cpp:42:27:[m[K   required from here
[6.339s] [01m[K/usr/include/eigen3/Eigen/src/Core/AssignEvaluator.h:887:3:[m[K [01;31m[Kerror: [m[Kstatic assertion failed: YOU_MIXED_MATRICES_OF_DIFFERENT_SIZES
[6.339s]   887 |   [01;31m[KEIGEN_STATIC_ASSERT_SAME_MATRIX_SIZE[m[K(ActualDstTypeCleaned,Src)
[6.339s]       |   [01;31m[K^~~~~~~~~~~~~~~~~~~~~~~~~~~~~~~~~~~~[m[K
[6.339s] [01m[K/usr/include/eigen3/Eigen/src/Core/AssignEvaluator.h:887:3:[m[K [01;36m[Knote: [m[K‘[01m[K(((((int)Eigen::internal::size_of_xpr_at_compile_time<Eigen::Matrix<double, 3, 1> >::ret) == 0) && (((int)Eigen::internal::size_of_xpr_at_compile_time<Eigen::Matrix<double, 4, 1> >::ret) == 0)) || ((((((int)Eigen::Matrix<double, 3, 1>::RowsAtCompileTime) == ((int)Eigen::Dynamic)) || (((int)Eigen::Matrix<double, 4, 1>::RowsAtCompileTime) == ((int)Eigen::Dynamic))) || (((int)Eigen::Matrix<double, 3, 1>::RowsAtCompileTime) == ((int)Eigen::Matrix<double, 4, 1>::RowsAtCompileTime))) && (((((int)Eigen::Matrix<double, 3, 1>::ColsAtCompileTime) == ((int)Eigen::Dynamic)) || (((int)Eigen::Matrix<double, 4, 1>::ColsAtCompileTime) == ((int)Eigen::Dynamic))) || (((int)Eigen::Matrix<double, 3, 1>::ColsAtCompileTime) == ((int)Eigen::Matrix<double, 4, 1>::ColsAtCompileTime)))))[m[K’ evaluates to false
[7.479s] gmake[2]: *** [CMakeFiles/cluster_cpp.dir/build.make:76: CMakeFiles/cluster_cpp.dir/src/cluster_node.cpp.o] Error 1
[7.479s] gmake[1]: *** [CMakeFiles/Makefile2:594: CMakeFiles/cluster_cpp.dir/all] Error 2
[7.479s] gmake: *** [Makefile:146: all] Error 2
[7.482s] Invoked command in '/home/dev/ws/src/dynamic-box/my_rosbag_reader/cluster_node/build/cluster_node' returned '2': CMAKE_PREFIX_PATH=${CMAKE_PREFIX_PATH}:/home/dev/ws/src/dynamic-box/my_rosbag_reader/install/my_rosbag_reader:/opt/ros/humble /usr/bin/cmake --build /home/dev/ws/src/dynamic-box/my_rosbag_reader/cluster_node/build/cluster_node -- -j22 -l22
