[  4%] Built target cluster_node__cpp
[ 12%] Built target cluster_node__rosidl_generator_c
[ 12%] Built target ament_cmake_python_copy_cluster_node
[ 29%] Built target cluster_node__rosidl_typesupport_introspection_c
[ 39%] Built target cluster_node__rosidl_typesupport_c
[ 41%] Built target cluster_node__rosidl_typesupport_cpp
[ 60%] Built target cluster_node__rosidl_typesupport_fastrtps_c
[ 60%] Built target cluster_node__rosidl_typesupport_fastrtps_cpp
[ 70%] Built target cluster_node__rosidl_typesupport_introspection_cpp
[ 70%] Built target cluster_node
[35m[1mConsolidate compiler generated dependencies of target cluster_cpp[0m
[ 73%] Built target cluster_node__py
[ 80%] Built target cluster_node__rosidl_generator_py
[ 82%] [32mBuilding CXX object CMakeFiles/cluster_cpp.dir/src/cluster_node.cpp.o[0m
[ 87%] Built target cluster_node__rosidl_typesupport_introspection_c__pyext
[ 92%] Built target cluster_node__rosidl_typesupport_fastrtps_c__pyext
[ 97%] Built target cluster_node__rosidl_typesupport_c__pyext
running egg_info
writing cluster_node.egg-info/PKG-INFO
writing dependency_links to cluster_node.egg-info/dependency_links.txt
writing top-level names to cluster_node.egg-info/top_level.txt
reading manifest file 'cluster_node.egg-info/SOURCES.txt'
writing manifest file 'cluster_node.egg-info/SOURCES.txt'
[ 97%] Built target ament_cmake_python_build_cluster_node_egg
[01m[K/home/dev/ws/src/dynamic-box/my_rosbag_reader/cluster_node/src/cluster_node.cpp:[m[K In member function ‘[01m[Kvoid ClusterNode::listenerCallback(sensor_msgs::msg::PointCloud2_<std::allocator<void> >::SharedPtr)[m[K’:
[01m[K/home/dev/ws/src/dynamic-box/my_rosbag_reader/cluster_node/src/cluster_node.cpp:56:25:[m[K [01;31m[Kerror: [m[Kconflicting declaration ‘[01m[KEigen::MatrixXd cloud[m[K’
   56 |         Eigen::MatrixXd [01;31m[Kcloud[m[K(n, 4);
      |                         [01;31m[K^~~~~[m[K
[01m[K/home/dev/ws/src/dynamic-box/my_rosbag_reader/cluster_node/src/cluster_node.cpp:33:38:[m[K [01;36m[Knote: [m[Kprevious declaration as ‘[01m[Kstd::vector<Eigen::Matrix<double, 3, 1> > cloud[m[K’
   33 |         std::vector<Eigen::Vector3d> [01;36m[Kcloud[m[K;
      |                                      [01;36m[K^~~~~[m[K
[01m[K/home/dev/ws/src/dynamic-box/my_rosbag_reader/cluster_node/src/cluster_node.cpp:57:15:[m[K [01;31m[Kerror: [m[Kno match for ‘[01m[Koperator<<[m[K’ (operand types are ‘[01m[Kstd::vector<Eigen::Matrix<double, 3, 1> >[m[K’ and ‘[01m[KEigen::MatrixXd[m[K’ {aka ‘[01m[KEigen::Matrix<double, -1, -1>[m[K’})
   57 |         [32m[Kcloud[m[K [01;31m[K<<[m[K [34m[Kmat[m[K, z_col;                 // append z as new column
      |         [32m[K~~~~~[m[K [01;31m[K^~[m[K [34m[K~~~[m[K
      |         [32m[K|[m[K        [34m[K|[m[K
      |         [32m[K|[m[K        [34m[KEigen::MatrixXd {aka Eigen::Matrix<double, -1, -1>}[m[K
      |         [32m[Kstd::vector<Eigen::Matrix<double, 3, 1> >[m[K
In file included from [01m[K/usr/include/c++/11/memory:77[m[K,
                 from [01m[K/opt/ros/humble/include/rclcpp/rclcpp/rclcpp.hpp:153[m[K,
                 from [01m[K/home/dev/ws/src/dynamic-box/my_rosbag_reader/cluster_node/src/cluster_node.cpp:1[m[K:
[01m[K/usr/include/c++/11/bits/shared_ptr.h:70:5:[m[K [01;36m[Knote: [m[Kcandidate: ‘[01m[Ktemplate<class _Ch, class _Tr, class _Tp, __gnu_cxx::_Lock_policy _Lp> std::basic_ostream<_Ch, _Tr>& std::operator<<(std::basic_ostream<_Ch, _Tr>&, const std::__shared_ptr<_Tp, _Lp>&)[m[K’
   70 |     [01;36m[Koperator[m[K<<(std::basic_ostream<_Ch, _Tr>& __os,
      |     [01;36m[K^~~~~~~~[m[K
[01m[K/usr/include/c++/11/bits/shared_ptr.h:70:5:[m[K [01;36m[Knote: [m[K  template argument deduction/substitution failed:
[01m[K/home/dev/ws/src/dynamic-box/my_rosbag_reader/cluster_node/src/cluster_node.cpp:57:18:[m[K [01;36m[Knote: [m[K  ‘[01m[Kstd::vector<Eigen::Matrix<double, 3, 1> >[m[K’ is not derived from ‘[01m[Kstd::basic_ostream<_Ch, _Tr>[m[K’
   57 |         cloud << [01;36m[Kmat[m[K, z_col;                 // append z as new column
      |                  [01;36m[K^~~[m[K
In file included from [01m[K/usr/include/c++/11/bits/basic_string.h:48[m[K,
                 from [01m[K/usr/include/c++/11/string:55[m[K,
                 from [01m[K/usr/include/c++/11/stdexcept:39[m[K,
                 from [01m[K/usr/include/c++/11/system_error:41[m[K,
                 from [01m[K/usr/include/c++/11/mutex:42[m[K,
                 from [01m[K/usr/include/c++/11/future:38[m[K,
                 from [01m[K/opt/ros/humble/include/rclcpp/rclcpp/executors.hpp:18[m[K,
                 from [01m[K/opt/ros/humble/include/rclcpp/rclcpp/rclcpp.hpp:155[m[K,
                 from [01m[K/home/dev/ws/src/dynamic-box/my_rosbag_reader/cluster_node/src/cluster_node.cpp:1[m[K:
[01m[K/usr/include/c++/11/string_view:667:5:[m[K [01;36m[Knote: [m[Kcandidate: ‘[01m[Ktemplate<class _CharT, class _Traits> std::basic_ostream<_Ch, _Tr>& std::operator<<(std::basic_ostream<_Ch, _Tr>&, std::basic_string_view<_CharT, _Traits>)[m[K’
  667 |     [01;36m[Koperator[m[K<<(basic_ostream<_CharT, _Traits>& __os,
      |     [01;36m[K^~~~~~~~[m[K
[01m[K/usr/include/c++/11/string_view:667:5:[m[K [01;36m[Knote: [m[K  template argument deduction/substitution failed:
[01m[K/home/dev/ws/src/dynamic-box/my_rosbag_reader/cluster_node/src/cluster_node.cpp:57:18:[m[K [01;36m[Knote: [m[K  ‘[01m[Kstd::vector<Eigen::Matrix<double, 3, 1> >[m[K’ is not derived from ‘[01m[Kstd::basic_ostream<_Ch, _Tr>[m[K’
   57 |         cloud << [01;36m[Kmat[m[K, z_col;                 // append z as new column
      |                  [01;36m[K^~~[m[K
In file included from [01m[K/usr/include/c++/11/string:55[m[K,
                 from [01m[K/usr/include/c++/11/stdexcept:39[m[K,
                 from [01m[K/usr/include/c++/11/system_error:41[m[K,
                 from [01m[K/usr/include/c++/11/mutex:42[m[K,
                 from [01m[K/usr/include/c++/11/future:38[m[K,
                 from [01m[K/opt/ros/humble/include/rclcpp/rclcpp/executors.hpp:18[m[K,
                 from [01m[K/opt/ros/humble/include/rclcpp/rclcpp/rclcpp.hpp:155[m[K,
                 from [01m[K/home/dev/ws/src/dynamic-box/my_rosbag_reader/cluster_node/src/cluster_node.cpp:1[m[K:
[01m[K/usr/include/c++/11/bits/basic_string.h:6531:5:[m[K [01;36m[Knote: [m[Kcandidate: ‘[01m[Ktemplate<class _CharT, class _Traits, class _Alloc> std::basic_ostream<_Ch, _Tr>& std::operator<<(std::basic_ostream<_Ch, _Tr>&, const std::__cxx11::basic_string<_CharT, _Traits, _Allocator>&)[m[K’
 6531 |     [01;36m[Koperator[m[K<<(basic_ostream<_CharT, _Traits>& __os,
      |     [01;36m[K^~~~~~~~[m[K
[01m[K/usr/include/c++/11/bits/basic_string.h:6531:5:[m[K [01;36m[Knote: [m[K  template argument deduction/substitution failed:
[01m[K/home/dev/ws/src/dynamic-box/my_rosbag_reader/cluster_node/src/cluster_node.cpp:57:18:[m[K [01;36m[Knote: [m[K  ‘[01m[Kstd::vector<Eigen::Matrix<double, 3, 1> >[m[K’ is not derived from ‘[01m[Kstd::basic_ostream<_Ch, _Tr>[m[K’
   57 |         cloud << [01;36m[Kmat[m[K, z_col;                 // append z as new column
      |                  [01;36m[K^~~[m[K
In file included from [01m[K/usr/include/c++/11/mutex:42[m[K,
                 from [01m[K/usr/include/c++/11/future:38[m[K,
                 from [01m[K/opt/ros/humble/include/rclcpp/rclcpp/executors.hpp:18[m[K,
                 from [01m[K/opt/ros/humble/include/rclcpp/rclcpp/rclcpp.hpp:155[m[K,
                 from [01m[K/home/dev/ws/src/dynamic-box/my_rosbag_reader/cluster_node/src/cluster_node.cpp:1[m[K:
[01m[K/usr/include/c++/11/system_error:279:5:[m[K [01;36m[Knote: [m[Kcandidate: ‘[01m[Ktemplate<class _CharT, class _Traits> std::basic_ostream<_Ch, _Tr>& std::operator<<(std::basic_ostream<_Ch, _Tr>&, const std::error_code&)[m[K’
  279 |     [01;36m[Koperator[m[K<<(basic_ostream<_CharT, _Traits>& __os, const error_code& __e)
      |     [01;36m[K^~~~~~~~[m[K
[01m[K/usr/include/c++/11/system_error:279:5:[m[K [01;36m[Knote: [m[K  template argument deduction/substitution failed:
[01m[K/home/dev/ws/src/dynamic-box/my_rosbag_reader/cluster_node/src/cluster_node.cpp:57:18:[m[K [01;36m[Knote: [m[K  ‘[01m[Kstd::vector<Eigen::Matrix<double, 3, 1> >[m[K’ is not derived from ‘[01m[Kstd::basic_ostream<_Ch, _Tr>[m[K’
   57 |         cloud << [01;36m[Kmat[m[K, z_col;                 // append z as new column
      |                  [01;36m[K^~~[m[K
In file included from [01m[K/opt/ros/humble/include/rclcpp/rclcpp/executors/multi_threaded_executor.hpp:22[m[K,
                 from [01m[K/opt/ros/humble/include/rclcpp/rclcpp/executors.hpp:21[m[K,
                 from [01m[K/opt/ros/humble/include/rclcpp/rclcpp/rclcpp.hpp:155[m[K,
                 from [01m[K/home/dev/ws/src/dynamic-box/my_rosbag_reader/cluster_node/src/cluster_node.cpp:1[m[K:
[01m[K/usr/include/c++/11/thread:92:5:[m[K [01;36m[Knote: [m[Kcandidate: ‘[01m[Ktemplate<class _CharT, class _Traits> std::basic_ostream<_Ch, _Tr>& std::operator<<(std::basic_ostream<_Ch, _Tr>&, std::thread::id)[m[K’
   92 |     [01;36m[Koperator[m[K<<(basic_ostream<_CharT, _Traits>& __out, thread::id __id)
      |     [01;36m[K^~~~~~~~[m[K
[01m[K/usr/include/c++/11/thread:92:5:[m[K [01;36m[Knote: [m[K  template argument deduction/substitution failed:
[01m[K/home/dev/ws/src/dynamic-box/my_rosbag_reader/cluster_node/src/cluster_node.cpp:57:18:[m[K [01;36m[Knote: [m[K  ‘[01m[Kstd::vector<Eigen::Matrix<double, 3, 1> >[m[K’ is not derived from ‘[01m[Kstd::basic_ostream<_Ch, _Tr>[m[K’
   57 |         cloud << [01;36m[Kmat[m[K, z_col;                 // append z as new column
      |                  [01;36m[K^~~[m[K
In file included from [01m[K/usr/include/c++/11/iostream:39[m[K,
                 from [01m[K/opt/ros/humble/include/rclcpp/rclcpp/executor.hpp:22[m[K,
                 from [01m[K/opt/ros/humble/include/rclcpp/rclcpp/executors/multi_threaded_executor.hpp:25[m[K,
                 from [01m[K/opt/ros/humble/include/rclcpp/rclcpp/executors.hpp:21[m[K,
                 from [01m[K/opt/ros/humble/include/rclcpp/rclcpp/rclcpp.hpp:155[m[K,
                 from [01m[K/home/dev/ws/src/dynamic-box/my_rosbag_reader/cluster_node/src/cluster_node.cpp:1[m[K:
[01m[K/usr/include/c++/11/ostream:513:5:[m[K [01;36m[Knote: [m[Kcandidate: ‘[01m[Ktemplate<class _CharT, class _Traits> std::basic_ostream<_Ch, _Tr>& std::operator<<(std::basic_ostream<_Ch, _Tr>&, _CharT)[m[K’
  513 |     [01;36m[Koperator[m[K<<(basic_ostream<_CharT, _Traits>& __out, _CharT __c)
      |     [01;36m[K^~~~~~~~[m[K
[01m[K/usr/include/c++/11/ostream:513:5:[m[K [01;36m[Knote: [m[K  template argument deduction/substitution failed:
[01m[K/home/dev/ws/src/dynamic-box/my_rosbag_reader/cluster_node/src/cluster_node.cpp:57:18:[m[K [01;36m[Knote: [m[K  ‘[01m[Kstd::vector<Eigen::Matrix<double, 3, 1> >[m[K’ is not derived from ‘[01m[Kstd::basic_ostream<_Ch, _Tr>[m[K’
   57 |         cloud << [01;36m[Kmat[m[K, z_col;                 // append z as new column
      |                  [01;36m[K^~~[m[K
In file included from [01m[K/usr/include/c++/11/iostream:39[m[K,
                 from [01m[K/opt/ros/humble/include/rclcpp/rclcpp/executor.hpp:22[m[K,
                 from [01m[K/opt/ros/humble/include/rclcpp/rclcpp/executors/multi_threaded_executor.hpp:25[m[K,
                 from [01m[K/opt/ros/humble/include/rclcpp/rclcpp/executors.hpp:21[m[K,
                 from [01m[K/opt/ros/humble/include/rclcpp/rclcpp/rclcpp.hpp:155[m[K,
                 from [01m[K/home/dev/ws/src/dynamic-box/my_rosbag_reader/cluster_node/src/cluster_node.cpp:1[m[K:
[01m[K/usr/include/c++/11/ostream:518:5:[m[K [01;36m[Knote: [m[Kcandidate: ‘[01m[Ktemplate<class _CharT, class _Traits> std::basic_ostream<_Ch, _Tr>& std::operator<<(std::basic_ostream<_Ch, _Tr>&, char)[m[K’
  518 |     [01;36m[Koperator[m[K<<(basic_ostream<_CharT, _Traits>& __out, char __c)
      |     [01;36m[K^~~~~~~~[m[K
[01m[K/usr/include/c++/11/ostream:518:5:[m[K [01;36m[Knote: [m[K  template argument deduction/substitution failed:
[01m[K/home/dev/ws/src/dynamic-box/my_rosbag_reader/cluster_node/src/cluster_node.cpp:57:18:[m[K [01;36m[Knote: [m[K  ‘[01m[Kstd::vector<Eigen::Matrix<double, 3, 1> >[m[K’ is not derived from ‘[01m[Kstd::basic_ostream<_Ch, _Tr>[m[K’
   57 |         cloud << [01;36m[Kmat[m[K, z_col;                 // append z as new column
      |                  [01;36m[K^~~[m[K
In file included from [01m[K/usr/include/c++/11/iostream:39[m[K,
                 from [01m[K/opt/ros/humble/include/rclcpp/rclcpp/executor.hpp:22[m[K,
                 from [01m[K/opt/ros/humble/include/rclcpp/rclcpp/executors/multi_threaded_executor.hpp:25[m[K,
                 from [01m[K/opt/ros/humble/include/rclcpp/rclcpp/executors.hpp:21[m[K,
                 from [01m[K/opt/ros/humble/include/rclcpp/rclcpp/rclcpp.hpp:155[m[K,
                 from [01m[K/home/dev/ws/src/dynamic-box/my_rosbag_reader/cluster_node/src/cluster_node.cpp:1[m[K:
[01m[K/usr/include/c++/11/ostream:524:5:[m[K [01;36m[Knote: [m[Kcandidate: ‘[01m[Ktemplate<class _Traits> std::basic_ostream<char, _Traits>& std::operator<<(std::basic_ostream<char, _Traits>&, char)[m[K’
  524 |     [01;36m[Koperator[m[K<<(basic_ostream<char, _Traits>& __out, char __c)
      |     [01;36m[K^~~~~~~~[m[K
[01m[K/usr/include/c++/11/ostream:524:5:[m[K [01;36m[Knote: [m[K  template argument deduction/substitution failed:
[01m[K/home/dev/ws/src/dynamic-box/my_rosbag_reader/cluster_node/src/cluster_node.cpp:57:18:[m[K [01;36m[Knote: [m[K  ‘[01m[Kstd::vector<Eigen::Matrix<double, 3, 1> >[m[K’ is not derived from ‘[01m[Kstd::basic_ostream<char, _Traits>[m[K’
   57 |         cloud << [01;36m[Kmat[m[K, z_col;                 // append z as new column
      |                  [01;36m[K^~~[m[K
In file included from [01m[K/usr/include/c++/11/iostream:39[m[K,
                 from [01m[K/opt/ros/humble/include/rclcpp/rclcpp/executor.hpp:22[m[K,
                 from [01m[K/opt/ros/humble/include/rclcpp/rclcpp/executors/multi_threaded_executor.hpp:25[m[K,
                 from [01m[K/opt/ros/humble/include/rclcpp/rclcpp/executors.hpp:21[m[K,
                 from [01m[K/opt/ros/humble/include/rclcpp/rclcpp/rclcpp.hpp:155[m[K,
                 from [01m[K/home/dev/ws/src/dynamic-box/my_rosbag_reader/cluster_node/src/cluster_node.cpp:1[m[K:
[01m[K/usr/include/c++/11/ostream:530:5:[m[K [01;36m[Knote: [m[Kcandidate: ‘[01m[Ktemplate<class _Traits> std::basic_ostream<char, _Traits>& std::operator<<(std::basic_ostream<char, _Traits>&, signed char)[m[K’
  530 |     [01;36m[Koperator[m[K<<(basic_ostream<char, _Traits>& __out, signed char __c)
      |     [01;36m[K^~~~~~~~[m[K
[01m[K/usr/include/c++/11/ostream:530:5:[m[K [01;36m[Knote: [m[K  template argument deduction/substitution failed:
[01m[K/home/dev/ws/src/dynamic-box/my_rosbag_reader/cluster_node/src/cluster_node.cpp:57:18:[m[K [01;36m[Knote: [m[K  ‘[01m[Kstd::vector<Eigen::Matrix<double, 3, 1> >[m[K’ is not derived from ‘[01m[Kstd::basic_ostream<char, _Traits>[m[K’
   57 |         cloud << [01;36m[Kmat[m[K, z_col;                 // append z as new column
      |                  [01;36m[K^~~[m[K
In file included from [01m[K/usr/include/c++/11/iostream:39[m[K,
                 from [01m[K/opt/ros/humble/include/rclcpp/rclcpp/executor.hpp:22[m[K,
                 from [01m[K/opt/ros/humble/include/rclcpp/rclcpp/executors/multi_threaded_executor.hpp:25[m[K,
                 from [01m[K/opt/ros/humble/include/rclcpp/rclcpp/executors.hpp:21[m[K,
                 from [01m[K/opt/ros/humble/include/rclcpp/rclcpp/rclcpp.hpp:155[m[K,
                 from [01m[K/home/dev/ws/src/dynamic-box/my_rosbag_reader/cluster_node/src/cluster_node.cpp:1[m[K:
[01m[K/usr/include/c++/11/ostream:535:5:[m[K [01;36m[Knote: [m[Kcandidate: ‘[01m[Ktemplate<class _Traits> std::basic_ostream<char, _Traits>& std::operator<<(std::basic_ostream<char, _Traits>&, unsigned char)[m[K’
  535 |     [01;36m[Koperator[m[K<<(basic_ostream<char, _Traits>& __out, unsigned char __c)
      |     [01;36m[K^~~~~~~~[m[K
[01m[K/usr/include/c++/11/ostream:535:5:[m[K [01;36m[Knote: [m[K  template argument deduction/substitution failed:
[01m[K/home/dev/ws/src/dynamic-box/my_rosbag_reader/cluster_node/src/cluster_node.cpp:57:18:[m[K [01;36m[Knote: [m[K  ‘[01m[Kstd::vector<Eigen::Matrix<double, 3, 1> >[m[K’ is not derived from ‘[01m[Kstd::basic_ostream<char, _Traits>[m[K’
   57 |         cloud << [01;36m[Kmat[m[K, z_col;                 // append z as new column
      |                  [01;36m[K^~~[m[K
In file included from [01m[K/usr/include/c++/11/iostream:39[m[K,
                 from [01m[K/opt/ros/humble/include/rclcpp/rclcpp/executor.hpp:22[m[K,
                 from [01m[K/opt/ros/humble/include/rclcpp/rclcpp/executors/multi_threaded_executor.hpp:25[m[K,
                 from [01m[K/opt/ros/humble/include/rclcpp/rclcpp/executors.hpp:21[m[K,
                 from [01m[K/opt/ros/humble/include/rclcpp/rclcpp/rclcpp.hpp:155[m[K,
                 from [01m[K/home/dev/ws/src/dynamic-box/my_rosbag_reader/cluster_node/src/cluster_node.cpp:1[m[K:
[01m[K/usr/include/c++/11/ostream:594:5:[m[K [01;36m[Knote: [m[Kcandidate: ‘[01m[Ktemplate<class _CharT, class _Traits> std::basic_ostream<_Ch, _Tr>& std::operator<<(std::basic_ostream<_Ch, _Tr>&, const _CharT*)[m[K’
  594 |     [01;36m[Koperator[m[K<<(basic_ostream<_CharT, _Traits>& __out, const _CharT* __s)
      |     [01;36m[K^~~~~~~~[m[K
[01m[K/usr/include/c++/11/ostream:594:5:[m[K [01;36m[Knote: [m[K  template argument deduction/substitution failed:
[01m[K/home/dev/ws/src/dynamic-box/my_rosbag_reader/cluster_node/src/cluster_node.cpp:57:18:[m[K [01;36m[Knote: [m[K  ‘[01m[Kstd::vector<Eigen::Matrix<double, 3, 1> >[m[K’ is not derived from ‘[01m[Kstd::basic_ostream<_Ch, _Tr>[m[K’
   57 |         cloud << [01;36m[Kmat[m[K, z_col;                 // append z as new column
      |                  [01;36m[K^~~[m[K
In file included from [01m[K/usr/include/c++/11/ostream:829[m[K,
                 from [01m[K/usr/include/c++/11/iostream:39[m[K,
                 from [01m[K/opt/ros/humble/include/rclcpp/rclcpp/executor.hpp:22[m[K,
                 from [01m[K/opt/ros/humble/include/rclcpp/rclcpp/executors/multi_threaded_executor.hpp:25[m[K,
                 from [01m[K/opt/ros/humble/include/rclcpp/rclcpp/executors.hpp:21[m[K,
                 from [01m[K/opt/ros/humble/include/rclcpp/rclcpp/rclcpp.hpp:155[m[K,
                 from [01m[K/home/dev/ws/src/dynamic-box/my_rosbag_reader/cluster_node/src/cluster_node.cpp:1[m[K:
[01m[K/usr/include/c++/11/bits/ostream.tcc:321:5:[m[K [01;36m[Knote: [m[Kcandidate: ‘[01m[Ktemplate<class _CharT, class _Traits> std::basic_ostream<_Ch, _Tr>& std::operator<<(std::basic_ostream<_Ch, _Tr>&, const char*)[m[K’
  321 |     [01;36m[Koperator[m[K<<(basic_ostream<_CharT, _Traits>& __out, const char* __s)
      |     [01;36m[K^~~~~~~~[m[K
[01m[K/usr/include/c++/11/bits/ostream.tcc:321:5:[m[K [01;36m[Knote: [m[K  template argument deduction/substitution failed:
[01m[K/home/dev/ws/src/dynamic-box/my_rosbag_reader/cluster_node/src/cluster_node.cpp:57:18:[m[K [01;36m[Knote: [m[K  ‘[01m[Kstd::vector<Eigen::Matrix<double, 3, 1> >[m[K’ is not derived from ‘[01m[Kstd::basic_ostream<_Ch, _Tr>[m[K’
   57 |         cloud << [01;36m[Kmat[m[K, z_col;                 // append z as new column
      |                  [01;36m[K^~~[m[K
In file included from [01m[K/usr/include/c++/11/iostream:39[m[K,
                 from [01m[K/opt/ros/humble/include/rclcpp/rclcpp/executor.hpp:22[m[K,
                 from [01m[K/opt/ros/humble/include/rclcpp/rclcpp/executors/multi_threaded_executor.hpp:25[m[K,
                 from [01m[K/opt/ros/humble/include/rclcpp/rclcpp/executors.hpp:21[m[K,
                 from [01m[K/opt/ros/humble/include/rclcpp/rclcpp/rclcpp.hpp:155[m[K,
                 from [01m[K/home/dev/ws/src/dynamic-box/my_rosbag_reader/cluster_node/src/cluster_node.cpp:1[m[K:
[01m[K/usr/include/c++/11/ostream:611:5:[m[K [01;36m[Knote: [m[Kcandidate: ‘[01m[Ktemplate<class _Traits> std::basic_ostream<char, _Traits>& std::operator<<(std::basic_ostream<char, _Traits>&, const char*)[m[K’
  611 |     [01;36m[Koperator[m[K<<(basic_ostream<char, _Traits>& __out, const char* __s)
      |     [01;36m[K^~~~~~~~[m[K
[01m[K/usr/include/c++/11/ostream:611:5:[m[K [01;36m[Knote: [m[K  template argument deduction/substitution failed:
[01m[K/home/dev/ws/src/dynamic-box/my_rosbag_reader/cluster_node/src/cluster_node.cpp:57:18:[m[K [01;36m[Knote: [m[K  ‘[01m[Kstd::vector<Eigen::Matrix<double, 3, 1> >[m[K’ is not derived from ‘[01m[Kstd::basic_ostream<char, _Traits>[m[K’
   57 |         cloud << [01;36m[Kmat[m[K, z_col;                 // append z as new column
      |                  [01;36m[K^~~[m[K
In file included from [01m[K/usr/include/c++/11/iostream:39[m[K,
                 from [01m[K/opt/ros/humble/include/rclcpp/rclcpp/executor.hpp:22[m[K,
                 from [01m[K/opt/ros/humble/include/rclcpp/rclcpp/executors/multi_threaded_executor.hpp:25[m[K,
                 from [01m[K/opt/ros/humble/include/rclcpp/rclcpp/executors.hpp:21[m[K,
                 from [01m[K/opt/ros/humble/include/rclcpp/rclcpp/rclcpp.hpp:155[m[K,
                 from [01m[K/home/dev/ws/src/dynamic-box/my_rosbag_reader/cluster_node/src/cluster_node.cpp:1[m[K:
[01m[K/usr/include/c++/11/ostream:624:5:[m[K [01;36m[Knote: [m[Kcandidate: ‘[01m[Ktemplate<class _Traits> std::basic_ostream<char, _Traits>& std::operator<<(std::basic_ostream<char, _Traits>&, const signed char*)[m[K’
  624 |     [01;36m[Koperator[m[K<<(basic_ostream<char, _Traits>& __out, const signed char* __s)
      |     [01;36m[K^~~~~~~~[m[K
[01m[K/usr/include/c++/11/ostream:624:5:[m[K [01;36m[Knote: [m[K  template argument deduction/substitution failed:
[01m[K/home/dev/ws/src/dynamic-box/my_rosbag_reader/cluster_node/src/cluster_node.cpp:57:18:[m[K [01;36m[Knote: [m[K  ‘[01m[Kstd::vector<Eigen::Matrix<double, 3, 1> >[m[K’ is not derived from ‘[01m[Kstd::basic_ostream<char, _Traits>[m[K’
   57 |         cloud << [01;36m[Kmat[m[K, z_col;                 // append z as new column
      |                  [01;36m[K^~~[m[K
In file included from [01m[K/usr/include/c++/11/iostream:39[m[K,
                 from [01m[K/opt/ros/humble/include/rclcpp/rclcpp/executor.hpp:22[m[K,
                 from [01m[K/opt/ros/humble/include/rclcpp/rclcpp/executors/multi_threaded_executor.hpp:25[m[K,
                 from [01m[K/opt/ros/humble/include/rclcpp/rclcpp/executors.hpp:21[m[K,
                 from [01m[K/opt/ros/humble/include/rclcpp/rclcpp/rclcpp.hpp:155[m[K,
                 from [01m[K/home/dev/ws/src/dynamic-box/my_rosbag_reader/cluster_node/src/cluster_node.cpp:1[m[K:
[01m[K/usr/include/c++/11/ostream:629:5:[m[K [01;36m[Knote: [m[Kcandidate: ‘[01m[Ktemplate<class _Traits> std::basic_ostream<char, _Traits>& std::operator<<(std::basic_ostream<char, _Traits>&, const unsigned char*)[m[K’
  629 |     [01;36m[Koperator[m[K<<(basic_ostream<char, _Traits>& __out, const unsigned char* __s)
      |     [01;36m[K^~~~~~~~[m[K
[01m[K/usr/include/c++/11/ostream:629:5:[m[K [01;36m[Knote: [m[K  template argument deduction/substitution failed:
[01m[K/home/dev/ws/src/dynamic-box/my_rosbag_reader/cluster_node/src/cluster_node.cpp:57:18:[m[K [01;36m[Knote: [m[K  ‘[01m[Kstd::vector<Eigen::Matrix<double, 3, 1> >[m[K’ is not derived from ‘[01m[Kstd::basic_ostream<char, _Traits>[m[K’
   57 |         cloud << [01;36m[Kmat[m[K, z_col;                 // append z as new column
      |                  [01;36m[K^~~[m[K
In file included from [01m[K/usr/include/c++/11/iostream:39[m[K,
                 from [01m[K/opt/ros/humble/include/rclcpp/rclcpp/executor.hpp:22[m[K,
                 from [01m[K/opt/ros/humble/include/rclcpp/rclcpp/executors/multi_threaded_executor.hpp:25[m[K,
                 from [01m[K/opt/ros/humble/include/rclcpp/rclcpp/executors.hpp:21[m[K,
                 from [01m[K/opt/ros/humble/include/rclcpp/rclcpp/rclcpp.hpp:155[m[K,
                 from [01m[K/home/dev/ws/src/dynamic-box/my_rosbag_reader/cluster_node/src/cluster_node.cpp:1[m[K:
[01m[K/usr/include/c++/11/ostream:750:5:[m[K [01;36m[Knote: [m[Kcandidate: ‘[01m[Ktemplate<class _Ostream, class _Tp> _Ostream&& std::operator<<(_Ostream&&, const _Tp&)[m[K’
  750 |     [01;36m[Koperator[m[K<<(_Ostream&& __os, const _Tp& __x)
      |     [01;36m[K^~~~~~~~[m[K
[01m[K/usr/include/c++/11/ostream:750:5:[m[K [01;36m[Knote: [m[K  template argument deduction/substitution failed:
/usr/include/c++/11/ostream: In substitution of ‘[01m[Ktemplate<class _Ostream, class _Tp> _Ostream&& std::operator<<(_Ostream&&, const _Tp&) [with _Ostream = std::vector<Eigen::Matrix<double, 3, 1> >&; _Tp = Eigen::Matrix<double, -1, -1>][m[K’:
[01m[K/home/dev/ws/src/dynamic-box/my_rosbag_reader/cluster_node/src/cluster_node.cpp:57:18:[m[K   required from here
[01m[K/usr/include/c++/11/ostream:750:5:[m[K [01;31m[Kerror: [m[Kno type named ‘[01m[Ktype[m[K’ in ‘[01m[Kstruct std::enable_if<false, void>[m[K’
In file included from [01m[K/opt/ros/humble/include/rosidl_runtime_cpp/rosidl_runtime_cpp/traits.hpp:19[m[K,
                 from [01m[K/opt/ros/humble/include/builtin_interfaces/builtin_interfaces/msg/detail/duration__traits.hpp:15[m[K,
                 from [01m[K/opt/ros/humble/include/builtin_interfaces/builtin_interfaces/msg/duration.hpp:9[m[K,
                 from [01m[K/opt/ros/humble/include/rclcpp/rclcpp/duration.hpp:20[m[K,
                 from [01m[K/opt/ros/humble/include/rclcpp/rclcpp/qos.hpp:20[m[K,
                 from [01m[K/opt/ros/humble/include/rclcpp/rclcpp/node_interfaces/node_graph_interface.hpp:32[m[K,
                 from [01m[K/opt/ros/humble/include/rclcpp/rclcpp/client.hpp:42[m[K,
                 from [01m[K/opt/ros/humble/include/rclcpp/rclcpp/callback_group.hpp:24[m[K,
                 from [01m[K/opt/ros/humble/include/rclcpp/rclcpp/any_executable.hpp:20[m[K,
                 from [01m[K/opt/ros/humble/include/rclcpp/rclcpp/memory_strategy.hpp:25[m[K,
                 from [01m[K/opt/ros/humble/include/rclcpp/rclcpp/memory_strategies.hpp:18[m[K,
                 from [01m[K/opt/ros/humble/include/rclcpp/rclcpp/executor_options.hpp:20[m[K,
                 from [01m[K/opt/ros/humble/include/rclcpp/rclcpp/executor.hpp:37[m[K,
                 from [01m[K/opt/ros/humble/include/rclcpp/rclcpp/executors/multi_threaded_executor.hpp:25[m[K,
                 from [01m[K/opt/ros/humble/include/rclcpp/rclcpp/executors.hpp:21[m[K,
                 from [01m[K/opt/ros/humble/include/rclcpp/rclcpp/rclcpp.hpp:155[m[K,
                 from [01m[K/home/dev/ws/src/dynamic-box/my_rosbag_reader/cluster_node/src/cluster_node.cpp:1[m[K:
[01m[K/usr/include/c++/11/iomanip:79:5:[m[K [01;36m[Knote: [m[Kcandidate: ‘[01m[Ktemplate<class _CharT, class _Traits> std::basic_ostream<_Ch, _Tr>& std::operator<<(std::basic_ostream<_Ch, _Tr>&, std::_Resetiosflags)[m[K’
   79 |     [01;36m[Koperator[m[K<<(basic_ostream<_CharT, _Traits>& __os, _Resetiosflags __f)
      |     [01;36m[K^~~~~~~~[m[K
[01m[K/usr/include/c++/11/iomanip:79:5:[m[K [01;36m[Knote: [m[K  template argument deduction/substitution failed:
[01m[K/home/dev/ws/src/dynamic-box/my_rosbag_reader/cluster_node/src/cluster_node.cpp:57:18:[m[K [01;36m[Knote: [m[K  ‘[01m[Kstd::vector<Eigen::Matrix<double, 3, 1> >[m[K’ is not derived from ‘[01m[Kstd::basic_ostream<_Ch, _Tr>[m[K’
   57 |         cloud << [01;36m[Kmat[m[K, z_col;                 // append z as new column
      |                  [01;36m[K^~~[m[K
In file included from [01m[K/opt/ros/humble/include/rosidl_runtime_cpp/rosidl_runtime_cpp/traits.hpp:19[m[K,
                 from [01m[K/opt/ros/humble/include/builtin_interfaces/builtin_interfaces/msg/detail/duration__traits.hpp:15[m[K,
                 from [01m[K/opt/ros/humble/include/builtin_interfaces/builtin_interfaces/msg/duration.hpp:9[m[K,
                 from [01m[K/opt/ros/humble/include/rclcpp/rclcpp/duration.hpp:20[m[K,
                 from [01m[K/opt/ros/humble/include/rclcpp/rclcpp/qos.hpp:20[m[K,
                 from [01m[K/opt/ros/humble/include/rclcpp/rclcpp/node_interfaces/node_graph_interface.hpp:32[m[K,
                 from [01m[K/opt/ros/humble/include/rclcpp/rclcpp/client.hpp:42[m[K,
                 from [01m[K/opt/ros/humble/include/rclcpp/rclcpp/callback_group.hpp:24[m[K,
                 from [01m[K/opt/ros/humble/include/rclcpp/rclcpp/any_executable.hpp:20[m[K,
                 from [01m[K/opt/ros/humble/include/rclcpp/rclcpp/memory_strategy.hpp:25[m[K,
                 from [01m[K/opt/ros/humble/include/rclcpp/rclcpp/memory_strategies.hpp:18[m[K,
                 from [01m[K/opt/ros/humble/include/rclcpp/rclcpp/executor_options.hpp:20[m[K,
                 from [01m[K/opt/ros/humble/include/rclcpp/rclcpp/executor.hpp:37[m[K,
                 from [01m[K/opt/ros/humble/include/rclcpp/rclcpp/executors/multi_threaded_executor.hpp:25[m[K,
                 from [01m[K/opt/ros/humble/include/rclcpp/rclcpp/executors.hpp:21[m[K,
                 from [01m[K/opt/ros/humble/include/rclcpp/rclcpp/rclcpp.hpp:155[m[K,
                 from [01m[K/home/dev/ws/src/dynamic-box/my_rosbag_reader/cluster_node/src/cluster_node.cpp:1[m[K:
[01m[K/usr/include/c++/11/iomanip:109:5:[m[K [01;36m[Knote: [m[Kcandidate: ‘[01m[Ktemplate<class _CharT, class _Traits> std::basic_ostream<_Ch, _Tr>& std::operator<<(std::basic_ostream<_Ch, _Tr>&, std::_Setiosflags)[m[K’
  109 |     [01;36m[Koperator[m[K<<(basic_ostream<_CharT, _Traits>& __os, _Setiosflags __f)
      |     [01;36m[K^~~~~~~~[m[K
[01m[K/usr/include/c++/11/iomanip:109:5:[m[K [01;36m[Knote: [m[K  template argument deduction/substitution failed:
[01m[K/home/dev/ws/src/dynamic-box/my_rosbag_reader/cluster_node/src/cluster_node.cpp:57:18:[m[K [01;36m[Knote: [m[K  ‘[01m[Kstd::vector<Eigen::Matrix<double, 3, 1> >[m[K’ is not derived from ‘[01m[Kstd::basic_ostream<_Ch, _Tr>[m[K’
   57 |         cloud << [01;36m[Kmat[m[K, z_col;                 // append z as new column
      |                  [01;36m[K^~~[m[K
In file included from [01m[K/opt/ros/humble/include/rosidl_runtime_cpp/rosidl_runtime_cpp/traits.hpp:19[m[K,
                 from [01m[K/opt/ros/humble/include/builtin_interfaces/builtin_interfaces/msg/detail/duration__traits.hpp:15[m[K,
                 from [01m[K/opt/ros/humble/include/builtin_interfaces/builtin_interfaces/msg/duration.hpp:9[m[K,
                 from [01m[K/opt/ros/humble/include/rclcpp/rclcpp/duration.hpp:20[m[K,
                 from [01m[K/opt/ros/humble/include/rclcpp/rclcpp/qos.hpp:20[m[K,
                 from [01m[K/opt/ros/humble/include/rclcpp/rclcpp/node_interfaces/node_graph_interface.hpp:32[m[K,
                 from [01m[K/opt/ros/humble/include/rclcpp/rclcpp/client.hpp:42[m[K,
                 from [01m[K/opt/ros/humble/include/rclcpp/rclcpp/callback_group.hpp:24[m[K,
                 from [01m[K/opt/ros/humble/include/rclcpp/rclcpp/any_executable.hpp:20[m[K,
                 from [01m[K/opt/ros/humble/include/rclcpp/rclcpp/memory_strategy.hpp:25[m[K,
                 from [01m[K/opt/ros/humble/include/rclcpp/rclcpp/memory_strategies.hpp:18[m[K,
                 from [01m[K/opt/ros/humble/include/rclcpp/rclcpp/executor_options.hpp:20[m[K,
                 from [01m[K/opt/ros/humble/include/rclcpp/rclcpp/executor.hpp:37[m[K,
                 from [01m[K/opt/ros/humble/include/rclcpp/rclcpp/executors/multi_threaded_executor.hpp:25[m[K,
                 from [01m[K/opt/ros/humble/include/rclcpp/rclcpp/executors.hpp:21[m[K,
                 from [01m[K/opt/ros/humble/include/rclcpp/rclcpp/rclcpp.hpp:155[m[K,
                 from [01m[K/home/dev/ws/src/dynamic-box/my_rosbag_reader/cluster_node/src/cluster_node.cpp:1[m[K:
[01m[K/usr/include/c++/11/iomanip:143:5:[m[K [01;36m[Knote: [m[Kcandidate: ‘[01m[Ktemplate<class _CharT, class _Traits> std::basic_ostream<_Ch, _Tr>& std::operator<<(std::basic_ostream<_Ch, _Tr>&, std::_Setbase)[m[K’
  143 |     [01;36m[Koperator[m[K<<(basic_ostream<_CharT, _Traits>& __os, _Setbase __f)
      |     [01;36m[K^~~~~~~~[m[K
[01m[K/usr/include/c++/11/iomanip:143:5:[m[K [01;36m[Knote: [m[K  template argument deduction/substitution failed:
[01m[K/home/dev/ws/src/dynamic-box/my_rosbag_reader/cluster_node/src/cluster_node.cpp:57:18:[m[K [01;36m[Knote: [m[K  ‘[01m[Kstd::vector<Eigen::Matrix<double, 3, 1> >[m[K’ is not derived from ‘[01m[Kstd::basic_ostream<_Ch, _Tr>[m[K’
   57 |         cloud << [01;36m[Kmat[m[K, z_col;                 // append z as new column
      |                  [01;36m[K^~~[m[K
In file included from [01m[K/opt/ros/humble/include/rosidl_runtime_cpp/rosidl_runtime_cpp/traits.hpp:19[m[K,
                 from [01m[K/opt/ros/humble/include/builtin_interfaces/builtin_interfaces/msg/detail/duration__traits.hpp:15[m[K,
                 from [01m[K/opt/ros/humble/include/builtin_interfaces/builtin_interfaces/msg/duration.hpp:9[m[K,
                 from [01m[K/opt/ros/humble/include/rclcpp/rclcpp/duration.hpp:20[m[K,
                 from [01m[K/opt/ros/humble/include/rclcpp/rclcpp/qos.hpp:20[m[K,
                 from [01m[K/opt/ros/humble/include/rclcpp/rclcpp/node_interfaces/node_graph_interface.hpp:32[m[K,
                 from [01m[K/opt/ros/humble/include/rclcpp/rclcpp/client.hpp:42[m[K,
                 from [01m[K/opt/ros/humble/include/rclcpp/rclcpp/callback_group.hpp:24[m[K,
                 from [01m[K/opt/ros/humble/include/rclcpp/rclcpp/any_executable.hpp:20[m[K,
                 from [01m[K/opt/ros/humble/include/rclcpp/rclcpp/memory_strategy.hpp:25[m[K,
                 from [01m[K/opt/ros/humble/include/rclcpp/rclcpp/memory_strategies.hpp:18[m[K,
                 from [01m[K/opt/ros/humble/include/rclcpp/rclcpp/executor_options.hpp:20[m[K,
                 from [01m[K/opt/ros/humble/include/rclcpp/rclcpp/executor.hpp:37[m[K,
                 from [01m[K/opt/ros/humble/include/rclcpp/rclcpp/executors/multi_threaded_executor.hpp:25[m[K,
                 from [01m[K/opt/ros/humble/include/rclcpp/rclcpp/executors.hpp:21[m[K,
                 from [01m[K/opt/ros/humble/include/rclcpp/rclcpp/rclcpp.hpp:155[m[K,
                 from [01m[K/home/dev/ws/src/dynamic-box/my_rosbag_reader/cluster_node/src/cluster_node.cpp:1[m[K:
[01m[K/usr/include/c++/11/iomanip:178:5:[m[K [01;36m[Knote: [m[Kcandidate: ‘[01m[Ktemplate<class _CharT, class _Traits> std::basic_ostream<_Ch, _Tr>& std::operator<<(std::basic_ostream<_Ch, _Tr>&, std::_Setfill<_CharT>)[m[K’
  178 |     [01;36m[Koperator[m[K<<(basic_ostream<_CharT, _Traits>& __os, _Setfill<_CharT> __f)
      |     [01;36m[K^~~~~~~~[m[K
[01m[K/usr/include/c++/11/iomanip:178:5:[m[K [01;36m[Knote: [m[K  template argument deduction/substitution failed:
[01m[K/home/dev/ws/src/dynamic-box/my_rosbag_reader/cluster_node/src/cluster_node.cpp:57:18:[m[K [01;36m[Knote: [m[K  ‘[01m[Kstd::vector<Eigen::Matrix<double, 3, 1> >[m[K’ is not derived from ‘[01m[Kstd::basic_ostream<_Ch, _Tr>[m[K’
   57 |         cloud << [01;36m[Kmat[m[K, z_col;                 // append z as new column
      |                  [01;36m[K^~~[m[K
In file included from [01m[K/opt/ros/humble/include/rosidl_runtime_cpp/rosidl_runtime_cpp/traits.hpp:19[m[K,
                 from [01m[K/opt/ros/humble/include/builtin_interfaces/builtin_interfaces/msg/detail/duration__traits.hpp:15[m[K,
                 from [01m[K/opt/ros/humble/include/builtin_interfaces/builtin_interfaces/msg/duration.hpp:9[m[K,
                 from [01m[K/opt/ros/humble/include/rclcpp/rclcpp/duration.hpp:20[m[K,
                 from [01m[K/opt/ros/humble/include/rclcpp/rclcpp/qos.hpp:20[m[K,
                 from [01m[K/opt/ros/humble/include/rclcpp/rclcpp/node_interfaces/node_graph_interface.hpp:32[m[K,
                 from [01m[K/opt/ros/humble/include/rclcpp/rclcpp/client.hpp:42[m[K,
                 from [01m[K/opt/ros/humble/include/rclcpp/rclcpp/callback_group.hpp:24[m[K,
                 from [01m[K/opt/ros/humble/include/rclcpp/rclcpp/any_executable.hpp:20[m[K,
                 from [01m[K/opt/ros/humble/include/rclcpp/rclcpp/memory_strategy.hpp:25[m[K,
                 from [01m[K/opt/ros/humble/include/rclcpp/rclcpp/memory_strategies.hpp:18[m[K,
                 from [01m[K/opt/ros/humble/include/rclcpp/rclcpp/executor_options.hpp:20[m[K,
                 from [01m[K/opt/ros/humble/include/rclcpp/rclcpp/executor.hpp:37[m[K,
                 from [01m[K/opt/ros/humble/include/rclcpp/rclcpp/executors/multi_threaded_executor.hpp:25[m[K,
                 from [01m[K/opt/ros/humble/include/rclcpp/rclcpp/executors.hpp:21[m[K,
                 from [01m[K/opt/ros/humble/include/rclcpp/rclcpp/rclcpp.hpp:155[m[K,
                 from [01m[K/home/dev/ws/src/dynamic-box/my_rosbag_reader/cluster_node/src/cluster_node.cpp:1[m[K:
[01m[K/usr/include/c++/11/iomanip:208:5:[m[K [01;36m[Knote: [m[Kcandidate: ‘[01m[Ktemplate<class _CharT, class _Traits> std::basic_ostream<_Ch, _Tr>& std::operator<<(std::basic_ostream<_Ch, _Tr>&, std::_Setprecision)[m[K’
  208 |     [01;36m[Koperator[m[K<<(basic_ostream<_CharT, _Traits>& __os, _Setprecision __f)
      |     [01;36m[K^~~~~~~~[m[K
[01m[K/usr/include/c++/11/iomanip:208:5:[m[K [01;36m[Knote: [m[K  template argument deduction/substitution failed:
[01m[K/home/dev/ws/src/dynamic-box/my_rosbag_reader/cluster_node/src/cluster_node.cpp:57:18:[m[K [01;36m[Knote: [m[K  ‘[01m[Kstd::vector<Eigen::Matrix<double, 3, 1> >[m[K’ is not derived from ‘[01m[Kstd::basic_ostream<_Ch, _Tr>[m[K’
   57 |         cloud << [01;36m[Kmat[m[K, z_col;                 // append z as new column
      |                  [01;36m[K^~~[m[K
In file included from [01m[K/opt/ros/humble/include/rosidl_runtime_cpp/rosidl_runtime_cpp/traits.hpp:19[m[K,
                 from [01m[K/opt/ros/humble/include/builtin_interfaces/builtin_interfaces/msg/detail/duration__traits.hpp:15[m[K,
                 from [01m[K/opt/ros/humble/include/builtin_interfaces/builtin_interfaces/msg/duration.hpp:9[m[K,
                 from [01m[K/opt/ros/humble/include/rclcpp/rclcpp/duration.hpp:20[m[K,
                 from [01m[K/opt/ros/humble/include/rclcpp/rclcpp/qos.hpp:20[m[K,
                 from [01m[K/opt/ros/humble/include/rclcpp/rclcpp/node_interfaces/node_graph_interface.hpp:32[m[K,
                 from [01m[K/opt/ros/humble/include/rclcpp/rclcpp/client.hpp:42[m[K,
                 from [01m[K/opt/ros/humble/include/rclcpp/rclcpp/callback_group.hpp:24[m[K,
                 from [01m[K/opt/ros/humble/include/rclcpp/rclcpp/any_executable.hpp:20[m[K,
                 from [01m[K/opt/ros/humble/include/rclcpp/rclcpp/memory_strategy.hpp:25[m[K,
                 from [01m[K/opt/ros/humble/include/rclcpp/rclcpp/memory_strategies.hpp:18[m[K,
                 from [01m[K/opt/ros/humble/include/rclcpp/rclcpp/executor_options.hpp:20[m[K,
                 from [01m[K/opt/ros/humble/include/rclcpp/rclcpp/executor.hpp:37[m[K,
                 from [01m[K/opt/ros/humble/include/rclcpp/rclcpp/executors/multi_threaded_executor.hpp:25[m[K,
                 from [01m[K/opt/ros/humble/include/rclcpp/rclcpp/executors.hpp:21[m[K,
                 from [01m[K/opt/ros/humble/include/rclcpp/rclcpp/rclcpp.hpp:155[m[K,
                 from [01m[K/home/dev/ws/src/dynamic-box/my_rosbag_reader/cluster_node/src/cluster_node.cpp:1[m[K:
[01m[K/usr/include/c++/11/iomanip:238:5:[m[K [01;36m[Knote: [m[Kcandidate: ‘[01m[Ktemplate<class _CharT, class _Traits> std::basic_ostream<_Ch, _Tr>& std::operator<<(std::basic_ostream<_Ch, _Tr>&, std::_Setw)[m[K’
  238 |     [01;36m[Koperator[m[K<<(basic_ostream<_CharT, _Traits>& __os, _Setw __f)
      |     [01;36m[K^~~~~~~~[m[K
[01m[K/usr/include/c++/11/iomanip:238:5:[m[K [01;36m[Knote: [m[K  template argument deduction/substitution failed:
[01m[K/home/dev/ws/src/dynamic-box/my_rosbag_reader/cluster_node/src/cluster_node.cpp:57:18:[m[K [01;36m[Knote: [m[K  ‘[01m[Kstd::vector<Eigen::Matrix<double, 3, 1> >[m[K’ is not derived from ‘[01m[Kstd::basic_ostream<_Ch, _Tr>[m[K’
   57 |         cloud << [01;36m[Kmat[m[K, z_col;                 // append z as new column
      |                  [01;36m[K^~~[m[K
In file included from [01m[K/opt/ros/humble/include/rosidl_runtime_cpp/rosidl_runtime_cpp/traits.hpp:19[m[K,
                 from [01m[K/opt/ros/humble/include/builtin_interfaces/builtin_interfaces/msg/detail/duration__traits.hpp:15[m[K,
                 from [01m[K/opt/ros/humble/include/builtin_interfaces/builtin_interfaces/msg/duration.hpp:9[m[K,
                 from [01m[K/opt/ros/humble/include/rclcpp/rclcpp/duration.hpp:20[m[K,
                 from [01m[K/opt/ros/humble/include/rclcpp/rclcpp/qos.hpp:20[m[K,
                 from [01m[K/opt/ros/humble/include/rclcpp/rclcpp/node_interfaces/node_graph_interface.hpp:32[m[K,
                 from [01m[K/opt/ros/humble/include/rclcpp/rclcpp/client.hpp:42[m[K,
                 from [01m[K/opt/ros/humble/include/rclcpp/rclcpp/callback_group.hpp:24[m[K,
                 from [01m[K/opt/ros/humble/include/rclcpp/rclcpp/any_executable.hpp:20[m[K,
                 from [01m[K/opt/ros/humble/include/rclcpp/rclcpp/memory_strategy.hpp:25[m[K,
                 from [01m[K/opt/ros/humble/include/rclcpp/rclcpp/memory_strategies.hpp:18[m[K,
                 from [01m[K/opt/ros/humble/include/rclcpp/rclcpp/executor_options.hpp:20[m[K,
                 from [01m[K/opt/ros/humble/include/rclcpp/rclcpp/executor.hpp:37[m[K,
                 from [01m[K/opt/ros/humble/include/rclcpp/rclcpp/executors/multi_threaded_executor.hpp:25[m[K,
                 from [01m[K/opt/ros/humble/include/rclcpp/rclcpp/executors.hpp:21[m[K,
                 from [01m[K/opt/ros/humble/include/rclcpp/rclcpp/rclcpp.hpp:155[m[K,
                 from [01m[K/home/dev/ws/src/dynamic-box/my_rosbag_reader/cluster_node/src/cluster_node.cpp:1[m[K:
[01m[K/usr/include/c++/11/iomanip:311:5:[m[K [01;36m[Knote: [m[Kcandidate: ‘[01m[Ktemplate<class _CharT, class _Traits, class _MoneyT> std::basic_ostream<_Ch, _Tr>& std::operator<<(std::basic_ostream<_Ch, _Tr>&, std::_Put_money<_MoneyT>)[m[K’
  311 |     [01;36m[Koperator[m[K<<(basic_ostream<_CharT, _Traits>& __os, _Put_money<_MoneyT> __f)
      |     [01;36m[K^~~~~~~~[m[K
[01m[K/usr/include/c++/11/iomanip:311:5:[m[K [01;36m[Knote: [m[K  template argument deduction/substitution failed:
[01m[K/home/dev/ws/src/dynamic-box/my_rosbag_reader/cluster_node/src/cluster_node.cpp:57:18:[m[K [01;36m[Knote: [m[K  ‘[01m[Kstd::vector<Eigen::Matrix<double, 3, 1> >[m[K’ is not derived from ‘[01m[Kstd::basic_ostream<_Ch, _Tr>[m[K’
   57 |         cloud << [01;36m[Kmat[m[K, z_col;                 // append z as new column
      |                  [01;36m[K^~~[m[K
In file included from [01m[K/opt/ros/humble/include/rosidl_runtime_cpp/rosidl_runtime_cpp/traits.hpp:19[m[K,
                 from [01m[K/opt/ros/humble/include/builtin_interfaces/builtin_interfaces/msg/detail/duration__traits.hpp:15[m[K,
                 from [01m[K/opt/ros/humble/include/builtin_interfaces/builtin_interfaces/msg/duration.hpp:9[m[K,
                 from [01m[K/opt/ros/humble/include/rclcpp/rclcpp/duration.hpp:20[m[K,
                 from [01m[K/opt/ros/humble/include/rclcpp/rclcpp/qos.hpp:20[m[K,
                 from [01m[K/opt/ros/humble/include/rclcpp/rclcpp/node_interfaces/node_graph_interface.hpp:32[m[K,
                 from [01m[K/opt/ros/humble/include/rclcpp/rclcpp/client.hpp:42[m[K,
                 from [01m[K/opt/ros/humble/include/rclcpp/rclcpp/callback_group.hpp:24[m[K,
                 from [01m[K/opt/ros/humble/include/rclcpp/rclcpp/any_executable.hpp:20[m[K,
                 from [01m[K/opt/ros/humble/include/rclcpp/rclcpp/memory_strategy.hpp:25[m[K,
                 from [01m[K/opt/ros/humble/include/rclcpp/rclcpp/memory_strategies.hpp:18[m[K,
                 from [01m[K/opt/ros/humble/include/rclcpp/rclcpp/executor_options.hpp:20[m[K,
                 from [01m[K/opt/ros/humble/include/rclcpp/rclcpp/executor.hpp:37[m[K,
                 from [01m[K/opt/ros/humble/include/rclcpp/rclcpp/executors/multi_threaded_executor.hpp:25[m[K,
                 from [01m[K/opt/ros/humble/include/rclcpp/rclcpp/executors.hpp:21[m[K,
                 from [01m[K/opt/ros/humble/include/rclcpp/rclcpp/rclcpp.hpp:155[m[K,
                 from [01m[K/home/dev/ws/src/dynamic-box/my_rosbag_reader/cluster_node/src/cluster_node.cpp:1[m[K:
[01m[K/usr/include/c++/11/iomanip:363:5:[m[K [01;36m[Knote: [m[Kcandidate: ‘[01m[Ktemplate<class _CharT, class _Traits> std::basic_ostream<_Ch, _Tr>& std::operator<<(std::basic_ostream<_Ch, _Tr>&, std::_Put_time<_CharT>)[m[K’
  363 |     [01;36m[Koperator[m[K<<(basic_ostream<_CharT, _Traits>& __os, _Put_time<_CharT> __f)
      |     [01;36m[K^~~~~~~~[m[K
[01m[K/usr/include/c++/11/iomanip:363:5:[m[K [01;36m[Knote: [m[K  template argument deduction/substitution failed:
[01m[K/home/dev/ws/src/dynamic-box/my_rosbag_reader/cluster_node/src/cluster_node.cpp:57:18:[m[K [01;36m[Knote: [m[K  ‘[01m[Kstd::vector<Eigen::Matrix<double, 3, 1> >[m[K’ is not derived from ‘[01m[Kstd::basic_ostream<_Ch, _Tr>[m[K’
   57 |         cloud << [01;36m[Kmat[m[K, z_col;                 // append z as new column
      |                  [01;36m[K^~~[m[K
In file included from [01m[K/usr/include/eigen3/Eigen/Core:50[m[K,
                 from [01m[K/usr/include/eigen3/Eigen/Dense:1[m[K,
                 from [01m[K/home/dev/ws/src/dynamic-box/my_rosbag_reader/cluster_node/src/cluster_node.cpp:4[m[K:
[01m[K/usr/include/c++/11/complex:555:5:[m[K [01;36m[Knote: [m[Kcandidate: ‘[01m[Ktemplate<class _Tp, class _CharT, class _Traits> std::basic_ostream<_CharT, _Traits>& std::operator<<(std::basic_ostream<_CharT, _Traits>&, const std::complex<_Tp>&)[m[K’
  555 |     [01;36m[Koperator[m[K<<(basic_ostream<_CharT, _Traits>& __os, const complex<_Tp>& __x)
      |     [01;36m[K^~~~~~~~[m[K
[01m[K/usr/include/c++/11/complex:555:5:[m[K [01;36m[Knote: [m[K  template argument deduction/substitution failed:
[01m[K/home/dev/ws/src/dynamic-box/my_rosbag_reader/cluster_node/src/cluster_node.cpp:57:18:[m[K [01;36m[Knote: [m[K  ‘[01m[Kstd::vector<Eigen::Matrix<double, 3, 1> >[m[K’ is not derived from ‘[01m[Kstd::basic_ostream<_CharT, _Traits>[m[K’
   57 |         cloud << [01;36m[Kmat[m[K, z_col;                 // append z as new column
      |                  [01;36m[K^~~[m[K
In file included from [01m[K/usr/include/eigen3/Eigen/Core:81[m[K,
                 from [01m[K/usr/include/eigen3/Eigen/Dense:1[m[K,
                 from [01m[K/home/dev/ws/src/dynamic-box/my_rosbag_reader/cluster_node/src/cluster_node.cpp:4[m[K:
[01m[K/usr/include/c++/11/cstddef:126:5:[m[K [01;36m[Knote: [m[Kcandidate: ‘[01m[Ktemplate<class _IntegerType> constexpr std::__byte_op_t<_IntegerType> std::operator<<(std::byte, _IntegerType)[m[K’
  126 |     [01;36m[Koperator[m[K<<(byte __b, _IntegerType __shift) noexcept
      |     [01;36m[K^~~~~~~~[m[K
[01m[K/usr/include/c++/11/cstddef:126:5:[m[K [01;36m[Knote: [m[K  template argument deduction/substitution failed:
[01m[K/home/dev/ws/src/dynamic-box/my_rosbag_reader/cluster_node/src/cluster_node.cpp:57:9:[m[K [01;36m[Knote: [m[K  cannot convert ‘[01m[Kcloud[m[K’ (type ‘[01m[Kstd::vector<Eigen::Matrix<double, 3, 1> >[m[K’) to type ‘[01m[Kstd::byte[m[K’
   57 |         [01;36m[Kcloud[m[K << mat, z_col;                 // append z as new column
      |         [01;36m[K^~~~~[m[K
In file included from [01m[K/usr/include/pcl-1.12/pcl/point_types.h:42[m[K,
                 from [01m[K/usr/include/pcl-1.12/pcl/common/impl/copy_point.hpp:40[m[K,
                 from [01m[K/usr/include/pcl-1.12/pcl/common/copy_point.h:58[m[K,
                 from [01m[K/usr/include/pcl-1.12/pcl/common/impl/io.hpp:45[m[K,
                 from [01m[K/usr/include/pcl-1.12/pcl/common/io.h:538[m[K,
                 from [01m[K/usr/include/pcl-1.12/pcl/io/impl/pcd_io.hpp:48[m[K,
                 from [01m[K/usr/include/pcl-1.12/pcl/io/pcd_io.h:789[m[K,
                 from [01m[K/opt/ros/humble/include/pcl_conversions/pcl_conversions/pcl_conversions.h:73[m[K,
                 from [01m[K/home/dev/ws/src/dynamic-box/my_rosbag_reader/cluster_node/src/cluster_node.cpp:5[m[K:
[01m[K/usr/include/c++/11/bitset:1540:5:[m[K [01;36m[Knote: [m[Kcandidate: ‘[01m[Ktemplate<class _CharT, class _Traits, long unsigned int _Nb> std::basic_ostream<_Ch, _Tr>& std::operator<<(std::basic_ostream<_Ch, _Tr>&, const std::bitset<_Nb>&)[m[K’
 1540 |     [01;36m[Koperator[m[K<<(std::basic_ostream<_CharT, _Traits>& __os,
      |     [01;36m[K^~~~~~~~[m[K
[01m[K/usr/include/c++/11/bitset:1540:5:[m[K [01;36m[Knote: [m[K  template argument deduction/substitution failed:
[01m[K/home/dev/ws/src/dynamic-box/my_rosbag_reader/cluster_node/src/cluster_node.cpp:57:18:[m[K [01;36m[Knote: [m[K  ‘[01m[Kstd::vector<Eigen::Matrix<double, 3, 1> >[m[K’ is not derived from ‘[01m[Kstd::basic_ostream<_Ch, _Tr>[m[K’
   57 |         cloud << [01;36m[Kmat[m[K, z_col;                 // append z as new column
      |                  [01;36m[K^~~[m[K
In file included from [01m[K/usr/include/c++/11/random:49[m[K,
                 from [01m[K/usr/include/open3d/utility/Helper.h:32[m[K,
                 from [01m[K/usr/include/open3d/core/Device.h:31[m[K,
                 from [01m[K/usr/include/open3d/core/Blob.h:33[m[K,
                 from [01m[K/usr/include/open3d/Open3D.h:34[m[K,
                 from [01m[K/home/dev/ws/src/dynamic-box/my_rosbag_reader/cluster_node/src/cluster_node.cpp:12[m[K:
[01m[K/usr/include/c++/11/bits/random.h:1309:5:[m[K [01;36m[Knote: [m[Kcandidate: ‘[01m[Ktemplate<class _RandomNumberEngine, long unsigned int __w, class _UIntType, class _CharT, class _Traits> std::basic_ostream<_CharT, _Traits>& std::operator<<(std::basic_ostream<_CharT, _Traits>&, const std::independent_bits_engine<_RandomNumberEngine, __w, _UIntType>&)[m[K’
 1309 |     [01;36m[Koperator[m[K<<(std::basic_ostream<_CharT, _Traits>& __os,
      |     [01;36m[K^~~~~~~~[m[K
[01m[K/usr/include/c++/11/bits/random.h:1309:5:[m[K [01;36m[Knote: [m[K  template argument deduction/substitution failed:
[01m[K/home/dev/ws/src/dynamic-box/my_rosbag_reader/cluster_node/src/cluster_node.cpp:57:18:[m[K [01;36m[Knote: [m[K  ‘[01m[Kstd::vector<Eigen::Matrix<double, 3, 1> >[m[K’ is not derived from ‘[01m[Kstd::basic_ostream<_CharT, _Traits>[m[K’
   57 |         cloud << [01;36m[Kmat[m[K, z_col;                 // append z as new column
      |                  [01;36m[K^~~[m[K
In file included from [01m[K/usr/include/c++/11/random:51[m[K,
                 from [01m[K/usr/include/open3d/utility/Helper.h:32[m[K,
                 from [01m[K/usr/include/open3d/core/Device.h:31[m[K,
                 from [01m[K/usr/include/open3d/core/Blob.h:33[m[K,
                 from [01m[K/usr/include/open3d/Open3D.h:34[m[K,
                 from [01m[K/home/dev/ws/src/dynamic-box/my_rosbag_reader/cluster_node/src/cluster_node.cpp:12[m[K:
[01m[K/usr/include/c++/11/bits/random.tcc:901:5:[m[K [01;36m[Knote: [m[Kcandidate: ‘[01m[Ktemplate<class _IntType, class _CharT, class _Traits> std::basic_ostream<_CharT, _Traits>& std::operator<<(std::basic_ostream<_CharT, _Traits>&, const std::uniform_int_distribution<_IntType>&)[m[K’
  901 |     [01;36m[Koperator[m[K<<(std::basic_ostream<_CharT, _Traits>& __os,
      |     [01;36m[K^~~~~~~~[m[K
[01m[K/usr/include/c++/11/bits/random.tcc:901:5:[m[K [01;36m[Knote: [m[K  template argument deduction/substitution failed:
[01m[K/home/dev/ws/src/dynamic-box/my_rosbag_reader/cluster_node/src/cluster_node.cpp:57:18:[m[K [01;36m[Knote: [m[K  ‘[01m[Kstd::vector<Eigen::Matrix<double, 3, 1> >[m[K’ is not derived from ‘[01m[Kstd::basic_ostream<_CharT, _Traits>[m[K’
   57 |         cloud << [01;36m[Kmat[m[K, z_col;                 // append z as new column
      |                  [01;36m[K^~~[m[K
In file included from [01m[K/usr/include/c++/11/random:51[m[K,
                 from [01m[K/usr/include/open3d/utility/Helper.h:32[m[K,
                 from [01m[K/usr/include/open3d/core/Device.h:31[m[K,
                 from [01m[K/usr/include/open3d/core/Blob.h:33[m[K,
                 from [01m[K/usr/include/open3d/Open3D.h:34[m[K,
                 from [01m[K/home/dev/ws/src/dynamic-box/my_rosbag_reader/cluster_node/src/cluster_node.cpp:12[m[K:
[01m[K/usr/include/c++/11/bits/random.tcc:959:5:[m[K [01;36m[Knote: [m[Kcandidate: ‘[01m[Ktemplate<class _RealType, class _CharT, class _Traits> std::basic_ostream<_CharT, _Traits>& std::operator<<(std::basic_ostream<_CharT, _Traits>&, const std::uniform_real_distribution<_IntType>&)[m[K’
  959 |     [01;36m[Koperator[m[K<<(std::basic_ostream<_CharT, _Traits>& __os,
      |     [01;36m[K^~~~~~~~[m[K
[01m[K/usr/include/c++/11/bits/random.tcc:959:5:[m[K [01;36m[Knote: [m[K  template argument deduction/substitution failed:
[01m[K/home/dev/ws/src/dynamic-box/my_rosbag_reader/cluster_node/src/cluster_node.cpp:57:18:[m[K [01;36m[Knote: [m[K  ‘[01m[Kstd::vector<Eigen::Matrix<double, 3, 1> >[m[K’ is not derived from ‘[01m[Kstd::basic_ostream<_CharT, _Traits>[m[K’
   57 |         cloud << [01;36m[Kmat[m[K, z_col;                 // append z as new column
      |                  [01;36m[K^~~[m[K
In file included from [01m[K/usr/include/c++/11/random:51[m[K,
                 from [01m[K/usr/include/open3d/utility/Helper.h:32[m[K,
                 from [01m[K/usr/include/open3d/core/Device.h:31[m[K,
                 from [01m[K/usr/include/open3d/core/Blob.h:33[m[K,
                 from [01m[K/usr/include/open3d/Open3D.h:34[m[K,
                 from [01m[K/home/dev/ws/src/dynamic-box/my_rosbag_reader/cluster_node/src/cluster_node.cpp:12[m[K:
[01m[K/usr/include/c++/11/bits/random.tcc:2144:5:[m[K [01;36m[Knote: [m[Kcandidate: ‘[01m[Ktemplate<class _RealType, class _CharT, class _Traits> std::basic_ostream<_CharT, _Traits>& std::operator<<(std::basic_ostream<_CharT, _Traits>&, const std::cauchy_distribution<_RealType>&)[m[K’
 2144 |     [01;36m[Koperator[m[K<<(std::basic_ostream<_CharT, _Traits>& __os,
      |     [01;36m[K^~~~~~~~[m[K
[01m[K/usr/include/c++/11/bits/random.tcc:2144:5:[m[K [01;36m[Knote: [m[K  template argument deduction/substitution failed:
[01m[K/home/dev/ws/src/dynamic-box/my_rosbag_reader/cluster_node/src/cluster_node.cpp:57:18:[m[K [01;36m[Knote: [m[K  ‘[01m[Kstd::vector<Eigen::Matrix<double, 3, 1> >[m[K’ is not derived from ‘[01m[Kstd::basic_ostream<_CharT, _Traits>[m[K’
   57 |         cloud << [01;36m[Kmat[m[K, z_col;                 // append z as new column
      |                  [01;36m[K^~~[m[K
In file included from [01m[K/usr/include/c++/11/random:51[m[K,
                 from [01m[K/usr/include/open3d/utility/Helper.h:32[m[K,
                 from [01m[K/usr/include/open3d/core/Device.h:31[m[K,
                 from [01m[K/usr/include/open3d/core/Blob.h:33[m[K,
                 from [01m[K/usr/include/open3d/Open3D.h:34[m[K,
                 from [01m[K/home/dev/ws/src/dynamic-box/my_rosbag_reader/cluster_node/src/cluster_node.cpp:12[m[K:
[01m[K/usr/include/c++/11/bits/random.tcc:1020:5:[m[K [01;36m[Knote: [m[Kcandidate: ‘[01m[Ktemplate<class _CharT, class _Traits> std::basic_ostream<_Ch, _Tr>& std::operator<<(std::basic_ostream<_Ch, _Tr>&, const std::bernoulli_distribution&)[m[K’
 1020 |     [01;36m[Koperator[m[K<<(std::basic_ostream<_CharT, _Traits>& __os,
      |     [01;36m[K^~~~~~~~[m[K
[01m[K/usr/include/c++/11/bits/random.tcc:1020:5:[m[K [01;36m[Knote: [m[K  template argument deduction/substitution failed:
[01m[K/home/dev/ws/src/dynamic-box/my_rosbag_reader/cluster_node/src/cluster_node.cpp:57:18:[m[K [01;36m[Knote: [m[K  ‘[01m[Kstd::vector<Eigen::Matrix<double, 3, 1> >[m[K’ is not derived from ‘[01m[Kstd::basic_ostream<_Ch, _Tr>[m[K’
   57 |         cloud << [01;36m[Kmat[m[K, z_col;                 // append z as new column
      |                  [01;36m[K^~~[m[K
In file included from [01m[K/usr/include/c++/11/random:51[m[K,
                 from [01m[K/usr/include/open3d/utility/Helper.h:32[m[K,
                 from [01m[K/usr/include/open3d/core/Device.h:31[m[K,
                 from [01m[K/usr/include/open3d/core/Blob.h:33[m[K,
                 from [01m[K/usr/include/open3d/Open3D.h:34[m[K,
                 from [01m[K/home/dev/ws/src/dynamic-box/my_rosbag_reader/cluster_node/src/cluster_node.cpp:12[m[K:
[01m[K/usr/include/c++/11/bits/random.tcc:1101:5:[m[K [01;36m[Knote: [m[Kcandidate: ‘[01m[Ktemplate<class _IntType, class _CharT, class _Traits> std::basic_ostream<_CharT, _Traits>& std::operator<<(std::basic_ostream<_CharT, _Traits>&, const std::geometric_distribution<_IntType>&)[m[K’
 1101 |     [01;36m[Koperator[m[K<<(std::basic_ostream<_CharT, _Traits>& __os,
      |     [01;36m[K^~~~~~~~[m[K
[01m[K/usr/include/c++/11/bits/random.tcc:1101:5:[m[K [01;36m[Knote: [m[K  template argument deduction/substitution failed:
[01m[K/home/dev/ws/src/dynamic-box/my_rosbag_reader/cluster_node/src/cluster_node.cpp:57:18:[m[K [01;36m[Knote: [m[K  ‘[01m[Kstd::vector<Eigen::Matrix<double, 3, 1> >[m[K’ is not derived from ‘[01m[Kstd::basic_ostream<_CharT, _Traits>[m[K’
   57 |         cloud << [01;36m[Kmat[m[K, z_col;                 // append z as new column
      |                  [01;36m[K^~~[m[K
In file included from [01m[K/usr/include/c++/11/random:51[m[K,
                 from [01m[K/usr/include/open3d/utility/Helper.h:32[m[K,
                 from [01m[K/usr/include/open3d/core/Device.h:31[m[K,
                 from [01m[K/usr/include/open3d/core/Blob.h:33[m[K,
                 from [01m[K/usr/include/open3d/Open3D.h:34[m[K,
                 from [01m[K/home/dev/ws/src/dynamic-box/my_rosbag_reader/cluster_node/src/cluster_node.cpp:12[m[K:
[01m[K/usr/include/c++/11/bits/random.tcc:1753:5:[m[K [01;36m[Knote: [m[Kcandidate: ‘[01m[Ktemplate<class _RealType, class _CharT, class _Traits> std::basic_ostream<_CharT, _Traits>& std::operator<<(std::basic_ostream<_CharT, _Traits>&, const std::exponential_distribution<_RealType>&)[m[K’
 1753 |     [01;36m[Koperator[m[K<<(std::basic_ostream<_CharT, _Traits>& __os,
      |     [01;36m[K^~~~~~~~[m[K
[01m[K/usr/include/c++/11/bits/random.tcc:1753:5:[m[K [01;36m[Knote: [m[K  template argument deduction/substitution failed:
[01m[K/home/dev/ws/src/dynamic-box/my_rosbag_reader/cluster_node/src/cluster_node.cpp:57:18:[m[K [01;36m[Knote: [m[K  ‘[01m[Kstd::vector<Eigen::Matrix<double, 3, 1> >[m[K’ is not derived from ‘[01m[Kstd::basic_ostream<_CharT, _Traits>[m[K’
   57 |         cloud << [01;36m[Kmat[m[K, z_col;                 // append z as new column
      |                  [01;36m[K^~~[m[K
In file included from [01m[K/usr/include/c++/11/random:51[m[K,
                 from [01m[K/usr/include/open3d/utility/Helper.h:32[m[K,
                 from [01m[K/usr/include/open3d/core/Device.h:31[m[K,
                 from [01m[K/usr/include/open3d/core/Blob.h:33[m[K,
                 from [01m[K/usr/include/open3d/Open3D.h:34[m[K,
                 from [01m[K/home/dev/ws/src/dynamic-box/my_rosbag_reader/cluster_node/src/cluster_node.cpp:12[m[K:
[01m[K/usr/include/c++/11/bits/random.tcc:2538:5:[m[K [01;36m[Knote: [m[Kcandidate: ‘[01m[Ktemplate<class _RealType, class _CharT, class _Traits> std::basic_ostream<_CharT, _Traits>& std::operator<<(std::basic_ostream<_CharT, _Traits>&, const std::weibull_distribution<_RealType>&)[m[K’
 2538 |     [01;36m[Koperator[m[K<<(std::basic_ostream<_CharT, _Traits>& __os,
      |     [01;36m[K^~~~~~~~[m[K
[01m[K/usr/include/c++/11/bits/random.tcc:2538:5:[m[K [01;36m[Knote: [m[K  template argument deduction/substitution failed:
[01m[K/home/dev/ws/src/dynamic-box/my_rosbag_reader/cluster_node/src/cluster_node.cpp:57:18:[m[K [01;36m[Knote: [m[K  ‘[01m[Kstd::vector<Eigen::Matrix<double, 3, 1> >[m[K’ is not derived from ‘[01m[Kstd::basic_ostream<_CharT, _Traits>[m[K’
   57 |         cloud << [01;36m[Kmat[m[K, z_col;                 // append z as new column
      |                  [01;36m[K^~~[m[K
In file included from [01m[K/usr/include/c++/11/random:51[m[K,
                 from [01m[K/usr/include/open3d/utility/Helper.h:32[m[K,
                 from [01m[K/usr/include/open3d/core/Device.h:31[m[K,
                 from [01m[K/usr/include/open3d/core/Blob.h:33[m[K,
                 from [01m[K/usr/include/open3d/Open3D.h:34[m[K,
                 from [01m[K/home/dev/ws/src/dynamic-box/my_rosbag_reader/cluster_node/src/cluster_node.cpp:12[m[K:
[01m[K/usr/include/c++/11/bits/random.tcc:2612:5:[m[K [01;36m[Knote: [m[Kcandidate: ‘[01m[Ktemplate<class _RealType, class _CharT, class _Traits> std::basic_ostream<_CharT, _Traits>& std::operator<<(std::basic_ostream<_CharT, _Traits>&, const std::extreme_value_distribution<_RealType>&)[m[K’
 2612 |     [01;36m[Koperator[m[K<<(std::basic_ostream<_CharT, _Traits>& __os,
      |     [01;36m[K^~~~~~~~[m[K
[01m[K/usr/include/c++/11/bits/random.tcc:2612:5:[m[K [01;36m[Knote: [m[K  template argument deduction/substitution failed:
[01m[K/home/dev/ws/src/dynamic-box/my_rosbag_reader/cluster_node/src/cluster_node.cpp:57:18:[m[K [01;36m[Knote: [m[K  ‘[01m[Kstd::vector<Eigen::Matrix<double, 3, 1> >[m[K’ is not derived from ‘[01m[Kstd::basic_ostream<_CharT, _Traits>[m[K’
   57 |         cloud << [01;36m[Kmat[m[K, z_col;                 // append z as new column
      |                  [01;36m[K^~~[m[K
In file included from [01m[K/usr/include/c++/11/random:51[m[K,
                 from [01m[K/usr/include/open3d/utility/Helper.h:32[m[K,
                 from [01m[K/usr/include/open3d/core/Device.h:31[m[K,
                 from [01m[K/usr/include/open3d/core/Blob.h:33[m[K,
                 from [01m[K/usr/include/open3d/Open3D.h:34[m[K,
                 from [01m[K/home/dev/ws/src/dynamic-box/my_rosbag_reader/cluster_node/src/cluster_node.cpp:12[m[K:
[01m[K/usr/include/c++/11/bits/random.tcc:154:5:[m[K [01;36m[Knote: [m[Kcandidate: ‘[01m[Ktemplate<class _UIntType, _UIntType __a, _UIntType __c, _UIntType __m, class _CharT, class _Traits> std::basic_ostream<_CharT, _Traits>& std::operator<<(std::basic_ostream<_CharT, _Traits>&, const std::linear_congruential_engine<_UIntType, __a, __c, __m>&)[m[K’
  154 |     [01;36m[Koperator[m[K<<(std::basic_ostream<_CharT, _Traits>& __os,
      |     [01;36m[K^~~~~~~~[m[K
[01m[K/usr/include/c++/11/bits/random.tcc:154:5:[m[K [01;36m[Knote: [m[K  template argument deduction/substitution failed:
[01m[K/home/dev/ws/src/dynamic-box/my_rosbag_reader/cluster_node/src/cluster_node.cpp:57:18:[m[K [01;36m[Knote: [m[K  ‘[01m[Kstd::vector<Eigen::Matrix<double, 3, 1> >[m[K’ is not derived from ‘[01m[Kstd::basic_ostream<_CharT, _Traits>[m[K’
   57 |         cloud << [01;36m[Kmat[m[K, z_col;                 // append z as new column
      |                  [01;36m[K^~~[m[K
In file included from [01m[K/usr/include/c++/11/random:51[m[K,
                 from [01m[K/usr/include/open3d/utility/Helper.h:32[m[K,
                 from [01m[K/usr/include/open3d/core/Device.h:31[m[K,
                 from [01m[K/usr/include/open3d/core/Blob.h:33[m[K,
                 from [01m[K/usr/include/open3d/Open3D.h:34[m[K,
                 from [01m[K/home/dev/ws/src/dynamic-box/my_rosbag_reader/cluster_node/src/cluster_node.cpp:12[m[K:
[01m[K/usr/include/c++/11/bits/random.tcc:474:5:[m[K [01;36m[Knote: [m[Kcandidate: ‘[01m[Ktemplate<class _UIntType1, long unsigned int __w1, long unsigned int __n1, long unsigned int __m1, long unsigned int __r1, _UIntType1 __a1, long unsigned int __u1, _UIntType1 __d1, long unsigned int __s1, _UIntType1 __b1, long unsigned int __t1, _UIntType1 __c1, long unsigned int __l1, _UIntType1 __f1, class _CharT, class _Traits> std::basic_ostream<_CharT, _Traits>& std::operator<<(std::basic_ostream<_CharT, _Traits>&, const std::mersenne_twister_engine<_UIntType, __w, __n, __m, __r, __a, __u, __d, __s, __b, __t, __c, __l, __f>&)[m[K’
  474 |     [01;36m[Koperator[m[K<<(std::basic_ostream<_CharT, _Traits>& __os,
      |     [01;36m[K^~~~~~~~[m[K
[01m[K/usr/include/c++/11/bits/random.tcc:474:5:[m[K [01;36m[Knote: [m[K  template argument deduction/substitution failed:
[01m[K/home/dev/ws/src/dynamic-box/my_rosbag_reader/cluster_node/src/cluster_node.cpp:57:18:[m[K [01;36m[Knote: [m[K  ‘[01m[Kstd::vector<Eigen::Matrix<double, 3, 1> >[m[K’ is not derived from ‘[01m[Kstd::basic_ostream<_CharT, _Traits>[m[K’
   57 |         cloud << [01;36m[Kmat[m[K, z_col;                 // append z as new column
      |                  [01;36m[K^~~[m[K
In file included from [01m[K/usr/include/c++/11/random:51[m[K,
                 from [01m[K/usr/include/open3d/utility/Helper.h:32[m[K,
                 from [01m[K/usr/include/open3d/core/Device.h:31[m[K,
                 from [01m[K/usr/include/open3d/core/Blob.h:33[m[K,
                 from [01m[K/usr/include/open3d/Open3D.h:34[m[K,
                 from [01m[K/home/dev/ws/src/dynamic-box/my_rosbag_reader/cluster_node/src/cluster_node.cpp:12[m[K:
[01m[K/usr/include/c++/11/bits/random.tcc:628:5:[m[K [01;36m[Knote: [m[Kcandidate: ‘[01m[Ktemplate<class _UIntType, long unsigned int __w, long unsigned int __s, long unsigned int __r, class _CharT, class _Traits> std::basic_ostream<_CharT, _Traits>& std::operator<<(std::basic_ostream<_CharT, _Traits>&, const std::subtract_with_carry_engine<_UIntType, __w, __s, __r>&)[m[K’
  628 |     [01;36m[Koperator[m[K<<(std::basic_ostream<_CharT, _Traits>& __os,
      |     [01;36m[K^~~~~~~~[m[K
[01m[K/usr/include/c++/11/bits/random.tcc:628:5:[m[K [01;36m[Knote: [m[K  template argument deduction/substitution failed:
[01m[K/home/dev/ws/src/dynamic-box/my_rosbag_reader/cluster_node/src/cluster_node.cpp:57:18:[m[K [01;36m[Knote: [m[K  ‘[01m[Kstd::vector<Eigen::Matrix<double, 3, 1> >[m[K’ is not derived from ‘[01m[Kstd::basic_ostream<_CharT, _Traits>[m[K’
   57 |         cloud << [01;36m[Kmat[m[K, z_col;                 // append z as new column
      |                  [01;36m[K^~~[m[K
In file included from [01m[K/usr/include/c++/11/random:51[m[K,
                 from [01m[K/usr/include/open3d/utility/Helper.h:32[m[K,
                 from [01m[K/usr/include/open3d/core/Device.h:31[m[K,
                 from [01m[K/usr/include/open3d/core/Blob.h:33[m[K,
                 from [01m[K/usr/include/open3d/Open3D.h:34[m[K,
                 from [01m[K/home/dev/ws/src/dynamic-box/my_rosbag_reader/cluster_node/src/cluster_node.cpp:12[m[K:
[01m[K/usr/include/c++/11/bits/random.tcc:696:5:[m[K [01;36m[Knote: [m[Kcandidate: ‘[01m[Ktemplate<class _RandomNumberEngine, long unsigned int __p, long unsigned int __r, class _CharT, class _Traits> std::basic_ostream<_CharT, _Traits>& std::operator<<(std::basic_ostream<_CharT, _Traits>&, const std::discard_block_engine<_RandomNumberEngine, __p, __r>&)[m[K’
  696 |     [01;36m[Koperator[m[K<<(std::basic_ostream<_CharT, _Traits>& __os,
      |     [01;36m[K^~~~~~~~[m[K
[01m[K/usr/include/c++/11/bits/random.tcc:696:5:[m[K [01;36m[Knote: [m[K  template argument deduction/substitution failed:
[01m[K/home/dev/ws/src/dynamic-box/my_rosbag_reader/cluster_node/src/cluster_node.cpp:57:18:[m[K [01;36m[Knote: [m[K  ‘[01m[Kstd::vector<Eigen::Matrix<double, 3, 1> >[m[K’ is not derived from ‘[01m[Kstd::basic_ostream<_CharT, _Traits>[m[K’
   57 |         cloud << [01;36m[Kmat[m[K, z_col;                 // append z as new column
      |                  [01;36m[K^~~[m[K
In file included from [01m[K/usr/include/c++/11/random:51[m[K,
                 from [01m[K/usr/include/open3d/utility/Helper.h:32[m[K,
                 from [01m[K/usr/include/open3d/core/Device.h:31[m[K,
                 from [01m[K/usr/include/open3d/core/Blob.h:33[m[K,
                 from [01m[K/usr/include/open3d/Open3D.h:34[m[K,
                 from [01m[K/home/dev/ws/src/dynamic-box/my_rosbag_reader/cluster_node/src/cluster_node.cpp:12[m[K:
[01m[K/usr/include/c++/11/bits/random.tcc:857:5:[m[K [01;36m[Knote: [m[Kcandidate: ‘[01m[Ktemplate<class _RandomNumberEngine, long unsigned int __k, class _CharT, class _Traits> std::basic_ostream<_CharT, _Traits>& std::operator<<(std::basic_ostream<_CharT, _Traits>&, const std::shuffle_order_engine<_RandomNumberEngine, __k>&)[m[K’
  857 |     [01;36m[Koperator[m[K<<(std::basic_ostream<_CharT, _Traits>& __os,
      |     [01;36m[K^~~~~~~~[m[K
[01m[K/usr/include/c++/11/bits/random.tcc:857:5:[m[K [01;36m[Knote: [m[K  template argument deduction/substitution failed:
[01m[K/home/dev/ws/src/dynamic-box/my_rosbag_reader/cluster_node/src/cluster_node.cpp:57:18:[m[K [01;36m[Knote: [m[K  ‘[01m[Kstd::vector<Eigen::Matrix<double, 3, 1> >[m[K’ is not derived from ‘[01m[Kstd::basic_ostream<_CharT, _Traits>[m[K’
   57 |         cloud << [01;36m[Kmat[m[K, z_col;                 // append z as new column
      |                  [01;36m[K^~~[m[K
In file included from [01m[K/usr/include/c++/11/random:51[m[K,
                 from [01m[K/usr/include/open3d/utility/Helper.h:32[m[K,
                 from [01m[K/usr/include/open3d/core/Device.h:31[m[K,
                 from [01m[K/usr/include/open3d/core/Blob.h:33[m[K,
                 from [01m[K/usr/include/open3d/Open3D.h:34[m[K,
                 from [01m[K/home/dev/ws/src/dynamic-box/my_rosbag_reader/cluster_node/src/cluster_node.cpp:12[m[K:
[01m[K/usr/include/c++/11/bits/random.tcc:1215:5:[m[K [01;36m[Knote: [m[Kcandidate: ‘[01m[Ktemplate<class _IntType, class _CharT, class _Traits> std::basic_ostream<_CharT, _Traits>& std::operator<<(std::basic_ostream<_CharT, _Traits>&, const std::negative_binomial_distribution<_IntType>&)[m[K’
 1215 |     [01;36m[Koperator[m[K<<(std::basic_ostream<_CharT, _Traits>& __os,
      |     [01;36m[K^~~~~~~~[m[K
[01m[K/usr/include/c++/11/bits/random.tcc:1215:5:[m[K [01;36m[Knote: [m[K  template argument deduction/substitution failed:
[01m[K/home/dev/ws/src/dynamic-box/my_rosbag_reader/cluster_node/src/cluster_node.cpp:57:18:[m[K [01;36m[Knote: [m[K  ‘[01m[Kstd::vector<Eigen::Matrix<double, 3, 1> >[m[K’ is not derived from ‘[01m[Kstd::basic_ostream<_CharT, _Traits>[m[K’
   57 |         cloud << [01;36m[Kmat[m[K, z_col;                 // append z as new column
      |                  [01;36m[K^~~[m[K
In file included from [01m[K/usr/include/c++/11/random:51[m[K,
                 from [01m[K/usr/include/open3d/utility/Helper.h:32[m[K,
                 from [01m[K/usr/include/open3d/core/Device.h:31[m[K,
                 from [01m[K/usr/include/open3d/core/Blob.h:33[m[K,
                 from [01m[K/usr/include/open3d/Open3D.h:34[m[K,
                 from [01m[K/home/dev/ws/src/dynamic-box/my_rosbag_reader/cluster_node/src/cluster_node.cpp:12[m[K:
[01m[K/usr/include/c++/11/bits/random.tcc:1425:5:[m[K [01;36m[Knote: [m[Kcandidate: ‘[01m[Ktemplate<class _IntType, class _CharT, class _Traits> std::basic_ostream<_CharT, _Traits>& std::operator<<(std::basic_ostream<_CharT, _Traits>&, const std::poisson_distribution<_IntType>&)[m[K’
 1425 |     [01;36m[Koperator[m[K<<(std::basic_ostream<_CharT, _Traits>& __os,
      |     [01;36m[K^~~~~~~~[m[K
[01m[K/usr/include/c++/11/bits/random.tcc:1425:5:[m[K [01;36m[Knote: [m[K  template argument deduction/substitution failed:
[01m[K/home/dev/ws/src/dynamic-box/my_rosbag_reader/cluster_node/src/cluster_node.cpp:57:18:[m[K [01;36m[Knote: [m[K  ‘[01m[Kstd::vector<Eigen::Matrix<double, 3, 1> >[m[K’ is not derived from ‘[01m[Kstd::basic_ostream<_CharT, _Traits>[m[K’
   57 |         cloud << [01;36m[Kmat[m[K, z_col;                 // append z as new column
      |                  [01;36m[K^~~[m[K
In file included from [01m[K/usr/include/c++/11/random:51[m[K,
                 from [01m[K/usr/include/open3d/utility/Helper.h:32[m[K,
                 from [01m[K/usr/include/open3d/core/Device.h:31[m[K,
                 from [01m[K/usr/include/open3d/core/Blob.h:33[m[K,
                 from [01m[K/usr/include/open3d/Open3D.h:34[m[K,
                 from [01m[K/home/dev/ws/src/dynamic-box/my_rosbag_reader/cluster_node/src/cluster_node.cpp:12[m[K:
[01m[K/usr/include/c++/11/bits/random.tcc:1691:5:[m[K [01;36m[Knote: [m[Kcandidate: ‘[01m[Ktemplate<class _IntType, class _CharT, class _Traits> std::basic_ostream<_CharT, _Traits>& std::operator<<(std::basic_ostream<_CharT, _Traits>&, const std::binomial_distribution<_IntType>&)[m[K’
 1691 |     [01;36m[Koperator[m[K<<(std::basic_ostream<_CharT, _Traits>& __os,
      |     [01;36m[K^~~~~~~~[m[K
[01m[K/usr/include/c++/11/bits/random.tcc:1691:5:[m[K [01;36m[Knote: [m[K  template argument deduction/substitution failed:
[01m[K/home/dev/ws/src/dynamic-box/my_rosbag_reader/cluster_node/src/cluster_node.cpp:57:18:[m[K [01;36m[Knote: [m[K  ‘[01m[Kstd::vector<Eigen::Matrix<double, 3, 1> >[m[K’ is not derived from ‘[01m[Kstd::basic_ostream<_CharT, _Traits>[m[K’
   57 |         cloud << [01;36m[Kmat[m[K, z_col;                 // append z as new column
      |                  [01;36m[K^~~[m[K
In file included from [01m[K/usr/include/c++/11/random:51[m[K,
                 from [01m[K/usr/include/open3d/utility/Helper.h:32[m[K,
                 from [01m[K/usr/include/open3d/core/Device.h:31[m[K,
                 from [01m[K/usr/include/open3d/core/Blob.h:33[m[K,
                 from [01m[K/usr/include/open3d/Open3D.h:34[m[K,
                 from [01m[K/home/dev/ws/src/dynamic-box/my_rosbag_reader/cluster_node/src/cluster_node.cpp:12[m[K:
[01m[K/usr/include/c++/11/bits/random.tcc:1919:5:[m[K [01;36m[Knote: [m[Kcandidate: ‘[01m[Ktemplate<class _RealType1, class _CharT, class _Traits> std::basic_ostream<_CharT, _Traits>& std::operator<<(std::basic_ostream<_CharT, _Traits>&, const std::normal_distribution<_RealType>&)[m[K’
 1919 |     [01;36m[Koperator[m[K<<(std::basic_ostream<_CharT, _Traits>& __os,
      |     [01;36m[K^~~~~~~~[m[K
[01m[K/usr/include/c++/11/bits/random.tcc:1919:5:[m[K [01;36m[Knote: [m[K  template argument deduction/substitution failed:
[01m[K/home/dev/ws/src/dynamic-box/my_rosbag_reader/cluster_node/src/cluster_node.cpp:57:18:[m[K [01;36m[Knote: [m[K  ‘[01m[Kstd::vector<Eigen::Matrix<double, 3, 1> >[m[K’ is not derived from ‘[01m[Kstd::basic_ostream<_CharT, _Traits>[m[K’
   57 |         cloud << [01;36m[Kmat[m[K, z_col;                 // append z as new column
      |                  [01;36m[K^~~[m[K
In file included from [01m[K/usr/include/c++/11/random:51[m[K,
                 from [01m[K/usr/include/open3d/utility/Helper.h:32[m[K,
                 from [01m[K/usr/include/open3d/core/Device.h:31[m[K,
                 from [01m[K/usr/include/open3d/core/Blob.h:33[m[K,
                 from [01m[K/usr/include/open3d/Open3D.h:34[m[K,
                 from [01m[K/home/dev/ws/src/dynamic-box/my_rosbag_reader/cluster_node/src/cluster_node.cpp:12[m[K:
[01m[K/usr/include/c++/11/bits/random.tcc:1986:5:[m[K [01;36m[Knote: [m[Kcandidate: ‘[01m[Ktemplate<class _RealType, class _CharT, class _Traits> std::basic_ostream<_CharT, _Traits>& std::operator<<(std::basic_ostream<_CharT, _Traits>&, const std::lognormal_distribution<_RealType>&)[m[K’
 1986 |     [01;36m[Koperator[m[K<<(std::basic_ostream<_CharT, _Traits>& __os,
      |     [01;36m[K^~~~~~~~[m[K
[01m[K/usr/include/c++/11/bits/random.tcc:1986:5:[m[K [01;36m[Knote: [m[K  template argument deduction/substitution failed:
[01m[K/home/dev/ws/src/dynamic-box/my_rosbag_reader/cluster_node/src/cluster_node.cpp:57:18:[m[K [01;36m[Knote: [m[K  ‘[01m[Kstd::vector<Eigen::Matrix<double, 3, 1> >[m[K’ is not derived from ‘[01m[Kstd::basic_ostream<_CharT, _Traits>[m[K’
   57 |         cloud << [01;36m[Kmat[m[K, z_col;                 // append z as new column
      |                  [01;36m[K^~~[m[K
In file included from [01m[K/usr/include/c++/11/random:51[m[K,
                 from [01m[K/usr/include/open3d/utility/Helper.h:32[m[K,
                 from [01m[K/usr/include/open3d/core/Device.h:31[m[K,
                 from [01m[K/usr/include/open3d/core/Blob.h:33[m[K,
                 from [01m[K/usr/include/open3d/Open3D.h:34[m[K,
                 from [01m[K/home/dev/ws/src/dynamic-box/my_rosbag_reader/cluster_node/src/cluster_node.cpp:12[m[K:
[01m[K/usr/include/c++/11/bits/random.tcc:2058:5:[m[K [01;36m[Knote: [m[Kcandidate: ‘[01m[Ktemplate<class _RealType, class _CharT, class _Traits> std::basic_ostream<_CharT, _Traits>& std::operator<<(std::basic_ostream<_CharT, _Traits>&, const std::chi_squared_distribution<_RealType>&)[m[K’
 2058 |     [01;36m[Koperator[m[K<<(std::basic_ostream<_CharT, _Traits>& __os,
      |     [01;36m[K^~~~~~~~[m[K
[01m[K/usr/include/c++/11/bits/random.tcc:2058:5:[m[K [01;36m[Knote: [m[K  template argument deduction/substitution failed:
[01m[K/home/dev/ws/src/dynamic-box/my_rosbag_reader/cluster_node/src/cluster_node.cpp:57:18:[m[K [01;36m[Knote: [m[K  ‘[01m[Kstd::vector<Eigen::Matrix<double, 3, 1> >[m[K’ is not derived from ‘[01m[Kstd::basic_ostream<_CharT, _Traits>[m[K’
   57 |         cloud << [01;36m[Kmat[m[K, z_col;                 // append z as new column
      |                  [01;36m[K^~~[m[K
In file included from [01m[K/usr/include/c++/11/random:51[m[K,
                 from [01m[K/usr/include/open3d/utility/Helper.h:32[m[K,
                 from [01m[K/usr/include/open3d/core/Device.h:31[m[K,
                 from [01m[K/usr/include/open3d/core/Blob.h:33[m[K,
                 from [01m[K/usr/include/open3d/Open3D.h:34[m[K,
                 from [01m[K/home/dev/ws/src/dynamic-box/my_rosbag_reader/cluster_node/src/cluster_node.cpp:12[m[K:
[01m[K/usr/include/c++/11/bits/random.tcc:2219:5:[m[K [01;36m[Knote: [m[Kcandidate: ‘[01m[Ktemplate<class _RealType, class _CharT, class _Traits> std::basic_ostream<_CharT, _Traits>& std::operator<<(std::basic_ostream<_CharT, _Traits>&, const std::fisher_f_distribution<_RealType>&)[m[K’
 2219 |     [01;36m[Koperator[m[K<<(std::basic_ostream<_CharT, _Traits>& __os,
      |     [01;36m[K^~~~~~~~[m[K
[01m[K/usr/include/c++/11/bits/random.tcc:2219:5:[m[K [01;36m[Knote: [m[K  template argument deduction/substitution failed:
[01m[K/home/dev/ws/src/dynamic-box/my_rosbag_reader/cluster_node/src/cluster_node.cpp:57:18:[m[K [01;36m[Knote: [m[K  ‘[01m[Kstd::vector<Eigen::Matrix<double, 3, 1> >[m[K’ is not derived from ‘[01m[Kstd::basic_ostream<_CharT, _Traits>[m[K’
   57 |         cloud << [01;36m[Kmat[m[K, z_col;                 // append z as new column
      |                  [01;36m[K^~~[m[K
In file included from [01m[K/usr/include/c++/11/random:51[m[K,
                 from [01m[K/usr/include/open3d/utility/Helper.h:32[m[K,
                 from [01m[K/usr/include/open3d/core/Device.h:31[m[K,
                 from [01m[K/usr/include/open3d/core/Blob.h:33[m[K,
                 from [01m[K/usr/include/open3d/Open3D.h:34[m[K,
                 from [01m[K/home/dev/ws/src/dynamic-box/my_rosbag_reader/cluster_node/src/cluster_node.cpp:12[m[K:
[01m[K/usr/include/c++/11/bits/random.tcc:2293:5:[m[K [01;36m[Knote: [m[Kcandidate: ‘[01m[Ktemplate<class _RealType, class _CharT, class _Traits> std::basic_ostream<_CharT, _Traits>& std::operator<<(std::basic_ostream<_CharT, _Traits>&, const std::student_t_distribution<_RealType>&)[m[K’
 2293 |     [01;36m[Koperator[m[K<<(std::basic_ostream<_CharT, _Traits>& __os,
      |     [01;36m[K^~~~~~~~[m[K
[01m[K/usr/include/c++/11/bits/random.tcc:2293:5:[m[K [01;36m[Knote: [m[K  template argument deduction/substitution failed:
[01m[K/home/dev/ws/src/dynamic-box/my_rosbag_reader/cluster_node/src/cluster_node.cpp:57:18:[m[K [01;36m[Knote: [m[K  ‘[01m[Kstd::vector<Eigen::Matrix<double, 3, 1> >[m[K’ is not derived from ‘[01m[Kstd::basic_ostream<_CharT, _Traits>[m[K’
   57 |         cloud << [01;36m[Kmat[m[K, z_col;                 // append z as new column
      |                  [01;36m[K^~~[m[K
In file included from [01m[K/usr/include/c++/11/random:51[m[K,
                 from [01m[K/usr/include/open3d/utility/Helper.h:32[m[K,
                 from [01m[K/usr/include/open3d/core/Device.h:31[m[K,
                 from [01m[K/usr/include/open3d/core/Blob.h:33[m[K,
                 from [01m[K/usr/include/open3d/Open3D.h:34[m[K,
                 from [01m[K/home/dev/ws/src/dynamic-box/my_rosbag_reader/cluster_node/src/cluster_node.cpp:12[m[K:
[01m[K/usr/include/c++/11/bits/random.tcc:2462:5:[m[K [01;36m[Knote: [m[Kcandidate: ‘[01m[Ktemplate<class _RealType1, class _CharT, class _Traits> std::basic_ostream<_CharT, _Traits>& std::operator<<(std::basic_ostream<_CharT, _Traits>&, const std::gamma_distribution<_RealType>&)[m[K’
 2462 |     [01;36m[Koperator[m[K<<(std::basic_ostream<_CharT, _Traits>& __os,
      |     [01;36m[K^~~~~~~~[m[K
[01m[K/usr/include/c++/11/bits/random.tcc:2462:5:[m[K [01;36m[Knote: [m[K  template argument deduction/substitution failed:
[01m[K/home/dev/ws/src/dynamic-box/my_rosbag_reader/cluster_node/src/cluster_node.cpp:57:18:[m[K [01;36m[Knote: [m[K  ‘[01m[Kstd::vector<Eigen::Matrix<double, 3, 1> >[m[K’ is not derived from ‘[01m[Kstd::basic_ostream<_CharT, _Traits>[m[K’
   57 |         cloud << [01;36m[Kmat[m[K, z_col;                 // append z as new column
      |                  [01;36m[K^~~[m[K
In file included from [01m[K/usr/include/c++/11/random:51[m[K,
                 from [01m[K/usr/include/open3d/utility/Helper.h:32[m[K,
                 from [01m[K/usr/include/open3d/core/Device.h:31[m[K,
                 from [01m[K/usr/include/open3d/core/Blob.h:33[m[K,
                 from [01m[K/usr/include/open3d/Open3D.h:34[m[K,
                 from [01m[K/home/dev/ws/src/dynamic-box/my_rosbag_reader/cluster_node/src/cluster_node.cpp:12[m[K:
[01m[K/usr/include/c++/11/bits/random.tcc:2748:5:[m[K [01;36m[Knote: [m[Kcandidate: ‘[01m[Ktemplate<class _IntType, class _CharT, class _Traits> std::basic_ostream<_CharT, _Traits>& std::operator<<(std::basic_ostream<_CharT, _Traits>&, const std::discrete_distribution<_IntType>&)[m[K’
 2748 |     [01;36m[Koperator[m[K<<(std::basic_ostream<_CharT, _Traits>& __os,
      |     [01;36m[K^~~~~~~~[m[K
[01m[K/usr/include/c++/11/bits/random.tcc:2748:5:[m[K [01;36m[Knote: [m[K  template argument deduction/substitution failed:
[01m[K/home/dev/ws/src/dynamic-box/my_rosbag_reader/cluster_node/src/cluster_node.cpp:57:18:[m[K [01;36m[Knote: [m[K  ‘[01m[Kstd::vector<Eigen::Matrix<double, 3, 1> >[m[K’ is not derived from ‘[01m[Kstd::basic_ostream<_CharT, _Traits>[m[K’
   57 |         cloud << [01;36m[Kmat[m[K, z_col;                 // append z as new column
      |                  [01;36m[K^~~[m[K
In file included from [01m[K/usr/include/c++/11/random:51[m[K,
                 from [01m[K/usr/include/open3d/utility/Helper.h:32[m[K,
                 from [01m[K/usr/include/open3d/core/Device.h:31[m[K,
                 from [01m[K/usr/include/open3d/core/Blob.h:33[m[K,
                 from [01m[K/usr/include/open3d/Open3D.h:34[m[K,
                 from [01m[K/home/dev/ws/src/dynamic-box/my_rosbag_reader/cluster_node/src/cluster_node.cpp:12[m[K:
[01m[K/usr/include/c++/11/bits/random.tcc:2970:5:[m[K [01;36m[Knote: [m[Kcandidate: ‘[01m[Ktemplate<class _RealType, class _CharT, class _Traits> std::basic_ostream<_CharT, _Traits>& std::operator<<(std::basic_ostream<_CharT, _Traits>&, const std::piecewise_constant_distribution<_RealType>&)[m[K’
 2970 |     [01;36m[Koperator[m[K<<(std::basic_ostream<_CharT, _Traits>& __os,
      |     [01;36m[K^~~~~~~~[m[K
[01m[K/usr/include/c++/11/bits/random.tcc:2970:5:[m[K [01;36m[Knote: [m[K  template argument deduction/substitution failed:
[01m[K/home/dev/ws/src/dynamic-box/my_rosbag_reader/cluster_node/src/cluster_node.cpp:57:18:[m[K [01;36m[Knote: [m[K  ‘[01m[Kstd::vector<Eigen::Matrix<double, 3, 1> >[m[K’ is not derived from ‘[01m[Kstd::basic_ostream<_CharT, _Traits>[m[K’
   57 |         cloud << [01;36m[Kmat[m[K, z_col;                 // append z as new column
      |                  [01;36m[K^~~[m[K
In file included from [01m[K/usr/include/c++/11/random:51[m[K,
                 from [01m[K/usr/include/open3d/utility/Helper.h:32[m[K,
                 from [01m[K/usr/include/open3d/core/Device.h:31[m[K,
                 from [01m[K/usr/include/open3d/core/Blob.h:33[m[K,
                 from [01m[K/usr/include/open3d/Open3D.h:34[m[K,
                 from [01m[K/home/dev/ws/src/dynamic-box/my_rosbag_reader/cluster_node/src/cluster_node.cpp:12[m[K:
[01m[K/usr/include/c++/11/bits/random.tcc:3176:5:[m[K [01;36m[Knote: [m[Kcandidate: ‘[01m[Ktemplate<class _RealType, class _CharT, class _Traits> std::basic_ostream<_CharT, _Traits>& std::operator<<(std::basic_ostream<_CharT, _Traits>&, const std::piecewise_linear_distribution<_RealType>&)[m[K’
 3176 |     [01;36m[Koperator[m[K<<(std::basic_ostream<_CharT, _Traits>& __os,
      |     [01;36m[K^~~~~~~~[m[K
[01m[K/usr/include/c++/11/bits/random.tcc:3176:5:[m[K [01;36m[Knote: [m[K  template argument deduction/substitution failed:
[01m[K/home/dev/ws/src/dynamic-box/my_rosbag_reader/cluster_node/src/cluster_node.cpp:57:18:[m[K [01;36m[Knote: [m[K  ‘[01m[Kstd::vector<Eigen::Matrix<double, 3, 1> >[m[K’ is not derived from ‘[01m[Kstd::basic_ostream<_CharT, _Traits>[m[K’
   57 |         cloud << [01;36m[Kmat[m[K, z_col;                 // append z as new column
      |                  [01;36m[K^~~[m[K
In file included from [01m[K/usr/include/eigen3/Eigen/Core:269[m[K,
                 from [01m[K/usr/include/eigen3/Eigen/Dense:1[m[K,
                 from [01m[K/home/dev/ws/src/dynamic-box/my_rosbag_reader/cluster_node/src/cluster_node.cpp:4[m[K:
[01m[K/usr/include/eigen3/Eigen/src/Core/IO.h:249:16:[m[K [01;36m[Knote: [m[Kcandidate: ‘[01m[Ktemplate<class Derived> std::ostream& Eigen::operator<<(std::ostream&, const Eigen::DenseBase<Derived>&)[m[K’
  249 | std::ostream & [01;36m[Koperator[m[K <<
      |                [01;36m[K^~~~~~~~[m[K
[01m[K/usr/include/eigen3/Eigen/src/Core/IO.h:249:16:[m[K [01;36m[Knote: [m[K  template argument deduction/substitution failed:
[01m[K/home/dev/ws/src/dynamic-box/my_rosbag_reader/cluster_node/src/cluster_node.cpp:57:9:[m[K [01;36m[Knote: [m[K  cannot convert ‘[01m[Kcloud[m[K’ (type ‘[01m[Kstd::vector<Eigen::Matrix<double, 3, 1> >[m[K’) to type ‘[01m[Kstd::ostream&[m[K’ {aka ‘[01m[Kstd::basic_ostream<char>&[m[K’}
   57 |         [01;36m[Kcloud[m[K << mat, z_col;                 // append z as new column
      |         [01;36m[K^~~~~[m[K
gmake[2]: *** [CMakeFiles/cluster_cpp.dir/build.make:76: CMakeFiles/cluster_cpp.dir/src/cluster_node.cpp.o] Error 1
gmake[1]: *** [CMakeFiles/Makefile2:594: CMakeFiles/cluster_cpp.dir/all] Error 2
gmake: *** [Makefile:146: all] Error 2
