[0.020s] Invoking command in '/home/dev/ws/src/dynamic-box/my_rosbag_reader/cluster_node/build/cluster_node': CMAKE_PREFIX_PATH=${CMAKE_PREFIX_PATH}:/home/dev/ws/src/dynamic-box/my_rosbag_reader/install/my_rosbag_reader:/opt/ros/humble /usr/bin/cmake --build /home/dev/ws/src/dynamic-box/my_rosbag_reader/cluster_node/build/cluster_node -- -j22 -l22
[0.114s] [  2%] Built target cluster_node__cpp
[0.114s] [ 12%] Built target cluster_node__rosidl_generator_c
[0.127s] [ 12%] Built target ament_cmake_python_copy_cluster_node
[0.135s] [ 21%] Built target cluster_node__rosidl_typesupport_introspection_c
[0.136s] [ 31%] Built target cluster_node__rosidl_typesupport_introspection_cpp
[0.136s] [ 41%] Built target cluster_node__rosidl_typesupport_cpp
[0.136s] [ 70%] Built target cluster_node__rosidl_typesupport_fastrtps_c
[0.136s] [ 70%] Built target cluster_node__rosidl_typesupport_c
[0.136s] [ 70%] Built target cluster_node__rosidl_typesupport_fastrtps_cpp
[0.149s] [ 70%] Built target cluster_node
[0.164s] [35m[1mConsolidate compiler generated dependencies of target cluster_cpp[0m
[0.164s] [ 73%] Built target cluster_node__py
[0.181s] [ 80%] Built target cluster_node__rosidl_generator_py
[0.182s] [ 82%] [32mBuilding CXX object CMakeFiles/cluster_cpp.dir/src/cluster_node.cpp.o[0m
[0.198s] [ 97%] Built target cluster_node__rosidl_typesupport_introspection_c__pyext
[0.198s] [ 97%] Built target cluster_node__rosidl_typesupport_c__pyext
[0.198s] [ 97%] Built target cluster_node__rosidl_typesupport_fastrtps_c__pyext
[0.256s] running egg_info
[0.263s] writing cluster_node.egg-info/PKG-INFO
[0.263s] writing dependency_links to cluster_node.egg-info/dependency_links.txt
[0.263s] writing top-level names to cluster_node.egg-info/top_level.txt
[0.283s] reading manifest file 'cluster_node.egg-info/SOURCES.txt'
[0.284s] writing manifest file 'cluster_node.egg-info/SOURCES.txt'
[0.303s] [ 97%] Built target ament_cmake_python_build_cluster_node_egg
[5.674s] [01m[K/home/dev/ws/src/dynamic-box/my_rosbag_reader/cluster_node/src/cluster_node.cpp:[m[K In member function ‘[01m[Kvoid ClusterNode::listenerCallback(sensor_msgs::msg::PointCloud2_<std::allocator<void> >::SharedPtr)[m[K’:
[5.674s] [01m[K/home/dev/ws/src/dynamic-box/my_rosbag_reader/cluster_node/src/cluster_node.cpp:194:66:[m[K [01;31m[Kerror: [m[Kinvalid use of non-static member function ‘[01m[Kvoid ClusterNode::grow_seed(Eigen::Vector4d, const MatrixXd&, int, const std::vector<Eigen::Matrix<double, 4, 1> >&)[m[K’
[5.674s]   194 |                 futures.push_back(std::async(std::launch::async, [01;31m[Kgrow_seed[m[K, seed, data_, iter_, C_prev_));
[5.674s]       |                                                                  [01;31m[K^~~~~~~~~[m[K
[5.674s] [01m[K/home/dev/ws/src/dynamic-box/my_rosbag_reader/cluster_node/src/cluster_node.cpp:206:10:[m[K [01;36m[Knote: [m[Kdeclared here
[5.674s]   206 |     void [01;36m[Kgrow_seed[m[K(const Vector4d seed, const MatrixXd& data, int itr, const vector<Vector4d>& C_prev) {
[5.674s]       |          [01;36m[K^~~~~~~~~[m[K
[5.690s] [01m[K/home/dev/ws/src/dynamic-box/my_rosbag_reader/cluster_node/src/cluster_node.cpp:[m[K In member function ‘[01m[Kvoid ClusterNode::grow_seed(Eigen::Vector4d, const MatrixXd&, int, const std::vector<Eigen::Matrix<double, 4, 1> >&)[m[K’:
[5.690s] [01m[K/home/dev/ws/src/dynamic-box/my_rosbag_reader/cluster_node/src/cluster_node.cpp:208:98:[m[K [01;31m[Kerror: [m[K‘[01m[Kc[m[K’ was not declared in this scope
[5.690s]   208 |             std::tuple<std::vector<std::vector<Eigen::Vector4d>>, std::vector<Eigen::Vector4d>> ([01;31m[Kc[m[K, prev) = euclidean_cluster(seed, data, 0.1, 10, "cartesian", false, C_prev)
[5.690s]       |                                                                                                  [01;31m[K^[m[K
[5.692s] [01m[K/home/dev/ws/src/dynamic-box/my_rosbag_reader/cluster_node/src/cluster_node.cpp:208:161:[m[K [01;31m[Kerror: [m[Kcannot convert ‘[01m[Kbool[m[K’ to ‘[01m[Kconst std::vector<Eigen::Matrix<double, 4, 1> >&[m[K’
[5.692s]   208 |             std::tuple<std::vector<std::vector<Eigen::Vector4d>>, std::vector<Eigen::Vector4d>> (c, prev) = euclidean_cluster(seed, data, 0.1, 10, "cartesian", [01;31m[Kfalse[m[K, C_prev)
[5.692s]       |                                                                                                                                                                 [01;31m[K^~~~~[m[K
[5.693s]       |                                                                                                                                                                 [01;31m[K|[m[K
[5.693s]       |                                                                                                                                                                 [01;31m[Kbool[m[K
[5.693s] [01m[K/home/dev/ws/src/dynamic-box/my_rosbag_reader/cluster_node/src/cluster_node.cpp:220:49:[m[K [01;36m[Knote: [m[K  initializing argument 6 of ‘[01m[Kstd::tuple<std::vector<std::vector<Eigen::Matrix<double, 4, 1, 0, 4, 1>, std::allocator<Eigen::Matrix<double, 4, 1, 0, 4, 1> > >, std::allocator<std::vector<Eigen::Matrix<double, 4, 1, 0, 4, 1>, std::allocator<Eigen::Matrix<double, 4, 1, 0, 4, 1> > > > >, std::vector<Eigen::Matrix<double, 4, 1, 0, 4, 1>, std::allocator<Eigen::Matrix<double, 4, 1, 0, 4, 1> > > > ClusterNode::euclidean_cluster(Eigen::Vector4d, const MatrixXd&, double, int, const string&, const std::vector<Eigen::Matrix<double, 4, 1> >&, bool, double)[m[K’
[5.693s]   220 |                         [01;36m[Kconst vector<Vector4d>& cloud_prev = {}[m[K,
[5.693s]       |                         [01;36m[K~~~~~~~~~~~~~~~~~~~~~~~~^~~~~~~~~~~~~~~[m[K
[5.703s] [01m[K/home/dev/ws/src/dynamic-box/my_rosbag_reader/cluster_node/src/cluster_node.cpp:210:98:[m[K [01;31m[Kerror: [m[K‘[01m[Kc[m[K’ was not declared in this scope
[5.703s]   210 |             std::tuple<std::vector<std::vector<Eigen::Vector4d>>, std::vector<Eigen::Vector4d>> ([01;31m[Kc[m[K, prev) = euclidean_cluster(seed, data, 0.1, 10, "cartesian", false, C_prev, MAX_CLUSTER_NUM = 1)
[5.703s]       |                                                                                                  [01;31m[K^[m[K
[5.727s] [01m[K/home/dev/ws/src/dynamic-box/my_rosbag_reader/cluster_node/src/cluster_node.cpp:210:176:[m[K [01;31m[Kerror: [m[K‘[01m[KMAX_CLUSTER_NUM[m[K’ was not declared in this scope
[5.727s]   210 |             std::tuple<std::vector<std::vector<Eigen::Vector4d>>, std::vector<Eigen::Vector4d>> (c, prev) = euclidean_cluster(seed, data, 0.1, 10, "cartesian", false, C_prev, [01;31m[KMAX_CLUSTER_NUM[m[K = 1)
[5.727s]       |                                                                                                                                                                                [01;31m[K^~~~~~~~~~~~~~~[m[K
[5.877s] [01m[K/home/dev/ws/src/dynamic-box/my_rosbag_reader/cluster_node/src/cluster_node.cpp:[m[K In member function ‘[01m[Kstd::tuple<std::vector<std::vector<Eigen::Matrix<double, 4, 1, 0, 4, 1>, std::allocator<Eigen::Matrix<double, 4, 1, 0, 4, 1> > >, std::allocator<std::vector<Eigen::Matrix<double, 4, 1, 0, 4, 1>, std::allocator<Eigen::Matrix<double, 4, 1, 0, 4, 1> > > > >, std::vector<Eigen::Matrix<double, 4, 1, 0, 4, 1>, std::allocator<Eigen::Matrix<double, 4, 1, 0, 4, 1> > > > ClusterNode::euclidean_cluster(Eigen::Vector4d, const MatrixXd&, double, int, const string&, const std::vector<Eigen::Matrix<double, 4, 1> >&, bool, double)[m[K’:
[5.877s] [01m[K/home/dev/ws/src/dynamic-box/my_rosbag_reader/cluster_node/src/cluster_node.cpp:218:29:[m[K [01;35m[Kwarning: [m[Kunused parameter ‘[01m[KMIN_CLUSTER_SIZE[m[K’ [[01;35m[K]8;;https://gcc.gnu.org/onlinedocs/gcc/Warning-Options.html#index-Wunused-parameter-Wunused-parameter]8;;[m[K]
[5.877s]   218 |                         [01;35m[Kint MIN_CLUSTER_SIZE = 1[m[K,
[5.877s]       |                         [01;35m[K~~~~^~~~~~~~~~~~~~~~~~~~[m[K
[8.627s] gmake[2]: *** [CMakeFiles/cluster_cpp.dir/build.make:76: CMakeFiles/cluster_cpp.dir/src/cluster_node.cpp.o] Error 1
[8.627s] gmake[1]: *** [CMakeFiles/Makefile2:594: CMakeFiles/cluster_cpp.dir/all] Error 2
[8.627s] gmake: *** [Makefile:146: all] Error 2
[8.630s] Invoked command in '/home/dev/ws/src/dynamic-box/my_rosbag_reader/cluster_node/build/cluster_node' returned '2': CMAKE_PREFIX_PATH=${CMAKE_PREFIX_PATH}:/home/dev/ws/src/dynamic-box/my_rosbag_reader/install/my_rosbag_reader:/opt/ros/humble /usr/bin/cmake --build /home/dev/ws/src/dynamic-box/my_rosbag_reader/cluster_node/build/cluster_node -- -j22 -l22
