[0.053s] DEBUG:colcon:Command line arguments: ['/usr/bin/colcon', 'build']
[0.053s] DEBUG:colcon:Parsed command line arguments: Namespace(log_base=None, log_level=None, verb_name='build', build_base='build', install_base='install', merge_install=False, symlink_install=False, test_result_base=None, continue_on_error=False, executor='parallel', parallel_workers=10, event_handlers=None, ignore_user_meta=False, metas=['./colcon.meta'], base_paths=['.'], packages_ignore=None, packages_ignore_regex=None, paths=None, packages_up_to=None, packages_up_to_regex=None, packages_above=None, packages_above_and_dependencies=None, packages_above_depth=None, packages_select_by_dep=None, packages_skip_by_dep=None, packages_skip_up_to=None, packages_select_build_failed=False, packages_skip_build_finished=False, packages_select_test_failures=False, packages_skip_test_passed=False, packages_select=None, packages_skip=None, packages_select_regex=None, packages_skip_regex=None, packages_start=None, packages_end=None, cmake_args=None, cmake_target=None, cmake_target_skip_unavailable=False, cmake_clean_cache=False, cmake_clean_first=False, cmake_force_configure=False, ament_cmake_args=None, catkin_cmake_args=None, catkin_skip_building_tests=False, mixin_files=None, mixin=None, verb_parser=<colcon_mixin.mixin.mixin_argument.MixinArgumentDecorator object at 0xffffa4e8e020>, verb_extension=<colcon_core.verb.build.BuildVerb object at 0xffffa4f9aec0>, main=<bound method BuildVerb.main of <colcon_core.verb.build.BuildVerb object at 0xffffa4f9aec0>>, mixin_verb=('build',))
[0.098s] Level 1:colcon.colcon_core.package_discovery:discover_packages(colcon_meta) check parameters
[0.098s] Level 1:colcon.colcon_core.package_discovery:discover_packages(recursive) check parameters
[0.098s] Level 1:colcon.colcon_core.package_discovery:discover_packages(ignore) check parameters
[0.098s] Level 1:colcon.colcon_core.package_discovery:discover_packages(path) check parameters
[0.098s] Level 1:colcon.colcon_core.package_discovery:discover_packages(colcon_meta) discover
[0.098s] Level 1:colcon.colcon_core.package_discovery:discover_packages(recursive) discover
[0.098s] INFO:colcon.colcon_core.package_discovery:Crawling recursively for packages in '/home/dev/ws/src/dynamic-box'
[0.098s] Level 1:colcon.colcon_core.package_identification:_identify(.) by extensions ['ignore', 'ignore_ament_install']
[0.098s] Level 1:colcon.colcon_core.package_identification:_identify(.) by extension 'ignore'
[0.099s] Level 1:colcon.colcon_core.package_identification:_identify(.) by extension 'ignore_ament_install'
[0.099s] Level 1:colcon.colcon_core.package_identification:_identify(.) by extensions ['colcon_pkg']
[0.099s] Level 1:colcon.colcon_core.package_identification:_identify(.) by extension 'colcon_pkg'
[0.099s] Level 1:colcon.colcon_core.package_identification:_identify(.) by extensions ['colcon_meta']
[0.099s] Level 1:colcon.colcon_core.package_identification:_identify(.) by extension 'colcon_meta'
[0.099s] Level 1:colcon.colcon_core.package_identification:_identify(.) by extensions ['ros']
[0.099s] Level 1:colcon.colcon_core.package_identification:_identify(.) by extension 'ros'
[0.104s] Level 1:colcon.colcon_core.package_identification:_identify(.) by extensions ['cmake', 'python']
[0.104s] Level 1:colcon.colcon_core.package_identification:_identify(.) by extension 'cmake'
[0.104s] Level 1:colcon.colcon_core.package_identification:_identify(.) by extension 'python'
[0.105s] Level 1:colcon.colcon_core.package_identification:_identify(.) by extensions ['python_setup_py']
[0.105s] Level 1:colcon.colcon_core.package_identification:_identify(.) by extension 'python_setup_py'
[0.105s] Level 1:colcon.colcon_core.package_identification:_identify(build) by extensions ['ignore', 'ignore_ament_install']
[0.105s] Level 1:colcon.colcon_core.package_identification:_identify(build) by extension 'ignore'
[0.105s] Level 1:colcon.colcon_core.package_identification:_identify(build) ignored
[0.105s] Level 1:colcon.colcon_core.package_identification:_identify(cev_msgs) by extensions ['ignore', 'ignore_ament_install']
[0.105s] Level 1:colcon.colcon_core.package_identification:_identify(cev_msgs) by extension 'ignore'
[0.105s] Level 1:colcon.colcon_core.package_identification:_identify(cev_msgs) by extension 'ignore_ament_install'
[0.105s] Level 1:colcon.colcon_core.package_identification:_identify(cev_msgs) by extensions ['colcon_pkg']
[0.105s] Level 1:colcon.colcon_core.package_identification:_identify(cev_msgs) by extension 'colcon_pkg'
[0.106s] Level 1:colcon.colcon_core.package_identification:_identify(cev_msgs) by extensions ['colcon_meta']
[0.106s] Level 1:colcon.colcon_core.package_identification:_identify(cev_msgs) by extension 'colcon_meta'
[0.106s] Level 1:colcon.colcon_core.package_identification:_identify(cev_msgs) by extensions ['ros']
[0.106s] Level 1:colcon.colcon_core.package_identification:_identify(cev_msgs) by extension 'ros'
[0.107s] DEBUG:colcon.colcon_core.package_identification:Package 'cev_msgs' with type 'ros.ament_cmake' and name 'cev_msgs'
[0.107s] Level 1:colcon.colcon_core.package_identification:_identify(install) by extensions ['ignore', 'ignore_ament_install']
[0.107s] Level 1:colcon.colcon_core.package_identification:_identify(install) by extension 'ignore'
[0.107s] Level 1:colcon.colcon_core.package_identification:_identify(install) ignored
[0.108s] Level 1:colcon.colcon_core.package_identification:_identify(log) by extensions ['ignore', 'ignore_ament_install']
[0.108s] Level 1:colcon.colcon_core.package_identification:_identify(log) by extension 'ignore'
[0.108s] Level 1:colcon.colcon_core.package_identification:_identify(log) ignored
[0.108s] Level 1:colcon.colcon_core.package_identification:_identify(my_rosbag_reader) by extensions ['ignore', 'ignore_ament_install']
[0.108s] Level 1:colcon.colcon_core.package_identification:_identify(my_rosbag_reader) by extension 'ignore'
[0.108s] Level 1:colcon.colcon_core.package_identification:_identify(my_rosbag_reader) by extension 'ignore_ament_install'
[0.108s] Level 1:colcon.colcon_core.package_identification:_identify(my_rosbag_reader) by extensions ['colcon_pkg']
[0.108s] Level 1:colcon.colcon_core.package_identification:_identify(my_rosbag_reader) by extension 'colcon_pkg'
[0.108s] Level 1:colcon.colcon_core.package_identification:_identify(my_rosbag_reader) by extensions ['colcon_meta']
[0.108s] Level 1:colcon.colcon_core.package_identification:_identify(my_rosbag_reader) by extension 'colcon_meta'
[0.108s] Level 1:colcon.colcon_core.package_identification:_identify(my_rosbag_reader) by extensions ['ros']
[0.108s] Level 1:colcon.colcon_core.package_identification:_identify(my_rosbag_reader) by extension 'ros'
[0.109s] Level 1:colcon.colcon_core.package_identification:_identify(my_rosbag_reader) by extensions ['cmake', 'python']
[0.109s] Level 1:colcon.colcon_core.package_identification:_identify(my_rosbag_reader) by extension 'cmake'
[0.109s] Level 1:colcon.colcon_core.package_identification:_identify(my_rosbag_reader) by extension 'python'
[0.109s] Level 1:colcon.colcon_core.package_identification:_identify(my_rosbag_reader) by extensions ['python_setup_py']
[0.109s] Level 1:colcon.colcon_core.package_identification:_identify(my_rosbag_reader) by extension 'python_setup_py'
[0.109s] Level 1:colcon.colcon_core.package_identification:_identify(my_rosbag_reader/my_rosbag_reader) by extensions ['ignore', 'ignore_ament_install']
[0.109s] Level 1:colcon.colcon_core.package_identification:_identify(my_rosbag_reader/my_rosbag_reader) by extension 'ignore'
[0.109s] Level 1:colcon.colcon_core.package_identification:_identify(my_rosbag_reader/my_rosbag_reader) by extension 'ignore_ament_install'
[0.109s] Level 1:colcon.colcon_core.package_identification:_identify(my_rosbag_reader/my_rosbag_reader) by extensions ['colcon_pkg']
[0.109s] Level 1:colcon.colcon_core.package_identification:_identify(my_rosbag_reader/my_rosbag_reader) by extension 'colcon_pkg'
[0.109s] Level 1:colcon.colcon_core.package_identification:_identify(my_rosbag_reader/my_rosbag_reader) by extensions ['colcon_meta']
[0.109s] Level 1:colcon.colcon_core.package_identification:_identify(my_rosbag_reader/my_rosbag_reader) by extension 'colcon_meta'
[0.109s] Level 1:colcon.colcon_core.package_identification:_identify(my_rosbag_reader/my_rosbag_reader) by extensions ['ros']
[0.109s] Level 1:colcon.colcon_core.package_identification:_identify(my_rosbag_reader/my_rosbag_reader) by extension 'ros'
[0.110s] Level 1:colcon.colcon_core.package_identification:_identify(my_rosbag_reader/my_rosbag_reader) by extensions ['cmake', 'python']
[0.110s] Level 1:colcon.colcon_core.package_identification:_identify(my_rosbag_reader/my_rosbag_reader) by extension 'cmake'
[0.110s] Level 1:colcon.colcon_core.package_identification:_identify(my_rosbag_reader/my_rosbag_reader) by extension 'python'
[0.110s] Level 1:colcon.colcon_core.package_identification:_identify(my_rosbag_reader/my_rosbag_reader) by extensions ['python_setup_py']
[0.110s] Level 1:colcon.colcon_core.package_identification:_identify(my_rosbag_reader/my_rosbag_reader) by extension 'python_setup_py'
[0.110s] Level 1:colcon.colcon_core.package_discovery:discover_packages(recursive) using defaults
[0.110s] Level 1:colcon.colcon_core.package_discovery:discover_packages(ignore) discover
[0.110s] Level 1:colcon.colcon_core.package_discovery:discover_packages(ignore) using defaults
[0.110s] Level 1:colcon.colcon_core.package_discovery:discover_packages(path) discover
[0.110s] Level 1:colcon.colcon_core.package_discovery:discover_packages(path) using defaults
[0.119s] Level 5:colcon.colcon_core.verb:set package 'cev_msgs' build argument 'cmake_args' from command line to 'None'
[0.119s] Level 5:colcon.colcon_core.verb:set package 'cev_msgs' build argument 'cmake_target' from command line to 'None'
[0.119s] Level 5:colcon.colcon_core.verb:set package 'cev_msgs' build argument 'cmake_target_skip_unavailable' from command line to 'False'
[0.119s] Level 5:colcon.colcon_core.verb:set package 'cev_msgs' build argument 'cmake_clean_cache' from command line to 'False'
[0.119s] Level 5:colcon.colcon_core.verb:set package 'cev_msgs' build argument 'cmake_clean_first' from command line to 'False'
[0.119s] Level 5:colcon.colcon_core.verb:set package 'cev_msgs' build argument 'cmake_force_configure' from command line to 'False'
[0.119s] Level 5:colcon.colcon_core.verb:set package 'cev_msgs' build argument 'ament_cmake_args' from command line to 'None'
[0.119s] Level 5:colcon.colcon_core.verb:set package 'cev_msgs' build argument 'catkin_cmake_args' from command line to 'None'
[0.119s] Level 5:colcon.colcon_core.verb:set package 'cev_msgs' build argument 'catkin_skip_building_tests' from command line to 'False'
[0.119s] DEBUG:colcon.colcon_core.verb:Building package 'cev_msgs' with the following arguments: {'ament_cmake_args': None, 'build_base': '/home/dev/ws/src/dynamic-box/build/cev_msgs', 'catkin_cmake_args': None, 'catkin_skip_building_tests': False, 'cmake_args': None, 'cmake_clean_cache': False, 'cmake_clean_first': False, 'cmake_force_configure': False, 'cmake_target': None, 'cmake_target_skip_unavailable': False, 'install_base': '/home/dev/ws/src/dynamic-box/install/cev_msgs', 'merge_install': False, 'path': '/home/dev/ws/src/dynamic-box/cev_msgs', 'symlink_install': False, 'test_result_base': None}
[0.119s] INFO:colcon.colcon_core.executor:Executing jobs using 'parallel' executor
[0.120s] DEBUG:colcon.colcon_parallel_executor.executor.parallel:run_until_complete
[0.120s] INFO:colcon.colcon_ros.task.ament_cmake.build:Building ROS package in '/home/dev/ws/src/dynamic-box/cev_msgs' with build type 'ament_cmake'
[0.120s] INFO:colcon.colcon_cmake.task.cmake.build:Building CMake package in '/home/dev/ws/src/dynamic-box/cev_msgs'
[0.121s] INFO:colcon.colcon_core.plugin_system:Skipping extension 'colcon_core.shell.bat': Not used on non-Windows systems
[0.121s] INFO:colcon.colcon_core.shell:Skip shell extension 'powershell' for command environment: Not usable outside of PowerShell
[0.121s] DEBUG:colcon.colcon_core.shell:Skip shell extension 'dsv' for command environment
[0.130s] DEBUG:colcon.colcon_core.event_handler.log_command:Invoking command in '/home/dev/ws/src/dynamic-box/build/cev_msgs': CMAKE_PREFIX_PATH=${CMAKE_PREFIX_PATH}:/opt/ros/humble /usr/bin/cmake --build /home/dev/ws/src/dynamic-box/build/cev_msgs -- -j10 -l10
[0.416s] DEBUG:colcon.colcon_core.event_handler.log_command:Invoked command in '/home/dev/ws/src/dynamic-box/build/cev_msgs' returned '0': CMAKE_PREFIX_PATH=${CMAKE_PREFIX_PATH}:/opt/ros/humble /usr/bin/cmake --build /home/dev/ws/src/dynamic-box/build/cev_msgs -- -j10 -l10
[0.425s] DEBUG:colcon.colcon_core.event_handler.log_command:Invoking command in '/home/dev/ws/src/dynamic-box/build/cev_msgs': CMAKE_PREFIX_PATH=${CMAKE_PREFIX_PATH}:/opt/ros/humble /usr/bin/cmake --install /home/dev/ws/src/dynamic-box/build/cev_msgs
[0.531s] Level 1:colcon.colcon_core.environment:create_environment_scripts_only(cev_msgs)
[0.533s] Level 1:colcon.colcon_core.environment:checking '/home/dev/ws/src/dynamic-box/install/cev_msgs' for CMake module files
[0.533s] DEBUG:colcon.colcon_core.event_handler.log_command:Invoked command in '/home/dev/ws/src/dynamic-box/build/cev_msgs' returned '0': CMAKE_PREFIX_PATH=${CMAKE_PREFIX_PATH}:/opt/ros/humble /usr/bin/cmake --install /home/dev/ws/src/dynamic-box/build/cev_msgs
[0.542s] Level 1:colcon.colcon_core.environment:checking '/home/dev/ws/src/dynamic-box/install/cev_msgs' for CMake config files
[0.549s] Level 1:colcon.colcon_core.shell:create_environment_hook('cev_msgs', 'cmake_prefix_path')
[0.550s] INFO:colcon.colcon_core.shell:Creating environment hook '/home/dev/ws/src/dynamic-box/install/cev_msgs/share/cev_msgs/hook/cmake_prefix_path.ps1'
[0.552s] INFO:colcon.colcon_core.shell:Creating environment descriptor '/home/dev/ws/src/dynamic-box/install/cev_msgs/share/cev_msgs/hook/cmake_prefix_path.dsv'
[0.553s] INFO:colcon.colcon_core.shell:Creating environment hook '/home/dev/ws/src/dynamic-box/install/cev_msgs/share/cev_msgs/hook/cmake_prefix_path.sh'
[0.556s] Level 1:colcon.colcon_core.environment:checking '/home/dev/ws/src/dynamic-box/install/cev_msgs/lib'
[0.557s] Level 1:colcon.colcon_core.shell:create_environment_hook('cev_msgs', 'ld_library_path_lib')
[0.558s] INFO:colcon.colcon_core.shell:Creating environment hook '/home/dev/ws/src/dynamic-box/install/cev_msgs/share/cev_msgs/hook/ld_library_path_lib.ps1'
[0.561s] INFO:colcon.colcon_core.shell:Creating environment descriptor '/home/dev/ws/src/dynamic-box/install/cev_msgs/share/cev_msgs/hook/ld_library_path_lib.dsv'
[0.564s] INFO:colcon.colcon_core.shell:Creating environment hook '/home/dev/ws/src/dynamic-box/install/cev_msgs/share/cev_msgs/hook/ld_library_path_lib.sh'
[0.568s] Level 1:colcon.colcon_core.environment:checking '/home/dev/ws/src/dynamic-box/install/cev_msgs/bin'
[0.569s] Level 1:colcon.colcon_core.environment:checking '/home/dev/ws/src/dynamic-box/install/cev_msgs/lib/pkgconfig/cev_msgs.pc'
[0.571s] Level 1:colcon.colcon_core.environment:checking '/home/dev/ws/src/dynamic-box/install/cev_msgs/lib/python3.10/site-packages'
[0.571s] Level 1:colcon.colcon_core.environment:checking '/home/dev/ws/src/dynamic-box/install/cev_msgs/bin'
[0.572s] INFO:colcon.colcon_core.shell:Creating package script '/home/dev/ws/src/dynamic-box/install/cev_msgs/share/cev_msgs/package.ps1'
[0.576s] INFO:colcon.colcon_core.shell:Creating package descriptor '/home/dev/ws/src/dynamic-box/install/cev_msgs/share/cev_msgs/package.dsv'
[0.579s] INFO:colcon.colcon_core.shell:Creating package script '/home/dev/ws/src/dynamic-box/install/cev_msgs/share/cev_msgs/package.sh'
[0.584s] INFO:colcon.colcon_core.shell:Creating package script '/home/dev/ws/src/dynamic-box/install/cev_msgs/share/cev_msgs/package.bash'
[0.588s] INFO:colcon.colcon_core.shell:Creating package script '/home/dev/ws/src/dynamic-box/install/cev_msgs/share/cev_msgs/package.zsh'
[0.594s] Level 1:colcon.colcon_core.environment:create_file_with_runtime_dependencies(/home/dev/ws/src/dynamic-box/install/cev_msgs/share/colcon-core/packages/cev_msgs)
[0.608s] Level 1:colcon.colcon_core.environment:create_environment_scripts_only(cev_msgs)
[0.609s] Level 1:colcon.colcon_core.environment:checking '/home/dev/ws/src/dynamic-box/install/cev_msgs' for CMake module files
[0.625s] Level 1:colcon.colcon_core.environment:checking '/home/dev/ws/src/dynamic-box/install/cev_msgs' for CMake config files
[0.638s] Level 1:colcon.colcon_core.shell:create_environment_hook('cev_msgs', 'cmake_prefix_path')
[0.638s] INFO:colcon.colcon_core.shell:Creating environment hook '/home/dev/ws/src/dynamic-box/install/cev_msgs/share/cev_msgs/hook/cmake_prefix_path.ps1'
[0.640s] INFO:colcon.colcon_core.shell:Creating environment descriptor '/home/dev/ws/src/dynamic-box/install/cev_msgs/share/cev_msgs/hook/cmake_prefix_path.dsv'
[0.643s] INFO:colcon.colcon_core.shell:Creating environment hook '/home/dev/ws/src/dynamic-box/install/cev_msgs/share/cev_msgs/hook/cmake_prefix_path.sh'
[0.646s] Level 1:colcon.colcon_core.environment:checking '/home/dev/ws/src/dynamic-box/install/cev_msgs/lib'
[0.647s] Level 1:colcon.colcon_core.shell:create_environment_hook('cev_msgs', 'ld_library_path_lib')
[0.648s] INFO:colcon.colcon_core.shell:Creating environment hook '/home/dev/ws/src/dynamic-box/install/cev_msgs/share/cev_msgs/hook/ld_library_path_lib.ps1'
[0.650s] INFO:colcon.colcon_core.shell:Creating environment descriptor '/home/dev/ws/src/dynamic-box/install/cev_msgs/share/cev_msgs/hook/ld_library_path_lib.dsv'
[0.652s] INFO:colcon.colcon_core.shell:Creating environment hook '/home/dev/ws/src/dynamic-box/install/cev_msgs/share/cev_msgs/hook/ld_library_path_lib.sh'
[0.654s] Level 1:colcon.colcon_core.environment:checking '/home/dev/ws/src/dynamic-box/install/cev_msgs/bin'
[0.654s] Level 1:colcon.colcon_core.environment:checking '/home/dev/ws/src/dynamic-box/install/cev_msgs/lib/pkgconfig/cev_msgs.pc'
[0.655s] Level 1:colcon.colcon_core.environment:checking '/home/dev/ws/src/dynamic-box/install/cev_msgs/lib/python3.10/site-packages'
[0.655s] Level 1:colcon.colcon_core.environment:checking '/home/dev/ws/src/dynamic-box/install/cev_msgs/bin'
[0.655s] INFO:colcon.colcon_core.shell:Creating package script '/home/dev/ws/src/dynamic-box/install/cev_msgs/share/cev_msgs/package.ps1'
[0.656s] INFO:colcon.colcon_core.shell:Creating package descriptor '/home/dev/ws/src/dynamic-box/install/cev_msgs/share/cev_msgs/package.dsv'
[0.656s] INFO:colcon.colcon_core.shell:Creating package script '/home/dev/ws/src/dynamic-box/install/cev_msgs/share/cev_msgs/package.sh'
[0.657s] INFO:colcon.colcon_core.shell:Creating package script '/home/dev/ws/src/dynamic-box/install/cev_msgs/share/cev_msgs/package.bash'
[0.659s] INFO:colcon.colcon_core.shell:Creating package script '/home/dev/ws/src/dynamic-box/install/cev_msgs/share/cev_msgs/package.zsh'
[0.660s] Level 1:colcon.colcon_core.environment:create_file_with_runtime_dependencies(/home/dev/ws/src/dynamic-box/install/cev_msgs/share/colcon-core/packages/cev_msgs)
[0.660s] DEBUG:colcon.colcon_parallel_executor.executor.parallel:closing loop
[0.660s] DEBUG:colcon.colcon_parallel_executor.executor.parallel:loop closed
[0.660s] DEBUG:colcon.colcon_parallel_executor.executor.parallel:run_until_complete finished with '0'
[0.661s] DEBUG:colcon.colcon_core.event_reactor:joining thread
[0.667s] INFO:colcon.colcon_core.plugin_system:Skipping extension 'colcon_notification.desktop_notification.notify_send': Could not find 'notify-send'
[0.667s] INFO:colcon.colcon_core.plugin_system:Skipping extension 'colcon_notification.desktop_notification.terminal_notifier': Not used on non-Darwin systems
[0.667s] INFO:colcon.colcon_core.plugin_system:Skipping extension 'colcon_notification.desktop_notification.win32': Not used on non-Windows systems
[0.667s] INFO:colcon.colcon_notification.desktop_notification:Sending desktop notification using 'notify2'
[0.667s] DEBUG:colcon.colcon_notification.desktop_notification.notify2:Failed to initialize notify2: org.freedesktop.DBus.Error.NotSupported: Unable to autolaunch a dbus-daemon without a $DISPLAY for X11
[0.667s] DEBUG:colcon.colcon_core.event_reactor:joined thread
[0.667s] INFO:colcon.colcon_core.shell:Creating prefix script '/home/dev/ws/src/dynamic-box/install/local_setup.ps1'
[0.668s] INFO:colcon.colcon_core.shell:Creating prefix util module '/home/dev/ws/src/dynamic-box/install/_local_setup_util_ps1.py'
[0.669s] INFO:colcon.colcon_core.shell:Creating prefix chain script '/home/dev/ws/src/dynamic-box/install/setup.ps1'
[0.670s] INFO:colcon.colcon_core.shell:Creating prefix script '/home/dev/ws/src/dynamic-box/install/local_setup.sh'
[0.671s] INFO:colcon.colcon_core.shell:Creating prefix util module '/home/dev/ws/src/dynamic-box/install/_local_setup_util_sh.py'
[0.671s] INFO:colcon.colcon_core.shell:Creating prefix chain script '/home/dev/ws/src/dynamic-box/install/setup.sh'
[0.672s] INFO:colcon.colcon_core.shell:Creating prefix script '/home/dev/ws/src/dynamic-box/install/local_setup.bash'
[0.673s] INFO:colcon.colcon_core.shell:Creating prefix chain script '/home/dev/ws/src/dynamic-box/install/setup.bash'
[0.674s] INFO:colcon.colcon_core.shell:Creating prefix script '/home/dev/ws/src/dynamic-box/install/local_setup.zsh'
[0.675s] INFO:colcon.colcon_core.shell:Creating prefix chain script '/home/dev/ws/src/dynamic-box/install/setup.zsh'
