[0.010s] Invoking command in '/home/dev/ws/src/dynamic-box/my_rosbag_reader/cluster_node/build/cluster_node': CMAKE_PREFIX_PATH=${CMAKE_PREFIX_PATH}:/home/dev/ws/src/dynamic-box/my_rosbag_reader/install/my_rosbag_reader:/opt/ros/humble /usr/bin/cmake --build /home/dev/ws/src/dynamic-box/my_rosbag_reader/cluster_node/build/cluster_node -- -j22 -l22
[0.049s] [  2%] Built target cluster_node__cpp
[0.050s] [ 12%] Built target cluster_node__rosidl_generator_c
[0.058s] [ 12%] Built target ament_cmake_python_copy_cluster_node
[0.070s] [ 51%] Built target cluster_node__rosidl_typesupport_fastrtps_cpp
[0.070s] [ 51%] Built target cluster_node__rosidl_typesupport_introspection_cpp
[0.070s] [ 51%] Built target cluster_node__rosidl_typesupport_cpp
[0.070s] [ 51%] Built target cluster_node__rosidl_typesupport_c
[0.070s] [ 60%] Built target cluster_node__rosidl_typesupport_fastrtps_c
[0.070s] [ 70%] Built target cluster_node__rosidl_typesupport_introspection_c
[0.083s] [ 70%] Built target cluster_node
[0.093s] [35m[1mConsolidate compiler generated dependencies of target cluster_cpp[0m
[0.095s] [ 73%] Built target cluster_node__py
[0.109s] [ 80%] Built target cluster_node__rosidl_generator_py
[0.114s] [ 82%] [32mBuilding CXX object CMakeFiles/cluster_cpp.dir/src/cluster_node.cpp.o[0m
[0.124s] [ 97%] Built target cluster_node__rosidl_typesupport_c__pyext
[0.124s] [ 97%] Built target cluster_node__rosidl_typesupport_introspection_c__pyext
[0.124s] [ 97%] Built target cluster_node__rosidl_typesupport_fastrtps_c__pyext
[0.193s] running egg_info
[0.199s] writing cluster_node.egg-info/PKG-INFO
[0.200s] writing dependency_links to cluster_node.egg-info/dependency_links.txt
[0.200s] writing top-level names to cluster_node.egg-info/top_level.txt
[0.220s] reading manifest file 'cluster_node.egg-info/SOURCES.txt'
[0.220s] writing manifest file 'cluster_node.egg-info/SOURCES.txt'
[0.241s] [ 97%] Built target ament_cmake_python_build_cluster_node_egg
[4.680s] [01m[K/home/dev/ws/src/dynamic-box/my_rosbag_reader/cluster_node/src/cluster_node.cpp:[m[K In member function ‘[01m[Kvoid ClusterNode::listenerCallback(sensor_msgs::msg::PointCloud2_<std::allocator<void> >::SharedPtr)[m[K’:
[4.680s] [01m[K/home/dev/ws/src/dynamic-box/my_rosbag_reader/cluster_node/src/cluster_node.cpp:42:40:[m[K [01;31m[Kerror: [m[K‘[01m[KVector3dVector[m[K’ is not a member of ‘[01m[Kopen3d::utility[m[K’
[4.680s]    42 |         pcd.points_ = open3d::utility::[01;31m[KVector3dVector[m[K(cloud);
[4.680s]       |                                        [01;31m[K^~~~~~~~~~~~~~[m[K
[7.504s] gmake[2]: *** [CMakeFiles/cluster_cpp.dir/build.make:76: CMakeFiles/cluster_cpp.dir/src/cluster_node.cpp.o] Error 1
[7.504s] gmake[1]: *** [CMakeFiles/Makefile2:594: CMakeFiles/cluster_cpp.dir/all] Error 2
[7.504s] gmake: *** [Makefile:146: all] Error 2
[7.507s] Invoked command in '/home/dev/ws/src/dynamic-box/my_rosbag_reader/cluster_node/build/cluster_node' returned '2': CMAKE_PREFIX_PATH=${CMAKE_PREFIX_PATH}:/home/dev/ws/src/dynamic-box/my_rosbag_reader/install/my_rosbag_reader:/opt/ros/humble /usr/bin/cmake --build /home/dev/ws/src/dynamic-box/my_rosbag_reader/cluster_node/build/cluster_node -- -j22 -l22
