[  2%] Built target cluster_node__cpp
[ 12%] Built target cluster_node__rosidl_generator_c
[ 12%] Built target ament_cmake_python_copy_cluster_node
[ 21%] Built target cluster_node__rosidl_typesupport_introspection_cpp
[ 31%] Built target cluster_node__rosidl_typesupport_fastrtps_cpp
[ 41%] Built target cluster_node__rosidl_typesupport_fastrtps_c
[ 51%] Built target cluster_node__rosidl_typesupport_introspection_c
[ 60%] Built target cluster_node__rosidl_typesupport_cpp
[ 70%] Built target cluster_node__rosidl_typesupport_c
[ 70%] Built target cluster_node
[35m[1mConsolidate compiler generated dependencies of target cluster_cpp[0m
[ 73%] Built target cluster_node__py
[ 80%] Built target cluster_node__rosidl_generator_py
[ 82%] [32mBuilding CXX object CMakeFiles/cluster_cpp.dir/src/cluster_node.cpp.o[0m
[ 87%] Built target cluster_node__rosidl_typesupport_introspection_c__pyext
[ 97%] Built target cluster_node__rosidl_typesupport_fastrtps_c__pyext
[ 97%] Built target cluster_node__rosidl_typesupport_c__pyext
running egg_info
writing cluster_node.egg-info/PKG-INFO
writing dependency_links to cluster_node.egg-info/dependency_links.txt
writing top-level names to cluster_node.egg-info/top_level.txt
reading manifest file 'cluster_node.egg-info/SOURCES.txt'
writing manifest file 'cluster_node.egg-info/SOURCES.txt'
[ 97%] Built target ament_cmake_python_build_cluster_node_egg
