[0.175s] DEBUG:colcon:Command line arguments: ['/usr/bin/colcon', 'build', '--packages-select', 'cluster']
[0.175s] DEBUG:colcon:Parsed command line arguments: Namespace(log_base=None, log_level=None, verb_name='build', build_base='build', install_base='install', merge_install=False, symlink_install=False, test_result_base=None, continue_on_error=False, executor='parallel', parallel_workers=22, event_handlers=None, ignore_user_meta=False, metas=['./colcon.meta'], base_paths=['.'], packages_ignore=None, packages_ignore_regex=None, paths=None, packages_up_to=None, packages_up_to_regex=None, packages_above=None, packages_above_and_dependencies=None, packages_above_depth=None, packages_select_by_dep=None, packages_skip_by_dep=None, packages_skip_up_to=None, packages_select_build_failed=False, packages_skip_build_finished=False, packages_select_test_failures=False, packages_skip_test_passed=False, packages_select=['cluster'], packages_skip=None, packages_select_regex=None, packages_skip_regex=None, packages_start=None, packages_end=None, cmake_args=None, cmake_target=None, cmake_target_skip_unavailable=False, cmake_clean_cache=False, cmake_clean_first=False, cmake_force_configure=False, ament_cmake_args=None, catkin_cmake_args=None, catkin_skip_building_tests=False, mixin_files=None, mixin=None, verb_parser=<colcon_mixin.mixin.mixin_argument.MixinArgumentDecorator object at 0x7f30ea7d7a90>, verb_extension=<colcon_core.verb.build.BuildVerb object at 0x7f30ea7d74f0>, main=<bound method BuildVerb.main of <colcon_core.verb.build.BuildVerb object at 0x7f30ea7d74f0>>, mixin_verb=('build',))
[0.226s] Level 1:colcon.colcon_core.package_discovery:discover_packages(colcon_meta) check parameters
[0.227s] INFO:colcon.colcon_metadata.package_discovery.colcon_meta:Using configuration from '/root/.colcon/metadata/default/Gazebo.meta'
[0.228s] INFO:colcon.colcon_metadata.package_discovery.colcon_meta:Using configuration from '/root/.colcon/metadata/default/fastdds.meta'
[0.228s] INFO:colcon.colcon_metadata.package_discovery.colcon_meta:Using configuration from '/root/.colcon/metadata/default/fastrtps.meta'
[0.228s] Level 1:colcon.colcon_core.package_discovery:discover_packages(recursive) check parameters
[0.228s] Level 1:colcon.colcon_core.package_discovery:discover_packages(ignore) check parameters
[0.229s] Level 1:colcon.colcon_core.package_discovery:discover_packages(path) check parameters
[0.229s] Level 1:colcon.colcon_core.package_discovery:discover_packages(colcon_meta) discover
[0.229s] Level 1:colcon.colcon_core.package_discovery:discover_packages(recursive) discover
[0.229s] INFO:colcon.colcon_core.package_discovery:Crawling recursively for packages in '/home/dev/ws/src/dynamic-box/my_rosbag_reader/cluster_node'
[0.229s] Level 1:colcon.colcon_core.package_identification:_identify(.) by extensions ['ignore', 'ignore_ament_install']
[0.229s] Level 1:colcon.colcon_core.package_identification:_identify(.) by extension 'ignore'
[0.229s] Level 1:colcon.colcon_core.package_identification:_identify(.) by extension 'ignore_ament_install'
[0.229s] Level 1:colcon.colcon_core.package_identification:_identify(.) by extensions ['colcon_pkg']
[0.229s] Level 1:colcon.colcon_core.package_identification:_identify(.) by extension 'colcon_pkg'
[0.229s] Level 1:colcon.colcon_core.package_identification:_identify(.) by extensions ['colcon_meta']
[0.229s] Level 1:colcon.colcon_core.package_identification:_identify(.) by extension 'colcon_meta'
[0.229s] Level 1:colcon.colcon_core.package_identification:_identify(.) by extensions ['ros']
[0.229s] Level 1:colcon.colcon_core.package_identification:_identify(.) by extension 'ros'
[0.259s] DEBUG:colcon.colcon_core.package_identification:Package '.' with type 'ros.ament_cmake' and name 'cluster_node'
[0.259s] Level 1:colcon.colcon_core.package_discovery:discover_packages(recursive) using defaults
[0.259s] Level 1:colcon.colcon_core.package_discovery:discover_packages(ignore) discover
[0.259s] Level 1:colcon.colcon_core.package_discovery:discover_packages(ignore) using defaults
[0.259s] Level 1:colcon.colcon_core.package_discovery:discover_packages(path) discover
[0.259s] Level 1:colcon.colcon_core.package_discovery:discover_packages(path) using defaults
[0.259s] WARNING:colcon.colcon_core.package_selection:ignoring unknown package 'cluster' in --packages-select
[0.282s] INFO:colcon.colcon_core.package_selection:Skipping not selected package 'cluster_node' in '.'
[0.282s] INFO:colcon.colcon_core.executor:Executing jobs using 'parallel' executor
[0.283s] DEBUG:colcon.colcon_parallel_executor.executor.parallel:run_until_complete
[0.283s] DEBUG:colcon.colcon_parallel_executor.executor.parallel:closing loop
[0.284s] DEBUG:colcon.colcon_parallel_executor.executor.parallel:loop closed
[0.284s] DEBUG:colcon.colcon_parallel_executor.executor.parallel:run_until_complete finished with '0'
[0.284s] DEBUG:colcon.colcon_core.event_reactor:joining thread
[0.293s] INFO:colcon.colcon_core.plugin_system:Skipping extension 'colcon_notification.desktop_notification.notify_send': Could not find 'notify-send'
[0.293s] INFO:colcon.colcon_core.plugin_system:Skipping extension 'colcon_notification.desktop_notification.terminal_notifier': Not used on non-Darwin systems
[0.293s] INFO:colcon.colcon_core.plugin_system:Skipping extension 'colcon_notification.desktop_notification.win32': Not used on non-Windows systems
[0.293s] INFO:colcon.colcon_notification.desktop_notification:Sending desktop notification using 'notify2'
[0.295s] DEBUG:colcon.colcon_notification.desktop_notification.notify2:Failed to initialize notify2: org.freedesktop.DBus.Error.Spawn.ExecFailed: /usr/bin/dbus-launch terminated abnormally without any error message
[0.295s] DEBUG:colcon.colcon_core.event_reactor:joined thread
[0.300s] INFO:colcon.colcon_core.plugin_system:Skipping extension 'colcon_core.shell.bat': Not used on non-Windows systems
[0.301s] INFO:colcon.colcon_core.shell:Creating prefix script '/home/dev/ws/src/dynamic-box/my_rosbag_reader/cluster_node/install/local_setup.ps1'
[0.302s] INFO:colcon.colcon_core.shell:Creating prefix util module '/home/dev/ws/src/dynamic-box/my_rosbag_reader/cluster_node/install/_local_setup_util_ps1.py'
[0.303s] INFO:colcon.colcon_core.shell:Creating prefix chain script '/home/dev/ws/src/dynamic-box/my_rosbag_reader/cluster_node/install/setup.ps1'
[0.308s] INFO:colcon.colcon_core.shell:Creating prefix script '/home/dev/ws/src/dynamic-box/my_rosbag_reader/cluster_node/install/local_setup.sh'
[0.309s] INFO:colcon.colcon_core.shell:Creating prefix util module '/home/dev/ws/src/dynamic-box/my_rosbag_reader/cluster_node/install/_local_setup_util_sh.py'
[0.309s] INFO:colcon.colcon_core.shell:Creating prefix chain script '/home/dev/ws/src/dynamic-box/my_rosbag_reader/cluster_node/install/setup.sh'
[0.310s] INFO:colcon.colcon_core.shell:Creating prefix script '/home/dev/ws/src/dynamic-box/my_rosbag_reader/cluster_node/install/local_setup.bash'
[0.311s] INFO:colcon.colcon_core.shell:Creating prefix chain script '/home/dev/ws/src/dynamic-box/my_rosbag_reader/cluster_node/install/setup.bash'
[0.312s] INFO:colcon.colcon_core.shell:Creating prefix script '/home/dev/ws/src/dynamic-box/my_rosbag_reader/cluster_node/install/local_setup.zsh'
[0.313s] INFO:colcon.colcon_core.shell:Creating prefix chain script '/home/dev/ws/src/dynamic-box/my_rosbag_reader/cluster_node/install/setup.zsh'
