[0.009s] Invoking command in '/home/dev/ws/src/dynamic-box/build/cev_msgs': CMAKE_PREFIX_PATH=${CMAKE_PREFIX_PATH}:/opt/ros/humble /usr/bin/cmake --build /home/dev/ws/src/dynamic-box/build/cev_msgs -- -j10 -l10
[0.067s] [  4%] Built target cev_msgs__cpp
[0.069s] [ 12%] Built target cev_msgs__rosidl_generator_c
[0.121s] [ 12%] Built target ament_cmake_python_copy_cev_msgs
[0.136s] [ 23%] Built target cev_msgs__rosidl_typesupport_fastrtps_cpp
[0.147s] [ 34%] Built target cev_msgs__rosidl_typesupport_fastrtps_c
[0.156s] [ 63%] Built target cev_msgs__rosidl_typesupport_c
[0.157s] [ 66%] Built target cev_msgs__rosidl_typesupport_cpp
[0.158s] [ 79%] Built target cev_msgs__rosidl_typesupport_introspection_c
[0.159s] [ 79%] Built target cev_msgs__rosidl_typesupport_introspection_cpp
[0.181s] [ 79%] Built target cev_msgs
[0.198s] [ 80%] Built target cev_msgs__py
[0.234s] [ 90%] Built target cev_msgs__rosidl_generator_py
[0.245s] running egg_info
[0.245s] writing cev_msgs.egg-info/PKG-INFO
[0.246s] writing dependency_links to cev_msgs.egg-info/dependency_links.txt
[0.247s] writing top-level names to cev_msgs.egg-info/top_level.txt
[0.249s] reading manifest file 'cev_msgs.egg-info/SOURCES.txt'
[0.251s] writing manifest file 'cev_msgs.egg-info/SOURCES.txt'
[0.275s] [ 93%] Built target cev_msgs__rosidl_typesupport_fastrtps_c__pyext
[0.277s] [ 98%] Built target cev_msgs__rosidl_typesupport_c__pyext
[0.277s] [100%] Built target ament_cmake_python_build_cev_msgs_egg
[0.278s] [100%] Built target cev_msgs__rosidl_typesupport_introspection_c__pyext
[0.294s] Invoked command in '/home/dev/ws/src/dynamic-box/build/cev_msgs' returned '0': CMAKE_PREFIX_PATH=${CMAKE_PREFIX_PATH}:/opt/ros/humble /usr/bin/cmake --build /home/dev/ws/src/dynamic-box/build/cev_msgs -- -j10 -l10
[0.303s] Invoking command in '/home/dev/ws/src/dynamic-box/build/cev_msgs': CMAKE_PREFIX_PATH=${CMAKE_PREFIX_PATH}:/opt/ros/humble /usr/bin/cmake --install /home/dev/ws/src/dynamic-box/build/cev_msgs
[0.309s] -- Install configuration: ""
[0.309s] -- Up-to-date: /home/dev/ws/src/dynamic-box/install/cev_msgs/share/ament_index/resource_index/rosidl_interfaces/cev_msgs
[0.310s] -- Up-to-date: /home/dev/ws/src/dynamic-box/install/cev_msgs/include/cev_msgs/cev_msgs
[0.310s] -- Up-to-date: /home/dev/ws/src/dynamic-box/install/cev_msgs/include/cev_msgs/cev_msgs/msg
[0.310s] -- Up-to-date: /home/dev/ws/src/dynamic-box/install/cev_msgs/include/cev_msgs/cev_msgs/msg/waypoint.h
[0.311s] -- Up-to-date: /home/dev/ws/src/dynamic-box/install/cev_msgs/include/cev_msgs/cev_msgs/msg/rosidl_generator_c__visibility_control.h
[0.311s] -- Up-to-date: /home/dev/ws/src/dynamic-box/install/cev_msgs/include/cev_msgs/cev_msgs/msg/sensor_collect.h
[0.311s] -- Up-to-date: /home/dev/ws/src/dynamic-box/install/cev_msgs/include/cev_msgs/cev_msgs/msg/trajectory.h
[0.311s] -- Up-to-date: /home/dev/ws/src/dynamic-box/install/cev_msgs/include/cev_msgs/cev_msgs/msg/detail
[0.312s] -- Up-to-date: /home/dev/ws/src/dynamic-box/install/cev_msgs/include/cev_msgs/cev_msgs/msg/detail/waypoint__struct.h
[0.312s] -- Up-to-date: /home/dev/ws/src/dynamic-box/install/cev_msgs/include/cev_msgs/cev_msgs/msg/detail/obstacle__struct.h
[0.313s] -- Up-to-date: /home/dev/ws/src/dynamic-box/install/cev_msgs/include/cev_msgs/cev_msgs/msg/detail/obstacles__type_support.h
[0.313s] -- Up-to-date: /home/dev/ws/src/dynamic-box/install/cev_msgs/include/cev_msgs/cev_msgs/msg/detail/obstacle__type_support.h
[0.314s] -- Up-to-date: /home/dev/ws/src/dynamic-box/install/cev_msgs/include/cev_msgs/cev_msgs/msg/detail/obstacles__functions.c
[0.314s] -- Up-to-date: /home/dev/ws/src/dynamic-box/install/cev_msgs/include/cev_msgs/cev_msgs/msg/detail/sensor_collect__functions.c
[0.314s] -- Up-to-date: /home/dev/ws/src/dynamic-box/install/cev_msgs/include/cev_msgs/cev_msgs/msg/detail/waypoint__functions.h
[0.315s] -- Up-to-date: /home/dev/ws/src/dynamic-box/install/cev_msgs/include/cev_msgs/cev_msgs/msg/detail/obstacle__functions.c
[0.315s] -- Up-to-date: /home/dev/ws/src/dynamic-box/install/cev_msgs/include/cev_msgs/cev_msgs/msg/detail/trajectory__functions.c
[0.315s] -- Up-to-date: /home/dev/ws/src/dynamic-box/install/cev_msgs/include/cev_msgs/cev_msgs/msg/detail/trajectory__struct.h
[0.316s] -- Up-to-date: /home/dev/ws/src/dynamic-box/install/cev_msgs/include/cev_msgs/cev_msgs/msg/detail/sensor_collect__type_support.h
[0.316s] -- Up-to-date: /home/dev/ws/src/dynamic-box/install/cev_msgs/include/cev_msgs/cev_msgs/msg/detail/obstacles__struct.h
[0.317s] -- Up-to-date: /home/dev/ws/src/dynamic-box/install/cev_msgs/include/cev_msgs/cev_msgs/msg/detail/obstacles__functions.h
[0.317s] -- Up-to-date: /home/dev/ws/src/dynamic-box/install/cev_msgs/include/cev_msgs/cev_msgs/msg/detail/waypoint__functions.c
[0.318s] -- Up-to-date: /home/dev/ws/src/dynamic-box/install/cev_msgs/include/cev_msgs/cev_msgs/msg/detail/waypoint__type_support.h
[0.318s] -- Up-to-date: /home/dev/ws/src/dynamic-box/install/cev_msgs/include/cev_msgs/cev_msgs/msg/detail/sensor_collect__functions.h
[0.318s] -- Up-to-date: /home/dev/ws/src/dynamic-box/install/cev_msgs/include/cev_msgs/cev_msgs/msg/detail/trajectory__type_support.h
[0.318s] -- Up-to-date: /home/dev/ws/src/dynamic-box/install/cev_msgs/include/cev_msgs/cev_msgs/msg/detail/trajectory__functions.h
[0.319s] -- Up-to-date: /home/dev/ws/src/dynamic-box/install/cev_msgs/include/cev_msgs/cev_msgs/msg/detail/obstacle__functions.h
[0.319s] -- Up-to-date: /home/dev/ws/src/dynamic-box/install/cev_msgs/include/cev_msgs/cev_msgs/msg/detail/sensor_collect__struct.h
[0.320s] -- Up-to-date: /home/dev/ws/src/dynamic-box/install/cev_msgs/include/cev_msgs/cev_msgs/msg/obstacles.h
[0.320s] -- Up-to-date: /home/dev/ws/src/dynamic-box/install/cev_msgs/include/cev_msgs/cev_msgs/msg/obstacle.h
[0.321s] -- Up-to-date: /home/dev/ws/src/dynamic-box/install/cev_msgs/share/cev_msgs/environment/library_path.sh
[0.321s] -- Up-to-date: /home/dev/ws/src/dynamic-box/install/cev_msgs/share/cev_msgs/environment/library_path.dsv
[0.322s] -- Up-to-date: /home/dev/ws/src/dynamic-box/install/cev_msgs/lib/libcev_msgs__rosidl_generator_c.so
[0.322s] -- Up-to-date: /home/dev/ws/src/dynamic-box/install/cev_msgs/include/cev_msgs/cev_msgs
[0.323s] -- Up-to-date: /home/dev/ws/src/dynamic-box/install/cev_msgs/include/cev_msgs/cev_msgs/msg
[0.323s] -- Up-to-date: /home/dev/ws/src/dynamic-box/install/cev_msgs/include/cev_msgs/cev_msgs/msg/detail
[0.324s] -- Up-to-date: /home/dev/ws/src/dynamic-box/install/cev_msgs/include/cev_msgs/cev_msgs/msg/detail/sensor_collect__rosidl_typesupport_fastrtps_c.h
[0.324s] -- Up-to-date: /home/dev/ws/src/dynamic-box/install/cev_msgs/include/cev_msgs/cev_msgs/msg/detail/obstacle__rosidl_typesupport_fastrtps_c.h
[0.324s] -- Up-to-date: /home/dev/ws/src/dynamic-box/install/cev_msgs/include/cev_msgs/cev_msgs/msg/detail/waypoint__rosidl_typesupport_fastrtps_c.h
[0.325s] -- Up-to-date: /home/dev/ws/src/dynamic-box/install/cev_msgs/include/cev_msgs/cev_msgs/msg/detail/trajectory__rosidl_typesupport_fastrtps_c.h
[0.325s] -- Up-to-date: /home/dev/ws/src/dynamic-box/install/cev_msgs/include/cev_msgs/cev_msgs/msg/detail/obstacles__rosidl_typesupport_fastrtps_c.h
[0.325s] -- Up-to-date: /home/dev/ws/src/dynamic-box/install/cev_msgs/include/cev_msgs/cev_msgs/msg/rosidl_typesupport_fastrtps_c__visibility_control.h
[0.326s] -- Up-to-date: /home/dev/ws/src/dynamic-box/install/cev_msgs/lib/libcev_msgs__rosidl_typesupport_fastrtps_c.so
[0.326s] -- Up-to-date: /home/dev/ws/src/dynamic-box/install/cev_msgs/include/cev_msgs/cev_msgs
[0.327s] -- Up-to-date: /home/dev/ws/src/dynamic-box/install/cev_msgs/include/cev_msgs/cev_msgs/msg
[0.327s] -- Up-to-date: /home/dev/ws/src/dynamic-box/install/cev_msgs/include/cev_msgs/cev_msgs/msg/detail
[0.328s] -- Up-to-date: /home/dev/ws/src/dynamic-box/install/cev_msgs/include/cev_msgs/cev_msgs/msg/detail/sensor_collect__type_support.c
[0.328s] -- Up-to-date: /home/dev/ws/src/dynamic-box/install/cev_msgs/include/cev_msgs/cev_msgs/msg/detail/obstacle__rosidl_typesupport_introspection_c.h
[0.329s] -- Up-to-date: /home/dev/ws/src/dynamic-box/install/cev_msgs/include/cev_msgs/cev_msgs/msg/detail/waypoint__type_support.c
[0.329s] -- Up-to-date: /home/dev/ws/src/dynamic-box/install/cev_msgs/include/cev_msgs/cev_msgs/msg/detail/waypoint__rosidl_typesupport_introspection_c.h
[0.329s] -- Up-to-date: /home/dev/ws/src/dynamic-box/install/cev_msgs/include/cev_msgs/cev_msgs/msg/detail/trajectory__type_support.c
[0.330s] -- Up-to-date: /home/dev/ws/src/dynamic-box/install/cev_msgs/include/cev_msgs/cev_msgs/msg/detail/obstacles__type_support.c
[0.330s] -- Up-to-date: /home/dev/ws/src/dynamic-box/install/cev_msgs/include/cev_msgs/cev_msgs/msg/detail/sensor_collect__rosidl_typesupport_introspection_c.h
[0.330s] -- Up-to-date: /home/dev/ws/src/dynamic-box/install/cev_msgs/include/cev_msgs/cev_msgs/msg/detail/obstacle__type_support.c
[0.330s] -- Up-to-date: /home/dev/ws/src/dynamic-box/install/cev_msgs/include/cev_msgs/cev_msgs/msg/detail/trajectory__rosidl_typesupport_introspection_c.h
[0.331s] -- Up-to-date: /home/dev/ws/src/dynamic-box/install/cev_msgs/include/cev_msgs/cev_msgs/msg/detail/obstacles__rosidl_typesupport_introspection_c.h
[0.331s] -- Up-to-date: /home/dev/ws/src/dynamic-box/install/cev_msgs/include/cev_msgs/cev_msgs/msg/rosidl_typesupport_introspection_c__visibility_control.h
[0.332s] -- Up-to-date: /home/dev/ws/src/dynamic-box/install/cev_msgs/lib/libcev_msgs__rosidl_typesupport_introspection_c.so
[0.333s] -- Up-to-date: /home/dev/ws/src/dynamic-box/install/cev_msgs/lib/libcev_msgs__rosidl_typesupport_c.so
[0.334s] -- Up-to-date: /home/dev/ws/src/dynamic-box/install/cev_msgs/include/cev_msgs/cev_msgs
[0.334s] -- Up-to-date: /home/dev/ws/src/dynamic-box/install/cev_msgs/include/cev_msgs/cev_msgs/msg
[0.334s] -- Up-to-date: /home/dev/ws/src/dynamic-box/install/cev_msgs/include/cev_msgs/cev_msgs/msg/trajectory.hpp
[0.335s] -- Up-to-date: /home/dev/ws/src/dynamic-box/install/cev_msgs/include/cev_msgs/cev_msgs/msg/waypoint.hpp
[0.335s] -- Up-to-date: /home/dev/ws/src/dynamic-box/install/cev_msgs/include/cev_msgs/cev_msgs/msg/sensor_collect.hpp
[0.335s] -- Up-to-date: /home/dev/ws/src/dynamic-box/install/cev_msgs/include/cev_msgs/cev_msgs/msg/obstacles.hpp
[0.335s] -- Up-to-date: /home/dev/ws/src/dynamic-box/install/cev_msgs/include/cev_msgs/cev_msgs/msg/detail
[0.336s] -- Up-to-date: /home/dev/ws/src/dynamic-box/install/cev_msgs/include/cev_msgs/cev_msgs/msg/detail/trajectory__traits.hpp
[0.336s] -- Up-to-date: /home/dev/ws/src/dynamic-box/install/cev_msgs/include/cev_msgs/cev_msgs/msg/detail/waypoint__type_support.hpp
[0.337s] -- Up-to-date: /home/dev/ws/src/dynamic-box/install/cev_msgs/include/cev_msgs/cev_msgs/msg/detail/trajectory__builder.hpp
[0.337s] -- Up-to-date: /home/dev/ws/src/dynamic-box/install/cev_msgs/include/cev_msgs/cev_msgs/msg/detail/obstacle__builder.hpp
[0.337s] -- Up-to-date: /home/dev/ws/src/dynamic-box/install/cev_msgs/include/cev_msgs/cev_msgs/msg/detail/waypoint__traits.hpp
[0.338s] -- Up-to-date: /home/dev/ws/src/dynamic-box/install/cev_msgs/include/cev_msgs/cev_msgs/msg/detail/obstacles__struct.hpp
[0.338s] -- Up-to-date: /home/dev/ws/src/dynamic-box/install/cev_msgs/include/cev_msgs/cev_msgs/msg/detail/obstacles__type_support.hpp
[0.338s] -- Up-to-date: /home/dev/ws/src/dynamic-box/install/cev_msgs/include/cev_msgs/cev_msgs/msg/detail/sensor_collect__builder.hpp
[0.338s] -- Up-to-date: /home/dev/ws/src/dynamic-box/install/cev_msgs/include/cev_msgs/cev_msgs/msg/detail/sensor_collect__type_support.hpp
[0.339s] -- Up-to-date: /home/dev/ws/src/dynamic-box/install/cev_msgs/include/cev_msgs/cev_msgs/msg/detail/sensor_collect__struct.hpp
[0.339s] -- Up-to-date: /home/dev/ws/src/dynamic-box/install/cev_msgs/include/cev_msgs/cev_msgs/msg/detail/obstacle__traits.hpp
[0.340s] -- Up-to-date: /home/dev/ws/src/dynamic-box/install/cev_msgs/include/cev_msgs/cev_msgs/msg/detail/obstacle__type_support.hpp
[0.340s] -- Up-to-date: /home/dev/ws/src/dynamic-box/install/cev_msgs/include/cev_msgs/cev_msgs/msg/detail/obstacles__builder.hpp
[0.340s] -- Up-to-date: /home/dev/ws/src/dynamic-box/install/cev_msgs/include/cev_msgs/cev_msgs/msg/detail/obstacles__traits.hpp
[0.340s] -- Up-to-date: /home/dev/ws/src/dynamic-box/install/cev_msgs/include/cev_msgs/cev_msgs/msg/detail/waypoint__struct.hpp
[0.341s] -- Up-to-date: /home/dev/ws/src/dynamic-box/install/cev_msgs/include/cev_msgs/cev_msgs/msg/detail/trajectory__struct.hpp
[0.341s] -- Up-to-date: /home/dev/ws/src/dynamic-box/install/cev_msgs/include/cev_msgs/cev_msgs/msg/detail/obstacle__struct.hpp
[0.342s] -- Up-to-date: /home/dev/ws/src/dynamic-box/install/cev_msgs/include/cev_msgs/cev_msgs/msg/detail/sensor_collect__traits.hpp
[0.342s] -- Up-to-date: /home/dev/ws/src/dynamic-box/install/cev_msgs/include/cev_msgs/cev_msgs/msg/detail/waypoint__builder.hpp
[0.342s] -- Up-to-date: /home/dev/ws/src/dynamic-box/install/cev_msgs/include/cev_msgs/cev_msgs/msg/detail/trajectory__type_support.hpp
[0.343s] -- Up-to-date: /home/dev/ws/src/dynamic-box/install/cev_msgs/include/cev_msgs/cev_msgs/msg/rosidl_generator_cpp__visibility_control.hpp
[0.343s] -- Up-to-date: /home/dev/ws/src/dynamic-box/install/cev_msgs/include/cev_msgs/cev_msgs/msg/obstacle.hpp
[0.344s] -- Up-to-date: /home/dev/ws/src/dynamic-box/install/cev_msgs/include/cev_msgs/cev_msgs
[0.344s] -- Up-to-date: /home/dev/ws/src/dynamic-box/install/cev_msgs/include/cev_msgs/cev_msgs/msg
[0.344s] -- Up-to-date: /home/dev/ws/src/dynamic-box/install/cev_msgs/include/cev_msgs/cev_msgs/msg/rosidl_typesupport_fastrtps_cpp__visibility_control.h
[0.345s] -- Up-to-date: /home/dev/ws/src/dynamic-box/install/cev_msgs/include/cev_msgs/cev_msgs/msg/detail
[0.345s] -- Up-to-date: /home/dev/ws/src/dynamic-box/install/cev_msgs/include/cev_msgs/cev_msgs/msg/detail/obstacle__rosidl_typesupport_fastrtps_cpp.hpp
[0.346s] -- Up-to-date: /home/dev/ws/src/dynamic-box/install/cev_msgs/include/cev_msgs/cev_msgs/msg/detail/trajectory__rosidl_typesupport_fastrtps_cpp.hpp
[0.346s] -- Up-to-date: /home/dev/ws/src/dynamic-box/install/cev_msgs/include/cev_msgs/cev_msgs/msg/detail/waypoint__rosidl_typesupport_fastrtps_cpp.hpp
[0.347s] -- Up-to-date: /home/dev/ws/src/dynamic-box/install/cev_msgs/include/cev_msgs/cev_msgs/msg/detail/dds_fastrtps
[0.347s] -- Up-to-date: /home/dev/ws/src/dynamic-box/install/cev_msgs/include/cev_msgs/cev_msgs/msg/detail/sensor_collect__rosidl_typesupport_fastrtps_cpp.hpp
[0.347s] -- Up-to-date: /home/dev/ws/src/dynamic-box/install/cev_msgs/include/cev_msgs/cev_msgs/msg/detail/obstacles__rosidl_typesupport_fastrtps_cpp.hpp
[0.348s] -- Up-to-date: /home/dev/ws/src/dynamic-box/install/cev_msgs/lib/libcev_msgs__rosidl_typesupport_fastrtps_cpp.so
[0.348s] -- Up-to-date: /home/dev/ws/src/dynamic-box/install/cev_msgs/include/cev_msgs/cev_msgs
[0.349s] -- Up-to-date: /home/dev/ws/src/dynamic-box/install/cev_msgs/include/cev_msgs/cev_msgs/msg
[0.349s] -- Up-to-date: /home/dev/ws/src/dynamic-box/install/cev_msgs/include/cev_msgs/cev_msgs/msg/detail
[0.350s] -- Up-to-date: /home/dev/ws/src/dynamic-box/install/cev_msgs/include/cev_msgs/cev_msgs/msg/detail/trajectory__type_support.cpp
[0.350s] -- Up-to-date: /home/dev/ws/src/dynamic-box/install/cev_msgs/include/cev_msgs/cev_msgs/msg/detail/obstacles__rosidl_typesupport_introspection_cpp.hpp
[0.351s] -- Up-to-date: /home/dev/ws/src/dynamic-box/install/cev_msgs/include/cev_msgs/cev_msgs/msg/detail/sensor_collect__rosidl_typesupport_introspection_cpp.hpp
[0.351s] -- Up-to-date: /home/dev/ws/src/dynamic-box/install/cev_msgs/include/cev_msgs/cev_msgs/msg/detail/waypoint__rosidl_typesupport_introspection_cpp.hpp
[0.351s] -- Up-to-date: /home/dev/ws/src/dynamic-box/install/cev_msgs/include/cev_msgs/cev_msgs/msg/detail/obstacle__type_support.cpp
[0.352s] -- Up-to-date: /home/dev/ws/src/dynamic-box/install/cev_msgs/include/cev_msgs/cev_msgs/msg/detail/waypoint__type_support.cpp
[0.352s] -- Up-to-date: /home/dev/ws/src/dynamic-box/install/cev_msgs/include/cev_msgs/cev_msgs/msg/detail/obstacles__type_support.cpp
[0.352s] -- Up-to-date: /home/dev/ws/src/dynamic-box/install/cev_msgs/include/cev_msgs/cev_msgs/msg/detail/sensor_collect__type_support.cpp
[0.353s] -- Up-to-date: /home/dev/ws/src/dynamic-box/install/cev_msgs/include/cev_msgs/cev_msgs/msg/detail/trajectory__rosidl_typesupport_introspection_cpp.hpp
[0.353s] -- Up-to-date: /home/dev/ws/src/dynamic-box/install/cev_msgs/include/cev_msgs/cev_msgs/msg/detail/obstacle__rosidl_typesupport_introspection_cpp.hpp
[0.354s] -- Up-to-date: /home/dev/ws/src/dynamic-box/install/cev_msgs/lib/libcev_msgs__rosidl_typesupport_introspection_cpp.so
[0.355s] -- Up-to-date: /home/dev/ws/src/dynamic-box/install/cev_msgs/lib/libcev_msgs__rosidl_typesupport_cpp.so
[0.355s] -- Up-to-date: /home/dev/ws/src/dynamic-box/install/cev_msgs/share/cev_msgs/environment/pythonpath.sh
[0.356s] -- Up-to-date: /home/dev/ws/src/dynamic-box/install/cev_msgs/share/cev_msgs/environment/pythonpath.dsv
[0.356s] -- Up-to-date: /home/dev/ws/src/dynamic-box/install/cev_msgs/local/lib/python3.10/dist-packages/cev_msgs-0.0.0-py3.10.egg-info
[0.356s] -- Installing: /home/dev/ws/src/dynamic-box/install/cev_msgs/local/lib/python3.10/dist-packages/cev_msgs-0.0.0-py3.10.egg-info/PKG-INFO
[0.358s] -- Installing: /home/dev/ws/src/dynamic-box/install/cev_msgs/local/lib/python3.10/dist-packages/cev_msgs-0.0.0-py3.10.egg-info/SOURCES.txt
[0.359s] -- Installing: /home/dev/ws/src/dynamic-box/install/cev_msgs/local/lib/python3.10/dist-packages/cev_msgs-0.0.0-py3.10.egg-info/top_level.txt
[0.361s] -- Installing: /home/dev/ws/src/dynamic-box/install/cev_msgs/local/lib/python3.10/dist-packages/cev_msgs-0.0.0-py3.10.egg-info/dependency_links.txt
[0.362s] -- Up-to-date: /home/dev/ws/src/dynamic-box/install/cev_msgs/local/lib/python3.10/dist-packages/cev_msgs
[0.363s] -- Up-to-date: /home/dev/ws/src/dynamic-box/install/cev_msgs/local/lib/python3.10/dist-packages/cev_msgs/cev_msgs_s__rosidl_typesupport_c.cpython-310-aarch64-linux-gnu.so
[0.363s] -- Up-to-date: /home/dev/ws/src/dynamic-box/install/cev_msgs/local/lib/python3.10/dist-packages/cev_msgs/_cev_msgs_s.ep.rosidl_typesupport_fastrtps_c.c
[0.363s] -- Up-to-date: /home/dev/ws/src/dynamic-box/install/cev_msgs/local/lib/python3.10/dist-packages/cev_msgs/cev_msgs_s__rosidl_typesupport_introspection_c.cpython-310-aarch64-linux-gnu.so
[0.363s] -- Up-to-date: /home/dev/ws/src/dynamic-box/install/cev_msgs/local/lib/python3.10/dist-packages/cev_msgs/msg
[0.364s] -- Up-to-date: /home/dev/ws/src/dynamic-box/install/cev_msgs/local/lib/python3.10/dist-packages/cev_msgs/msg/_trajectory.py
[0.364s] -- Up-to-date: /home/dev/ws/src/dynamic-box/install/cev_msgs/local/lib/python3.10/dist-packages/cev_msgs/msg/_trajectory_s.c
[0.364s] -- Up-to-date: /home/dev/ws/src/dynamic-box/install/cev_msgs/local/lib/python3.10/dist-packages/cev_msgs/msg/_waypoint.py
[0.365s] -- Up-to-date: /home/dev/ws/src/dynamic-box/install/cev_msgs/local/lib/python3.10/dist-packages/cev_msgs/msg/__init__.py
[0.365s] -- Up-to-date: /home/dev/ws/src/dynamic-box/install/cev_msgs/local/lib/python3.10/dist-packages/cev_msgs/msg/_waypoint_s.c
[0.365s] -- Up-to-date: /home/dev/ws/src/dynamic-box/install/cev_msgs/local/lib/python3.10/dist-packages/cev_msgs/msg/_sensor_collect.py
[0.365s] -- Up-to-date: /home/dev/ws/src/dynamic-box/install/cev_msgs/local/lib/python3.10/dist-packages/cev_msgs/msg/_obstacle.py
[0.366s] -- Up-to-date: /home/dev/ws/src/dynamic-box/install/cev_msgs/local/lib/python3.10/dist-packages/cev_msgs/msg/_sensor_collect_s.c
[0.366s] -- Up-to-date: /home/dev/ws/src/dynamic-box/install/cev_msgs/local/lib/python3.10/dist-packages/cev_msgs/msg/_obstacle_s.c
[0.366s] -- Up-to-date: /home/dev/ws/src/dynamic-box/install/cev_msgs/local/lib/python3.10/dist-packages/cev_msgs/msg/_obstacles_s.c
[0.366s] -- Up-to-date: /home/dev/ws/src/dynamic-box/install/cev_msgs/local/lib/python3.10/dist-packages/cev_msgs/msg/_obstacles.py
[0.366s] -- Up-to-date: /home/dev/ws/src/dynamic-box/install/cev_msgs/local/lib/python3.10/dist-packages/cev_msgs/libcev_msgs__rosidl_generator_py.so
[0.367s] -- Up-to-date: /home/dev/ws/src/dynamic-box/install/cev_msgs/local/lib/python3.10/dist-packages/cev_msgs/cev_msgs_s__rosidl_typesupport_fastrtps_c.cpython-310-aarch64-linux-gnu.so
[0.367s] -- Up-to-date: /home/dev/ws/src/dynamic-box/install/cev_msgs/local/lib/python3.10/dist-packages/cev_msgs/__init__.py
[0.367s] -- Up-to-date: /home/dev/ws/src/dynamic-box/install/cev_msgs/local/lib/python3.10/dist-packages/cev_msgs/_cev_msgs_s.ep.rosidl_typesupport_introspection_c.c
[0.367s] -- Up-to-date: /home/dev/ws/src/dynamic-box/install/cev_msgs/local/lib/python3.10/dist-packages/cev_msgs/_cev_msgs_s.ep.rosidl_typesupport_c.c
[0.387s] Listing '/home/dev/ws/src/dynamic-box/install/cev_msgs/local/lib/python3.10/dist-packages/cev_msgs'...
[0.387s] Listing '/home/dev/ws/src/dynamic-box/install/cev_msgs/local/lib/python3.10/dist-packages/cev_msgs/msg'...
[0.387s] -- Up-to-date: /home/dev/ws/src/dynamic-box/install/cev_msgs/local/lib/python3.10/dist-packages/cev_msgs/cev_msgs_s__rosidl_typesupport_fastrtps_c.cpython-310-aarch64-linux-gnu.so
[0.388s] -- Up-to-date: /home/dev/ws/src/dynamic-box/install/cev_msgs/local/lib/python3.10/dist-packages/cev_msgs/cev_msgs_s__rosidl_typesupport_introspection_c.cpython-310-aarch64-linux-gnu.so
[0.389s] -- Up-to-date: /home/dev/ws/src/dynamic-box/install/cev_msgs/local/lib/python3.10/dist-packages/cev_msgs/cev_msgs_s__rosidl_typesupport_c.cpython-310-aarch64-linux-gnu.so
[0.389s] -- Up-to-date: /home/dev/ws/src/dynamic-box/install/cev_msgs/lib/libcev_msgs__rosidl_generator_py.so
[0.390s] -- Up-to-date: /home/dev/ws/src/dynamic-box/install/cev_msgs/share/cev_msgs/msg/Waypoint.idl
[0.390s] -- Up-to-date: /home/dev/ws/src/dynamic-box/install/cev_msgs/share/cev_msgs/msg/SensorCollect.idl
[0.390s] -- Up-to-date: /home/dev/ws/src/dynamic-box/install/cev_msgs/share/cev_msgs/msg/Trajectory.idl
[0.391s] -- Up-to-date: /home/dev/ws/src/dynamic-box/install/cev_msgs/share/cev_msgs/msg/Obstacle.idl
[0.391s] -- Up-to-date: /home/dev/ws/src/dynamic-box/install/cev_msgs/share/cev_msgs/msg/Obstacles.idl
[0.391s] -- Up-to-date: /home/dev/ws/src/dynamic-box/install/cev_msgs/share/cev_msgs/msg/Waypoint.msg
[0.392s] -- Up-to-date: /home/dev/ws/src/dynamic-box/install/cev_msgs/share/cev_msgs/msg/SensorCollect.msg
[0.392s] -- Up-to-date: /home/dev/ws/src/dynamic-box/install/cev_msgs/share/cev_msgs/msg/Trajectory.msg
[0.392s] -- Up-to-date: /home/dev/ws/src/dynamic-box/install/cev_msgs/share/cev_msgs/msg/Obstacle.msg
[0.393s] -- Up-to-date: /home/dev/ws/src/dynamic-box/install/cev_msgs/share/cev_msgs/msg/Obstacles.msg
[0.393s] -- Up-to-date: /home/dev/ws/src/dynamic-box/install/cev_msgs/share/ament_index/resource_index/package_run_dependencies/cev_msgs
[0.393s] -- Up-to-date: /home/dev/ws/src/dynamic-box/install/cev_msgs/share/ament_index/resource_index/parent_prefix_path/cev_msgs
[0.394s] -- Up-to-date: /home/dev/ws/src/dynamic-box/install/cev_msgs/share/cev_msgs/environment/ament_prefix_path.sh
[0.394s] -- Up-to-date: /home/dev/ws/src/dynamic-box/install/cev_msgs/share/cev_msgs/environment/ament_prefix_path.dsv
[0.394s] -- Up-to-date: /home/dev/ws/src/dynamic-box/install/cev_msgs/share/cev_msgs/environment/path.sh
[0.395s] -- Up-to-date: /home/dev/ws/src/dynamic-box/install/cev_msgs/share/cev_msgs/environment/path.dsv
[0.395s] -- Up-to-date: /home/dev/ws/src/dynamic-box/install/cev_msgs/share/cev_msgs/local_setup.bash
[0.395s] -- Up-to-date: /home/dev/ws/src/dynamic-box/install/cev_msgs/share/cev_msgs/local_setup.sh
[0.396s] -- Up-to-date: /home/dev/ws/src/dynamic-box/install/cev_msgs/share/cev_msgs/local_setup.zsh
[0.396s] -- Up-to-date: /home/dev/ws/src/dynamic-box/install/cev_msgs/share/cev_msgs/local_setup.dsv
[0.396s] -- Installing: /home/dev/ws/src/dynamic-box/install/cev_msgs/share/cev_msgs/package.dsv
[0.398s] -- Up-to-date: /home/dev/ws/src/dynamic-box/install/cev_msgs/share/ament_index/resource_index/packages/cev_msgs
[0.398s] -- Up-to-date: /home/dev/ws/src/dynamic-box/install/cev_msgs/share/cev_msgs/cmake/export_cev_msgs__rosidl_generator_cExport.cmake
[0.398s] -- Up-to-date: /home/dev/ws/src/dynamic-box/install/cev_msgs/share/cev_msgs/cmake/export_cev_msgs__rosidl_generator_cExport-noconfig.cmake
[0.398s] -- Up-to-date: /home/dev/ws/src/dynamic-box/install/cev_msgs/share/cev_msgs/cmake/export_cev_msgs__rosidl_typesupport_fastrtps_cExport.cmake
[0.399s] -- Up-to-date: /home/dev/ws/src/dynamic-box/install/cev_msgs/share/cev_msgs/cmake/export_cev_msgs__rosidl_typesupport_fastrtps_cExport-noconfig.cmake
[0.399s] -- Up-to-date: /home/dev/ws/src/dynamic-box/install/cev_msgs/share/cev_msgs/cmake/cev_msgs__rosidl_typesupport_introspection_cExport.cmake
[0.399s] -- Up-to-date: /home/dev/ws/src/dynamic-box/install/cev_msgs/share/cev_msgs/cmake/cev_msgs__rosidl_typesupport_introspection_cExport-noconfig.cmake
[0.400s] -- Up-to-date: /home/dev/ws/src/dynamic-box/install/cev_msgs/share/cev_msgs/cmake/cev_msgs__rosidl_typesupport_cExport.cmake
[0.400s] -- Up-to-date: /home/dev/ws/src/dynamic-box/install/cev_msgs/share/cev_msgs/cmake/cev_msgs__rosidl_typesupport_cExport-noconfig.cmake
[0.401s] -- Up-to-date: /home/dev/ws/src/dynamic-box/install/cev_msgs/share/cev_msgs/cmake/export_cev_msgs__rosidl_generator_cppExport.cmake
[0.401s] -- Up-to-date: /home/dev/ws/src/dynamic-box/install/cev_msgs/share/cev_msgs/cmake/export_cev_msgs__rosidl_typesupport_fastrtps_cppExport.cmake
[0.401s] -- Up-to-date: /home/dev/ws/src/dynamic-box/install/cev_msgs/share/cev_msgs/cmake/export_cev_msgs__rosidl_typesupport_fastrtps_cppExport-noconfig.cmake
[0.402s] -- Up-to-date: /home/dev/ws/src/dynamic-box/install/cev_msgs/share/cev_msgs/cmake/cev_msgs__rosidl_typesupport_introspection_cppExport.cmake
[0.402s] -- Up-to-date: /home/dev/ws/src/dynamic-box/install/cev_msgs/share/cev_msgs/cmake/cev_msgs__rosidl_typesupport_introspection_cppExport-noconfig.cmake
[0.402s] -- Up-to-date: /home/dev/ws/src/dynamic-box/install/cev_msgs/share/cev_msgs/cmake/cev_msgs__rosidl_typesupport_cppExport.cmake
[0.403s] -- Up-to-date: /home/dev/ws/src/dynamic-box/install/cev_msgs/share/cev_msgs/cmake/cev_msgs__rosidl_typesupport_cppExport-noconfig.cmake
[0.404s] -- Up-to-date: /home/dev/ws/src/dynamic-box/install/cev_msgs/share/cev_msgs/cmake/export_cev_msgs__rosidl_generator_pyExport.cmake
[0.404s] -- Up-to-date: /home/dev/ws/src/dynamic-box/install/cev_msgs/share/cev_msgs/cmake/export_cev_msgs__rosidl_generator_pyExport-noconfig.cmake
[0.404s] -- Up-to-date: /home/dev/ws/src/dynamic-box/install/cev_msgs/share/cev_msgs/cmake/rosidl_cmake-extras.cmake
[0.405s] -- Up-to-date: /home/dev/ws/src/dynamic-box/install/cev_msgs/share/cev_msgs/cmake/ament_cmake_export_dependencies-extras.cmake
[0.405s] -- Up-to-date: /home/dev/ws/src/dynamic-box/install/cev_msgs/share/cev_msgs/cmake/ament_cmake_export_include_directories-extras.cmake
[0.405s] -- Up-to-date: /home/dev/ws/src/dynamic-box/install/cev_msgs/share/cev_msgs/cmake/ament_cmake_export_libraries-extras.cmake
[0.406s] -- Up-to-date: /home/dev/ws/src/dynamic-box/install/cev_msgs/share/cev_msgs/cmake/ament_cmake_export_targets-extras.cmake
[0.406s] -- Up-to-date: /home/dev/ws/src/dynamic-box/install/cev_msgs/share/cev_msgs/cmake/rosidl_cmake_export_typesupport_targets-extras.cmake
[0.407s] -- Up-to-date: /home/dev/ws/src/dynamic-box/install/cev_msgs/share/cev_msgs/cmake/rosidl_cmake_export_typesupport_libraries-extras.cmake
[0.407s] -- Up-to-date: /home/dev/ws/src/dynamic-box/install/cev_msgs/share/cev_msgs/cmake/cev_msgsConfig.cmake
[0.407s] -- Up-to-date: /home/dev/ws/src/dynamic-box/install/cev_msgs/share/cev_msgs/cmake/cev_msgsConfig-version.cmake
[0.409s] -- Up-to-date: /home/dev/ws/src/dynamic-box/install/cev_msgs/share/cev_msgs/package.xml
[0.412s] Invoked command in '/home/dev/ws/src/dynamic-box/build/cev_msgs' returned '0': CMAKE_PREFIX_PATH=${CMAKE_PREFIX_PATH}:/opt/ros/humble /usr/bin/cmake --install /home/dev/ws/src/dynamic-box/build/cev_msgs
