[0.013s] Invoking command in '/home/dev/ws/src/dynamic-box/my_rosbag_reader/cluster_node/build/cluster_node': CMAKE_PREFIX_PATH=${CMAKE_PREFIX_PATH}:/home/dev/ws/src/dynamic-box/my_rosbag_reader/install/my_rosbag_reader:/opt/ros/humble /usr/bin/cmake --build /home/dev/ws/src/dynamic-box/my_rosbag_reader/cluster_node/build/cluster_node -- -j22 -l22
[0.046s] [  2%] Built target cluster_node__cpp
[0.047s] [ 12%] Built target cluster_node__rosidl_generator_c
[0.052s] [ 12%] Built target ament_cmake_python_copy_cluster_node
[0.064s] [ 21%] Built target cluster_node__rosidl_typesupport_cpp
[0.064s] [ 31%] Built target cluster_node__rosidl_typesupport_introspection_cpp
[0.065s] [ 41%] Built target cluster_node__rosidl_typesupport_introspection_c
[0.065s] [ 60%] Built target cluster_node__rosidl_typesupport_c
[0.065s] [ 60%] Built target cluster_node__rosidl_typesupport_fastrtps_cpp
[0.066s] [ 70%] Built target cluster_node__rosidl_typesupport_fastrtps_c
[0.078s] [ 70%] Built target cluster_node
[0.089s] [35m[1mConsolidate compiler generated dependencies of target cluster_cpp[0m
[0.090s] [ 73%] Built target cluster_node__py
[0.103s] [ 80%] Built target cluster_node__rosidl_generator_py
[0.109s] [ 82%] [32mBuilding CXX object CMakeFiles/cluster_cpp.dir/src/cluster_node.cpp.o[0m
[0.119s] [ 97%] Built target cluster_node__rosidl_typesupport_fastrtps_c__pyext
[0.119s] [ 97%] Built target cluster_node__rosidl_typesupport_c__pyext
[0.119s] [ 97%] Built target cluster_node__rosidl_typesupport_introspection_c__pyext
[0.175s] running egg_info
[0.183s] writing cluster_node.egg-info/PKG-INFO
[0.184s] writing dependency_links to cluster_node.egg-info/dependency_links.txt
[0.184s] writing top-level names to cluster_node.egg-info/top_level.txt
[0.203s] reading manifest file 'cluster_node.egg-info/SOURCES.txt'
[0.204s] writing manifest file 'cluster_node.egg-info/SOURCES.txt'
[0.223s] [ 97%] Built target ament_cmake_python_build_cluster_node_egg
[5.220s] [01m[K/home/dev/ws/src/dynamic-box/my_rosbag_reader/cluster_node/src/cluster_node.cpp:[m[K In member function ‘[01m[Kstd::tuple<std::vector<std::vector<Eigen::Matrix<double, 4, 1, 0, 4, 1>, std::allocator<Eigen::Matrix<double, 4, 1, 0, 4, 1> > >, std::allocator<std::vector<Eigen::Matrix<double, 4, 1, 0, 4, 1>, std::allocator<Eigen::Matrix<double, 4, 1, 0, 4, 1> > > > >, std::vector<Eigen::Matrix<double, 4, 1, 0, 4, 1>, std::allocator<Eigen::Matrix<double, 4, 1, 0, 4, 1> > > > ClusterNode::euclidean_cluster(Eigen::Vector4d, const MatrixXd&, double, int, const string&, const std::vector<Eigen::Matrix<double, 4, 1> >&, bool, double)[m[K’:
[5.220s] [01m[K/home/dev/ws/src/dynamic-box/my_rosbag_reader/cluster_node/src/cluster_node.cpp:211:29:[m[K [01;35m[Kwarning: [m[Kunused parameter ‘[01m[KMIN_CLUSTER_SIZE[m[K’ [[01;35m[K]8;;https://gcc.gnu.org/onlinedocs/gcc/Warning-Options.html#index-Wunused-parameter-Wunused-parameter]8;;[m[K]
[5.220s]   211 |                         [01;35m[Kint MIN_CLUSTER_SIZE = 1[m[K,
[5.220s]       |                         [01;35m[K~~~~^~~~~~~~~~~~~~~~~~~~[m[K
[10.365s] [100%] [32m[1mLinking CXX executable cluster_cpp[0m
[11.409s] [100%] Built target cluster_cpp
[11.418s] Invoked command in '/home/dev/ws/src/dynamic-box/my_rosbag_reader/cluster_node/build/cluster_node' returned '0': CMAKE_PREFIX_PATH=${CMAKE_PREFIX_PATH}:/home/dev/ws/src/dynamic-box/my_rosbag_reader/install/my_rosbag_reader:/opt/ros/humble /usr/bin/cmake --build /home/dev/ws/src/dynamic-box/my_rosbag_reader/cluster_node/build/cluster_node -- -j22 -l22
[11.425s] Invoking command in '/home/dev/ws/src/dynamic-box/my_rosbag_reader/cluster_node/build/cluster_node': CMAKE_PREFIX_PATH=${CMAKE_PREFIX_PATH}:/home/dev/ws/src/dynamic-box/my_rosbag_reader/install/my_rosbag_reader:/opt/ros/humble /usr/bin/cmake --install /home/dev/ws/src/dynamic-box/my_rosbag_reader/cluster_node/build/cluster_node
[11.430s] -- Install configuration: ""
[11.431s] -- Up-to-date: /home/dev/ws/src/dynamic-box/my_rosbag_reader/cluster_node/install/cluster_node/share/ament_index/resource_index/rosidl_interfaces/cluster_node
[11.431s] -- Up-to-date: /home/dev/ws/src/dynamic-box/my_rosbag_reader/cluster_node/install/cluster_node/include/cluster_node/cluster_node
[11.431s] -- Up-to-date: /home/dev/ws/src/dynamic-box/my_rosbag_reader/cluster_node/install/cluster_node/include/cluster_node/cluster_node/msg
[11.431s] -- Up-to-date: /home/dev/ws/src/dynamic-box/my_rosbag_reader/cluster_node/install/cluster_node/include/cluster_node/cluster_node/msg/rosidl_generator_c__visibility_control.h
[11.431s] -- Up-to-date: /home/dev/ws/src/dynamic-box/my_rosbag_reader/cluster_node/install/cluster_node/include/cluster_node/cluster_node/msg/detail
[11.432s] -- Up-to-date: /home/dev/ws/src/dynamic-box/my_rosbag_reader/cluster_node/install/cluster_node/include/cluster_node/cluster_node/msg/detail/obstacle_array__struct.h
[11.432s] -- Up-to-date: /home/dev/ws/src/dynamic-box/my_rosbag_reader/cluster_node/install/cluster_node/include/cluster_node/cluster_node/msg/detail/obstacle_array__functions.c
[11.432s] -- Up-to-date: /home/dev/ws/src/dynamic-box/my_rosbag_reader/cluster_node/install/cluster_node/include/cluster_node/cluster_node/msg/detail/obstacle__type_support.h
[11.432s] -- Up-to-date: /home/dev/ws/src/dynamic-box/my_rosbag_reader/cluster_node/install/cluster_node/include/cluster_node/cluster_node/msg/detail/obstacle__functions.c
[11.432s] -- Up-to-date: /home/dev/ws/src/dynamic-box/my_rosbag_reader/cluster_node/install/cluster_node/include/cluster_node/cluster_node/msg/detail/obstacle__struct.h
[11.432s] -- Up-to-date: /home/dev/ws/src/dynamic-box/my_rosbag_reader/cluster_node/install/cluster_node/include/cluster_node/cluster_node/msg/detail/obstacle_array__functions.h
[11.432s] -- Up-to-date: /home/dev/ws/src/dynamic-box/my_rosbag_reader/cluster_node/install/cluster_node/include/cluster_node/cluster_node/msg/detail/obstacle_array__type_support.h
[11.432s] -- Up-to-date: /home/dev/ws/src/dynamic-box/my_rosbag_reader/cluster_node/install/cluster_node/include/cluster_node/cluster_node/msg/detail/obstacle__functions.h
[11.432s] -- Up-to-date: /home/dev/ws/src/dynamic-box/my_rosbag_reader/cluster_node/install/cluster_node/include/cluster_node/cluster_node/msg/obstacle_array.h
[11.432s] -- Up-to-date: /home/dev/ws/src/dynamic-box/my_rosbag_reader/cluster_node/install/cluster_node/include/cluster_node/cluster_node/msg/obstacle.h
[11.432s] -- Up-to-date: /home/dev/ws/src/dynamic-box/my_rosbag_reader/cluster_node/install/cluster_node/share/cluster_node/environment/library_path.sh
[11.432s] -- Up-to-date: /home/dev/ws/src/dynamic-box/my_rosbag_reader/cluster_node/install/cluster_node/share/cluster_node/environment/library_path.dsv
[11.432s] -- Up-to-date: /home/dev/ws/src/dynamic-box/my_rosbag_reader/cluster_node/install/cluster_node/lib/libcluster_node__rosidl_generator_c.so
[11.433s] -- Up-to-date: /home/dev/ws/src/dynamic-box/my_rosbag_reader/cluster_node/install/cluster_node/include/cluster_node/cluster_node
[11.433s] -- Up-to-date: /home/dev/ws/src/dynamic-box/my_rosbag_reader/cluster_node/install/cluster_node/include/cluster_node/cluster_node/msg
[11.433s] -- Up-to-date: /home/dev/ws/src/dynamic-box/my_rosbag_reader/cluster_node/install/cluster_node/include/cluster_node/cluster_node/msg/detail
[11.433s] -- Up-to-date: /home/dev/ws/src/dynamic-box/my_rosbag_reader/cluster_node/install/cluster_node/include/cluster_node/cluster_node/msg/detail/obstacle__rosidl_typesupport_fastrtps_c.h
[11.433s] -- Up-to-date: /home/dev/ws/src/dynamic-box/my_rosbag_reader/cluster_node/install/cluster_node/include/cluster_node/cluster_node/msg/detail/obstacle_array__rosidl_typesupport_fastrtps_c.h
[11.433s] -- Up-to-date: /home/dev/ws/src/dynamic-box/my_rosbag_reader/cluster_node/install/cluster_node/include/cluster_node/cluster_node/msg/rosidl_typesupport_fastrtps_c__visibility_control.h
[11.433s] -- Up-to-date: /home/dev/ws/src/dynamic-box/my_rosbag_reader/cluster_node/install/cluster_node/lib/libcluster_node__rosidl_typesupport_fastrtps_c.so
[11.433s] -- Up-to-date: /home/dev/ws/src/dynamic-box/my_rosbag_reader/cluster_node/install/cluster_node/include/cluster_node/cluster_node
[11.434s] -- Up-to-date: /home/dev/ws/src/dynamic-box/my_rosbag_reader/cluster_node/install/cluster_node/include/cluster_node/cluster_node/msg
[11.434s] -- Up-to-date: /home/dev/ws/src/dynamic-box/my_rosbag_reader/cluster_node/install/cluster_node/include/cluster_node/cluster_node/msg/rosidl_generator_cpp__visibility_control.hpp
[11.434s] -- Up-to-date: /home/dev/ws/src/dynamic-box/my_rosbag_reader/cluster_node/install/cluster_node/include/cluster_node/cluster_node/msg/detail
[11.434s] -- Up-to-date: /home/dev/ws/src/dynamic-box/my_rosbag_reader/cluster_node/install/cluster_node/include/cluster_node/cluster_node/msg/detail/obstacle_array__traits.hpp
[11.434s] -- Up-to-date: /home/dev/ws/src/dynamic-box/my_rosbag_reader/cluster_node/install/cluster_node/include/cluster_node/cluster_node/msg/detail/obstacle_array__struct.hpp
[11.434s] -- Up-to-date: /home/dev/ws/src/dynamic-box/my_rosbag_reader/cluster_node/install/cluster_node/include/cluster_node/cluster_node/msg/detail/obstacle_array__type_support.hpp
[11.434s] -- Up-to-date: /home/dev/ws/src/dynamic-box/my_rosbag_reader/cluster_node/install/cluster_node/include/cluster_node/cluster_node/msg/detail/obstacle__type_support.hpp
[11.434s] -- Up-to-date: /home/dev/ws/src/dynamic-box/my_rosbag_reader/cluster_node/install/cluster_node/include/cluster_node/cluster_node/msg/detail/obstacle__struct.hpp
[11.434s] -- Up-to-date: /home/dev/ws/src/dynamic-box/my_rosbag_reader/cluster_node/install/cluster_node/include/cluster_node/cluster_node/msg/detail/obstacle_array__builder.hpp
[11.434s] -- Up-to-date: /home/dev/ws/src/dynamic-box/my_rosbag_reader/cluster_node/install/cluster_node/include/cluster_node/cluster_node/msg/detail/obstacle__traits.hpp
[11.434s] -- Up-to-date: /home/dev/ws/src/dynamic-box/my_rosbag_reader/cluster_node/install/cluster_node/include/cluster_node/cluster_node/msg/detail/obstacle__builder.hpp
[11.434s] -- Up-to-date: /home/dev/ws/src/dynamic-box/my_rosbag_reader/cluster_node/install/cluster_node/include/cluster_node/cluster_node/msg/obstacle.hpp
[11.435s] -- Up-to-date: /home/dev/ws/src/dynamic-box/my_rosbag_reader/cluster_node/install/cluster_node/include/cluster_node/cluster_node/msg/obstacle_array.hpp
[11.435s] -- Up-to-date: /home/dev/ws/src/dynamic-box/my_rosbag_reader/cluster_node/install/cluster_node/include/cluster_node/cluster_node
[11.435s] -- Up-to-date: /home/dev/ws/src/dynamic-box/my_rosbag_reader/cluster_node/install/cluster_node/include/cluster_node/cluster_node/msg
[11.435s] -- Up-to-date: /home/dev/ws/src/dynamic-box/my_rosbag_reader/cluster_node/install/cluster_node/include/cluster_node/cluster_node/msg/detail
[11.435s] -- Up-to-date: /home/dev/ws/src/dynamic-box/my_rosbag_reader/cluster_node/install/cluster_node/include/cluster_node/cluster_node/msg/detail/obstacle_array__rosidl_typesupport_fastrtps_cpp.hpp
[11.435s] -- Up-to-date: /home/dev/ws/src/dynamic-box/my_rosbag_reader/cluster_node/install/cluster_node/include/cluster_node/cluster_node/msg/detail/obstacle__rosidl_typesupport_fastrtps_cpp.hpp
[11.435s] -- Up-to-date: /home/dev/ws/src/dynamic-box/my_rosbag_reader/cluster_node/install/cluster_node/include/cluster_node/cluster_node/msg/detail/dds_fastrtps
[11.435s] -- Up-to-date: /home/dev/ws/src/dynamic-box/my_rosbag_reader/cluster_node/install/cluster_node/include/cluster_node/cluster_node/msg/rosidl_typesupport_fastrtps_cpp__visibility_control.h
[11.435s] -- Up-to-date: /home/dev/ws/src/dynamic-box/my_rosbag_reader/cluster_node/install/cluster_node/lib/libcluster_node__rosidl_typesupport_fastrtps_cpp.so
[11.435s] -- Up-to-date: /home/dev/ws/src/dynamic-box/my_rosbag_reader/cluster_node/install/cluster_node/include/cluster_node/cluster_node
[11.435s] -- Up-to-date: /home/dev/ws/src/dynamic-box/my_rosbag_reader/cluster_node/install/cluster_node/include/cluster_node/cluster_node/msg
[11.435s] -- Up-to-date: /home/dev/ws/src/dynamic-box/my_rosbag_reader/cluster_node/install/cluster_node/include/cluster_node/cluster_node/msg/detail
[11.435s] -- Up-to-date: /home/dev/ws/src/dynamic-box/my_rosbag_reader/cluster_node/install/cluster_node/include/cluster_node/cluster_node/msg/detail/obstacle_array__rosidl_typesupport_introspection_c.h
[11.435s] -- Up-to-date: /home/dev/ws/src/dynamic-box/my_rosbag_reader/cluster_node/install/cluster_node/include/cluster_node/cluster_node/msg/detail/obstacle_array__type_support.c
[11.436s] -- Up-to-date: /home/dev/ws/src/dynamic-box/my_rosbag_reader/cluster_node/install/cluster_node/include/cluster_node/cluster_node/msg/detail/obstacle__type_support.c
[11.436s] -- Up-to-date: /home/dev/ws/src/dynamic-box/my_rosbag_reader/cluster_node/install/cluster_node/include/cluster_node/cluster_node/msg/detail/obstacle__rosidl_typesupport_introspection_c.h
[11.436s] -- Up-to-date: /home/dev/ws/src/dynamic-box/my_rosbag_reader/cluster_node/install/cluster_node/include/cluster_node/cluster_node/msg/rosidl_typesupport_introspection_c__visibility_control.h
[11.436s] -- Up-to-date: /home/dev/ws/src/dynamic-box/my_rosbag_reader/cluster_node/install/cluster_node/lib/libcluster_node__rosidl_typesupport_introspection_c.so
[11.436s] -- Up-to-date: /home/dev/ws/src/dynamic-box/my_rosbag_reader/cluster_node/install/cluster_node/lib/libcluster_node__rosidl_typesupport_c.so
[11.437s] -- Up-to-date: /home/dev/ws/src/dynamic-box/my_rosbag_reader/cluster_node/install/cluster_node/include/cluster_node/cluster_node
[11.437s] -- Up-to-date: /home/dev/ws/src/dynamic-box/my_rosbag_reader/cluster_node/install/cluster_node/include/cluster_node/cluster_node/msg
[11.437s] -- Up-to-date: /home/dev/ws/src/dynamic-box/my_rosbag_reader/cluster_node/install/cluster_node/include/cluster_node/cluster_node/msg/detail
[11.437s] -- Up-to-date: /home/dev/ws/src/dynamic-box/my_rosbag_reader/cluster_node/install/cluster_node/include/cluster_node/cluster_node/msg/detail/obstacle__type_support.cpp
[11.437s] -- Up-to-date: /home/dev/ws/src/dynamic-box/my_rosbag_reader/cluster_node/install/cluster_node/include/cluster_node/cluster_node/msg/detail/obstacle_array__type_support.cpp
[11.437s] -- Up-to-date: /home/dev/ws/src/dynamic-box/my_rosbag_reader/cluster_node/install/cluster_node/include/cluster_node/cluster_node/msg/detail/obstacle_array__rosidl_typesupport_introspection_cpp.hpp
[11.437s] -- Up-to-date: /home/dev/ws/src/dynamic-box/my_rosbag_reader/cluster_node/install/cluster_node/include/cluster_node/cluster_node/msg/detail/obstacle__rosidl_typesupport_introspection_cpp.hpp
[11.437s] -- Up-to-date: /home/dev/ws/src/dynamic-box/my_rosbag_reader/cluster_node/install/cluster_node/lib/libcluster_node__rosidl_typesupport_introspection_cpp.so
[11.438s] -- Up-to-date: /home/dev/ws/src/dynamic-box/my_rosbag_reader/cluster_node/install/cluster_node/lib/libcluster_node__rosidl_typesupport_cpp.so
[11.438s] -- Up-to-date: /home/dev/ws/src/dynamic-box/my_rosbag_reader/cluster_node/install/cluster_node/share/cluster_node/environment/pythonpath.sh
[11.438s] -- Up-to-date: /home/dev/ws/src/dynamic-box/my_rosbag_reader/cluster_node/install/cluster_node/share/cluster_node/environment/pythonpath.dsv
[11.438s] -- Up-to-date: /home/dev/ws/src/dynamic-box/my_rosbag_reader/cluster_node/install/cluster_node/local/lib/python3.10/dist-packages/cluster_node-0.0.0-py3.10.egg-info
[11.438s] -- Installing: /home/dev/ws/src/dynamic-box/my_rosbag_reader/cluster_node/install/cluster_node/local/lib/python3.10/dist-packages/cluster_node-0.0.0-py3.10.egg-info/SOURCES.txt
[11.438s] -- Installing: /home/dev/ws/src/dynamic-box/my_rosbag_reader/cluster_node/install/cluster_node/local/lib/python3.10/dist-packages/cluster_node-0.0.0-py3.10.egg-info/top_level.txt
[11.439s] -- Installing: /home/dev/ws/src/dynamic-box/my_rosbag_reader/cluster_node/install/cluster_node/local/lib/python3.10/dist-packages/cluster_node-0.0.0-py3.10.egg-info/PKG-INFO
[11.439s] -- Installing: /home/dev/ws/src/dynamic-box/my_rosbag_reader/cluster_node/install/cluster_node/local/lib/python3.10/dist-packages/cluster_node-0.0.0-py3.10.egg-info/dependency_links.txt
[11.439s] -- Up-to-date: /home/dev/ws/src/dynamic-box/my_rosbag_reader/cluster_node/install/cluster_node/local/lib/python3.10/dist-packages/cluster_node
[11.439s] -- Up-to-date: /home/dev/ws/src/dynamic-box/my_rosbag_reader/cluster_node/install/cluster_node/local/lib/python3.10/dist-packages/cluster_node/msg
[11.439s] -- Up-to-date: /home/dev/ws/src/dynamic-box/my_rosbag_reader/cluster_node/install/cluster_node/local/lib/python3.10/dist-packages/cluster_node/msg/_obstacle_array.py
[11.439s] -- Up-to-date: /home/dev/ws/src/dynamic-box/my_rosbag_reader/cluster_node/install/cluster_node/local/lib/python3.10/dist-packages/cluster_node/msg/_obstacle.py
[11.439s] -- Up-to-date: /home/dev/ws/src/dynamic-box/my_rosbag_reader/cluster_node/install/cluster_node/local/lib/python3.10/dist-packages/cluster_node/msg/_obstacle_s.c
[11.440s] -- Up-to-date: /home/dev/ws/src/dynamic-box/my_rosbag_reader/cluster_node/install/cluster_node/local/lib/python3.10/dist-packages/cluster_node/msg/_obstacle_array_s.c
[11.440s] -- Up-to-date: /home/dev/ws/src/dynamic-box/my_rosbag_reader/cluster_node/install/cluster_node/local/lib/python3.10/dist-packages/cluster_node/msg/__init__.py
[11.440s] -- Up-to-date: /home/dev/ws/src/dynamic-box/my_rosbag_reader/cluster_node/install/cluster_node/local/lib/python3.10/dist-packages/cluster_node/_cluster_node_s.ep.rosidl_typesupport_introspection_c.c
[11.440s] -- Up-to-date: /home/dev/ws/src/dynamic-box/my_rosbag_reader/cluster_node/install/cluster_node/local/lib/python3.10/dist-packages/cluster_node/cluster_node_s__rosidl_typesupport_c.cpython-310-x86_64-linux-gnu.so
[11.440s] -- Up-to-date: /home/dev/ws/src/dynamic-box/my_rosbag_reader/cluster_node/install/cluster_node/local/lib/python3.10/dist-packages/cluster_node/_cluster_node_s.ep.rosidl_typesupport_fastrtps_c.c
[11.440s] -- Up-to-date: /home/dev/ws/src/dynamic-box/my_rosbag_reader/cluster_node/install/cluster_node/local/lib/python3.10/dist-packages/cluster_node/cluster_node_s__rosidl_typesupport_fastrtps_c.cpython-310-x86_64-linux-gnu.so
[11.440s] -- Up-to-date: /home/dev/ws/src/dynamic-box/my_rosbag_reader/cluster_node/install/cluster_node/local/lib/python3.10/dist-packages/cluster_node/libcluster_node__rosidl_generator_py.so
[11.440s] -- Up-to-date: /home/dev/ws/src/dynamic-box/my_rosbag_reader/cluster_node/install/cluster_node/local/lib/python3.10/dist-packages/cluster_node/_cluster_node_s.ep.rosidl_typesupport_c.c
[11.440s] -- Up-to-date: /home/dev/ws/src/dynamic-box/my_rosbag_reader/cluster_node/install/cluster_node/local/lib/python3.10/dist-packages/cluster_node/cluster_node_s__rosidl_typesupport_introspection_c.cpython-310-x86_64-linux-gnu.so
[11.440s] -- Up-to-date: /home/dev/ws/src/dynamic-box/my_rosbag_reader/cluster_node/install/cluster_node/local/lib/python3.10/dist-packages/cluster_node/__init__.py
[11.461s] Listing '/home/dev/ws/src/dynamic-box/my_rosbag_reader/cluster_node/install/cluster_node/local/lib/python3.10/dist-packages/cluster_node'...
[11.461s] Listing '/home/dev/ws/src/dynamic-box/my_rosbag_reader/cluster_node/install/cluster_node/local/lib/python3.10/dist-packages/cluster_node/msg'...
[11.465s] -- Up-to-date: /home/dev/ws/src/dynamic-box/my_rosbag_reader/cluster_node/install/cluster_node/local/lib/python3.10/dist-packages/cluster_node/cluster_node_s__rosidl_typesupport_fastrtps_c.cpython-310-x86_64-linux-gnu.so
[11.465s] -- Up-to-date: /home/dev/ws/src/dynamic-box/my_rosbag_reader/cluster_node/install/cluster_node/local/lib/python3.10/dist-packages/cluster_node/cluster_node_s__rosidl_typesupport_introspection_c.cpython-310-x86_64-linux-gnu.so
[11.466s] -- Up-to-date: /home/dev/ws/src/dynamic-box/my_rosbag_reader/cluster_node/install/cluster_node/local/lib/python3.10/dist-packages/cluster_node/cluster_node_s__rosidl_typesupport_c.cpython-310-x86_64-linux-gnu.so
[11.467s] -- Up-to-date: /home/dev/ws/src/dynamic-box/my_rosbag_reader/cluster_node/install/cluster_node/lib/libcluster_node__rosidl_generator_py.so
[11.467s] -- Up-to-date: /home/dev/ws/src/dynamic-box/my_rosbag_reader/cluster_node/install/cluster_node/share/cluster_node/msg/Obstacle.idl
[11.467s] -- Up-to-date: /home/dev/ws/src/dynamic-box/my_rosbag_reader/cluster_node/install/cluster_node/share/cluster_node/msg/ObstacleArray.idl
[11.467s] -- Up-to-date: /home/dev/ws/src/dynamic-box/my_rosbag_reader/cluster_node/install/cluster_node/share/cluster_node/msg/Obstacle.msg
[11.467s] -- Up-to-date: /home/dev/ws/src/dynamic-box/my_rosbag_reader/cluster_node/install/cluster_node/share/cluster_node/msg/ObstacleArray.msg
[11.468s] -- Installing: /home/dev/ws/src/dynamic-box/my_rosbag_reader/cluster_node/install/cluster_node/lib/cluster_node/cluster_cpp
[11.471s] -- Set runtime path of "/home/dev/ws/src/dynamic-box/my_rosbag_reader/cluster_node/install/cluster_node/lib/cluster_node/cluster_cpp" to ""
[11.471s] -- Up-to-date: /home/dev/ws/src/dynamic-box/my_rosbag_reader/cluster_node/install/cluster_node/share/ament_index/resource_index/package_run_dependencies/cluster_node
[11.471s] -- Up-to-date: /home/dev/ws/src/dynamic-box/my_rosbag_reader/cluster_node/install/cluster_node/share/ament_index/resource_index/parent_prefix_path/cluster_node
[11.471s] -- Up-to-date: /home/dev/ws/src/dynamic-box/my_rosbag_reader/cluster_node/install/cluster_node/share/cluster_node/environment/ament_prefix_path.sh
[11.471s] -- Up-to-date: /home/dev/ws/src/dynamic-box/my_rosbag_reader/cluster_node/install/cluster_node/share/cluster_node/environment/ament_prefix_path.dsv
[11.471s] -- Up-to-date: /home/dev/ws/src/dynamic-box/my_rosbag_reader/cluster_node/install/cluster_node/share/cluster_node/environment/path.sh
[11.471s] -- Up-to-date: /home/dev/ws/src/dynamic-box/my_rosbag_reader/cluster_node/install/cluster_node/share/cluster_node/environment/path.dsv
[11.471s] -- Up-to-date: /home/dev/ws/src/dynamic-box/my_rosbag_reader/cluster_node/install/cluster_node/share/cluster_node/local_setup.bash
[11.471s] -- Up-to-date: /home/dev/ws/src/dynamic-box/my_rosbag_reader/cluster_node/install/cluster_node/share/cluster_node/local_setup.sh
[11.471s] -- Up-to-date: /home/dev/ws/src/dynamic-box/my_rosbag_reader/cluster_node/install/cluster_node/share/cluster_node/local_setup.zsh
[11.471s] -- Up-to-date: /home/dev/ws/src/dynamic-box/my_rosbag_reader/cluster_node/install/cluster_node/share/cluster_node/local_setup.dsv
[11.471s] -- Installing: /home/dev/ws/src/dynamic-box/my_rosbag_reader/cluster_node/install/cluster_node/share/cluster_node/package.dsv
[11.471s] -- Up-to-date: /home/dev/ws/src/dynamic-box/my_rosbag_reader/cluster_node/install/cluster_node/share/ament_index/resource_index/packages/cluster_node
[11.472s] -- Up-to-date: /home/dev/ws/src/dynamic-box/my_rosbag_reader/cluster_node/install/cluster_node/share/cluster_node/cmake/export_cluster_node__rosidl_generator_cExport.cmake
[11.472s] -- Up-to-date: /home/dev/ws/src/dynamic-box/my_rosbag_reader/cluster_node/install/cluster_node/share/cluster_node/cmake/export_cluster_node__rosidl_generator_cExport-noconfig.cmake
[11.472s] -- Up-to-date: /home/dev/ws/src/dynamic-box/my_rosbag_reader/cluster_node/install/cluster_node/share/cluster_node/cmake/export_cluster_node__rosidl_typesupport_fastrtps_cExport.cmake
[11.472s] -- Up-to-date: /home/dev/ws/src/dynamic-box/my_rosbag_reader/cluster_node/install/cluster_node/share/cluster_node/cmake/export_cluster_node__rosidl_typesupport_fastrtps_cExport-noconfig.cmake
[11.473s] -- Up-to-date: /home/dev/ws/src/dynamic-box/my_rosbag_reader/cluster_node/install/cluster_node/share/cluster_node/cmake/export_cluster_node__rosidl_generator_cppExport.cmake
[11.473s] -- Up-to-date: /home/dev/ws/src/dynamic-box/my_rosbag_reader/cluster_node/install/cluster_node/share/cluster_node/cmake/export_cluster_node__rosidl_typesupport_fastrtps_cppExport.cmake
[11.473s] -- Up-to-date: /home/dev/ws/src/dynamic-box/my_rosbag_reader/cluster_node/install/cluster_node/share/cluster_node/cmake/export_cluster_node__rosidl_typesupport_fastrtps_cppExport-noconfig.cmake
[11.474s] -- Up-to-date: /home/dev/ws/src/dynamic-box/my_rosbag_reader/cluster_node/install/cluster_node/share/cluster_node/cmake/cluster_node__rosidl_typesupport_introspection_cExport.cmake
[11.474s] -- Up-to-date: /home/dev/ws/src/dynamic-box/my_rosbag_reader/cluster_node/install/cluster_node/share/cluster_node/cmake/cluster_node__rosidl_typesupport_introspection_cExport-noconfig.cmake
[11.474s] -- Up-to-date: /home/dev/ws/src/dynamic-box/my_rosbag_reader/cluster_node/install/cluster_node/share/cluster_node/cmake/cluster_node__rosidl_typesupport_cExport.cmake
[11.474s] -- Up-to-date: /home/dev/ws/src/dynamic-box/my_rosbag_reader/cluster_node/install/cluster_node/share/cluster_node/cmake/cluster_node__rosidl_typesupport_cExport-noconfig.cmake
[11.475s] -- Up-to-date: /home/dev/ws/src/dynamic-box/my_rosbag_reader/cluster_node/install/cluster_node/share/cluster_node/cmake/cluster_node__rosidl_typesupport_introspection_cppExport.cmake
[11.475s] -- Up-to-date: /home/dev/ws/src/dynamic-box/my_rosbag_reader/cluster_node/install/cluster_node/share/cluster_node/cmake/cluster_node__rosidl_typesupport_introspection_cppExport-noconfig.cmake
[11.475s] -- Up-to-date: /home/dev/ws/src/dynamic-box/my_rosbag_reader/cluster_node/install/cluster_node/share/cluster_node/cmake/cluster_node__rosidl_typesupport_cppExport.cmake
[11.475s] -- Up-to-date: /home/dev/ws/src/dynamic-box/my_rosbag_reader/cluster_node/install/cluster_node/share/cluster_node/cmake/cluster_node__rosidl_typesupport_cppExport-noconfig.cmake
[11.476s] -- Up-to-date: /home/dev/ws/src/dynamic-box/my_rosbag_reader/cluster_node/install/cluster_node/share/cluster_node/cmake/export_cluster_node__rosidl_generator_pyExport.cmake
[11.476s] -- Up-to-date: /home/dev/ws/src/dynamic-box/my_rosbag_reader/cluster_node/install/cluster_node/share/cluster_node/cmake/export_cluster_node__rosidl_generator_pyExport-noconfig.cmake
[11.476s] -- Up-to-date: /home/dev/ws/src/dynamic-box/my_rosbag_reader/cluster_node/install/cluster_node/share/cluster_node/cmake/rosidl_cmake-extras.cmake
[11.476s] -- Up-to-date: /home/dev/ws/src/dynamic-box/my_rosbag_reader/cluster_node/install/cluster_node/share/cluster_node/cmake/ament_cmake_export_dependencies-extras.cmake
[11.477s] -- Up-to-date: /home/dev/ws/src/dynamic-box/my_rosbag_reader/cluster_node/install/cluster_node/share/cluster_node/cmake/ament_cmake_export_include_directories-extras.cmake
[11.477s] -- Up-to-date: /home/dev/ws/src/dynamic-box/my_rosbag_reader/cluster_node/install/cluster_node/share/cluster_node/cmake/ament_cmake_export_libraries-extras.cmake
[11.477s] -- Up-to-date: /home/dev/ws/src/dynamic-box/my_rosbag_reader/cluster_node/install/cluster_node/share/cluster_node/cmake/ament_cmake_export_targets-extras.cmake
[11.477s] -- Up-to-date: /home/dev/ws/src/dynamic-box/my_rosbag_reader/cluster_node/install/cluster_node/share/cluster_node/cmake/rosidl_cmake_export_typesupport_targets-extras.cmake
[11.477s] -- Up-to-date: /home/dev/ws/src/dynamic-box/my_rosbag_reader/cluster_node/install/cluster_node/share/cluster_node/cmake/rosidl_cmake_export_typesupport_libraries-extras.cmake
[11.477s] -- Up-to-date: /home/dev/ws/src/dynamic-box/my_rosbag_reader/cluster_node/install/cluster_node/share/cluster_node/cmake/cluster_nodeConfig.cmake
[11.477s] -- Up-to-date: /home/dev/ws/src/dynamic-box/my_rosbag_reader/cluster_node/install/cluster_node/share/cluster_node/cmake/cluster_nodeConfig-version.cmake
[11.477s] -- Up-to-date: /home/dev/ws/src/dynamic-box/my_rosbag_reader/cluster_node/install/cluster_node/share/cluster_node/package.xml
[11.478s] Invoked command in '/home/dev/ws/src/dynamic-box/my_rosbag_reader/cluster_node/build/cluster_node' returned '0': CMAKE_PREFIX_PATH=${CMAKE_PREFIX_PATH}:/home/dev/ws/src/dynamic-box/my_rosbag_reader/install/my_rosbag_reader:/opt/ros/humble /usr/bin/cmake --install /home/dev/ws/src/dynamic-box/my_rosbag_reader/cluster_node/build/cluster_node
