[0.013s] Invoking command in '/home/dev/ws/src/dynamic-box/my_rosbag_reader/cluster_node/build/cluster_node': CMAKE_PREFIX_PATH=${CMAKE_PREFIX_PATH}:/home/dev/ws/src/dynamic-box/my_rosbag_reader/install/my_rosbag_reader:/opt/ros/humble /usr/bin/cmake --build /home/dev/ws/src/dynamic-box/my_rosbag_reader/cluster_node/build/cluster_node -- -j22 -l22
[0.055s] [  2%] Built target cluster_node__cpp
[0.055s] [ 12%] Built target cluster_node__rosidl_generator_c
[0.063s] [ 12%] Built target ament_cmake_python_copy_cluster_node
[0.074s] [ 24%] Built target cluster_node__rosidl_typesupport_introspection_c
[0.074s] [ 46%] Built target cluster_node__rosidl_typesupport_fastrtps_cpp
[0.074s] [ 48%] Built target cluster_node__rosidl_typesupport_introspection_cpp
[0.074s] [ 51%] Built target cluster_node__rosidl_typesupport_c
[0.074s] [ 60%] Built target cluster_node__rosidl_typesupport_cpp
[0.074s] [ 70%] Built target cluster_node__rosidl_typesupport_fastrtps_c
[0.086s] [ 70%] Built target cluster_node
[0.096s] [35m[1mConsolidate compiler generated dependencies of target cluster_cpp[0m
[0.097s] [ 73%] Built target cluster_node__py
[0.112s] [ 80%] Built target cluster_node__rosidl_generator_py
[0.114s] [ 82%] [32mBuilding CXX object CMakeFiles/cluster_cpp.dir/src/cluster_node.cpp.o[0m
[0.127s] [ 92%] Built target cluster_node__rosidl_typesupport_fastrtps_c__pyext
[0.127s] [ 92%] Built target cluster_node__rosidl_typesupport_c__pyext
[0.127s] [ 97%] Built target cluster_node__rosidl_typesupport_introspection_c__pyext
[0.179s] running egg_info
[0.186s] writing cluster_node.egg-info/PKG-INFO
[0.188s] writing dependency_links to cluster_node.egg-info/dependency_links.txt
[0.188s] writing top-level names to cluster_node.egg-info/top_level.txt
[0.208s] reading manifest file 'cluster_node.egg-info/SOURCES.txt'
[0.209s] writing manifest file 'cluster_node.egg-info/SOURCES.txt'
[0.230s] [ 97%] Built target ament_cmake_python_build_cluster_node_egg
[4.841s] [01m[K/home/dev/ws/src/dynamic-box/my_rosbag_reader/cluster_node/src/cluster_node.cpp:[m[K In member function ‘[01m[Kvoid ClusterNode::listenerCallback(sensor_msgs::msg::PointCloud2_<std::allocator<void> >::SharedPtr)[m[K’:
[4.841s] [01m[K/home/dev/ws/src/dynamic-box/my_rosbag_reader/cluster_node/src/cluster_node.cpp:194:66:[m[K [01;31m[Kerror: [m[Kinvalid use of non-static member function ‘[01m[Kvoid ClusterNode::grow_seed(Eigen::Vector4d, const MatrixXd&, int, const std::vector<Eigen::Matrix<double, 4, 1> >&)[m[K’
[4.841s]   194 |                 futures.push_back(std::async(std::launch::async, [01;31m[Kgrow_seed[m[K, seed, data_, iter_, C_prev_));
[4.841s]       |                                                                  [01;31m[K^~~~~~~~~[m[K
[4.841s] [01m[K/home/dev/ws/src/dynamic-box/my_rosbag_reader/cluster_node/src/cluster_node.cpp:206:10:[m[K [01;36m[Knote: [m[Kdeclared here
[4.841s]   206 |     void [01;36m[Kgrow_seed[m[K(const Vector4d seed, const MatrixXd& data, int itr, const vector<Vector4d>& C_prev) {
[4.841s]       |          [01;36m[K^~~~~~~~~[m[K
[4.845s] [01m[K/home/dev/ws/src/dynamic-box/my_rosbag_reader/cluster_node/src/cluster_node.cpp:[m[K In member function ‘[01m[Kvoid ClusterNode::grow_seed(Eigen::Vector4d, const MatrixXd&, int, const std::vector<Eigen::Matrix<double, 4, 1> >&)[m[K’:
[4.845s] [01m[K/home/dev/ws/src/dynamic-box/my_rosbag_reader/cluster_node/src/cluster_node.cpp:208:95:[m[K [01;31m[Kerror: [m[Kexpected ‘[01m[K)[m[K’ before ‘[01m[K;[m[K’ token
[4.845s]   208 |             auto [c, prev] = euclidean_cluster(seed, data, 0.1, 10, "cartesian", C_prev, false[01;31m[K;[m[K
[4.845s]       |                                                                                               [01;31m[K^[m[K
[4.845s] [01m[K/home/dev/ws/src/dynamic-box/my_rosbag_reader/cluster_node/src/cluster_node.cpp:208:47:[m[K [01;36m[Knote: [m[Kto match this ‘[01m[K([m[K’
[4.845s]   208 |             auto [c, prev] = euclidean_cluster[01;36m[K([m[Kseed, data, 0.1, 10, "cartesian", C_prev, false;
[4.845s]       |                                               [01;36m[K^[m[K
[4.973s] [01m[K/home/dev/ws/src/dynamic-box/my_rosbag_reader/cluster_node/src/cluster_node.cpp:[m[K In member function ‘[01m[Kstd::tuple<std::vector<std::vector<Eigen::Matrix<double, 4, 1, 0, 4, 1>, std::allocator<Eigen::Matrix<double, 4, 1, 0, 4, 1> > >, std::allocator<std::vector<Eigen::Matrix<double, 4, 1, 0, 4, 1>, std::allocator<Eigen::Matrix<double, 4, 1, 0, 4, 1> > > > >, std::vector<Eigen::Matrix<double, 4, 1, 0, 4, 1>, std::allocator<Eigen::Matrix<double, 4, 1, 0, 4, 1> > > > ClusterNode::euclidean_cluster(Eigen::Vector4d, const MatrixXd&, double, int, const string&, const std::vector<Eigen::Matrix<double, 4, 1> >&, bool, double)[m[K’:
[4.973s] [01m[K/home/dev/ws/src/dynamic-box/my_rosbag_reader/cluster_node/src/cluster_node.cpp:218:29:[m[K [01;35m[Kwarning: [m[Kunused parameter ‘[01m[KMIN_CLUSTER_SIZE[m[K’ [[01;35m[K]8;;https://gcc.gnu.org/onlinedocs/gcc/Warning-Options.html#index-Wunused-parameter-Wunused-parameter]8;;[m[K]
[4.973s]   218 |                         [01;35m[Kint MIN_CLUSTER_SIZE = 1[m[K,
[4.973s]       |                         [01;35m[K~~~~^~~~~~~~~~~~~~~~~~~~[m[K
[7.657s] gmake[2]: *** [CMakeFiles/cluster_cpp.dir/build.make:76: CMakeFiles/cluster_cpp.dir/src/cluster_node.cpp.o] Error 1
[7.657s] gmake[1]: *** [CMakeFiles/Makefile2:594: CMakeFiles/cluster_cpp.dir/all] Error 2
[7.657s] gmake: *** [Makefile:146: all] Error 2
[7.659s] Invoked command in '/home/dev/ws/src/dynamic-box/my_rosbag_reader/cluster_node/build/cluster_node' returned '2': CMAKE_PREFIX_PATH=${CMAKE_PREFIX_PATH}:/home/dev/ws/src/dynamic-box/my_rosbag_reader/install/my_rosbag_reader:/opt/ros/humble /usr/bin/cmake --build /home/dev/ws/src/dynamic-box/my_rosbag_reader/cluster_node/build/cluster_node -- -j22 -l22
