[0.021s] Invoking command in '/home/dev/ws/src/dynamic-box/my_rosbag_reader/cluster_node/build/cluster_node': CMAKE_PREFIX_PATH=${CMAKE_PREFIX_PATH}:/home/dev/ws/src/dynamic-box/my_rosbag_reader/install/my_rosbag_reader:/opt/ros/humble /usr/bin/cmake --build /home/dev/ws/src/dynamic-box/my_rosbag_reader/cluster_node/build/cluster_node -- -j22 -l22
[0.103s] [  2%] Built target cluster_node__cpp
[0.104s] [ 12%] Built target cluster_node__rosidl_generator_c
[0.114s] [ 12%] Built target ament_cmake_python_copy_cluster_node
[0.124s] [ 21%] Built target cluster_node__rosidl_typesupport_c
[0.124s] [ 41%] Built target cluster_node__rosidl_typesupport_cpp
[0.124s] [ 41%] Built target cluster_node__rosidl_typesupport_introspection_cpp
[0.124s] [ 51%] Built target cluster_node__rosidl_typesupport_fastrtps_cpp
[0.124s] [ 68%] Built target cluster_node__rosidl_typesupport_fastrtps_c
[0.124s] [ 70%] Built target cluster_node__rosidl_typesupport_introspection_c
[0.137s] [ 70%] Built target cluster_node
[0.149s] [ 73%] Built target cluster_node__py
[0.150s] [35m[1mConsolidate compiler generated dependencies of target cluster_cpp[0m
[0.165s] [ 80%] Built target cluster_node__rosidl_generator_py
[0.170s] [ 82%] [32mBuilding CXX object CMakeFiles/cluster_cpp.dir/src/cluster_node.cpp.o[0m
[0.180s] [ 87%] Built target cluster_node__rosidl_typesupport_introspection_c__pyext
[0.180s] [ 92%] Built target cluster_node__rosidl_typesupport_c__pyext
[0.180s] [ 97%] Built target cluster_node__rosidl_typesupport_fastrtps_c__pyext
[0.238s] running egg_info
[0.244s] writing cluster_node.egg-info/PKG-INFO
[0.245s] writing dependency_links to cluster_node.egg-info/dependency_links.txt
[0.245s] writing top-level names to cluster_node.egg-info/top_level.txt
[0.264s] reading manifest file 'cluster_node.egg-info/SOURCES.txt'
[0.265s] writing manifest file 'cluster_node.egg-info/SOURCES.txt'
[0.284s] [ 97%] Built target ament_cmake_python_build_cluster_node_egg
[5.919s] [01m[K/home/dev/ws/src/dynamic-box/my_rosbag_reader/cluster_node/src/cluster_node.cpp:[m[K In lambda function:
[5.919s] [01m[K/home/dev/ws/src/dynamic-box/my_rosbag_reader/cluster_node/src/cluster_node.cpp:224:26:[m[K [01;31m[Kerror: [m[K‘[01m[Kconst Vector4d[m[K’ {aka ‘[01m[Kconst class Eigen::Matrix<double, 4, 1>[m[K’} has no member named ‘[01m[Klexicographical_compare[m[K’
[5.919s]   224 |                 return a.[01;31m[Klexicographical_compare[m[K(b); // Or implement custom comparator
[5.919s]       |                          [01;31m[K^~~~~~~~~~~~~~~~~~~~~~~[m[K
[5.941s] [01m[K/home/dev/ws/src/dynamic-box/my_rosbag_reader/cluster_node/src/cluster_node.cpp:[m[K In member function ‘[01m[Kvoid ClusterNode::listenerCallback(sensor_msgs::msg::PointCloud2_<std::allocator<void> >::SharedPtr)[m[K’:
[5.941s] [01m[K/home/dev/ws/src/dynamic-box/my_rosbag_reader/cluster_node/src/cluster_node.cpp:244:71:[m[K [01;31m[Kerror: [m[Kcannot convert ‘[01m[KEigen::MatrixXd[m[K’ {aka ‘[01m[KEigen::Matrix<double, -1, -1>[m[K’} to ‘[01m[Kconst std::vector<Eigen::Matrix<double, 4, 1> >&[m[K’
[5.941s]   244 |                                                 0.1, 10, "cartesian", [01;31m[KC_prev_[m[K, false);
[5.942s]       |                                                                       [01;31m[K^~~~~~~[m[K
[5.942s]       |                                                                       [01;31m[K|[m[K
[5.942s]       |                                                                       [01;31m[KEigen::MatrixXd {aka Eigen::Matrix<double, -1, -1>}[m[K
[5.942s] [01m[K/home/dev/ws/src/dynamic-box/my_rosbag_reader/cluster_node/src/cluster_node.cpp:281:49:[m[K [01;36m[Knote: [m[K  initializing argument 6 of ‘[01m[Kstd::tuple<std::vector<std::vector<Eigen::Matrix<double, 4, 1, 0, 4, 1>, std::allocator<Eigen::Matrix<double, 4, 1, 0, 4, 1> > >, std::allocator<std::vector<Eigen::Matrix<double, 4, 1, 0, 4, 1>, std::allocator<Eigen::Matrix<double, 4, 1, 0, 4, 1> > > > >, std::vector<Eigen::Matrix<double, 4, 1, 0, 4, 1>, std::allocator<Eigen::Matrix<double, 4, 1, 0, 4, 1> > > > ClusterNode::euclidean_cluster(Eigen::Vector4d, const MatrixXd&, double, int, const string&, const std::vector<Eigen::Matrix<double, 4, 1> >&, bool, double)[m[K’
[5.942s]   281 |                         [01;36m[Kconst vector<Vector4d>& cloud_prev = {}[m[K,
[5.942s]       |                         [01;36m[K~~~~~~~~~~~~~~~~~~~~~~~~^~~~~~~~~~~~~~~[m[K
[6.119s] [01m[K/home/dev/ws/src/dynamic-box/my_rosbag_reader/cluster_node/src/cluster_node.cpp:[m[K In member function ‘[01m[Kstd::tuple<std::vector<std::vector<Eigen::Matrix<double, 4, 1, 0, 4, 1>, std::allocator<Eigen::Matrix<double, 4, 1, 0, 4, 1> > >, std::allocator<std::vector<Eigen::Matrix<double, 4, 1, 0, 4, 1>, std::allocator<Eigen::Matrix<double, 4, 1, 0, 4, 1> > > > >, std::vector<Eigen::Matrix<double, 4, 1, 0, 4, 1>, std::allocator<Eigen::Matrix<double, 4, 1, 0, 4, 1> > > > ClusterNode::euclidean_cluster(Eigen::Vector4d, const MatrixXd&, double, int, const string&, const std::vector<Eigen::Matrix<double, 4, 1> >&, bool, double)[m[K’:
[6.119s] [01m[K/home/dev/ws/src/dynamic-box/my_rosbag_reader/cluster_node/src/cluster_node.cpp:279:29:[m[K [01;35m[Kwarning: [m[Kunused parameter ‘[01m[KMIN_CLUSTER_SIZE[m[K’ [[01;35m[K]8;;https://gcc.gnu.org/onlinedocs/gcc/Warning-Options.html#index-Wunused-parameter-Wunused-parameter]8;;[m[K]
[6.119s]   279 |                         [01;35m[Kint MIN_CLUSTER_SIZE = 1[m[K,
[6.119s]       |                         [01;35m[K~~~~^~~~~~~~~~~~~~~~~~~~[m[K
[9.096s] gmake[2]: *** [CMakeFiles/cluster_cpp.dir/build.make:76: CMakeFiles/cluster_cpp.dir/src/cluster_node.cpp.o] Error 1
[9.096s] gmake[1]: *** [CMakeFiles/Makefile2:594: CMakeFiles/cluster_cpp.dir/all] Error 2
[9.097s] gmake: *** [Makefile:146: all] Error 2
[9.099s] Invoked command in '/home/dev/ws/src/dynamic-box/my_rosbag_reader/cluster_node/build/cluster_node' returned '2': CMAKE_PREFIX_PATH=${CMAKE_PREFIX_PATH}:/home/dev/ws/src/dynamic-box/my_rosbag_reader/install/my_rosbag_reader:/opt/ros/humble /usr/bin/cmake --build /home/dev/ws/src/dynamic-box/my_rosbag_reader/cluster_node/build/cluster_node -- -j22 -l22
