[0.011s] Invoking command in '/home/dev/ws/src/dynamic-box/my_rosbag_reader/cluster_node/build/cluster_node': CMAKE_PREFIX_PATH=${CMAKE_PREFIX_PATH}:/home/dev/ws/src/dynamic-box/my_rosbag_reader/install/my_rosbag_reader:/opt/ros/humble /usr/bin/cmake --build /home/dev/ws/src/dynamic-box/my_rosbag_reader/cluster_node/build/cluster_node -- -j22 -l22
[0.048s] [35m[1mConsolidate compiler generated dependencies of target cluster_cpp[0m
[0.051s] [  2%] Built target cluster_node__cpp
[0.051s] [ 12%] Built target cluster_node__rosidl_generator_c
[0.057s] [ 12%] Built target ament_cmake_python_copy_cluster_node
[0.069s] [ 21%] Built target cluster_node__rosidl_typesupport_introspection_cpp
[0.069s] [ 26%] [32mBuilding CXX object CMakeFiles/cluster_cpp.dir/src/cluster_node.cpp.o[0m
[0.069s] [ 34%] Built target cluster_node__rosidl_typesupport_cpp
[0.070s] [ 43%] Built target cluster_node__rosidl_typesupport_fastrtps_cpp
[0.076s] [ 58%] Built target cluster_node__rosidl_typesupport_c
[0.076s] [ 63%] Built target cluster_node__rosidl_typesupport_introspection_c
[0.077s] [ 73%] Built target cluster_node__rosidl_typesupport_fastrtps_c
[0.090s] [ 73%] Built target cluster_node
[0.104s] [ 75%] Built target cluster_node__py
[0.119s] [ 82%] Built target cluster_node__rosidl_generator_py
[0.135s] [ 87%] Built target cluster_node__rosidl_typesupport_fastrtps_c__pyext
[0.135s] [ 92%] Built target cluster_node__rosidl_typesupport_introspection_c__pyext
[0.135s] [ 97%] Built target cluster_node__rosidl_typesupport_c__pyext
[0.183s] running egg_info
[0.192s] writing cluster_node.egg-info/PKG-INFO
[0.192s] writing dependency_links to cluster_node.egg-info/dependency_links.txt
[0.192s] writing top-level names to cluster_node.egg-info/top_level.txt
[0.212s] reading manifest file 'cluster_node.egg-info/SOURCES.txt'
[0.213s] writing manifest file 'cluster_node.egg-info/SOURCES.txt'
[0.232s] [ 97%] Built target ament_cmake_python_build_cluster_node_egg
[7.947s] [100%] [32m[1mLinking CXX executable cluster_cpp[0m
[8.659s] [100%] Built target cluster_cpp
[8.667s] Invoked command in '/home/dev/ws/src/dynamic-box/my_rosbag_reader/cluster_node/build/cluster_node' returned '0': CMAKE_PREFIX_PATH=${CMAKE_PREFIX_PATH}:/home/dev/ws/src/dynamic-box/my_rosbag_reader/install/my_rosbag_reader:/opt/ros/humble /usr/bin/cmake --build /home/dev/ws/src/dynamic-box/my_rosbag_reader/cluster_node/build/cluster_node -- -j22 -l22
[8.673s] Invoking command in '/home/dev/ws/src/dynamic-box/my_rosbag_reader/cluster_node/build/cluster_node': CMAKE_PREFIX_PATH=${CMAKE_PREFIX_PATH}:/home/dev/ws/src/dynamic-box/my_rosbag_reader/install/my_rosbag_reader:/opt/ros/humble /usr/bin/cmake --install /home/dev/ws/src/dynamic-box/my_rosbag_reader/cluster_node/build/cluster_node
[8.678s] -- Install configuration: ""
[8.679s] -- Installing: /home/dev/ws/src/dynamic-box/my_rosbag_reader/cluster_node/install/cluster_node/share/ament_index/resource_index/rosidl_interfaces/cluster_node
[8.679s] -- Installing: /home/dev/ws/src/dynamic-box/my_rosbag_reader/cluster_node/install/cluster_node/include/cluster_node/cluster_node
[8.679s] -- Installing: /home/dev/ws/src/dynamic-box/my_rosbag_reader/cluster_node/install/cluster_node/include/cluster_node/cluster_node/msg
[8.680s] -- Installing: /home/dev/ws/src/dynamic-box/my_rosbag_reader/cluster_node/install/cluster_node/include/cluster_node/cluster_node/msg/rosidl_generator_c__visibility_control.h
[8.680s] -- Installing: /home/dev/ws/src/dynamic-box/my_rosbag_reader/cluster_node/install/cluster_node/include/cluster_node/cluster_node/msg/detail
[8.680s] -- Installing: /home/dev/ws/src/dynamic-box/my_rosbag_reader/cluster_node/install/cluster_node/include/cluster_node/cluster_node/msg/detail/obstacle_array__struct.h
[8.680s] -- Installing: /home/dev/ws/src/dynamic-box/my_rosbag_reader/cluster_node/install/cluster_node/include/cluster_node/cluster_node/msg/detail/obstacle_array__functions.c
[8.681s] -- Installing: /home/dev/ws/src/dynamic-box/my_rosbag_reader/cluster_node/install/cluster_node/include/cluster_node/cluster_node/msg/detail/obstacle__type_support.h
[8.681s] -- Installing: /home/dev/ws/src/dynamic-box/my_rosbag_reader/cluster_node/install/cluster_node/include/cluster_node/cluster_node/msg/detail/obstacle__functions.c
[8.681s] -- Installing: /home/dev/ws/src/dynamic-box/my_rosbag_reader/cluster_node/install/cluster_node/include/cluster_node/cluster_node/msg/detail/obstacle__struct.h
[8.682s] -- Installing: /home/dev/ws/src/dynamic-box/my_rosbag_reader/cluster_node/install/cluster_node/include/cluster_node/cluster_node/msg/detail/obstacle_array__functions.h
[8.682s] -- Installing: /home/dev/ws/src/dynamic-box/my_rosbag_reader/cluster_node/install/cluster_node/include/cluster_node/cluster_node/msg/detail/obstacle_array__type_support.h
[8.682s] -- Installing: /home/dev/ws/src/dynamic-box/my_rosbag_reader/cluster_node/install/cluster_node/include/cluster_node/cluster_node/msg/detail/obstacle__functions.h
[8.683s] -- Installing: /home/dev/ws/src/dynamic-box/my_rosbag_reader/cluster_node/install/cluster_node/include/cluster_node/cluster_node/msg/obstacle_array.h
[8.683s] -- Installing: /home/dev/ws/src/dynamic-box/my_rosbag_reader/cluster_node/install/cluster_node/include/cluster_node/cluster_node/msg/obstacle.h
[8.683s] -- Installing: /home/dev/ws/src/dynamic-box/my_rosbag_reader/cluster_node/install/cluster_node/share/cluster_node/environment/library_path.sh
[8.684s] -- Installing: /home/dev/ws/src/dynamic-box/my_rosbag_reader/cluster_node/install/cluster_node/share/cluster_node/environment/library_path.dsv
[8.684s] -- Installing: /home/dev/ws/src/dynamic-box/my_rosbag_reader/cluster_node/install/cluster_node/lib/libcluster_node__rosidl_generator_c.so
[8.685s] -- Set runtime path of "/home/dev/ws/src/dynamic-box/my_rosbag_reader/cluster_node/install/cluster_node/lib/libcluster_node__rosidl_generator_c.so" to ""
[8.685s] -- Up-to-date: /home/dev/ws/src/dynamic-box/my_rosbag_reader/cluster_node/install/cluster_node/include/cluster_node/cluster_node
[8.685s] -- Up-to-date: /home/dev/ws/src/dynamic-box/my_rosbag_reader/cluster_node/install/cluster_node/include/cluster_node/cluster_node/msg
[8.685s] -- Up-to-date: /home/dev/ws/src/dynamic-box/my_rosbag_reader/cluster_node/install/cluster_node/include/cluster_node/cluster_node/msg/detail
[8.685s] -- Installing: /home/dev/ws/src/dynamic-box/my_rosbag_reader/cluster_node/install/cluster_node/include/cluster_node/cluster_node/msg/detail/obstacle__rosidl_typesupport_fastrtps_c.h
[8.686s] -- Installing: /home/dev/ws/src/dynamic-box/my_rosbag_reader/cluster_node/install/cluster_node/include/cluster_node/cluster_node/msg/detail/obstacle_array__rosidl_typesupport_fastrtps_c.h
[8.686s] -- Installing: /home/dev/ws/src/dynamic-box/my_rosbag_reader/cluster_node/install/cluster_node/include/cluster_node/cluster_node/msg/rosidl_typesupport_fastrtps_c__visibility_control.h
[8.686s] -- Installing: /home/dev/ws/src/dynamic-box/my_rosbag_reader/cluster_node/install/cluster_node/lib/libcluster_node__rosidl_typesupport_fastrtps_c.so
[8.687s] -- Set runtime path of "/home/dev/ws/src/dynamic-box/my_rosbag_reader/cluster_node/install/cluster_node/lib/libcluster_node__rosidl_typesupport_fastrtps_c.so" to ""
[8.687s] -- Up-to-date: /home/dev/ws/src/dynamic-box/my_rosbag_reader/cluster_node/install/cluster_node/include/cluster_node/cluster_node
[8.687s] -- Up-to-date: /home/dev/ws/src/dynamic-box/my_rosbag_reader/cluster_node/install/cluster_node/include/cluster_node/cluster_node/msg
[8.687s] -- Installing: /home/dev/ws/src/dynamic-box/my_rosbag_reader/cluster_node/install/cluster_node/include/cluster_node/cluster_node/msg/rosidl_generator_cpp__visibility_control.hpp
[8.687s] -- Up-to-date: /home/dev/ws/src/dynamic-box/my_rosbag_reader/cluster_node/install/cluster_node/include/cluster_node/cluster_node/msg/detail
[8.687s] -- Installing: /home/dev/ws/src/dynamic-box/my_rosbag_reader/cluster_node/install/cluster_node/include/cluster_node/cluster_node/msg/detail/obstacle_array__traits.hpp
[8.688s] -- Installing: /home/dev/ws/src/dynamic-box/my_rosbag_reader/cluster_node/install/cluster_node/include/cluster_node/cluster_node/msg/detail/obstacle_array__struct.hpp
[8.688s] -- Installing: /home/dev/ws/src/dynamic-box/my_rosbag_reader/cluster_node/install/cluster_node/include/cluster_node/cluster_node/msg/detail/obstacle_array__type_support.hpp
[8.688s] -- Installing: /home/dev/ws/src/dynamic-box/my_rosbag_reader/cluster_node/install/cluster_node/include/cluster_node/cluster_node/msg/detail/obstacle__type_support.hpp
[8.688s] -- Installing: /home/dev/ws/src/dynamic-box/my_rosbag_reader/cluster_node/install/cluster_node/include/cluster_node/cluster_node/msg/detail/obstacle__struct.hpp
[8.689s] -- Installing: /home/dev/ws/src/dynamic-box/my_rosbag_reader/cluster_node/install/cluster_node/include/cluster_node/cluster_node/msg/detail/obstacle_array__builder.hpp
[8.689s] -- Installing: /home/dev/ws/src/dynamic-box/my_rosbag_reader/cluster_node/install/cluster_node/include/cluster_node/cluster_node/msg/detail/obstacle__traits.hpp
[8.689s] -- Installing: /home/dev/ws/src/dynamic-box/my_rosbag_reader/cluster_node/install/cluster_node/include/cluster_node/cluster_node/msg/detail/obstacle__builder.hpp
[8.690s] -- Installing: /home/dev/ws/src/dynamic-box/my_rosbag_reader/cluster_node/install/cluster_node/include/cluster_node/cluster_node/msg/obstacle.hpp
[8.690s] -- Installing: /home/dev/ws/src/dynamic-box/my_rosbag_reader/cluster_node/install/cluster_node/include/cluster_node/cluster_node/msg/obstacle_array.hpp
[8.690s] -- Up-to-date: /home/dev/ws/src/dynamic-box/my_rosbag_reader/cluster_node/install/cluster_node/include/cluster_node/cluster_node
[8.690s] -- Up-to-date: /home/dev/ws/src/dynamic-box/my_rosbag_reader/cluster_node/install/cluster_node/include/cluster_node/cluster_node/msg
[8.690s] -- Up-to-date: /home/dev/ws/src/dynamic-box/my_rosbag_reader/cluster_node/install/cluster_node/include/cluster_node/cluster_node/msg/detail
[8.690s] -- Installing: /home/dev/ws/src/dynamic-box/my_rosbag_reader/cluster_node/install/cluster_node/include/cluster_node/cluster_node/msg/detail/obstacle_array__rosidl_typesupport_fastrtps_cpp.hpp
[8.690s] -- Installing: /home/dev/ws/src/dynamic-box/my_rosbag_reader/cluster_node/install/cluster_node/include/cluster_node/cluster_node/msg/detail/obstacle__rosidl_typesupport_fastrtps_cpp.hpp
[8.691s] -- Installing: /home/dev/ws/src/dynamic-box/my_rosbag_reader/cluster_node/install/cluster_node/include/cluster_node/cluster_node/msg/detail/dds_fastrtps
[8.691s] -- Installing: /home/dev/ws/src/dynamic-box/my_rosbag_reader/cluster_node/install/cluster_node/include/cluster_node/cluster_node/msg/rosidl_typesupport_fastrtps_cpp__visibility_control.h
[8.691s] -- Installing: /home/dev/ws/src/dynamic-box/my_rosbag_reader/cluster_node/install/cluster_node/lib/libcluster_node__rosidl_typesupport_fastrtps_cpp.so
[8.692s] -- Set runtime path of "/home/dev/ws/src/dynamic-box/my_rosbag_reader/cluster_node/install/cluster_node/lib/libcluster_node__rosidl_typesupport_fastrtps_cpp.so" to ""
[8.692s] -- Up-to-date: /home/dev/ws/src/dynamic-box/my_rosbag_reader/cluster_node/install/cluster_node/include/cluster_node/cluster_node
[8.692s] -- Up-to-date: /home/dev/ws/src/dynamic-box/my_rosbag_reader/cluster_node/install/cluster_node/include/cluster_node/cluster_node/msg
[8.692s] -- Up-to-date: /home/dev/ws/src/dynamic-box/my_rosbag_reader/cluster_node/install/cluster_node/include/cluster_node/cluster_node/msg/detail
[8.692s] -- Installing: /home/dev/ws/src/dynamic-box/my_rosbag_reader/cluster_node/install/cluster_node/include/cluster_node/cluster_node/msg/detail/obstacle_array__rosidl_typesupport_introspection_c.h
[8.692s] -- Installing: /home/dev/ws/src/dynamic-box/my_rosbag_reader/cluster_node/install/cluster_node/include/cluster_node/cluster_node/msg/detail/obstacle_array__type_support.c
[8.692s] -- Installing: /home/dev/ws/src/dynamic-box/my_rosbag_reader/cluster_node/install/cluster_node/include/cluster_node/cluster_node/msg/detail/obstacle__type_support.c
[8.693s] -- Installing: /home/dev/ws/src/dynamic-box/my_rosbag_reader/cluster_node/install/cluster_node/include/cluster_node/cluster_node/msg/detail/obstacle__rosidl_typesupport_introspection_c.h
[8.693s] -- Installing: /home/dev/ws/src/dynamic-box/my_rosbag_reader/cluster_node/install/cluster_node/include/cluster_node/cluster_node/msg/rosidl_typesupport_introspection_c__visibility_control.h
[8.693s] -- Installing: /home/dev/ws/src/dynamic-box/my_rosbag_reader/cluster_node/install/cluster_node/lib/libcluster_node__rosidl_typesupport_introspection_c.so
[8.694s] -- Set runtime path of "/home/dev/ws/src/dynamic-box/my_rosbag_reader/cluster_node/install/cluster_node/lib/libcluster_node__rosidl_typesupport_introspection_c.so" to ""
[8.694s] -- Installing: /home/dev/ws/src/dynamic-box/my_rosbag_reader/cluster_node/install/cluster_node/lib/libcluster_node__rosidl_typesupport_c.so
[8.694s] -- Set runtime path of "/home/dev/ws/src/dynamic-box/my_rosbag_reader/cluster_node/install/cluster_node/lib/libcluster_node__rosidl_typesupport_c.so" to ""
[8.694s] -- Up-to-date: /home/dev/ws/src/dynamic-box/my_rosbag_reader/cluster_node/install/cluster_node/include/cluster_node/cluster_node
[8.695s] -- Up-to-date: /home/dev/ws/src/dynamic-box/my_rosbag_reader/cluster_node/install/cluster_node/include/cluster_node/cluster_node/msg
[8.695s] -- Up-to-date: /home/dev/ws/src/dynamic-box/my_rosbag_reader/cluster_node/install/cluster_node/include/cluster_node/cluster_node/msg/detail
[8.695s] -- Installing: /home/dev/ws/src/dynamic-box/my_rosbag_reader/cluster_node/install/cluster_node/include/cluster_node/cluster_node/msg/detail/obstacle__type_support.cpp
[8.695s] -- Installing: /home/dev/ws/src/dynamic-box/my_rosbag_reader/cluster_node/install/cluster_node/include/cluster_node/cluster_node/msg/detail/obstacle_array__type_support.cpp
[8.695s] -- Installing: /home/dev/ws/src/dynamic-box/my_rosbag_reader/cluster_node/install/cluster_node/include/cluster_node/cluster_node/msg/detail/obstacle_array__rosidl_typesupport_introspection_cpp.hpp
[8.695s] -- Installing: /home/dev/ws/src/dynamic-box/my_rosbag_reader/cluster_node/install/cluster_node/include/cluster_node/cluster_node/msg/detail/obstacle__rosidl_typesupport_introspection_cpp.hpp
[8.696s] -- Installing: /home/dev/ws/src/dynamic-box/my_rosbag_reader/cluster_node/install/cluster_node/lib/libcluster_node__rosidl_typesupport_introspection_cpp.so
[8.697s] -- Set runtime path of "/home/dev/ws/src/dynamic-box/my_rosbag_reader/cluster_node/install/cluster_node/lib/libcluster_node__rosidl_typesupport_introspection_cpp.so" to ""
[8.697s] -- Installing: /home/dev/ws/src/dynamic-box/my_rosbag_reader/cluster_node/install/cluster_node/lib/libcluster_node__rosidl_typesupport_cpp.so
[8.697s] -- Set runtime path of "/home/dev/ws/src/dynamic-box/my_rosbag_reader/cluster_node/install/cluster_node/lib/libcluster_node__rosidl_typesupport_cpp.so" to ""
[8.697s] -- Installing: /home/dev/ws/src/dynamic-box/my_rosbag_reader/cluster_node/install/cluster_node/share/cluster_node/environment/pythonpath.sh
[8.698s] -- Installing: /home/dev/ws/src/dynamic-box/my_rosbag_reader/cluster_node/install/cluster_node/share/cluster_node/environment/pythonpath.dsv
[8.698s] -- Installing: /home/dev/ws/src/dynamic-box/my_rosbag_reader/cluster_node/install/cluster_node/local/lib/python3.10/dist-packages/cluster_node-0.0.0-py3.10.egg-info
[8.699s] -- Installing: /home/dev/ws/src/dynamic-box/my_rosbag_reader/cluster_node/install/cluster_node/local/lib/python3.10/dist-packages/cluster_node-0.0.0-py3.10.egg-info/SOURCES.txt
[8.699s] -- Installing: /home/dev/ws/src/dynamic-box/my_rosbag_reader/cluster_node/install/cluster_node/local/lib/python3.10/dist-packages/cluster_node-0.0.0-py3.10.egg-info/top_level.txt
[8.699s] -- Installing: /home/dev/ws/src/dynamic-box/my_rosbag_reader/cluster_node/install/cluster_node/local/lib/python3.10/dist-packages/cluster_node-0.0.0-py3.10.egg-info/PKG-INFO
[8.699s] -- Installing: /home/dev/ws/src/dynamic-box/my_rosbag_reader/cluster_node/install/cluster_node/local/lib/python3.10/dist-packages/cluster_node-0.0.0-py3.10.egg-info/dependency_links.txt
[8.699s] -- Installing: /home/dev/ws/src/dynamic-box/my_rosbag_reader/cluster_node/install/cluster_node/local/lib/python3.10/dist-packages/cluster_node
[8.699s] -- Installing: /home/dev/ws/src/dynamic-box/my_rosbag_reader/cluster_node/install/cluster_node/local/lib/python3.10/dist-packages/cluster_node/msg
[8.699s] -- Installing: /home/dev/ws/src/dynamic-box/my_rosbag_reader/cluster_node/install/cluster_node/local/lib/python3.10/dist-packages/cluster_node/msg/_obstacle_array.py
[8.699s] -- Installing: /home/dev/ws/src/dynamic-box/my_rosbag_reader/cluster_node/install/cluster_node/local/lib/python3.10/dist-packages/cluster_node/msg/_obstacle.py
[8.699s] -- Installing: /home/dev/ws/src/dynamic-box/my_rosbag_reader/cluster_node/install/cluster_node/local/lib/python3.10/dist-packages/cluster_node/msg/_obstacle_s.c
[8.699s] -- Installing: /home/dev/ws/src/dynamic-box/my_rosbag_reader/cluster_node/install/cluster_node/local/lib/python3.10/dist-packages/cluster_node/msg/_obstacle_array_s.c
[8.700s] -- Installing: /home/dev/ws/src/dynamic-box/my_rosbag_reader/cluster_node/install/cluster_node/local/lib/python3.10/dist-packages/cluster_node/msg/__init__.py
[8.700s] -- Installing: /home/dev/ws/src/dynamic-box/my_rosbag_reader/cluster_node/install/cluster_node/local/lib/python3.10/dist-packages/cluster_node/_cluster_node_s.ep.rosidl_typesupport_introspection_c.c
[8.700s] -- Installing: /home/dev/ws/src/dynamic-box/my_rosbag_reader/cluster_node/install/cluster_node/local/lib/python3.10/dist-packages/cluster_node/cluster_node_s__rosidl_typesupport_c.cpython-310-x86_64-linux-gnu.so
[8.700s] -- Installing: /home/dev/ws/src/dynamic-box/my_rosbag_reader/cluster_node/install/cluster_node/local/lib/python3.10/dist-packages/cluster_node/_cluster_node_s.ep.rosidl_typesupport_fastrtps_c.c
[8.700s] -- Installing: /home/dev/ws/src/dynamic-box/my_rosbag_reader/cluster_node/install/cluster_node/local/lib/python3.10/dist-packages/cluster_node/cluster_node_s__rosidl_typesupport_fastrtps_c.cpython-310-x86_64-linux-gnu.so
[8.700s] -- Installing: /home/dev/ws/src/dynamic-box/my_rosbag_reader/cluster_node/install/cluster_node/local/lib/python3.10/dist-packages/cluster_node/libcluster_node__rosidl_generator_py.so
[8.700s] -- Installing: /home/dev/ws/src/dynamic-box/my_rosbag_reader/cluster_node/install/cluster_node/local/lib/python3.10/dist-packages/cluster_node/_cluster_node_s.ep.rosidl_typesupport_c.c
[8.700s] -- Installing: /home/dev/ws/src/dynamic-box/my_rosbag_reader/cluster_node/install/cluster_node/local/lib/python3.10/dist-packages/cluster_node/cluster_node_s__rosidl_typesupport_introspection_c.cpython-310-x86_64-linux-gnu.so
[8.700s] -- Installing: /home/dev/ws/src/dynamic-box/my_rosbag_reader/cluster_node/install/cluster_node/local/lib/python3.10/dist-packages/cluster_node/__init__.py
[8.723s] Listing '/home/dev/ws/src/dynamic-box/my_rosbag_reader/cluster_node/install/cluster_node/local/lib/python3.10/dist-packages/cluster_node'...
[8.723s] Compiling '/home/dev/ws/src/dynamic-box/my_rosbag_reader/cluster_node/install/cluster_node/local/lib/python3.10/dist-packages/cluster_node/__init__.py'...
[8.723s] Listing '/home/dev/ws/src/dynamic-box/my_rosbag_reader/cluster_node/install/cluster_node/local/lib/python3.10/dist-packages/cluster_node/msg'...
[8.723s] Compiling '/home/dev/ws/src/dynamic-box/my_rosbag_reader/cluster_node/install/cluster_node/local/lib/python3.10/dist-packages/cluster_node/msg/__init__.py'...
[8.723s] Compiling '/home/dev/ws/src/dynamic-box/my_rosbag_reader/cluster_node/install/cluster_node/local/lib/python3.10/dist-packages/cluster_node/msg/_obstacle.py'...
[8.723s] Compiling '/home/dev/ws/src/dynamic-box/my_rosbag_reader/cluster_node/install/cluster_node/local/lib/python3.10/dist-packages/cluster_node/msg/_obstacle_array.py'...
[8.726s] -- Installing: /home/dev/ws/src/dynamic-box/my_rosbag_reader/cluster_node/install/cluster_node/local/lib/python3.10/dist-packages/cluster_node/cluster_node_s__rosidl_typesupport_fastrtps_c.cpython-310-x86_64-linux-gnu.so
[8.726s] -- Set runtime path of "/home/dev/ws/src/dynamic-box/my_rosbag_reader/cluster_node/install/cluster_node/local/lib/python3.10/dist-packages/cluster_node/cluster_node_s__rosidl_typesupport_fastrtps_c.cpython-310-x86_64-linux-gnu.so" to ""
[8.726s] -- Installing: /home/dev/ws/src/dynamic-box/my_rosbag_reader/cluster_node/install/cluster_node/local/lib/python3.10/dist-packages/cluster_node/cluster_node_s__rosidl_typesupport_introspection_c.cpython-310-x86_64-linux-gnu.so
[8.726s] -- Set runtime path of "/home/dev/ws/src/dynamic-box/my_rosbag_reader/cluster_node/install/cluster_node/local/lib/python3.10/dist-packages/cluster_node/cluster_node_s__rosidl_typesupport_introspection_c.cpython-310-x86_64-linux-gnu.so" to ""
[8.726s] -- Installing: /home/dev/ws/src/dynamic-box/my_rosbag_reader/cluster_node/install/cluster_node/local/lib/python3.10/dist-packages/cluster_node/cluster_node_s__rosidl_typesupport_c.cpython-310-x86_64-linux-gnu.so
[8.727s] -- Set runtime path of "/home/dev/ws/src/dynamic-box/my_rosbag_reader/cluster_node/install/cluster_node/local/lib/python3.10/dist-packages/cluster_node/cluster_node_s__rosidl_typesupport_c.cpython-310-x86_64-linux-gnu.so" to ""
[8.727s] -- Installing: /home/dev/ws/src/dynamic-box/my_rosbag_reader/cluster_node/install/cluster_node/lib/libcluster_node__rosidl_generator_py.so
[8.727s] -- Set runtime path of "/home/dev/ws/src/dynamic-box/my_rosbag_reader/cluster_node/install/cluster_node/lib/libcluster_node__rosidl_generator_py.so" to ""
[8.727s] -- Installing: /home/dev/ws/src/dynamic-box/my_rosbag_reader/cluster_node/install/cluster_node/share/cluster_node/msg/Obstacle.idl
[8.727s] -- Installing: /home/dev/ws/src/dynamic-box/my_rosbag_reader/cluster_node/install/cluster_node/share/cluster_node/msg/ObstacleArray.idl
[8.727s] -- Installing: /home/dev/ws/src/dynamic-box/my_rosbag_reader/cluster_node/install/cluster_node/share/cluster_node/msg/Obstacle.msg
[8.728s] -- Installing: /home/dev/ws/src/dynamic-box/my_rosbag_reader/cluster_node/install/cluster_node/share/cluster_node/msg/ObstacleArray.msg
[8.728s] -- Installing: /home/dev/ws/src/dynamic-box/my_rosbag_reader/cluster_node/install/cluster_node/share/ament_index/resource_index/package_run_dependencies/cluster_node
[8.729s] -- Installing: /home/dev/ws/src/dynamic-box/my_rosbag_reader/cluster_node/install/cluster_node/share/ament_index/resource_index/parent_prefix_path/cluster_node
[8.729s] -- Installing: /home/dev/ws/src/dynamic-box/my_rosbag_reader/cluster_node/install/cluster_node/share/cluster_node/environment/ament_prefix_path.sh
[8.730s] -- Installing: /home/dev/ws/src/dynamic-box/my_rosbag_reader/cluster_node/install/cluster_node/share/cluster_node/environment/ament_prefix_path.dsv
[8.730s] -- Installing: /home/dev/ws/src/dynamic-box/my_rosbag_reader/cluster_node/install/cluster_node/share/cluster_node/environment/path.sh
[8.730s] -- Installing: /home/dev/ws/src/dynamic-box/my_rosbag_reader/cluster_node/install/cluster_node/share/cluster_node/environment/path.dsv
[8.731s] -- Installing: /home/dev/ws/src/dynamic-box/my_rosbag_reader/cluster_node/install/cluster_node/share/cluster_node/local_setup.bash
[8.731s] -- Installing: /home/dev/ws/src/dynamic-box/my_rosbag_reader/cluster_node/install/cluster_node/share/cluster_node/local_setup.sh
[8.732s] -- Installing: /home/dev/ws/src/dynamic-box/my_rosbag_reader/cluster_node/install/cluster_node/share/cluster_node/local_setup.zsh
[8.732s] -- Installing: /home/dev/ws/src/dynamic-box/my_rosbag_reader/cluster_node/install/cluster_node/share/cluster_node/local_setup.dsv
[8.732s] -- Installing: /home/dev/ws/src/dynamic-box/my_rosbag_reader/cluster_node/install/cluster_node/share/cluster_node/package.dsv
[8.733s] -- Installing: /home/dev/ws/src/dynamic-box/my_rosbag_reader/cluster_node/install/cluster_node/share/ament_index/resource_index/packages/cluster_node
[8.733s] -- Installing: /home/dev/ws/src/dynamic-box/my_rosbag_reader/cluster_node/install/cluster_node/share/cluster_node/cmake/export_cluster_node__rosidl_generator_cExport.cmake
[8.733s] -- Installing: /home/dev/ws/src/dynamic-box/my_rosbag_reader/cluster_node/install/cluster_node/share/cluster_node/cmake/export_cluster_node__rosidl_generator_cExport-noconfig.cmake
[8.734s] -- Installing: /home/dev/ws/src/dynamic-box/my_rosbag_reader/cluster_node/install/cluster_node/share/cluster_node/cmake/export_cluster_node__rosidl_typesupport_fastrtps_cExport.cmake
[8.734s] -- Installing: /home/dev/ws/src/dynamic-box/my_rosbag_reader/cluster_node/install/cluster_node/share/cluster_node/cmake/export_cluster_node__rosidl_typesupport_fastrtps_cExport-noconfig.cmake
[8.734s] -- Installing: /home/dev/ws/src/dynamic-box/my_rosbag_reader/cluster_node/install/cluster_node/share/cluster_node/cmake/export_cluster_node__rosidl_generator_cppExport.cmake
[8.735s] -- Installing: /home/dev/ws/src/dynamic-box/my_rosbag_reader/cluster_node/install/cluster_node/share/cluster_node/cmake/export_cluster_node__rosidl_typesupport_fastrtps_cppExport.cmake
[8.735s] -- Installing: /home/dev/ws/src/dynamic-box/my_rosbag_reader/cluster_node/install/cluster_node/share/cluster_node/cmake/export_cluster_node__rosidl_typesupport_fastrtps_cppExport-noconfig.cmake
[8.735s] -- Installing: /home/dev/ws/src/dynamic-box/my_rosbag_reader/cluster_node/install/cluster_node/share/cluster_node/cmake/cluster_node__rosidl_typesupport_introspection_cExport.cmake
[8.735s] -- Installing: /home/dev/ws/src/dynamic-box/my_rosbag_reader/cluster_node/install/cluster_node/share/cluster_node/cmake/cluster_node__rosidl_typesupport_introspection_cExport-noconfig.cmake
[8.736s] -- Installing: /home/dev/ws/src/dynamic-box/my_rosbag_reader/cluster_node/install/cluster_node/share/cluster_node/cmake/cluster_node__rosidl_typesupport_cExport.cmake
[8.736s] -- Installing: /home/dev/ws/src/dynamic-box/my_rosbag_reader/cluster_node/install/cluster_node/share/cluster_node/cmake/cluster_node__rosidl_typesupport_cExport-noconfig.cmake
[8.736s] -- Installing: /home/dev/ws/src/dynamic-box/my_rosbag_reader/cluster_node/install/cluster_node/share/cluster_node/cmake/cluster_node__rosidl_typesupport_introspection_cppExport.cmake
[8.737s] -- Installing: /home/dev/ws/src/dynamic-box/my_rosbag_reader/cluster_node/install/cluster_node/share/cluster_node/cmake/cluster_node__rosidl_typesupport_introspection_cppExport-noconfig.cmake
[8.737s] -- Installing: /home/dev/ws/src/dynamic-box/my_rosbag_reader/cluster_node/install/cluster_node/share/cluster_node/cmake/cluster_node__rosidl_typesupport_cppExport.cmake
[8.737s] -- Installing: /home/dev/ws/src/dynamic-box/my_rosbag_reader/cluster_node/install/cluster_node/share/cluster_node/cmake/cluster_node__rosidl_typesupport_cppExport-noconfig.cmake
[8.738s] -- Installing: /home/dev/ws/src/dynamic-box/my_rosbag_reader/cluster_node/install/cluster_node/share/cluster_node/cmake/export_cluster_node__rosidl_generator_pyExport.cmake
[8.738s] -- Installing: /home/dev/ws/src/dynamic-box/my_rosbag_reader/cluster_node/install/cluster_node/share/cluster_node/cmake/export_cluster_node__rosidl_generator_pyExport-noconfig.cmake
[8.739s] -- Installing: /home/dev/ws/src/dynamic-box/my_rosbag_reader/cluster_node/install/cluster_node/share/cluster_node/cmake/rosidl_cmake-extras.cmake
[8.739s] -- Installing: /home/dev/ws/src/dynamic-box/my_rosbag_reader/cluster_node/install/cluster_node/share/cluster_node/cmake/ament_cmake_export_dependencies-extras.cmake
[8.739s] -- Installing: /home/dev/ws/src/dynamic-box/my_rosbag_reader/cluster_node/install/cluster_node/share/cluster_node/cmake/ament_cmake_export_include_directories-extras.cmake
[8.740s] -- Installing: /home/dev/ws/src/dynamic-box/my_rosbag_reader/cluster_node/install/cluster_node/share/cluster_node/cmake/ament_cmake_export_libraries-extras.cmake
[8.740s] -- Installing: /home/dev/ws/src/dynamic-box/my_rosbag_reader/cluster_node/install/cluster_node/share/cluster_node/cmake/ament_cmake_export_targets-extras.cmake
[8.740s] -- Installing: /home/dev/ws/src/dynamic-box/my_rosbag_reader/cluster_node/install/cluster_node/share/cluster_node/cmake/rosidl_cmake_export_typesupport_targets-extras.cmake
[8.741s] -- Installing: /home/dev/ws/src/dynamic-box/my_rosbag_reader/cluster_node/install/cluster_node/share/cluster_node/cmake/rosidl_cmake_export_typesupport_libraries-extras.cmake
[8.741s] -- Installing: /home/dev/ws/src/dynamic-box/my_rosbag_reader/cluster_node/install/cluster_node/share/cluster_node/cmake/cluster_nodeConfig.cmake
[8.742s] -- Installing: /home/dev/ws/src/dynamic-box/my_rosbag_reader/cluster_node/install/cluster_node/share/cluster_node/cmake/cluster_nodeConfig-version.cmake
[8.742s] -- Installing: /home/dev/ws/src/dynamic-box/my_rosbag_reader/cluster_node/install/cluster_node/share/cluster_node/package.xml
[8.745s] Invoked command in '/home/dev/ws/src/dynamic-box/my_rosbag_reader/cluster_node/build/cluster_node' returned '0': CMAKE_PREFIX_PATH=${CMAKE_PREFIX_PATH}:/home/dev/ws/src/dynamic-box/my_rosbag_reader/install/my_rosbag_reader:/opt/ros/humble /usr/bin/cmake --install /home/dev/ws/src/dynamic-box/my_rosbag_reader/cluster_node/build/cluster_node
