[0.022s] Invoking command in '/home/dev/ws/src/dynamic-box/my_rosbag_reader/cluster_node/build/cluster_node': CMAKE_PREFIX_PATH=${CMAKE_PREFIX_PATH}:/home/dev/ws/src/dynamic-box/my_rosbag_reader/install/my_rosbag_reader:/opt/ros/humble /usr/bin/cmake --build /home/dev/ws/src/dynamic-box/my_rosbag_reader/cluster_node/build/cluster_node -- -j22 -l22
[0.116s] [  2%] Built target cluster_node__cpp
[0.116s] [ 12%] Built target cluster_node__rosidl_generator_c
[0.131s] [ 12%] Built target ament_cmake_python_copy_cluster_node
[0.139s] [ 21%] Built target cluster_node__rosidl_typesupport_c
[0.140s] [ 31%] Built target cluster_node__rosidl_typesupport_cpp
[0.140s] [ 41%] Built target cluster_node__rosidl_typesupport_introspection_c
[0.140s] [ 51%] Built target cluster_node__rosidl_typesupport_fastrtps_cpp
[0.141s] [ 70%] Built target cluster_node__rosidl_typesupport_fastrtps_c
[0.141s] [ 70%] Built target cluster_node__rosidl_typesupport_introspection_cpp
[0.153s] [ 70%] Built target cluster_node
[0.167s] [ 73%] Built target cluster_node__py
[0.167s] [35m[1mConsolidate compiler generated dependencies of target cluster_cpp[0m
[0.182s] [ 80%] Built target cluster_node__rosidl_generator_py
[0.187s] [ 82%] [32mBuilding CXX object CMakeFiles/cluster_cpp.dir/src/cluster_node.cpp.o[0m
[0.199s] [ 97%] Built target cluster_node__rosidl_typesupport_introspection_c__pyext
[0.199s] [ 97%] Built target cluster_node__rosidl_typesupport_c__pyext
[0.199s] [ 97%] Built target cluster_node__rosidl_typesupport_fastrtps_c__pyext
[0.261s] running egg_info
[0.267s] writing cluster_node.egg-info/PKG-INFO
[0.268s] writing dependency_links to cluster_node.egg-info/dependency_links.txt
[0.268s] writing top-level names to cluster_node.egg-info/top_level.txt
[0.288s] reading manifest file 'cluster_node.egg-info/SOURCES.txt'
[0.288s] writing manifest file 'cluster_node.egg-info/SOURCES.txt'
[0.307s] [ 97%] Built target ament_cmake_python_build_cluster_node_egg
[5.799s] [01m[K/home/dev/ws/src/dynamic-box/my_rosbag_reader/cluster_node/src/cluster_node.cpp:[m[K In member function ‘[01m[Kvoid ClusterNode::euclidean_cluster(Eigen::Vector4d, const MatrixXd&, double, int, const string&, const std::vector<Eigen::Matrix<double, 4, 1> >&, bool, double)[m[K’:
[5.799s] [01m[K/home/dev/ws/src/dynamic-box/my_rosbag_reader/cluster_node/src/cluster_node.cpp:162:37:[m[K [01;35m[Kwarning: [m[Kunused parameter ‘[01m[KMIN_CLUSTER_SIZE[m[K’ [[01;35m[K]8;;https://gcc.gnu.org/onlinedocs/gcc/Warning-Options.html#index-Wunused-parameter-Wunused-parameter]8;;[m[K]
[5.799s]   162 |                                 [01;35m[Kint MIN_CLUSTER_SIZE = 1[m[K,
[5.799s]       |                                 [01;35m[K~~~~^~~~~~~~~~~~~~~~~~~~[m[K
[10.934s] [100%] [32m[1mLinking CXX executable cluster_cpp[0m
[12.086s] [100%] Built target cluster_cpp
[12.094s] Invoked command in '/home/dev/ws/src/dynamic-box/my_rosbag_reader/cluster_node/build/cluster_node' returned '0': CMAKE_PREFIX_PATH=${CMAKE_PREFIX_PATH}:/home/dev/ws/src/dynamic-box/my_rosbag_reader/install/my_rosbag_reader:/opt/ros/humble /usr/bin/cmake --build /home/dev/ws/src/dynamic-box/my_rosbag_reader/cluster_node/build/cluster_node -- -j22 -l22
[12.102s] Invoking command in '/home/dev/ws/src/dynamic-box/my_rosbag_reader/cluster_node/build/cluster_node': CMAKE_PREFIX_PATH=${CMAKE_PREFIX_PATH}:/home/dev/ws/src/dynamic-box/my_rosbag_reader/install/my_rosbag_reader:/opt/ros/humble /usr/bin/cmake --install /home/dev/ws/src/dynamic-box/my_rosbag_reader/cluster_node/build/cluster_node
[12.108s] -- Install configuration: ""
[12.108s] -- Up-to-date: /home/dev/ws/src/dynamic-box/my_rosbag_reader/cluster_node/install/cluster_node/share/ament_index/resource_index/rosidl_interfaces/cluster_node
[12.109s] -- Up-to-date: /home/dev/ws/src/dynamic-box/my_rosbag_reader/cluster_node/install/cluster_node/include/cluster_node/cluster_node
[12.109s] -- Up-to-date: /home/dev/ws/src/dynamic-box/my_rosbag_reader/cluster_node/install/cluster_node/include/cluster_node/cluster_node/msg
[12.109s] -- Up-to-date: /home/dev/ws/src/dynamic-box/my_rosbag_reader/cluster_node/install/cluster_node/include/cluster_node/cluster_node/msg/rosidl_generator_c__visibility_control.h
[12.109s] -- Up-to-date: /home/dev/ws/src/dynamic-box/my_rosbag_reader/cluster_node/install/cluster_node/include/cluster_node/cluster_node/msg/detail
[12.109s] -- Up-to-date: /home/dev/ws/src/dynamic-box/my_rosbag_reader/cluster_node/install/cluster_node/include/cluster_node/cluster_node/msg/detail/obstacle_array__struct.h
[12.109s] -- Up-to-date: /home/dev/ws/src/dynamic-box/my_rosbag_reader/cluster_node/install/cluster_node/include/cluster_node/cluster_node/msg/detail/obstacle_array__functions.c
[12.110s] -- Up-to-date: /home/dev/ws/src/dynamic-box/my_rosbag_reader/cluster_node/install/cluster_node/include/cluster_node/cluster_node/msg/detail/obstacle__type_support.h
[12.110s] -- Up-to-date: /home/dev/ws/src/dynamic-box/my_rosbag_reader/cluster_node/install/cluster_node/include/cluster_node/cluster_node/msg/detail/obstacle__functions.c
[12.110s] -- Up-to-date: /home/dev/ws/src/dynamic-box/my_rosbag_reader/cluster_node/install/cluster_node/include/cluster_node/cluster_node/msg/detail/obstacle__struct.h
[12.110s] -- Up-to-date: /home/dev/ws/src/dynamic-box/my_rosbag_reader/cluster_node/install/cluster_node/include/cluster_node/cluster_node/msg/detail/obstacle_array__functions.h
[12.110s] -- Up-to-date: /home/dev/ws/src/dynamic-box/my_rosbag_reader/cluster_node/install/cluster_node/include/cluster_node/cluster_node/msg/detail/obstacle_array__type_support.h
[12.110s] -- Up-to-date: /home/dev/ws/src/dynamic-box/my_rosbag_reader/cluster_node/install/cluster_node/include/cluster_node/cluster_node/msg/detail/obstacle__functions.h
[12.110s] -- Up-to-date: /home/dev/ws/src/dynamic-box/my_rosbag_reader/cluster_node/install/cluster_node/include/cluster_node/cluster_node/msg/obstacle_array.h
[12.110s] -- Up-to-date: /home/dev/ws/src/dynamic-box/my_rosbag_reader/cluster_node/install/cluster_node/include/cluster_node/cluster_node/msg/obstacle.h
[12.110s] -- Up-to-date: /home/dev/ws/src/dynamic-box/my_rosbag_reader/cluster_node/install/cluster_node/share/cluster_node/environment/library_path.sh
[12.110s] -- Up-to-date: /home/dev/ws/src/dynamic-box/my_rosbag_reader/cluster_node/install/cluster_node/share/cluster_node/environment/library_path.dsv
[12.111s] -- Up-to-date: /home/dev/ws/src/dynamic-box/my_rosbag_reader/cluster_node/install/cluster_node/lib/libcluster_node__rosidl_generator_c.so
[12.111s] -- Up-to-date: /home/dev/ws/src/dynamic-box/my_rosbag_reader/cluster_node/install/cluster_node/include/cluster_node/cluster_node
[12.111s] -- Up-to-date: /home/dev/ws/src/dynamic-box/my_rosbag_reader/cluster_node/install/cluster_node/include/cluster_node/cluster_node/msg
[12.111s] -- Up-to-date: /home/dev/ws/src/dynamic-box/my_rosbag_reader/cluster_node/install/cluster_node/include/cluster_node/cluster_node/msg/detail
[12.111s] -- Up-to-date: /home/dev/ws/src/dynamic-box/my_rosbag_reader/cluster_node/install/cluster_node/include/cluster_node/cluster_node/msg/detail/obstacle__rosidl_typesupport_fastrtps_c.h
[12.111s] -- Up-to-date: /home/dev/ws/src/dynamic-box/my_rosbag_reader/cluster_node/install/cluster_node/include/cluster_node/cluster_node/msg/detail/obstacle_array__rosidl_typesupport_fastrtps_c.h
[12.111s] -- Up-to-date: /home/dev/ws/src/dynamic-box/my_rosbag_reader/cluster_node/install/cluster_node/include/cluster_node/cluster_node/msg/rosidl_typesupport_fastrtps_c__visibility_control.h
[12.112s] -- Up-to-date: /home/dev/ws/src/dynamic-box/my_rosbag_reader/cluster_node/install/cluster_node/lib/libcluster_node__rosidl_typesupport_fastrtps_c.so
[12.112s] -- Up-to-date: /home/dev/ws/src/dynamic-box/my_rosbag_reader/cluster_node/install/cluster_node/include/cluster_node/cluster_node
[12.112s] -- Up-to-date: /home/dev/ws/src/dynamic-box/my_rosbag_reader/cluster_node/install/cluster_node/include/cluster_node/cluster_node/msg
[12.112s] -- Up-to-date: /home/dev/ws/src/dynamic-box/my_rosbag_reader/cluster_node/install/cluster_node/include/cluster_node/cluster_node/msg/rosidl_generator_cpp__visibility_control.hpp
[12.112s] -- Up-to-date: /home/dev/ws/src/dynamic-box/my_rosbag_reader/cluster_node/install/cluster_node/include/cluster_node/cluster_node/msg/detail
[12.112s] -- Up-to-date: /home/dev/ws/src/dynamic-box/my_rosbag_reader/cluster_node/install/cluster_node/include/cluster_node/cluster_node/msg/detail/obstacle_array__traits.hpp
[12.113s] -- Up-to-date: /home/dev/ws/src/dynamic-box/my_rosbag_reader/cluster_node/install/cluster_node/include/cluster_node/cluster_node/msg/detail/obstacle_array__struct.hpp
[12.113s] -- Up-to-date: /home/dev/ws/src/dynamic-box/my_rosbag_reader/cluster_node/install/cluster_node/include/cluster_node/cluster_node/msg/detail/obstacle_array__type_support.hpp
[12.113s] -- Up-to-date: /home/dev/ws/src/dynamic-box/my_rosbag_reader/cluster_node/install/cluster_node/include/cluster_node/cluster_node/msg/detail/obstacle__type_support.hpp
[12.113s] -- Up-to-date: /home/dev/ws/src/dynamic-box/my_rosbag_reader/cluster_node/install/cluster_node/include/cluster_node/cluster_node/msg/detail/obstacle__struct.hpp
[12.113s] -- Up-to-date: /home/dev/ws/src/dynamic-box/my_rosbag_reader/cluster_node/install/cluster_node/include/cluster_node/cluster_node/msg/detail/obstacle_array__builder.hpp
[12.113s] -- Up-to-date: /home/dev/ws/src/dynamic-box/my_rosbag_reader/cluster_node/install/cluster_node/include/cluster_node/cluster_node/msg/detail/obstacle__traits.hpp
[12.113s] -- Up-to-date: /home/dev/ws/src/dynamic-box/my_rosbag_reader/cluster_node/install/cluster_node/include/cluster_node/cluster_node/msg/detail/obstacle__builder.hpp
[12.113s] -- Up-to-date: /home/dev/ws/src/dynamic-box/my_rosbag_reader/cluster_node/install/cluster_node/include/cluster_node/cluster_node/msg/obstacle.hpp
[12.113s] -- Up-to-date: /home/dev/ws/src/dynamic-box/my_rosbag_reader/cluster_node/install/cluster_node/include/cluster_node/cluster_node/msg/obstacle_array.hpp
[12.113s] -- Up-to-date: /home/dev/ws/src/dynamic-box/my_rosbag_reader/cluster_node/install/cluster_node/include/cluster_node/cluster_node
[12.113s] -- Up-to-date: /home/dev/ws/src/dynamic-box/my_rosbag_reader/cluster_node/install/cluster_node/include/cluster_node/cluster_node/msg
[12.113s] -- Up-to-date: /home/dev/ws/src/dynamic-box/my_rosbag_reader/cluster_node/install/cluster_node/include/cluster_node/cluster_node/msg/detail
[12.113s] -- Up-to-date: /home/dev/ws/src/dynamic-box/my_rosbag_reader/cluster_node/install/cluster_node/include/cluster_node/cluster_node/msg/detail/obstacle_array__rosidl_typesupport_fastrtps_cpp.hpp
[12.113s] -- Up-to-date: /home/dev/ws/src/dynamic-box/my_rosbag_reader/cluster_node/install/cluster_node/include/cluster_node/cluster_node/msg/detail/obstacle__rosidl_typesupport_fastrtps_cpp.hpp
[12.113s] -- Up-to-date: /home/dev/ws/src/dynamic-box/my_rosbag_reader/cluster_node/install/cluster_node/include/cluster_node/cluster_node/msg/detail/dds_fastrtps
[12.113s] -- Up-to-date: /home/dev/ws/src/dynamic-box/my_rosbag_reader/cluster_node/install/cluster_node/include/cluster_node/cluster_node/msg/rosidl_typesupport_fastrtps_cpp__visibility_control.h
[12.114s] -- Up-to-date: /home/dev/ws/src/dynamic-box/my_rosbag_reader/cluster_node/install/cluster_node/lib/libcluster_node__rosidl_typesupport_fastrtps_cpp.so
[12.114s] -- Up-to-date: /home/dev/ws/src/dynamic-box/my_rosbag_reader/cluster_node/install/cluster_node/include/cluster_node/cluster_node
[12.114s] -- Up-to-date: /home/dev/ws/src/dynamic-box/my_rosbag_reader/cluster_node/install/cluster_node/include/cluster_node/cluster_node/msg
[12.114s] -- Up-to-date: /home/dev/ws/src/dynamic-box/my_rosbag_reader/cluster_node/install/cluster_node/include/cluster_node/cluster_node/msg/detail
[12.114s] -- Up-to-date: /home/dev/ws/src/dynamic-box/my_rosbag_reader/cluster_node/install/cluster_node/include/cluster_node/cluster_node/msg/detail/obstacle_array__rosidl_typesupport_introspection_c.h
[12.114s] -- Up-to-date: /home/dev/ws/src/dynamic-box/my_rosbag_reader/cluster_node/install/cluster_node/include/cluster_node/cluster_node/msg/detail/obstacle_array__type_support.c
[12.114s] -- Up-to-date: /home/dev/ws/src/dynamic-box/my_rosbag_reader/cluster_node/install/cluster_node/include/cluster_node/cluster_node/msg/detail/obstacle__type_support.c
[12.114s] -- Up-to-date: /home/dev/ws/src/dynamic-box/my_rosbag_reader/cluster_node/install/cluster_node/include/cluster_node/cluster_node/msg/detail/obstacle__rosidl_typesupport_introspection_c.h
[12.114s] -- Up-to-date: /home/dev/ws/src/dynamic-box/my_rosbag_reader/cluster_node/install/cluster_node/include/cluster_node/cluster_node/msg/rosidl_typesupport_introspection_c__visibility_control.h
[12.114s] -- Up-to-date: /home/dev/ws/src/dynamic-box/my_rosbag_reader/cluster_node/install/cluster_node/lib/libcluster_node__rosidl_typesupport_introspection_c.so
[12.115s] -- Up-to-date: /home/dev/ws/src/dynamic-box/my_rosbag_reader/cluster_node/install/cluster_node/lib/libcluster_node__rosidl_typesupport_c.so
[12.115s] -- Up-to-date: /home/dev/ws/src/dynamic-box/my_rosbag_reader/cluster_node/install/cluster_node/include/cluster_node/cluster_node
[12.115s] -- Up-to-date: /home/dev/ws/src/dynamic-box/my_rosbag_reader/cluster_node/install/cluster_node/include/cluster_node/cluster_node/msg
[12.115s] -- Up-to-date: /home/dev/ws/src/dynamic-box/my_rosbag_reader/cluster_node/install/cluster_node/include/cluster_node/cluster_node/msg/detail
[12.115s] -- Up-to-date: /home/dev/ws/src/dynamic-box/my_rosbag_reader/cluster_node/install/cluster_node/include/cluster_node/cluster_node/msg/detail/obstacle__type_support.cpp
[12.115s] -- Up-to-date: /home/dev/ws/src/dynamic-box/my_rosbag_reader/cluster_node/install/cluster_node/include/cluster_node/cluster_node/msg/detail/obstacle_array__type_support.cpp
[12.115s] -- Up-to-date: /home/dev/ws/src/dynamic-box/my_rosbag_reader/cluster_node/install/cluster_node/include/cluster_node/cluster_node/msg/detail/obstacle_array__rosidl_typesupport_introspection_cpp.hpp
[12.116s] -- Up-to-date: /home/dev/ws/src/dynamic-box/my_rosbag_reader/cluster_node/install/cluster_node/include/cluster_node/cluster_node/msg/detail/obstacle__rosidl_typesupport_introspection_cpp.hpp
[12.116s] -- Up-to-date: /home/dev/ws/src/dynamic-box/my_rosbag_reader/cluster_node/install/cluster_node/lib/libcluster_node__rosidl_typesupport_introspection_cpp.so
[12.117s] -- Up-to-date: /home/dev/ws/src/dynamic-box/my_rosbag_reader/cluster_node/install/cluster_node/lib/libcluster_node__rosidl_typesupport_cpp.so
[12.117s] -- Up-to-date: /home/dev/ws/src/dynamic-box/my_rosbag_reader/cluster_node/install/cluster_node/share/cluster_node/environment/pythonpath.sh
[12.117s] -- Up-to-date: /home/dev/ws/src/dynamic-box/my_rosbag_reader/cluster_node/install/cluster_node/share/cluster_node/environment/pythonpath.dsv
[12.117s] -- Up-to-date: /home/dev/ws/src/dynamic-box/my_rosbag_reader/cluster_node/install/cluster_node/local/lib/python3.10/dist-packages/cluster_node-0.0.0-py3.10.egg-info
[12.117s] -- Installing: /home/dev/ws/src/dynamic-box/my_rosbag_reader/cluster_node/install/cluster_node/local/lib/python3.10/dist-packages/cluster_node-0.0.0-py3.10.egg-info/SOURCES.txt
[12.118s] -- Installing: /home/dev/ws/src/dynamic-box/my_rosbag_reader/cluster_node/install/cluster_node/local/lib/python3.10/dist-packages/cluster_node-0.0.0-py3.10.egg-info/top_level.txt
[12.118s] -- Installing: /home/dev/ws/src/dynamic-box/my_rosbag_reader/cluster_node/install/cluster_node/local/lib/python3.10/dist-packages/cluster_node-0.0.0-py3.10.egg-info/PKG-INFO
[12.118s] -- Installing: /home/dev/ws/src/dynamic-box/my_rosbag_reader/cluster_node/install/cluster_node/local/lib/python3.10/dist-packages/cluster_node-0.0.0-py3.10.egg-info/dependency_links.txt
[12.118s] -- Up-to-date: /home/dev/ws/src/dynamic-box/my_rosbag_reader/cluster_node/install/cluster_node/local/lib/python3.10/dist-packages/cluster_node
[12.119s] -- Up-to-date: /home/dev/ws/src/dynamic-box/my_rosbag_reader/cluster_node/install/cluster_node/local/lib/python3.10/dist-packages/cluster_node/msg
[12.119s] -- Up-to-date: /home/dev/ws/src/dynamic-box/my_rosbag_reader/cluster_node/install/cluster_node/local/lib/python3.10/dist-packages/cluster_node/msg/_obstacle_array.py
[12.119s] -- Up-to-date: /home/dev/ws/src/dynamic-box/my_rosbag_reader/cluster_node/install/cluster_node/local/lib/python3.10/dist-packages/cluster_node/msg/_obstacle.py
[12.119s] -- Up-to-date: /home/dev/ws/src/dynamic-box/my_rosbag_reader/cluster_node/install/cluster_node/local/lib/python3.10/dist-packages/cluster_node/msg/_obstacle_s.c
[12.119s] -- Up-to-date: /home/dev/ws/src/dynamic-box/my_rosbag_reader/cluster_node/install/cluster_node/local/lib/python3.10/dist-packages/cluster_node/msg/_obstacle_array_s.c
[12.119s] -- Up-to-date: /home/dev/ws/src/dynamic-box/my_rosbag_reader/cluster_node/install/cluster_node/local/lib/python3.10/dist-packages/cluster_node/msg/__init__.py
[12.119s] -- Up-to-date: /home/dev/ws/src/dynamic-box/my_rosbag_reader/cluster_node/install/cluster_node/local/lib/python3.10/dist-packages/cluster_node/_cluster_node_s.ep.rosidl_typesupport_introspection_c.c
[12.119s] -- Up-to-date: /home/dev/ws/src/dynamic-box/my_rosbag_reader/cluster_node/install/cluster_node/local/lib/python3.10/dist-packages/cluster_node/cluster_node_s__rosidl_typesupport_c.cpython-310-x86_64-linux-gnu.so
[12.119s] -- Up-to-date: /home/dev/ws/src/dynamic-box/my_rosbag_reader/cluster_node/install/cluster_node/local/lib/python3.10/dist-packages/cluster_node/_cluster_node_s.ep.rosidl_typesupport_fastrtps_c.c
[12.119s] -- Up-to-date: /home/dev/ws/src/dynamic-box/my_rosbag_reader/cluster_node/install/cluster_node/local/lib/python3.10/dist-packages/cluster_node/cluster_node_s__rosidl_typesupport_fastrtps_c.cpython-310-x86_64-linux-gnu.so
[12.119s] -- Up-to-date: /home/dev/ws/src/dynamic-box/my_rosbag_reader/cluster_node/install/cluster_node/local/lib/python3.10/dist-packages/cluster_node/libcluster_node__rosidl_generator_py.so
[12.119s] -- Up-to-date: /home/dev/ws/src/dynamic-box/my_rosbag_reader/cluster_node/install/cluster_node/local/lib/python3.10/dist-packages/cluster_node/_cluster_node_s.ep.rosidl_typesupport_c.c
[12.119s] -- Up-to-date: /home/dev/ws/src/dynamic-box/my_rosbag_reader/cluster_node/install/cluster_node/local/lib/python3.10/dist-packages/cluster_node/cluster_node_s__rosidl_typesupport_introspection_c.cpython-310-x86_64-linux-gnu.so
[12.120s] -- Up-to-date: /home/dev/ws/src/dynamic-box/my_rosbag_reader/cluster_node/install/cluster_node/local/lib/python3.10/dist-packages/cluster_node/__init__.py
[12.144s] Listing '/home/dev/ws/src/dynamic-box/my_rosbag_reader/cluster_node/install/cluster_node/local/lib/python3.10/dist-packages/cluster_node'...
[12.145s] Listing '/home/dev/ws/src/dynamic-box/my_rosbag_reader/cluster_node/install/cluster_node/local/lib/python3.10/dist-packages/cluster_node/msg'...
[12.148s] -- Up-to-date: /home/dev/ws/src/dynamic-box/my_rosbag_reader/cluster_node/install/cluster_node/local/lib/python3.10/dist-packages/cluster_node/cluster_node_s__rosidl_typesupport_fastrtps_c.cpython-310-x86_64-linux-gnu.so
[12.149s] -- Up-to-date: /home/dev/ws/src/dynamic-box/my_rosbag_reader/cluster_node/install/cluster_node/local/lib/python3.10/dist-packages/cluster_node/cluster_node_s__rosidl_typesupport_introspection_c.cpython-310-x86_64-linux-gnu.so
[12.149s] -- Up-to-date: /home/dev/ws/src/dynamic-box/my_rosbag_reader/cluster_node/install/cluster_node/local/lib/python3.10/dist-packages/cluster_node/cluster_node_s__rosidl_typesupport_c.cpython-310-x86_64-linux-gnu.so
[12.150s] -- Up-to-date: /home/dev/ws/src/dynamic-box/my_rosbag_reader/cluster_node/install/cluster_node/lib/libcluster_node__rosidl_generator_py.so
[12.150s] -- Up-to-date: /home/dev/ws/src/dynamic-box/my_rosbag_reader/cluster_node/install/cluster_node/share/cluster_node/msg/Obstacle.idl
[12.151s] -- Up-to-date: /home/dev/ws/src/dynamic-box/my_rosbag_reader/cluster_node/install/cluster_node/share/cluster_node/msg/ObstacleArray.idl
[12.151s] -- Up-to-date: /home/dev/ws/src/dynamic-box/my_rosbag_reader/cluster_node/install/cluster_node/share/cluster_node/msg/Obstacle.msg
[12.151s] -- Up-to-date: /home/dev/ws/src/dynamic-box/my_rosbag_reader/cluster_node/install/cluster_node/share/cluster_node/msg/ObstacleArray.msg
[12.151s] -- Installing: /home/dev/ws/src/dynamic-box/my_rosbag_reader/cluster_node/install/cluster_node/lib/cluster_node/cluster_cpp
[12.154s] -- Set runtime path of "/home/dev/ws/src/dynamic-box/my_rosbag_reader/cluster_node/install/cluster_node/lib/cluster_node/cluster_cpp" to ""
[12.154s] -- Up-to-date: /home/dev/ws/src/dynamic-box/my_rosbag_reader/cluster_node/install/cluster_node/share/ament_index/resource_index/package_run_dependencies/cluster_node
[12.154s] -- Up-to-date: /home/dev/ws/src/dynamic-box/my_rosbag_reader/cluster_node/install/cluster_node/share/ament_index/resource_index/parent_prefix_path/cluster_node
[12.155s] -- Up-to-date: /home/dev/ws/src/dynamic-box/my_rosbag_reader/cluster_node/install/cluster_node/share/cluster_node/environment/ament_prefix_path.sh
[12.155s] -- Up-to-date: /home/dev/ws/src/dynamic-box/my_rosbag_reader/cluster_node/install/cluster_node/share/cluster_node/environment/ament_prefix_path.dsv
[12.155s] -- Up-to-date: /home/dev/ws/src/dynamic-box/my_rosbag_reader/cluster_node/install/cluster_node/share/cluster_node/environment/path.sh
[12.155s] -- Up-to-date: /home/dev/ws/src/dynamic-box/my_rosbag_reader/cluster_node/install/cluster_node/share/cluster_node/environment/path.dsv
[12.155s] -- Up-to-date: /home/dev/ws/src/dynamic-box/my_rosbag_reader/cluster_node/install/cluster_node/share/cluster_node/local_setup.bash
[12.155s] -- Up-to-date: /home/dev/ws/src/dynamic-box/my_rosbag_reader/cluster_node/install/cluster_node/share/cluster_node/local_setup.sh
[12.155s] -- Up-to-date: /home/dev/ws/src/dynamic-box/my_rosbag_reader/cluster_node/install/cluster_node/share/cluster_node/local_setup.zsh
[12.155s] -- Up-to-date: /home/dev/ws/src/dynamic-box/my_rosbag_reader/cluster_node/install/cluster_node/share/cluster_node/local_setup.dsv
[12.155s] -- Installing: /home/dev/ws/src/dynamic-box/my_rosbag_reader/cluster_node/install/cluster_node/share/cluster_node/package.dsv
[12.155s] -- Up-to-date: /home/dev/ws/src/dynamic-box/my_rosbag_reader/cluster_node/install/cluster_node/share/ament_index/resource_index/packages/cluster_node
[12.156s] -- Up-to-date: /home/dev/ws/src/dynamic-box/my_rosbag_reader/cluster_node/install/cluster_node/share/cluster_node/cmake/export_cluster_node__rosidl_generator_cExport.cmake
[12.156s] -- Up-to-date: /home/dev/ws/src/dynamic-box/my_rosbag_reader/cluster_node/install/cluster_node/share/cluster_node/cmake/export_cluster_node__rosidl_generator_cExport-noconfig.cmake
[12.157s] -- Up-to-date: /home/dev/ws/src/dynamic-box/my_rosbag_reader/cluster_node/install/cluster_node/share/cluster_node/cmake/export_cluster_node__rosidl_typesupport_fastrtps_cExport.cmake
[12.157s] -- Up-to-date: /home/dev/ws/src/dynamic-box/my_rosbag_reader/cluster_node/install/cluster_node/share/cluster_node/cmake/export_cluster_node__rosidl_typesupport_fastrtps_cExport-noconfig.cmake
[12.158s] -- Up-to-date: /home/dev/ws/src/dynamic-box/my_rosbag_reader/cluster_node/install/cluster_node/share/cluster_node/cmake/export_cluster_node__rosidl_generator_cppExport.cmake
[12.158s] -- Up-to-date: /home/dev/ws/src/dynamic-box/my_rosbag_reader/cluster_node/install/cluster_node/share/cluster_node/cmake/export_cluster_node__rosidl_typesupport_fastrtps_cppExport.cmake
[12.158s] -- Up-to-date: /home/dev/ws/src/dynamic-box/my_rosbag_reader/cluster_node/install/cluster_node/share/cluster_node/cmake/export_cluster_node__rosidl_typesupport_fastrtps_cppExport-noconfig.cmake
[12.159s] -- Up-to-date: /home/dev/ws/src/dynamic-box/my_rosbag_reader/cluster_node/install/cluster_node/share/cluster_node/cmake/cluster_node__rosidl_typesupport_introspection_cExport.cmake
[12.159s] -- Up-to-date: /home/dev/ws/src/dynamic-box/my_rosbag_reader/cluster_node/install/cluster_node/share/cluster_node/cmake/cluster_node__rosidl_typesupport_introspection_cExport-noconfig.cmake
[12.160s] -- Up-to-date: /home/dev/ws/src/dynamic-box/my_rosbag_reader/cluster_node/install/cluster_node/share/cluster_node/cmake/cluster_node__rosidl_typesupport_cExport.cmake
[12.160s] -- Up-to-date: /home/dev/ws/src/dynamic-box/my_rosbag_reader/cluster_node/install/cluster_node/share/cluster_node/cmake/cluster_node__rosidl_typesupport_cExport-noconfig.cmake
[12.161s] -- Up-to-date: /home/dev/ws/src/dynamic-box/my_rosbag_reader/cluster_node/install/cluster_node/share/cluster_node/cmake/cluster_node__rosidl_typesupport_introspection_cppExport.cmake
[12.161s] -- Up-to-date: /home/dev/ws/src/dynamic-box/my_rosbag_reader/cluster_node/install/cluster_node/share/cluster_node/cmake/cluster_node__rosidl_typesupport_introspection_cppExport-noconfig.cmake
[12.161s] -- Up-to-date: /home/dev/ws/src/dynamic-box/my_rosbag_reader/cluster_node/install/cluster_node/share/cluster_node/cmake/cluster_node__rosidl_typesupport_cppExport.cmake
[12.161s] -- Up-to-date: /home/dev/ws/src/dynamic-box/my_rosbag_reader/cluster_node/install/cluster_node/share/cluster_node/cmake/cluster_node__rosidl_typesupport_cppExport-noconfig.cmake
[12.162s] -- Up-to-date: /home/dev/ws/src/dynamic-box/my_rosbag_reader/cluster_node/install/cluster_node/share/cluster_node/cmake/export_cluster_node__rosidl_generator_pyExport.cmake
[12.162s] -- Up-to-date: /home/dev/ws/src/dynamic-box/my_rosbag_reader/cluster_node/install/cluster_node/share/cluster_node/cmake/export_cluster_node__rosidl_generator_pyExport-noconfig.cmake
[12.162s] -- Up-to-date: /home/dev/ws/src/dynamic-box/my_rosbag_reader/cluster_node/install/cluster_node/share/cluster_node/cmake/rosidl_cmake-extras.cmake
[12.162s] -- Up-to-date: /home/dev/ws/src/dynamic-box/my_rosbag_reader/cluster_node/install/cluster_node/share/cluster_node/cmake/ament_cmake_export_dependencies-extras.cmake
[12.162s] -- Up-to-date: /home/dev/ws/src/dynamic-box/my_rosbag_reader/cluster_node/install/cluster_node/share/cluster_node/cmake/ament_cmake_export_include_directories-extras.cmake
[12.162s] -- Up-to-date: /home/dev/ws/src/dynamic-box/my_rosbag_reader/cluster_node/install/cluster_node/share/cluster_node/cmake/ament_cmake_export_libraries-extras.cmake
[12.162s] -- Up-to-date: /home/dev/ws/src/dynamic-box/my_rosbag_reader/cluster_node/install/cluster_node/share/cluster_node/cmake/ament_cmake_export_targets-extras.cmake
[12.162s] -- Up-to-date: /home/dev/ws/src/dynamic-box/my_rosbag_reader/cluster_node/install/cluster_node/share/cluster_node/cmake/rosidl_cmake_export_typesupport_targets-extras.cmake
[12.162s] -- Up-to-date: /home/dev/ws/src/dynamic-box/my_rosbag_reader/cluster_node/install/cluster_node/share/cluster_node/cmake/rosidl_cmake_export_typesupport_libraries-extras.cmake
[12.163s] -- Up-to-date: /home/dev/ws/src/dynamic-box/my_rosbag_reader/cluster_node/install/cluster_node/share/cluster_node/cmake/cluster_nodeConfig.cmake
[12.163s] -- Up-to-date: /home/dev/ws/src/dynamic-box/my_rosbag_reader/cluster_node/install/cluster_node/share/cluster_node/cmake/cluster_nodeConfig-version.cmake
[12.163s] -- Up-to-date: /home/dev/ws/src/dynamic-box/my_rosbag_reader/cluster_node/install/cluster_node/share/cluster_node/package.xml
[12.165s] Invoked command in '/home/dev/ws/src/dynamic-box/my_rosbag_reader/cluster_node/build/cluster_node' returned '0': CMAKE_PREFIX_PATH=${CMAKE_PREFIX_PATH}:/home/dev/ws/src/dynamic-box/my_rosbag_reader/install/my_rosbag_reader:/opt/ros/humble /usr/bin/cmake --install /home/dev/ws/src/dynamic-box/my_rosbag_reader/cluster_node/build/cluster_node
