-- The C compiler identification is GNU 11.4.0
-- The CXX compiler identification is GNU 11.4.0
-- Detecting C compiler ABI info
-- Detecting C compiler ABI info - done
-- Check for working C compiler: /usr/bin/cc - skipped
-- Detecting C compile features
-- Detecting C compile features - done
-- Detecting CXX compiler ABI info
-- Detecting CXX compiler ABI info - done
-- Check for working CXX compiler: /usr/bin/c++ - skipped
-- Detecting CXX compile features
-- Detecting CXX compile features - done
-- Found ament_cmake: 1.3.12 (/opt/ros/humble/share/ament_cmake/cmake)
-- Found Python3: /usr/bin/python3 (found version "3.10.12") found components: Interpreter 
-- Found rosidl_default_generators: 1.2.0 (/opt/ros/humble/share/rosidl_default_generators/cmake)
-- Using all available rosidl_typesupport_c: rosidl_typesupport_fastrtps_c;rosidl_typesupport_introspection_c
-- Found rosidl_adapter: 3.1.7 (/opt/ros/humble/share/rosidl_adapter/cmake)
-- Using all available rosidl_typesupport_cpp: rosidl_typesupport_fastrtps_cpp;rosidl_typesupport_introspection_cpp
-- Found std_msgs: 4.9.0 (/opt/ros/humble/share/std_msgs/cmake)
-- Found ament_cmake_ros: 0.10.0 (/opt/ros/humble/share/ament_cmake_ros/cmake)
-- Using all available rosidl_typesupport_c: rosidl_typesupport_fastrtps_c;rosidl_typesupport_introspection_c
-- Using all available rosidl_typesupport_cpp: rosidl_typesupport_fastrtps_cpp;rosidl_typesupport_introspection_cpp
-- Found PythonInterp: /usr/bin/python3 (found suitable version "3.10.12", minimum required is "3.6") 
-- Found python_cmake_module: 0.10.0 (/opt/ros/humble/share/python_cmake_module/cmake)
-- Found PythonLibs: /usr/lib/aarch64-linux-gnu/libpython3.10.so (found suitable version "3.10.12", minimum required is "3.5") 
-- Using PYTHON_EXECUTABLE: /usr/bin/python3
-- Using PYTHON_INCLUDE_DIRS: /usr/include/python3.10
-- Using PYTHON_LIBRARIES: /usr/lib/aarch64-linux-gnu/libpython3.10.so
-- Found PythonExtra: .so  
-- Found ament_lint_auto: 0.12.14 (/opt/ros/humble/share/ament_lint_auto/cmake)
-- Added test 'lint_cmake' to check CMake code style
-- Added test 'xmllint' to check XML markup files
-- Configuring done
-- Generating done
-- Build files have been written to: /home/dev/ws/src/dynamic-box/build/cev_msgs
[  1%] [34m[1mGenerating C code for ROS interfaces[0m
[  3%] [34m[1mGenerating C++ code for ROS interfaces[0m
[  3%] Built target ament_cmake_python_copy_cev_msgs
running egg_info
creating cev_msgs.egg-info
writing cev_msgs.egg-info/PKG-INFO
writing dependency_links to cev_msgs.egg-info/dependency_links.txt
writing top-level names to cev_msgs.egg-info/top_level.txt
writing manifest file 'cev_msgs.egg-info/SOURCES.txt'
reading manifest file 'cev_msgs.egg-info/SOURCES.txt'
writing manifest file 'cev_msgs.egg-info/SOURCES.txt'
[  3%] Built target ament_cmake_python_build_cev_msgs_egg
[  3%] Built target cev_msgs__cpp
[  7%] [34m[1mGenerating C++ type support for eProsima Fast-RTPS[0m
[  7%] [34m[1mGenerating C++ type support dispatch for ROS interfaces[0m
[  7%] [34m[1mGenerating C++ introspection for ROS interfaces[0m
[ 15%] [32mBuilding C object CMakeFiles/cev_msgs__rosidl_generator_c.dir/rosidl_generator_c/cev_msgs/msg/detail/waypoint__functions.c.o[0m
[ 15%] [32mBuilding C object CMakeFiles/cev_msgs__rosidl_generator_c.dir/rosidl_generator_c/cev_msgs/msg/detail/obstacles__functions.c.o[0m
[ 15%] [32mBuilding C object CMakeFiles/cev_msgs__rosidl_generator_c.dir/rosidl_generator_c/cev_msgs/msg/detail/sensor_collect__functions.c.o[0m
[ 15%] [32mBuilding C object CMakeFiles/cev_msgs__rosidl_generator_c.dir/rosidl_generator_c/cev_msgs/msg/detail/trajectory__functions.c.o[0m
[ 15%] [32mBuilding C object CMakeFiles/cev_msgs__rosidl_generator_c.dir/rosidl_generator_c/cev_msgs/msg/detail/obstacle__functions.c.o[0m
[ 17%] [32m[1mLinking C shared library libcev_msgs__rosidl_generator_c.so[0m
[ 17%] Built target cev_msgs__rosidl_generator_c
[ 22%] [34m[1mGenerating C type support for eProsima Fast-RTPS[0m
[ 22%] [34m[1mGenerating C introspection for ROS interfaces[0m
[ 22%] [34m[1mGenerating C type support dispatch for ROS interfaces[0m
[ 26%] [32mBuilding CXX object CMakeFiles/cev_msgs__rosidl_typesupport_cpp.dir/rosidl_typesupport_cpp/cev_msgs/msg/waypoint__type_support.cpp.o[0m
[ 26%] [32mBuilding CXX object CMakeFiles/cev_msgs__rosidl_typesupport_cpp.dir/rosidl_typesupport_cpp/cev_msgs/msg/trajectory__type_support.cpp.o[0m
[ 30%] [32mBuilding CXX object CMakeFiles/cev_msgs__rosidl_typesupport_cpp.dir/rosidl_typesupport_cpp/cev_msgs/msg/sensor_collect__type_support.cpp.o[0m
[ 30%] [32mBuilding CXX object CMakeFiles/cev_msgs__rosidl_typesupport_cpp.dir/rosidl_typesupport_cpp/cev_msgs/msg/obstacles__type_support.cpp.o[0m
[ 30%] [32mBuilding CXX object CMakeFiles/cev_msgs__rosidl_typesupport_cpp.dir/rosidl_typesupport_cpp/cev_msgs/msg/obstacle__type_support.cpp.o[0m
