[0.011s] Invoking command in '/home/dev/ws/src/dynamic-box/build/cev_msgs': CMAKE_PREFIX_PATH=/opt/ros/humble /usr/bin/cmake /home/dev/ws/src/dynamic-box/cev_msgs -DCMAKE_INSTALL_PREFIX=/home/dev/ws/src/dynamic-box/install/cev_msgs
[0.112s] -- The C compiler identification is GNU 11.4.0
[0.180s] -- The CXX compiler identification is GNU 11.4.0
[0.188s] -- Detecting C compiler ABI info
[0.242s] -- Detecting C compiler ABI info - done
[0.247s] -- Check for working C compiler: /usr/bin/cc - skipped
[0.248s] -- Detecting C compile features
[0.249s] -- Detecting C compile features - done
[0.252s] -- Detecting CXX compiler ABI info
[0.320s] -- Detecting CXX compiler ABI info - done
[0.326s] -- Check for working CXX compiler: /usr/bin/c++ - skipped
[0.326s] -- Detecting CXX compile features
[0.327s] -- Detecting CXX compile features - done
[0.331s] -- Found ament_cmake: 1.3.12 (/opt/ros/humble/share/ament_cmake/cmake)
[0.392s] -- Found Python3: /usr/bin/python3 (found version "3.10.12") found components: Interpreter 
[0.449s] -- Found rosidl_default_generators: 1.2.0 (/opt/ros/humble/share/rosidl_default_generators/cmake)
[0.452s] -- Using all available rosidl_typesupport_c: rosidl_typesupport_fastrtps_c;rosidl_typesupport_introspection_c
[0.456s] -- Found rosidl_adapter: 3.1.7 (/opt/ros/humble/share/rosidl_adapter/cmake)
[0.479s] -- Using all available rosidl_typesupport_cpp: rosidl_typesupport_fastrtps_cpp;rosidl_typesupport_introspection_cpp
[0.501s] -- Found std_msgs: 4.9.0 (/opt/ros/humble/share/std_msgs/cmake)
[0.672s] -- Found ament_cmake_ros: 0.10.0 (/opt/ros/humble/share/ament_cmake_ros/cmake)
[0.803s] -- Using all available rosidl_typesupport_c: rosidl_typesupport_fastrtps_c;rosidl_typesupport_introspection_c
[0.970s] -- Using all available rosidl_typesupport_cpp: rosidl_typesupport_fastrtps_cpp;rosidl_typesupport_introspection_cpp
[0.978s] -- Found PythonInterp: /usr/bin/python3 (found suitable version "3.10.12", minimum required is "3.6") 
[0.978s] -- Found python_cmake_module: 0.10.0 (/opt/ros/humble/share/python_cmake_module/cmake)
[0.989s] -- Found PythonLibs: /usr/lib/aarch64-linux-gnu/libpython3.10.so (found suitable version "3.10.12", minimum required is "3.5") 
[0.989s] -- Using PYTHON_EXECUTABLE: /usr/bin/python3
[0.989s] -- Using PYTHON_INCLUDE_DIRS: /usr/include/python3.10
[0.989s] -- Using PYTHON_LIBRARIES: /usr/lib/aarch64-linux-gnu/libpython3.10.so
[0.997s] -- Found PythonExtra: .so  
[1.033s] -- Found ament_lint_auto: 0.12.14 (/opt/ros/humble/share/ament_lint_auto/cmake)
[1.087s] -- Added test 'lint_cmake' to check CMake code style
[1.110s] -- Added test 'xmllint' to check XML markup files
[1.124s] -- Configuring done
[1.245s] -- Generating done
[1.278s] -- Build files have been written to: /home/dev/ws/src/dynamic-box/build/cev_msgs
[1.279s] Invoked command in '/home/dev/ws/src/dynamic-box/build/cev_msgs' returned '0': CMAKE_PREFIX_PATH=/opt/ros/humble /usr/bin/cmake /home/dev/ws/src/dynamic-box/cev_msgs -DCMAKE_INSTALL_PREFIX=/home/dev/ws/src/dynamic-box/install/cev_msgs
[1.280s] Invoking command in '/home/dev/ws/src/dynamic-box/build/cev_msgs': CMAKE_PREFIX_PATH=/opt/ros/humble /usr/bin/cmake --build /home/dev/ws/src/dynamic-box/build/cev_msgs -- -j10 -l10
[1.302s] [  1%] [34m[1mGenerating C code for ROS interfaces[0m
[1.309s] [  3%] [34m[1mGenerating C++ code for ROS interfaces[0m
[1.312s] [  3%] Built target ament_cmake_python_copy_cev_msgs
[1.401s] running egg_info
[1.401s] creating cev_msgs.egg-info
[1.402s] writing cev_msgs.egg-info/PKG-INFO
[1.404s] writing dependency_links to cev_msgs.egg-info/dependency_links.txt
[1.405s] writing top-level names to cev_msgs.egg-info/top_level.txt
[1.405s] writing manifest file 'cev_msgs.egg-info/SOURCES.txt'
[1.409s] reading manifest file 'cev_msgs.egg-info/SOURCES.txt'
[1.411s] writing manifest file 'cev_msgs.egg-info/SOURCES.txt'
[1.426s] [  3%] Built target ament_cmake_python_build_cev_msgs_egg
[1.619s] [  3%] Built target cev_msgs__cpp
[1.639s] [  7%] [34m[1mGenerating C++ type support for eProsima Fast-RTPS[0m
[1.639s] [  7%] [34m[1mGenerating C++ type support dispatch for ROS interfaces[0m
[1.640s] [  7%] [34m[1mGenerating C++ introspection for ROS interfaces[0m
[1.658s] [ 15%] [32mBuilding C object CMakeFiles/cev_msgs__rosidl_generator_c.dir/rosidl_generator_c/cev_msgs/msg/detail/waypoint__functions.c.o[0m
[1.658s] [ 15%] [32mBuilding C object CMakeFiles/cev_msgs__rosidl_generator_c.dir/rosidl_generator_c/cev_msgs/msg/detail/obstacles__functions.c.o[0m
[1.659s] [ 15%] [32mBuilding C object CMakeFiles/cev_msgs__rosidl_generator_c.dir/rosidl_generator_c/cev_msgs/msg/detail/sensor_collect__functions.c.o[0m
[1.660s] [ 15%] [32mBuilding C object CMakeFiles/cev_msgs__rosidl_generator_c.dir/rosidl_generator_c/cev_msgs/msg/detail/trajectory__functions.c.o[0m
[1.661s] [ 15%] [32mBuilding C object CMakeFiles/cev_msgs__rosidl_generator_c.dir/rosidl_generator_c/cev_msgs/msg/detail/obstacle__functions.c.o[0m
[1.730s] [ 17%] [32m[1mLinking C shared library libcev_msgs__rosidl_generator_c.so[0m
[1.764s] [ 17%] Built target cev_msgs__rosidl_generator_c
[1.772s] [ 22%] [34m[1mGenerating C type support for eProsima Fast-RTPS[0m
[1.773s] [ 22%] [34m[1mGenerating C introspection for ROS interfaces[0m
[1.775s] [ 22%] [34m[1mGenerating C type support dispatch for ROS interfaces[0m
[1.877s] [ 26%] [32mBuilding CXX object CMakeFiles/cev_msgs__rosidl_typesupport_cpp.dir/rosidl_typesupport_cpp/cev_msgs/msg/waypoint__type_support.cpp.o[0m
[1.879s] [ 26%] [32mBuilding CXX object CMakeFiles/cev_msgs__rosidl_typesupport_cpp.dir/rosidl_typesupport_cpp/cev_msgs/msg/trajectory__type_support.cpp.o[0m
[1.880s] [ 30%] [32mBuilding CXX object CMakeFiles/cev_msgs__rosidl_typesupport_cpp.dir/rosidl_typesupport_cpp/cev_msgs/msg/sensor_collect__type_support.cpp.o[0m
[1.881s] [ 30%] [32mBuilding CXX object CMakeFiles/cev_msgs__rosidl_typesupport_cpp.dir/rosidl_typesupport_cpp/cev_msgs/msg/obstacles__type_support.cpp.o[0m
[1.886s] [ 30%] [32mBuilding CXX object CMakeFiles/cev_msgs__rosidl_typesupport_cpp.dir/rosidl_typesupport_cpp/cev_msgs/msg/obstacle__type_support.cpp.o[0m
[1.906s] Traceback (most recent call last):
[1.906s] Traceback (most recent call last):
[1.906s]   File "/opt/ros/humble/lib/rosidl_typesupport_c/rosidl_typesupport_c", line 28, in <module>
[1.906s]   File "/opt/ros/humble/lib/rosidl_typesupport_fastrtps_c/rosidl_typesupport_fastrtps_c", line 33, in <module>
[1.907s] Traceback (most recent call last):
[1.907s]   File "/opt/ros/humble/lib/rosidl_typesupport_fastrtps_cpp/rosidl_typesupport_fastrtps_cpp", line 23, in <module>
[1.908s]     sys.exit(main())
[1.908s]     sys.exit(main())
[1.908s]     sys.exit(main())
[1.909s]   File "/opt/ros/humble/lib/rosidl_typesupport_fastrtps_c/rosidl_typesupport_fastrtps_c", line 29, in main
[1.909s]   File "/opt/ros/humble/lib/rosidl_typesupport_c/rosidl_typesupport_c", line 24, in main
[1.909s]   File "/opt/ros/humble/lib/rosidl_typesupport_fastrtps_cpp/rosidl_typesupport_fastrtps_cpp", line 19, in main
[1.909s]     generate_typesupport_fastrtps_c(args.generator_arguments_file)
[1.909s]     generate_c(args.generator_arguments_file, args.typesupports)
[1.910s]   File "/opt/ros/humble/local/lib/python3.10/dist-packages/rosidl_typesupport_fastrtps_c/__init__.py", line 24, in generate_typesupport_fastrtps_c
[1.910s]   File "/opt/ros/humble/local/lib/python3.10/dist-packages/rosidl_typesupport_c/__init__.py", line 28, in generate_c
[1.910s]     generate_cpp(args.generator_arguments_file)
[1.911s]   File "/opt/ros/humble/local/lib/python3.10/dist-packages/rosidl_typesupport_fastrtps_cpp/__init__.py", line 24, in generate_cpp
[1.911s]     return generate_files(generator_arguments_file, mapping)
[1.911s]     return generate_files(
[1.912s]   File "/opt/ros/humble/local/lib/python3.10/dist-packages/rosidl_cmake/__init__.py", line 74, in generate_files
[1.912s]   File "/opt/ros/humble/local/lib/python3.10/dist-packages/rosidl_cmake/__init__.py", line 74, in generate_files
[1.912s]     return generate_files(generator_arguments_file, mapping)
[1.912s]   File "/opt/ros/humble/local/lib/python3.10/dist-packages/rosidl_cmake/__init__.py", line 87, in generate_files
[1.912s]     idl_file = parse_idl_file(locator)
[1.912s]   File "/opt/ros/humble/local/lib/python3.10/dist-packages/rosidl_parser/parser.py", line 64, in parse_idl_file
[1.913s]     expand_template(
[1.913s]     content = parse_idl_string(string, png_file=png_file)
[1.913s]   File "/opt/ros/humble/local/lib/python3.10/dist-packages/rosidl_cmake/__init__.py", line 149, in expand_template
[1.913s]   File "/opt/ros/humble/local/lib/python3.10/dist-packages/rosidl_parser/parser.py", line 72, in parse_idl_string
[1.913s]     tree = get_ast_from_idl_string(idl_string)
[1.913s]   File "/opt/ros/humble/local/lib/python3.10/dist-packages/rosidl_parser/parser.py", line 89, in get_ast_from_idl_string
[1.913s]     interpreter.string(template_content, template_path, locals=data)
[1.914s]   File "/usr/lib/python3/dist-packages/em.py", line 2391, in string
[1.914s]     return _parser.parse(idl_string)
[1.914s]   File "/usr/lib/python3/dist-packages/lark/lark.py", line 619, in parse
[1.914s] gmake[2]: *** Deleting file 'rosidl_typesupport_introspection_cpp/cev_msgs/msg/detail/sensor_collect__type_support.cpp'
[1.914s] Traceback (most recent call last):
[1.914s]   File "/opt/ros/humble/lib/rosidl_typesupport_introspection_c/rosidl_typesupport_introspection_c", line 31, in <module>
[1.915s]     sys.exit(main())
[1.915s]   File "/opt/ros/humble/lib/rosidl_typesupport_introspection_c/rosidl_typesupport_introspection_c", line 27, in main
[1.915s]     generate_c(args.generator_arguments_file)
[1.915s]   File "/opt/ros/humble/local/lib/python3.10/dist-packages/rosidl_typesupport_introspection_c/__init__.py", line 31, in generate_c
[1.916s]     return generate_files(generator_arguments_file, mapping)
[1.916s]   File "/opt/ros/humble/local/lib/python3.10/dist-packages/rosidl_cmake/__init__.py", line 87, in generate_files
[1.916s]     expand_template(
[1.916s]   File "/opt/ros/humble/local/lib/python3.10/dist-packages/rosidl_cmake/__init__.py", line 149, in expand_template
[1.916s] gmake[2]: *** Deleting file 'rosidl_typesupport_fastrtps_c/cev_msgs/msg/detail/waypoint__rosidl_typesupport_fastrtps_c.h'
[1.916s]     interpreter.string(template_content, template_path, locals=data)
[1.917s]   File "/usr/lib/python3/dist-packages/em.py", line 2391, in string
[1.917s] gmake[2]: *** Deleting file 'rosidl_typesupport_fastrtps_cpp/cev_msgs/msg/detail/dds_fastrtps/waypoint__type_support.cpp'
[1.917s] gmake[2]: *** Deleting file 'rosidl_typesupport_c/cev_msgs/msg/waypoint__type_support.cpp'
[1.917s] gmake[2]: *** Deleting file 'rosidl_typesupport_introspection_c/cev_msgs/msg/detail/waypoint__rosidl_typesupport_introspection_c.h'
[1.917s] gmake[1]: *** [CMakeFiles/Makefile2:368: CMakeFiles/cev_msgs__rosidl_typesupport_introspection_cpp.dir/all] Interrupt
[1.917s]     return self.parser.parse(text, start=start, on_error=on_error)
[1.917s]   File "/usr/lib/python3/dist-packages/lark/parser_frontends.py", line 99, in parse
[1.918s]     self.safe(scanner, True, locals)
[1.918s]   File "/usr/lib/python3/dist-packages/em.py", line 2401, in safe
[1.918s]     idl_file = parse_idl_file(locator)
[1.918s]   File "/opt/ros/humble/local/lib/python3.10/dist-packages/rosidl_parser/parser.py", line 64, in parse_idl_file
[1.918s]     content = parse_idl_string(string, png_file=png_file)
[1.919s]   File "/opt/ros/humble/local/lib/python3.10/dist-packages/rosidl_parser/parser.py", line 72, in parse_idl_string
[1.919s]     tree = get_ast_from_idl_string(idl_string)
[1.920s]   File "/opt/ros/humble/local/lib/python3.10/dist-packages/rosidl_parser/parser.py", line 89, in get_ast_from_idl_string
[1.920s] gmake[2]: *** [CMakeFiles/cev_msgs__rosidl_typesupport_cpp.dir/build.make:134: CMakeFiles/cev_msgs__rosidl_typesupport_cpp.dir/rosidl_typesupport_cpp/cev_msgs/msg/waypoint__type_support.cpp.o] Interrupt
[1.920s] gmake[2]: *** [CMakeFiles/cev_msgs__rosidl_typesupport_cpp.dir/build.make:162: CMakeFiles/cev_msgs__rosidl_typesupport_cpp.dir/rosidl_typesupport_cpp/cev_msgs/msg/trajectory__type_support.cpp.o] Interrupt
[1.921s] gmake[2]: *** [CMakeFiles/cev_msgs__rosidl_typesupport_cpp.dir/build.make:148: CMakeFiles/cev_msgs__rosidl_typesupport_cpp.dir/rosidl_typesupport_cpp/cev_msgs/msg/sensor_collect__type_support.cpp.o] Interrupt
[1.921s]     return _parser.parse(idl_string)
[1.921s] gmake[2]: *** [CMakeFiles/cev_msgs__rosidl_typesupport_cpp.dir/build.make:190: CMakeFiles/cev_msgs__rosidl_typesupport_cpp.dir/rosidl_typesupport_cpp/cev_msgs/msg/obstacles__type_support.cpp.o] Interrupt
[1.922s]   File "/usr/lib/python3/dist-packages/lark/lark.py", line 619, in parse
[1.922s]     return self.parser.parse(stream, chosen_start, **kw)
[1.922s] gmake[2]: *** [CMakeFiles/cev_msgs__rosidl_typesupport_cpp.dir/build.make:176: CMakeFiles/cev_msgs__rosidl_typesupport_cpp.dir/rosidl_typesupport_cpp/cev_msgs/msg/obstacle__type_support.cpp.o] Interrupt
[1.922s]   File "/usr/lib/python3/dist-packages/lark/parsers/earley.py", line 266, in parse
[1.923s]     self.parse(scanner, locals)
[1.923s]   File "/usr/lib/python3/dist-packages/em.py", line 2421, in parse
[1.923s]     self.safe(scanner, True, locals)
[1.923s]   File "/usr/lib/python3/dist-packages/em.py", line 2401, in safe
[1.923s]     return self.parser.parse(text, start=start, on_error=on_error)
[1.924s]   File "/usr/lib/python3/dist-packages/lark/parser_frontends.py", line 99, in parse
[1.924s]     return self.parser.parse(stream, chosen_start, **kw)
[1.924s]   File "/usr/lib/python3/dist-packages/lark/parsers/earley.py", line 266, in parse
[1.924s]     self.parse(scanner, locals)
[1.925s]     token.run(self, locals)
[1.925s]   File "/usr/lib/python3/dist-packages/em.py", line 2421, in parse
[1.925s]   File "/usr/lib/python3/dist-packages/em.py", line 1425, in run
[1.925s] gmake[1]: *** [CMakeFiles/Makefile2:395: CMakeFiles/cev_msgs__rosidl_typesupport_cpp.dir/all] Interrupt
[1.925s]     interpreter.execute(self.code, locals)
[1.925s]   File "/usr/lib/python3/dist-packages/em.py", line 2596, in execute
[1.926s]     to_scan = self._parse(lexer, columns, to_scan, start_symbol)
[1.927s]     to_scan = self._parse(lexer, columns, to_scan, start_symbol)
[1.927s]   File "/usr/lib/python3/dist-packages/lark/parsers/xearley.py", line 153, in _parse
[1.927s]   File "/usr/lib/python3/dist-packages/lark/parsers/xearley.py", line 146, in _parse
[1.928s]     token.run(self, locals)
[1.928s]   File "/usr/lib/python3/dist-packages/em.py", line 1547, in run
[1.929s]     self.subrun(info[0][1], interpreter, locals)
[1.929s]   File "/usr/lib/python3/dist-packages/em.py", line 1631, in subrun
[1.929s]     _exec(statements, self.globals, locals)
[1.930s]   File "<string>", line 10, in <module>
[1.930s]     to_scan = scan(i, to_scan)
[1.930s]   File "/usr/lib/python3/dist-packages/lark/parsers/xearley.py", line 76, in scan
[1.931s]     i += 1
[1.931s] KeyboardInterrupt
[1.931s]     token.run(interpreter, locals)
[1.931s]     m = match(x, stream, i)
[1.931s]   File "/usr/lib/python3/dist-packages/lark/parser_frontends.py", line 179, in match
[1.932s]   File "/usr/lib/python3/dist-packages/em.py", line 1425, in run
[1.932s]   File "/opt/ros/humble/local/lib/python3.10/dist-packages/rosidl_cmake/__init__.py", line 198, in _expand_template
[1.932s]     return self.regexps[term.name].match(text, index)
[1.932s] KeyboardInterrupt
[1.933s]     interpreter.string(content, str(template_path), kwargs)
[1.933s]   File "/usr/lib/python3/dist-packages/em.py", line 2391, in string
[1.933s]     interpreter.execute(self.code, locals)
[1.934s]   File "/usr/lib/python3/dist-packages/em.py", line 2596, in execute
[1.934s]     self.safe(scanner, True, locals)
[1.934s]   File "/usr/lib/python3/dist-packages/em.py", line 2401, in safe
[1.934s]     _exec(statements, self.globals, locals)
[1.934s]   File "<string>", line 2, in <module>
[1.935s]   File "/opt/ros/humble/local/lib/python3.10/dist-packages/rosidl_cmake/__init__.py", line 198, in _expand_template
[1.935s]     interpreter.string(content, str(template_path), kwargs)
[1.935s]   File "/usr/lib/python3/dist-packages/em.py", line 2391, in string
[1.935s]     self.parse(scanner, locals)
[1.935s]   File "/usr/lib/python3/dist-packages/em.py", line 2417, in parse
[1.935s]     self.safe(scanner, True, locals)
[1.935s]   File "/usr/lib/python3/dist-packages/em.py", line 2401, in safe
[1.935s]     token = scanner.one()
[1.935s]   File "/usr/lib/python3/dist-packages/em.py", line 1984, in one
[1.935s]     self.parse(scanner, locals)
[1.935s]   File "/usr/lib/python3/dist-packages/em.py", line 2417, in parse
[1.936s]     token.scan(self)
[1.936s]   File "/usr/lib/python3/dist-packages/em.py", line 1311, in scan
[1.936s]     q = scanner.next('$', 0, z, True)
[1.936s]   File "/usr/lib/python3/dist-packages/em.py", line 1818, in next
[1.936s]     token = scanner.one()
[1.936s]   File "/usr/lib/python3/dist-packages/em.py", line 1984, in one
[1.936s]     newQuote = self.check(i, quote)
[1.936s]   File "/usr/lib/python3/dist-packages/em.py", line 1762, in check
[1.936s]     token.scan(self)
[1.937s]   File "/usr/lib/python3/dist-packages/em.py", line 1468, in scan
[1.937s]     def check(self, i, archetype=None):
[1.937s] KeyboardInterrupt
[1.937s]     self.subscan(scanner, self.type)
[1.937s]   File "/usr/lib/python3/dist-packages/em.py", line 1483, in subscan
[1.937s]     token = scanner.one()
[1.937s]   File "/usr/lib/python3/dist-packages/em.py", line 1984, in one
[1.937s]     token.scan(self)
[1.937s]   File "/usr/lib/python3/dist-packages/em.py", line 1468, in scan
[1.937s]     self.subscan(scanner, self.type)
[1.938s]   File "/usr/lib/python3/dist-packages/em.py", line 1483, in subscan
[1.938s]     token = scanner.one()
[1.938s]   File "/usr/lib/python3/dist-packages/em.py", line 1984, in one
[1.938s]     token.scan(self)
[1.938s]   File "/usr/lib/python3/dist-packages/em.py", line 1456, in scan
[1.938s]     i = scanner.complex('[', ']', 0)
[1.938s]   File "/usr/lib/python3/dist-packages/em.py", line 1893, in complex
[1.938s]     newQuote = self.check(i, quote)
[1.939s]   File "/usr/lib/python3/dist-packages/em.py", line 1762, in check
[1.939s]     def check(self, i, archetype=None):
[1.939s] KeyboardInterrupt
[1.939s] Exception ignored in: <function Interpreter.__del__ at 0xffffa8ad6f80>
[1.939s] Traceback (most recent call last):
[1.939s]   File "/usr/lib/python3/dist-packages/em.py", line 2094, in __del__
[1.940s]   File "/usr/lib/python3/dist-packages/em.py", line 2157, in shutdown
[1.940s]   File "/usr/lib/python3/dist-packages/em.py", line 2647, in finalize
[1.940s]   File "/usr/lib/python3/dist-packages/em.py", line 2200, in push
[1.940s] AttributeError: '_io.TextIOWrapper' object has no attribute 'push'
[1.940s] Exception ignored in: <function Interpreter.__del__ at 0xffff94f96ef0>
[1.940s] Traceback (most recent call last):
[1.940s]   File "/usr/lib/python3/dist-packages/em.py", line 2094, in __del__
[1.940s]   File "/usr/lib/python3/dist-packages/em.py", line 2157, in shutdown
[1.940s]   File "/usr/lib/python3/dist-packages/em.py", line 2647, in finalize
[1.941s]   File "/usr/lib/python3/dist-packages/em.py", line 2200, in push
[1.941s] AttributeError: '_io.TextIOWrapper' object has no attribute 'push'
[1.941s] gmake[2]: *** [CMakeFiles/cev_msgs__rosidl_typesupport_fastrtps_c.dir/build.make:118: rosidl_typesupport_fastrtps_c/cev_msgs/msg/detail/waypoint__rosidl_typesupport_fastrtps_c.h] Interrupt
[1.941s] gmake[1]: *** [CMakeFiles/Makefile2:238: CMakeFiles/cev_msgs__rosidl_typesupport_fastrtps_c.dir/all] Interrupt
[1.941s] gmake[2]: *** [CMakeFiles/cev_msgs__rosidl_typesupport_fastrtps_cpp.dir/build.make:118: rosidl_typesupport_fastrtps_cpp/cev_msgs/msg/detail/dds_fastrtps/waypoint__type_support.cpp] Interrupt
[1.941s] gmake[1]: *** [CMakeFiles/Makefile2:342: CMakeFiles/cev_msgs__rosidl_typesupport_fastrtps_cpp.dir/all] Interrupt
[1.942s] gmake[2]: *** [CMakeFiles/cev_msgs__rosidl_typesupport_introspection_c.dir/build.make:118: rosidl_typesupport_introspection_c/cev_msgs/msg/detail/waypoint__rosidl_typesupport_introspection_c.h] Interrupt
[1.942s] gmake[1]: *** [CMakeFiles/Makefile2:264: CMakeFiles/cev_msgs__rosidl_typesupport_introspection_c.dir/all] Interrupt
[1.942s] gmake[2]: *** [CMakeFiles/cev_msgs__rosidl_typesupport_c.dir/build.make:116: rosidl_typesupport_c/cev_msgs/msg/waypoint__type_support.cpp] Interrupt
[1.942s] gmake[1]: *** [CMakeFiles/Makefile2:290: CMakeFiles/cev_msgs__rosidl_typesupport_c.dir/all] Interrupt
[1.942s] gmake: *** [Makefile:146: all] Interrupt
[1.942s] Invoked command in '/home/dev/ws/src/dynamic-box/build/cev_msgs' returned '-2': CMAKE_PREFIX_PATH=/opt/ros/humble /usr/bin/cmake --build /home/dev/ws/src/dynamic-box/build/cev_msgs -- -j10 -l10
