[0.012s] Invoking command in '/home/dev/ws/src/dynamic-box/my_rosbag_reader/cluster_node/build/cluster_node': CMAKE_PREFIX_PATH=${CMAKE_PREFIX_PATH}:/home/dev/ws/src/dynamic-box/my_rosbag_reader/install/my_rosbag_reader:/opt/ros/humble /usr/bin/cmake --build /home/dev/ws/src/dynamic-box/my_rosbag_reader/cluster_node/build/cluster_node -- -j22 -l22
[0.046s] [  2%] Built target cluster_node__cpp
[0.047s] [ 12%] Built target cluster_node__rosidl_generator_c
[0.053s] [ 12%] Built target ament_cmake_python_copy_cluster_node
[0.065s] [ 26%] Built target cluster_node__rosidl_typesupport_introspection_cpp
[0.065s] [ 31%] Built target cluster_node__rosidl_typesupport_fastrtps_cpp
[0.065s] [ 41%] Built target cluster_node__rosidl_typesupport_fastrtps_c
[0.065s] [ 51%] Built target cluster_node__rosidl_typesupport_c
[0.066s] [ 60%] Built target cluster_node__rosidl_typesupport_cpp
[0.066s] [ 70%] Built target cluster_node__rosidl_typesupport_introspection_c
[0.077s] [ 70%] Built target cluster_node
[0.087s] [35m[1mConsolidate compiler generated dependencies of target cluster_cpp[0m
[0.088s] [ 73%] Built target cluster_node__py
[0.102s] [ 80%] Built target cluster_node__rosidl_generator_py
[0.105s] [ 82%] [32mBuilding CXX object CMakeFiles/cluster_cpp.dir/src/cluster_node.cpp.o[0m
[0.118s] [ 92%] Built target cluster_node__rosidl_typesupport_c__pyext
[0.118s] [ 92%] Built target cluster_node__rosidl_typesupport_fastrtps_c__pyext
[0.118s] [ 97%] Built target cluster_node__rosidl_typesupport_introspection_c__pyext
[0.175s] running egg_info
[0.182s] writing cluster_node.egg-info/PKG-INFO
[0.182s] writing dependency_links to cluster_node.egg-info/dependency_links.txt
[0.182s] writing top-level names to cluster_node.egg-info/top_level.txt
[0.200s] reading manifest file 'cluster_node.egg-info/SOURCES.txt'
[0.201s] writing manifest file 'cluster_node.egg-info/SOURCES.txt'
[0.219s] [ 97%] Built target ament_cmake_python_build_cluster_node_egg
[4.551s] [01m[K/home/dev/ws/src/dynamic-box/my_rosbag_reader/cluster_node/src/cluster_node.cpp:[m[K In member function ‘[01m[Kvoid ClusterNode::listenerCallback(sensor_msgs::msg::PointCloud2_<std::allocator<void> >::SharedPtr)[m[K’:
[4.551s] [01m[K/home/dev/ws/src/dynamic-box/my_rosbag_reader/cluster_node/src/cluster_node.cpp:48:25:[m[K [01;31m[Kerror: [m[Kconflicting declaration ‘[01m[KEigen::MatrixXd cloud[m[K’
[4.551s]    48 |         Eigen::MatrixXd [01;31m[Kcloud[m[K(points.size(), 4);
[4.551s]       |                         [01;31m[K^~~~~[m[K
[4.551s] [01m[K/home/dev/ws/src/dynamic-box/my_rosbag_reader/cluster_node/src/cluster_node.cpp:33:38:[m[K [01;36m[Knote: [m[Kprevious declaration as ‘[01m[Kstd::vector<Eigen::Matrix<double, 3, 1> > cloud[m[K’
[4.552s]    33 |         std::vector<Eigen::Vector3d> [01;36m[Kcloud[m[K;
[4.552s]       |                                      [01;36m[K^~~~~[m[K
[4.552s] [01m[K/home/dev/ws/src/dynamic-box/my_rosbag_reader/cluster_node/src/cluster_node.cpp:51:18:[m[K [01;31m[Kerror: [m[Kno match for call to ‘[01m[K(std::vector<Eigen::Matrix<double, 3, 1> >) (size_t&, int)[m[K’
[4.552s]    51 |             [01;31m[Kcloud(i, 0)[m[K = points ;  // x
[4.552s]       |             [01;31m[K~~~~~^~~~~~[m[K
[4.552s] [01m[K/home/dev/ws/src/dynamic-box/my_rosbag_reader/cluster_node/src/cluster_node.cpp:52:18:[m[K [01;31m[Kerror: [m[Kno match for call to ‘[01m[K(std::vector<Eigen::Matrix<double, 3, 1> >) (size_t&, int)[m[K’
[4.552s]    52 |             [01;31m[Kcloud(i, 1)[m[K = points ;  // y
[4.552s]       |             [01;31m[K~~~~~^~~~~~[m[K
[4.552s] [01m[K/home/dev/ws/src/dynamic-box/my_rosbag_reader/cluster_node/src/cluster_node.cpp:53:18:[m[K [01;31m[Kerror: [m[Kno match for call to ‘[01m[K(std::vector<Eigen::Matrix<double, 3, 1> >) (size_t&, int)[m[K’
[4.552s]    53 |             [01;31m[Kcloud(i, 2)[m[K = points ;  // z
[4.552s]       |             [01;31m[K~~~~~^~~~~~[m[K
[4.552s] [01m[K/home/dev/ws/src/dynamic-box/my_rosbag_reader/cluster_node/src/cluster_node.cpp:54:18:[m[K [01;31m[Kerror: [m[Kno match for call to ‘[01m[K(std::vector<Eigen::Matrix<double, 3, 1> >) (size_t&, int)[m[K’
[4.552s]    54 |             [01;31m[Kcloud(i, 3)[m[K = points ;  // duplicate z (like Python’s cloud[:,2])
[4.552s]       |             [01;31m[K~~~~~^~~~~~[m[K
[7.428s] gmake[2]: *** [CMakeFiles/cluster_cpp.dir/build.make:76: CMakeFiles/cluster_cpp.dir/src/cluster_node.cpp.o] Error 1
[7.428s] gmake[1]: *** [CMakeFiles/Makefile2:594: CMakeFiles/cluster_cpp.dir/all] Error 2
[7.428s] gmake: *** [Makefile:146: all] Error 2
[7.431s] Invoked command in '/home/dev/ws/src/dynamic-box/my_rosbag_reader/cluster_node/build/cluster_node' returned '2': CMAKE_PREFIX_PATH=${CMAKE_PREFIX_PATH}:/home/dev/ws/src/dynamic-box/my_rosbag_reader/install/my_rosbag_reader:/opt/ros/humble /usr/bin/cmake --build /home/dev/ws/src/dynamic-box/my_rosbag_reader/cluster_node/build/cluster_node -- -j22 -l22
