[0.010s] Invoking command in '/home/dev/ws/src/dynamic-box/my_rosbag_reader/cluster_node/build/cluster_node': CMAKE_PREFIX_PATH=${CMAKE_PREFIX_PATH}:/home/dev/ws/src/dynamic-box/my_rosbag_reader/install/my_rosbag_reader:/opt/ros/humble /usr/bin/cmake --build /home/dev/ws/src/dynamic-box/my_rosbag_reader/cluster_node/build/cluster_node -- -j22 -l22
[0.046s] [  2%] Built target cluster_node__cpp
[0.047s] [ 12%] Built target cluster_node__rosidl_generator_c
[0.053s] [ 12%] Built target ament_cmake_python_copy_cluster_node
[0.063s] [ 21%] Built target cluster_node__rosidl_typesupport_introspection_c
[0.064s] [ 36%] Built target cluster_node__rosidl_typesupport_cpp
[0.064s] [ 41%] Built target cluster_node__rosidl_typesupport_c
[0.065s] [ 51%] Built target cluster_node__rosidl_typesupport_fastrtps_cpp
[0.065s] [ 60%] Built target cluster_node__rosidl_typesupport_introspection_cpp
[0.068s] [ 70%] Built target cluster_node__rosidl_typesupport_fastrtps_c
[0.082s] [ 70%] Built target cluster_node
[0.094s] [35m[1mConsolidate compiler generated dependencies of target cluster_cpp[0m
[0.095s] [ 73%] Built target cluster_node__py
[0.109s] [ 80%] Built target cluster_node__rosidl_generator_py
[0.112s] [ 82%] [32mBuilding CXX object CMakeFiles/cluster_cpp.dir/src/cluster_node.cpp.o[0m
[0.125s] [ 92%] Built target cluster_node__rosidl_typesupport_introspection_c__pyext
[0.125s] [ 92%] Built target cluster_node__rosidl_typesupport_fastrtps_c__pyext
[0.125s] [ 97%] Built target cluster_node__rosidl_typesupport_c__pyext
[0.175s] running egg_info
[0.182s] writing cluster_node.egg-info/PKG-INFO
[0.183s] writing dependency_links to cluster_node.egg-info/dependency_links.txt
[0.183s] writing top-level names to cluster_node.egg-info/top_level.txt
[0.203s] reading manifest file 'cluster_node.egg-info/SOURCES.txt'
[0.204s] writing manifest file 'cluster_node.egg-info/SOURCES.txt'
[0.224s] [ 97%] Built target ament_cmake_python_build_cluster_node_egg
[5.025s] [01m[K/home/dev/ws/src/dynamic-box/my_rosbag_reader/cluster_node/src/cluster_node.cpp:[m[K In lambda function:
[5.025s] [01m[K/home/dev/ws/src/dynamic-box/my_rosbag_reader/cluster_node/src/cluster_node.cpp:195:64:[m[K [01;31m[Kerror: [m[Kcannot convert ‘[01m[KEigen::MatrixXd[m[K’ {aka ‘[01m[KEigen::Matrix<double, -1, -1>[m[K’} to ‘[01m[Kconst std::vector<Eigen::Matrix<double, 4, 1> >&[m[K’
[5.025s]   195 |                     return this->grow_seed(seed, data_, iter_, [01;31m[KC_prev_[m[K);
[5.025s]       |                                                                [01;31m[K^~~~~~~[m[K
[5.026s]       |                                                                [01;31m[K|[m[K
[5.026s]       |                                                                [01;31m[KEigen::MatrixXd {aka Eigen::Matrix<double, -1, -1>}[m[K
[5.026s] [01m[K/home/dev/ws/src/dynamic-box/my_rosbag_reader/cluster_node/src/cluster_node.cpp:212:33:[m[K [01;36m[Knote: [m[K  initializing argument 4 of ‘[01m[Kstd::vector<std::vector<Eigen::Matrix<double, 4, 1> > > ClusterNode::grow_seed(const Vector4d&, const MatrixXd&, int, const std::vector<Eigen::Matrix<double, 4, 1> >&)[m[K’
[5.026s]   212 |         [01;36m[Kconst vector<Vector4d>& C_prev[m[K
[5.026s]       |         [01;36m[K~~~~~~~~~~~~~~~~~~~~~~~~^~~~~~[m[K
[5.026s] [01m[K/home/dev/ws/src/dynamic-box/my_rosbag_reader/cluster_node/src/cluster_node.cpp:[m[K In member function ‘[01m[Kvoid ClusterNode::listenerCallback(sensor_msgs::msg::PointCloud2_<std::allocator<void> >::SharedPtr)[m[K’:
[5.026s] [01m[K/home/dev/ws/src/dynamic-box/my_rosbag_reader/cluster_node/src/cluster_node.cpp:194:45:[m[K [01;31m[Kerror: [m[Kno matching function for call to ‘[01m[Kasync(std::launch, ClusterNode::listenerCallback(sensor_msgs::msg::PointCloud2_<std::allocator<void> >::SharedPtr)::<lambda()>)[m[K’
[5.026s]   194 |                 futures.push_back([01;31m[Kstd::async(std::launch::async, [this, &seed]() {[m[K
[5.026s]       |                                   [01;31m[K~~~~~~~~~~^~~~~~~~~~~~~~~~~~~~~~~~~~~~~~~~~~~~~~[m[K
[5.026s]   195 | [01;31m[K                    return this->grow_seed(seed, data_, iter_, C_prev_);[m[K
[5.026s]       |                     [01;31m[K~~~~~~~~~~~~~~~~~~~~~~~~~~~~~~~~~~~~~~~~~~~~~~~~~~~~[m[K
[5.026s]   196 | [01;31m[K                })[m[K);
[5.026s]       |                 [01;31m[K~~[m[K                           
[5.026s] In file included from [01m[K/opt/ros/humble/include/rclcpp/rclcpp/executors.hpp:18[m[K,
[5.026s]                  from [01m[K/opt/ros/humble/include/rclcpp/rclcpp/rclcpp.hpp:155[m[K,
[5.027s]                  from [01m[K/home/dev/ws/src/dynamic-box/my_rosbag_reader/cluster_node/src/cluster_node.cpp:1[m[K:
[5.027s] [01m[K/usr/include/c++/11/future:1768:5:[m[K [01;36m[Knote: [m[Kcandidate: ‘[01m[Ktemplate<class _Fn, class ... _Args> std::future<typename std::__invoke_result<typename std::decay<_Tp>::type, typename std::decay<_Args>::type ...>::type> std::async(std::launch, _Fn&&, _Args&& ...)[m[K’
[5.027s]  1768 |     [01;36m[Kasync[m[K(launch __policy, _Fn&& __fn, _Args&&... __args)
[5.027s]       |     [01;36m[K^~~~~[m[K
[5.027s] [01m[K/usr/include/c++/11/future:1768:5:[m[K [01;36m[Knote: [m[K  template argument deduction/substitution failed:
[5.027s] /usr/include/c++/11/future: In substitution of ‘[01m[Ktemplate<class _Fn, class ... _Args> std::future<typename std::__invoke_result<typename std::decay<_Tp>::type, typename std::decay<_Args>::type ...>::type> std::async(std::launch, _Fn&&, _Args&& ...) [with _Fn = ClusterNode::listenerCallback(sensor_msgs::msg::PointCloud2_<std::allocator<void> >::SharedPtr)::<lambda()>; _Args = {}][m[K’:
[5.027s] [01m[K/home/dev/ws/src/dynamic-box/my_rosbag_reader/cluster_node/src/cluster_node.cpp:194:45:[m[K   required from here
[5.027s] [01m[K/usr/include/c++/11/future:1768:5:[m[K [01;31m[Kerror: [m[Kno type named ‘[01m[Ktype[m[K’ in ‘[01m[Kstruct std::__invoke_result<ClusterNode::listenerCallback(sensor_msgs::msg::PointCloud2_<std::allocator<void> >::SharedPtr)::<lambda()> >[m[K’
[5.027s] [01m[K/usr/include/c++/11/future:1802:5:[m[K [01;36m[Knote: [m[Kcandidate: ‘[01m[Ktemplate<class _Fn, class ... _Args> std::future<typename std::__invoke_result<typename std::decay<_Tp>::type, typename std::decay<_Args>::type ...>::type> std::async(_Fn&&, _Args&& ...)[m[K’
[5.027s]  1802 |     [01;36m[Kasync[m[K(_Fn&& __fn, _Args&&... __args)
[5.027s]       |     [01;36m[K^~~~~[m[K
[5.027s] [01m[K/usr/include/c++/11/future:1802:5:[m[K [01;36m[Knote: [m[K  template argument deduction/substitution failed:
[5.027s] /usr/include/c++/11/future: In substitution of ‘[01m[Ktemplate<class _Fn, class ... _Args> std::future<typename std::__invoke_result<typename std::decay<_Tp>::type, typename std::decay<_Args>::type ...>::type> std::async(_Fn&&, _Args&& ...) [with _Fn = std::launch; _Args = {ClusterNode::listenerCallback(sensor_msgs::msg::PointCloud2_<std::allocator<void> >::SharedPtr)::<lambda()>}][m[K’:
[5.027s] [01m[K/home/dev/ws/src/dynamic-box/my_rosbag_reader/cluster_node/src/cluster_node.cpp:194:45:[m[K   required from here
[5.027s] [01m[K/usr/include/c++/11/future:1802:5:[m[K [01;31m[Kerror: [m[Kno type named ‘[01m[Ktype[m[K’ in ‘[01m[Kstruct std::__invoke_result<std::launch, ClusterNode::listenerCallback(sensor_msgs::msg::PointCloud2_<std::allocator<void> >::SharedPtr)::<lambda()> >[m[K’
[5.188s] [01m[K/home/dev/ws/src/dynamic-box/my_rosbag_reader/cluster_node/src/cluster_node.cpp:[m[K In member function ‘[01m[Kstd::tuple<std::vector<std::vector<Eigen::Matrix<double, 4, 1, 0, 4, 1>, std::allocator<Eigen::Matrix<double, 4, 1, 0, 4, 1> > >, std::allocator<std::vector<Eigen::Matrix<double, 4, 1, 0, 4, 1>, std::allocator<Eigen::Matrix<double, 4, 1, 0, 4, 1> > > > >, std::vector<Eigen::Matrix<double, 4, 1, 0, 4, 1>, std::allocator<Eigen::Matrix<double, 4, 1, 0, 4, 1> > > > ClusterNode::euclidean_cluster(Eigen::Vector4d, const MatrixXd&, double, int, const string&, const std::vector<Eigen::Matrix<double, 4, 1> >&, bool, double)[m[K’:
[5.188s] [01m[K/home/dev/ws/src/dynamic-box/my_rosbag_reader/cluster_node/src/cluster_node.cpp:227:29:[m[K [01;35m[Kwarning: [m[Kunused parameter ‘[01m[KMIN_CLUSTER_SIZE[m[K’ [[01;35m[K]8;;https://gcc.gnu.org/onlinedocs/gcc/Warning-Options.html#index-Wunused-parameter-Wunused-parameter]8;;[m[K]
[5.188s]   227 |                         [01;35m[Kint MIN_CLUSTER_SIZE = 1[m[K,
[5.188s]       |                         [01;35m[K~~~~^~~~~~~~~~~~~~~~~~~~[m[K
[7.947s] gmake[2]: *** [CMakeFiles/cluster_cpp.dir/build.make:76: CMakeFiles/cluster_cpp.dir/src/cluster_node.cpp.o] Error 1
[7.948s] gmake[1]: *** [CMakeFiles/Makefile2:594: CMakeFiles/cluster_cpp.dir/all] Error 2
[7.948s] gmake: *** [Makefile:146: all] Error 2
[7.950s] Invoked command in '/home/dev/ws/src/dynamic-box/my_rosbag_reader/cluster_node/build/cluster_node' returned '2': CMAKE_PREFIX_PATH=${CMAKE_PREFIX_PATH}:/home/dev/ws/src/dynamic-box/my_rosbag_reader/install/my_rosbag_reader:/opt/ros/humble /usr/bin/cmake --build /home/dev/ws/src/dynamic-box/my_rosbag_reader/cluster_node/build/cluster_node -- -j22 -l22
