[0.024s] Invoking command in '/home/dev/ws/src/dynamic-box/my_rosbag_reader/cluster_node/build/cluster_node': CMAKE_PREFIX_PATH=${CMAKE_PREFIX_PATH}:/home/dev/ws/src/dynamic-box/my_rosbag_reader/install/my_rosbag_reader:/opt/ros/humble /usr/bin/cmake --build /home/dev/ws/src/dynamic-box/my_rosbag_reader/cluster_node/build/cluster_node -- -j22 -l22
[0.123s] [  2%] Built target cluster_node__cpp
[0.124s] [ 12%] Built target cluster_node__rosidl_generator_c
[0.136s] [ 12%] Built target ament_cmake_python_copy_cluster_node
[0.145s] [ 21%] Built target cluster_node__rosidl_typesupport_introspection_c
[0.145s] [ 31%] Built target cluster_node__rosidl_typesupport_c
[0.145s] [ 41%] Built target cluster_node__rosidl_typesupport_fastrtps_cpp
[0.145s] [ 51%] Built target cluster_node__rosidl_typesupport_cpp
[0.146s] [ 60%] Built target cluster_node__rosidl_typesupport_introspection_cpp
[0.146s] [ 70%] Built target cluster_node__rosidl_typesupport_fastrtps_c
[0.161s] [ 70%] Built target cluster_node
[0.174s] [ 73%] Built target cluster_node__py
[0.175s] [35m[1mConsolidate compiler generated dependencies of target cluster_cpp[0m
[0.190s] [ 80%] Built target cluster_node__rosidl_generator_py
[0.193s] [ 82%] [32mBuilding CXX object CMakeFiles/cluster_cpp.dir/src/cluster_node.cpp.o[0m
[0.206s] [ 97%] Built target cluster_node__rosidl_typesupport_introspection_c__pyext
[0.206s] [ 97%] Built target cluster_node__rosidl_typesupport_c__pyext
[0.206s] [ 97%] Built target cluster_node__rosidl_typesupport_fastrtps_c__pyext
[0.266s] running egg_info
[0.274s] writing cluster_node.egg-info/PKG-INFO
[0.274s] writing dependency_links to cluster_node.egg-info/dependency_links.txt
[0.274s] writing top-level names to cluster_node.egg-info/top_level.txt
[0.295s] reading manifest file 'cluster_node.egg-info/SOURCES.txt'
[0.296s] writing manifest file 'cluster_node.egg-info/SOURCES.txt'
[0.315s] [ 97%] Built target ament_cmake_python_build_cluster_node_egg
[5.240s] [01m[K/home/dev/ws/src/dynamic-box/my_rosbag_reader/cluster_node/src/cluster_node.cpp:[m[K In member function ‘[01m[Kvoid ClusterNode::listenerCallback(sensor_msgs::msg::PointCloud2_<std::allocator<void> >::SharedPtr)[m[K’:
[5.240s] [01m[K/home/dev/ws/src/dynamic-box/my_rosbag_reader/cluster_node/src/cluster_node.cpp:42:23:[m[K [01;31m[Kerror: [m[Kno match for ‘[01m[Koperator=[m[K’ (operand types are ‘[01m[Kstd::vector<Eigen::Matrix<double, 3, 1> >[m[K’ and ‘[01m[Kstd::vector<Eigen::Matrix<double, 4, 1> >[m[K’)
[5.240s]    42 |         pcd.points_ = [01;31m[Kcloud[m[K;
[5.240s]       |                       [01;31m[K^~~~~[m[K
[5.240s] In file included from [01m[K/usr/include/c++/11/vector:72[m[K,
[5.240s]                  from [01m[K/usr/include/c++/11/functional:62[m[K,
[5.240s]                  from [01m[K/usr/include/c++/11/pstl/glue_algorithm_defs.h:13[m[K,
[5.240s]                  from [01m[K/usr/include/c++/11/algorithm:74[m[K,
[5.240s]                  from [01m[K/opt/ros/humble/include/rclcpp/rclcpp/executor.hpp:18[m[K,
[5.240s]                  from [01m[K/opt/ros/humble/include/rclcpp/rclcpp/executors/multi_threaded_executor.hpp:25[m[K,
[5.240s]                  from [01m[K/opt/ros/humble/include/rclcpp/rclcpp/executors.hpp:21[m[K,
[5.240s]                  from [01m[K/opt/ros/humble/include/rclcpp/rclcpp/rclcpp.hpp:155[m[K,
[5.240s]                  from [01m[K/home/dev/ws/src/dynamic-box/my_rosbag_reader/cluster_node/src/cluster_node.cpp:1[m[K:
[5.240s] [01m[K/usr/include/c++/11/bits/vector.tcc:198:5:[m[K [01;36m[Knote: [m[Kcandidate: ‘[01m[Kstd::vector<_Tp, _Alloc>& std::vector<_Tp, _Alloc>::operator=(const std::vector<_Tp, _Alloc>&) [with _Tp = Eigen::Matrix<double, 3, 1>; _Alloc = std::allocator<Eigen::Matrix<double, 3, 1> >][m[K’
[5.240s]   198 |     [01;36m[Kvector<_Tp, _Alloc>[m[K::
[5.240s]       |     [01;36m[K^~~~~~~~~~~~~~~~~~~[m[K
[5.240s] [01m[K/usr/include/c++/11/bits/vector.tcc:199:42:[m[K [01;36m[Knote: [m[K  no known conversion for argument 1 from ‘[01m[Kstd::vector<Eigen::Matrix<double, 4, 1> >[m[K’ to ‘[01m[Kconst std::vector<Eigen::Matrix<double, 3, 1> >&[m[K’
[5.240s]   199 |     operator=([01;36m[Kconst vector<_Tp, _Alloc>& __x[m[K)
[5.241s]       |               [01;36m[K~~~~~~~~~~~~~~~~~~~~~~~~~~~^~~[m[K
[5.241s] In file included from [01m[K/usr/include/c++/11/vector:67[m[K,
[5.241s]                  from [01m[K/usr/include/c++/11/functional:62[m[K,
[5.241s]                  from [01m[K/usr/include/c++/11/pstl/glue_algorithm_defs.h:13[m[K,
[5.241s]                  from [01m[K/usr/include/c++/11/algorithm:74[m[K,
[5.241s]                  from [01m[K/opt/ros/humble/include/rclcpp/rclcpp/executor.hpp:18[m[K,
[5.241s]                  from [01m[K/opt/ros/humble/include/rclcpp/rclcpp/executors/multi_threaded_executor.hpp:25[m[K,
[5.241s]                  from [01m[K/opt/ros/humble/include/rclcpp/rclcpp/executors.hpp:21[m[K,
[5.241s]                  from [01m[K/opt/ros/humble/include/rclcpp/rclcpp/rclcpp.hpp:155[m[K,
[5.241s]                  from [01m[K/home/dev/ws/src/dynamic-box/my_rosbag_reader/cluster_node/src/cluster_node.cpp:1[m[K:
[5.241s] [01m[K/usr/include/c++/11/bits/stl_vector.h:709:7:[m[K [01;36m[Knote: [m[Kcandidate: ‘[01m[Kstd::vector<_Tp, _Alloc>& std::vector<_Tp, _Alloc>::operator=(std::vector<_Tp, _Alloc>&&) [with _Tp = Eigen::Matrix<double, 3, 1>; _Alloc = std::allocator<Eigen::Matrix<double, 3, 1> >][m[K’
[5.241s]   709 |       [01;36m[Koperator[m[K=(vector&& __x) noexcept(_Alloc_traits::_S_nothrow_move())
[5.241s]       |       [01;36m[K^~~~~~~~[m[K
[5.241s] [01m[K/usr/include/c++/11/bits/stl_vector.h:709:26:[m[K [01;36m[Knote: [m[K  no known conversion for argument 1 from ‘[01m[Kstd::vector<Eigen::Matrix<double, 4, 1> >[m[K’ to ‘[01m[Kstd::vector<Eigen::Matrix<double, 3, 1> >&&[m[K’
[5.241s]   709 |       operator=([01;36m[Kvector&& __x[m[K) noexcept(_Alloc_traits::_S_nothrow_move())
[5.241s]       |                 [01;36m[K~~~~~~~~~^~~[m[K
[5.241s] [01m[K/usr/include/c++/11/bits/stl_vector.h:730:7:[m[K [01;36m[Knote: [m[Kcandidate: ‘[01m[Kstd::vector<_Tp, _Alloc>& std::vector<_Tp, _Alloc>::operator=(std::initializer_list<_Tp>) [with _Tp = Eigen::Matrix<double, 3, 1>; _Alloc = std::allocator<Eigen::Matrix<double, 3, 1> >][m[K’
[5.241s]   730 |       [01;36m[Koperator[m[K=(initializer_list<value_type> __l)
[5.241s]       |       [01;36m[K^~~~~~~~[m[K
[5.241s] [01m[K/usr/include/c++/11/bits/stl_vector.h:730:46:[m[K [01;36m[Knote: [m[K  no known conversion for argument 1 from ‘[01m[Kstd::vector<Eigen::Matrix<double, 4, 1> >[m[K’ to ‘[01m[Kstd::initializer_list<Eigen::Matrix<double, 3, 1> >[m[K’
[5.241s]   730 |       operator=([01;36m[Kinitializer_list<value_type> __l[m[K)
[5.241s]       |                 [01;36m[K~~~~~~~~~~~~~~~~~~~~~~~~~~~~~^~~[m[K
[7.948s] gmake[2]: *** [CMakeFiles/cluster_cpp.dir/build.make:76: CMakeFiles/cluster_cpp.dir/src/cluster_node.cpp.o] Error 1
[7.949s] gmake[1]: *** [CMakeFiles/Makefile2:594: CMakeFiles/cluster_cpp.dir/all] Error 2
[7.949s] gmake: *** [Makefile:146: all] Error 2
[7.951s] Invoked command in '/home/dev/ws/src/dynamic-box/my_rosbag_reader/cluster_node/build/cluster_node' returned '2': CMAKE_PREFIX_PATH=${CMAKE_PREFIX_PATH}:/home/dev/ws/src/dynamic-box/my_rosbag_reader/install/my_rosbag_reader:/opt/ros/humble /usr/bin/cmake --build /home/dev/ws/src/dynamic-box/my_rosbag_reader/cluster_node/build/cluster_node -- -j22 -l22
