[  2%] Built target cluster_node__cpp
[ 12%] Built target cluster_node__rosidl_generator_c
[ 12%] Built target ament_cmake_python_copy_cluster_node
[ 26%] Built target cluster_node__rosidl_typesupport_cpp
[ 31%] Built target cluster_node__rosidl_typesupport_fastrtps_cpp
[ 41%] Built target cluster_node__rosidl_typesupport_introspection_cpp
[ 51%] Built target cluster_node__rosidl_typesupport_c
[ 60%] Built target cluster_node__rosidl_typesupport_introspection_c
[ 70%] Built target cluster_node__rosidl_typesupport_fastrtps_c
[ 70%] Built target cluster_node
[35m[1mConsolidate compiler generated dependencies of target cluster_cpp[0m
[ 73%] Built target cluster_node__py
[ 80%] Built target cluster_node__rosidl_generator_py
[ 82%] [32mBuilding CXX object CMakeFiles/cluster_cpp.dir/src/cluster_node.cpp.o[0m
[ 95%] Built target cluster_node__rosidl_typesupport_fastrtps_c__pyext
[ 97%] Built target cluster_node__rosidl_typesupport_c__pyext
[ 97%] Built target cluster_node__rosidl_typesupport_introspection_c__pyext
running egg_info
writing cluster_node.egg-info/PKG-INFO
writing dependency_links to cluster_node.egg-info/dependency_links.txt
writing top-level names to cluster_node.egg-info/top_level.txt
reading manifest file 'cluster_node.egg-info/SOURCES.txt'
writing manifest file 'cluster_node.egg-info/SOURCES.txt'
[ 97%] Built target ament_cmake_python_build_cluster_node_egg
[01m[K/home/dev/ws/src/dynamic-box/my_rosbag_reader/cluster_node/src/cluster_node.cpp:159:11:[m[K [01;31m[Kerror: [m[Kdeduced class type ‘[01m[Ktuple[m[K’ in function return type
  159 |     tuple [01;31m[Keuclidean_cluster[m[K(const Vector4d seeds,
      |           [01;31m[K^~~~~~~~~~~~~~~~~[m[K
In file included from [01m[K/usr/include/c++/11/bits/move.h:57[m[K,
                 from [01m[K/usr/include/c++/11/bits/stl_pair.h:59[m[K,
                 from [01m[K/usr/include/c++/11/bits/stl_algobase.h:64[m[K,
                 from [01m[K/usr/include/c++/11/memory:63[m[K,
                 from [01m[K/opt/ros/humble/include/rclcpp/rclcpp/rclcpp.hpp:153[m[K,
                 from [01m[K/home/dev/ws/src/dynamic-box/my_rosbag_reader/cluster_node/src/cluster_node.cpp:1[m[K:
[01m[K/usr/include/c++/11/type_traits:45:11:[m[K [01;36m[Knote: [m[K‘[01m[Ktemplate<class ... _Elements> class std::tuple[m[K’ declared here
   45 |     class [01;36m[Ktuple[m[K;
      |           [01;36m[K^~~~~[m[K
[01m[K/home/dev/ws/src/dynamic-box/my_rosbag_reader/cluster_node/src/cluster_node.cpp:[m[K In constructor ‘[01m[KClusterNode::ClusterNode()[m[K’:
[01m[K/home/dev/ws/src/dynamic-box/my_rosbag_reader/cluster_node/src/cluster_node.cpp:115:56:[m[K [01;31m[Kerror: [m[Kreference to ‘[01m[Kplaceholders[m[K’ is ambiguous
  115 |             bind(&ClusterNode::listenerCallback, this, [01;31m[Kplaceholders[m[K::_1));
      |                                                        [01;31m[K^~~~~~~~~~~~[m[K
In file included from [01m[K/usr/include/c++/11/pstl/glue_algorithm_defs.h:13[m[K,
                 from [01m[K/usr/include/c++/11/algorithm:74[m[K,
                 from [01m[K/opt/ros/humble/include/rclcpp/rclcpp/executor.hpp:18[m[K,
                 from [01m[K/opt/ros/humble/include/rclcpp/rclcpp/executors/multi_threaded_executor.hpp:25[m[K,
                 from [01m[K/opt/ros/humble/include/rclcpp/rclcpp/executors.hpp:21[m[K,
                 from [01m[K/opt/ros/humble/include/rclcpp/rclcpp/rclcpp.hpp:155[m[K,
                 from [01m[K/home/dev/ws/src/dynamic-box/my_rosbag_reader/cluster_node/src/cluster_node.cpp:1[m[K:
[01m[K/usr/include/c++/11/functional:219:13:[m[K [01;36m[Knote: [m[Kcandidates are: ‘[01m[Knamespace std::placeholders { }[m[K’
  219 |   namespace [01;36m[Kplaceholders[m[K
      |             [01;36m[K^~~~~~~~~~~~[m[K
In file included from [01m[K/usr/include/eigen3/Eigen/Core:265[m[K,
                 from [01m[K/usr/include/eigen3/Eigen/Dense:1[m[K,
                 from [01m[K/home/dev/ws/src/dynamic-box/my_rosbag_reader/cluster_node/src/cluster_node.cpp:4[m[K:
[01m[K/usr/include/eigen3/Eigen/src/Core/util/IndexedViewHelper.h:174:11:[m[K [01;36m[Knote: [m[K                ‘[01m[Knamespace Eigen::placeholders { }[m[K’
  174 | namespace [01;36m[Kplaceholders[m[K {
      |           [01;36m[K^~~~~~~~~~~~[m[K
gmake[2]: *** [CMakeFiles/cluster_cpp.dir/build.make:76: CMakeFiles/cluster_cpp.dir/src/cluster_node.cpp.o] Error 1
gmake[1]: *** [CMakeFiles/Makefile2:594: CMakeFiles/cluster_cpp.dir/all] Error 2
gmake: *** [Makefile:146: all] Error 2
